{"logLevel":"debug","message":"multithreading is set to false"}
{"logLevel":"debug","message":"Using reflection to scan dependencies for gauge implementations..."}
WARNING: An illegal reflective access operation has occurred
WARNING: Illegal reflective access by org.codehaus.groovy.reflection.CachedClass (file:/Users/virgosol-furkan/.m2/repository/org/codehaus/groovy/groovy-all/2.4.13/groovy-all-2.4.13.jar) to method java.lang.Object.finalize()
WARNING: Please consider reporting this to the maintainers of org.codehaus.groovy.reflection.CachedClass
WARNING: Use --illegal-access=warn to enable warnings of further illegal reflective access operations
WARNING: All illegal access operations will be denied in a future release
00:21:20,312 |-INFO in ch.qos.logback.classic.LoggerContext[default] - Could NOT find resource [logback-test.xml]
00:21:20,313 |-INFO in ch.qos.logback.classic.LoggerContext[default] - Found resource [logback.groovy] at [file:/Users/virgosol-furkan/Documents/Virgosol%20Projects/Odeon/target/test-classes/logback.groovy]
00:21:20,313 |-WARN in ch.qos.logback.classic.LoggerContext[default] - Resource [logback.groovy] occurs multiple times on the classpath.
00:21:20,313 |-WARN in ch.qos.logback.classic.LoggerContext[default] - Resource [logback.groovy] occurs at [jar:file:/Users/virgosol-furkan/.m2/repository/com/vrgsl/qa/qa-common/1.0.0/qa-common-1.0.0.jar!/logback.groovy]
00:21:20,313 |-WARN in ch.qos.logback.classic.LoggerContext[default] - Resource [logback.groovy] occurs at [file:/Users/virgosol-furkan/Documents/Virgosol%20Projects/Odeon/target/test-classes/logback.groovy]
00:21:21,123 |-INFO in ch.qos.logback.classic.gaffer.ConfigurationDelegate@682bf3c - About to instantiate appender of type [ch.qos.logback.core.ConsoleAppender]
00:21:21,125 |-INFO in ch.qos.logback.classic.gaffer.ConfigurationDelegate@682bf3c - Naming appender as [STDOUT]
00:21:21,216 |-INFO in ch.qos.logback.classic.gaffer.ConfigurationDelegate@682bf3c - About to instantiate appender of type [ch.qos.logback.core.FileAppender]
00:21:21,217 |-INFO in ch.qos.logback.classic.gaffer.ConfigurationDelegate@682bf3c - Naming appender as [FILE]
00:21:21,219 |-INFO in ch.qos.logback.core.FileAppender[FILE] - File property is set to [target/slnarch.log]
00:21:21,221 |-INFO in ch.qos.logback.classic.gaffer.ConfigurationDelegate@682bf3c - Setting level of logger [com.virgosol.bilyonerMobileWeb] to DEBUG
00:21:21,225 |-INFO in ch.qos.logback.classic.gaffer.ConfigurationDelegate@682bf3c - Setting level of logger [org.reflections.Reflections] to OFF
00:21:21,226 |-INFO in ch.qos.logback.classic.gaffer.ConfigurationDelegate@682bf3c - Setting level of logger [ROOT] to INFO
00:21:21,228 |-INFO in ch.qos.logback.classic.gaffer.ConfigurationDelegate@682bf3c - Attaching appender named [STDOUT] to Logger[ROOT]
00:21:21,229 |-INFO in ch.qos.logback.classic.gaffer.ConfigurationDelegate@682bf3c - Attaching appender named [FILE] to Logger[ROOT]

{"logLevel":"debug","message":"gauge-java took 1770milliseconds to load and scan. This should be less than 'runner_connection_timeout' config value."}
{"logLevel":"debug","message":"run 'gauge config runner_connection_timeout' and verify that it is < 1770"}
{"logLevel":"debug","message":"starting gRPC server..."}
{"logLevel":"debug","message":"started gRPC server on port 53877"}
{"logLevel":"info","message":"Listening on port:53877"}
