{"logLevel":"debug","message":"multithreading is set to false"}
{"logLevel":"debug","message":"Using reflection to scan dependencies for gauge implementations..."}
WARNING: An illegal reflective access operation has occurred
WARNING: Illegal reflective access by org.codehaus.groovy.reflection.CachedClass (file:/Users/virgosol-furkan/.m2/repository/org/codehaus/groovy/groovy-all/2.4.13/groovy-all-2.4.13.jar) to method java.lang.Object.finalize()
WARNING: Please consider reporting this to the maintainers of org.codehaus.groovy.reflection.CachedClass
WARNING: Use --illegal-access=warn to enable warnings of further illegal reflective access operations
WARNING: All illegal access operations will be denied in a future release
15:37:19,846 |-INFO in ch.qos.logback.classic.LoggerContext[default] - Could NOT find resource [logback-test.xml]
15:37:19,847 |-INFO in ch.qos.logback.classic.LoggerContext[default] - Found resource [logback.groovy] at [file:/Users/virgosol-furkan/Documents/Virgosol%20Projects/AllianzPOC/target/test-classes/logback.groovy]
15:37:19,848 |-WARN in ch.qos.logback.classic.LoggerContext[default] - Resource [logback.groovy] occurs multiple times on the classpath.
15:37:19,848 |-WARN in ch.qos.logback.classic.LoggerContext[default] - Resource [logback.groovy] occurs at [jar:file:/Users/virgosol-furkan/.m2/repository/com/vrgsl/qa/qa-common/1.0.0/qa-common-1.0.0.jar!/logback.groovy]
15:37:19,848 |-WARN in ch.qos.logback.classic.LoggerContext[default] - Resource [logback.groovy] occurs at [file:/Users/virgosol-furkan/Documents/Virgosol%20Projects/AllianzPOC/target/test-classes/logback.groovy]
15:37:20,602 |-INFO in ch.qos.logback.classic.gaffer.ConfigurationDelegate@24d87da4 - About to instantiate appender of type [ch.qos.logback.core.ConsoleAppender]
15:37:20,604 |-INFO in ch.qos.logback.classic.gaffer.ConfigurationDelegate@24d87da4 - Naming appender as [STDOUT]
15:37:20,711 |-INFO in ch.qos.logback.classic.gaffer.ConfigurationDelegate@24d87da4 - About to instantiate appender of type [ch.qos.logback.core.FileAppender]
15:37:20,712 |-INFO in ch.qos.logback.classic.gaffer.ConfigurationDelegate@24d87da4 - Naming appender as [FILE]
15:37:20,714 |-INFO in ch.qos.logback.core.FileAppender[FILE] - File property is set to [target/slnarch.log]
15:37:20,718 |-INFO in ch.qos.logback.classic.gaffer.ConfigurationDelegate@24d87da4 - Setting level of logger [com.virgosol.lingaros] to DEBUG
15:37:20,721 |-INFO in ch.qos.logback.classic.gaffer.ConfigurationDelegate@24d87da4 - Setting level of logger [org.reflections.Reflections] to OFF
15:37:20,723 |-INFO in ch.qos.logback.classic.gaffer.ConfigurationDelegate@24d87da4 - Setting level of logger [ROOT] to INFO
15:37:20,726 |-INFO in ch.qos.logback.classic.gaffer.ConfigurationDelegate@24d87da4 - Attaching appender named [STDOUT] to Logger[ROOT]
15:37:20,726 |-INFO in ch.qos.logback.classic.gaffer.ConfigurationDelegate@24d87da4 - Attaching appender named [FILE] to Logger[ROOT]

{"logLevel":"debug","message":"gauge-java took 1672milliseconds to load and scan. This should be less than 'runner_connection_timeout' config value."}
{"logLevel":"debug","message":"run 'gauge config runner_connection_timeout' and verify that it is < 1672"}
{"logLevel":"debug","message":"starting gRPC server..."}
{"logLevel":"debug","message":"started gRPC server on port 50381"}
{"logLevel":"info","message":"Listening on port:50381"}
{"logLevel":"debug","message":"Scanning packages for steps"}
{"logLevel":"debug","message":"Comparing 'com.virgosol.lingaros.step.StepImpl.findElementWithTextsAndClick' and 'com.virgosol.lingaros.step.StepImpl.findElementWithTextsAndClick'"}
{"logLevel":"debug","message":"Found {} li elementlerden {} değerine eşit olana tıkla in current project scope."}
{"logLevel":"debug","message":"Comparing 'com.virgosol.lingaros.step.StepImpl.findElementsCheckTextsAndCheckElementNextTo' and 'com.virgosol.lingaros.step.StepImpl.findElementsCheckTextsAndCheckElementNextTo'"}
{"logLevel":"debug","message":"Found {} li elementlerden texti olanın yanındaki {} elementi var mı? in current project scope."}
{"logLevel":"debug","message":"Comparing 'com.virgosol.lingaros.step.StepImpl.saveText' and 'com.virgosol.lingaros.step.StepImpl.saveText'"}
{"logLevel":"debug","message":"Found {} li elementin textini {} olarak kaydet in current project scope."}
{"logLevel":"debug","message":"Comparing 'com.virgosol.lingaros.step.StepImpl.hoverElementNextTo' and 'com.virgosol.lingaros.step.StepImpl.hoverElementNextTo'"}
{"logLevel":"debug","message":"Found {} li elementin yanındaki {} elementinin üzerine gel in current project scope."}
{"logLevel":"debug","message":"Comparing 'com.virgosol.lingaros.step.StepImpl.findElementWithTextsAndHover' and 'com.virgosol.lingaros.step.StepImpl.findElementWithTextsAndHover'"}
{"logLevel":"debug","message":"Found {} li elementlerden {} değerine eşit olanın üzerine gel in current project scope."}
{"logLevel":"debug","message":"Comparing 'com.virgosol.lingaros.step.StepImpl.findElementWithTextsAndSetAttribute' and 'com.virgosol.lingaros.step.StepImpl.findElementWithTextsAndSetAttribute'"}
{"logLevel":"debug","message":"Found {} li elementlerden {} değerine eşit olanın {} attributesini {} yap in current project scope."}
{"logLevel":"debug","message":"Comparing 'com.virgosol.lingaros.step.StepImpl.sendKey' and 'com.virgosol.lingaros.step.StepImpl.sendKey'"}
{"logLevel":"debug","message":"Found Send keys to element with key {} and text {} in current project scope."}
{"logLevel":"debug","message":"Comparing 'com.virgosol.lingaros.step.StepImpl.sendKey' and 'com.virgosol.lingaros.step.StepImpl.sendKey'"}
{"logLevel":"debug","message":"Found {} li elemente {} degerini yaz in current project scope."}
{"logLevel":"debug","message":"Comparing 'com.virgosol.lingaros.step.StepImpl.closeWait' and 'com.virgosol.lingaros.step.StepImpl.closeWait'"}
{"logLevel":"debug","message":"Found Beklemeleri kapat in current project scope."}
{"logLevel":"debug","message":"Comparing 'com.virgosol.lingaros.step.StepImpl.openWait' and 'com.virgosol.lingaros.step.StepImpl.openWait'"}
{"logLevel":"debug","message":"Found Beklemeleri ac in current project scope."}
{"logLevel":"debug","message":"Comparing 'com.virgosol.lingaros.step.StepImpl.hoverElement' and 'com.virgosol.lingaros.step.StepImpl.hoverElement'"}
{"logLevel":"debug","message":"Found {} li elementin üzerine gel in current project scope."}
{"logLevel":"debug","message":"Comparing 'com.virgosol.lingaros.step.StepImpl.framegir' and 'com.virgosol.lingaros.step.StepImpl.framegir'"}
{"logLevel":"debug","message":"Found frame gir in current project scope."}
{"logLevel":"debug","message":"Comparing 'com.virgosol.lingaros.step.StepImpl.findElementWithTextsAndClickWithTextNextTo' and 'com.virgosol.lingaros.step.StepImpl.findElementWithTextsAndClickWithTextNextTo'"}
{"logLevel":"debug","message":"Found {} li elementlerden {} değerine eşit olanın yanındaki {} elementlerinden {} değerine eşit olana tıkla in current project scope."}
{"logLevel":"debug","message":"Comparing 'com.virgosol.lingaros.step.StepImpl.clickElement' and 'com.virgosol.lingaros.step.StepImpl.clickElement'"}
{"logLevel":"debug","message":"Found Click element with key {} in current project scope."}
{"logLevel":"debug","message":"Comparing 'com.virgosol.lingaros.step.StepImpl.clickElement' and 'com.virgosol.lingaros.step.StepImpl.clickElement'"}
{"logLevel":"debug","message":"Found {} li elemente tikla in current project scope."}
{"logLevel":"debug","message":"Comparing 'com.virgosol.lingaros.step.StepImpl.checkClickable' and 'com.virgosol.lingaros.step.StepImpl.checkClickable'"}
{"logLevel":"debug","message":"Found {} li element tıklanabilir mi? in current project scope."}
{"logLevel":"debug","message":"Comparing 'com.virgosol.lingaros.step.StepImpl.navigateWindow' and 'com.virgosol.lingaros.step.StepImpl.navigateWindow'"}
{"logLevel":"debug","message":"Found Yeni açılan sayfaya geç in current project scope."}
{"logLevel":"debug","message":"Comparing 'com.virgosol.lingaros.step.StepImpl.findElementWithTextsAndCheckAttributeTextNextTo' and 'com.virgosol.lingaros.step.StepImpl.findElementWithTextsAndCheckAttributeTextNextTo'"}
{"logLevel":"debug","message":"Found {} li elementlerden {} değerine eşit olanın yanındaki {} elementinin {} attributesi {} mı? in current project scope."}
{"logLevel":"debug","message":"Comparing 'com.virgosol.lingaros.step.StepImpl.findElementWithTextsAndClickNextTo' and 'com.virgosol.lingaros.step.StepImpl.findElementWithTextsAndClickNextTo'"}
{"logLevel":"debug","message":"Found {} li elementlerden {} değerine eşit olanın yanındaki {} elementine tıkla in current project scope."}
{"logLevel":"debug","message":"Comparing 'com.virgosol.lingaros.step.StepImpl.findElementWithTextAndCheckAttributeTextNextTo' and 'com.virgosol.lingaros.step.StepImpl.findElementWithTextAndCheckAttributeTextNextTo'"}
{"logLevel":"debug","message":"Found {} li elementlerden {} değerine eşit olan elementin {} attributesi {} mı? in current project scope."}
{"logLevel":"debug","message":"Comparing 'com.virgosol.lingaros.step.StepImpl.checkTextContainsNextTo' and 'com.virgosol.lingaros.step.StepImpl.checkTextContainsNextTo'"}
{"logLevel":"debug","message":"Found {} li elementin yanındaki {} elementinin texti {} içeriyor mi? in current project scope."}
{"logLevel":"debug","message":"Comparing 'com.virgosol.lingaros.step.StepImpl.findElementWithTextsAndSendKeyAllignment' and 'com.virgosol.lingaros.step.StepImpl.findElementWithTextsAndSendKeyAllignment'"}
{"logLevel":"debug","message":"Found {} li elementlerden {} değerine eşit olan ile aynı sıralamada yanındaki {} elementine {} değerini yaz in current project scope."}
{"logLevel":"debug","message":"Comparing 'com.virgosol.lingaros.step.StepImpl.findElementWithTextsAndClickAllignment' and 'com.virgosol.lingaros.step.StepImpl.findElementWithTextsAndClickAllignment'"}
{"logLevel":"debug","message":"Found {} li elementlerden {} değerine eşit olan ile aynı sıralamada yanındaki {} elementine tıkla in current project scope."}
{"logLevel":"debug","message":"Comparing 'com.virgosol.lingaros.step.StepImpl.checkTextContains' and 'com.virgosol.lingaros.step.StepImpl.checkTextContains'"}
{"logLevel":"debug","message":"Found {} li elementin texti {} içeriyor mu? in current project scope."}
{"logLevel":"debug","message":"Comparing 'com.virgosol.lingaros.step.StepImpl.closePage' and 'com.virgosol.lingaros.step.StepImpl.closePage'"}
{"logLevel":"debug","message":"Found Bulunduğun sayfayı kapat in current project scope."}
{"logLevel":"debug","message":"Comparing 'com.virgosol.lingaros.step.StepImpl.checkTextsElement' and 'com.virgosol.lingaros.step.StepImpl.checkTextsElement'"}
{"logLevel":"debug","message":"Found {} li elementlerin texti var mı? in current project scope."}
{"logLevel":"debug","message":"Comparing 'com.virgosol.lingaros.step.StepImpl.sendKeyNextTo' and 'com.virgosol.lingaros.step.StepImpl.sendKeyNextTo'"}
{"logLevel":"debug","message":"Found {} li elementin yanındaki {} elementine {} degerini yaz in current project scope."}
{"logLevel":"debug","message":"Comparing 'com.virgosol.lingaros.step.StepImpl.checkText' and 'com.virgosol.lingaros.step.StepImpl.checkText'"}
{"logLevel":"debug","message":"Found {} li elementin texti var mı? in current project scope."}
{"logLevel":"debug","message":"Comparing 'com.virgosol.lingaros.step.StepImpl.bekle' and 'com.virgosol.lingaros.step.StepImpl.bekle'"}
{"logLevel":"debug","message":"Found {} sn bekle in current project scope."}
{"logLevel":"debug","message":"Comparing 'com.virgosol.lingaros.step.StepImpl.checkElement' and 'com.virgosol.lingaros.step.StepImpl.checkElement'"}
{"logLevel":"debug","message":"Found {} li element var mı? in current project scope."}
{"logLevel":"debug","message":"Comparing 'com.virgosol.lingaros.step.StepImpl.setAttributeNextTo' and 'com.virgosol.lingaros.step.StepImpl.setAttributeNextTo'"}
{"logLevel":"debug","message":"Found {} li elementin yanındaki {} elementinin {} attributesini {} yap in current project scope."}
{"logLevel":"debug","message":"Comparing 'com.virgosol.lingaros.step.StepImpl.checkTextEqualsNextTo' and 'com.virgosol.lingaros.step.StepImpl.checkTextEqualsNextTo'"}
{"logLevel":"debug","message":"Found {} li elementin yanındaki {} elementinin texti {} mi? in current project scope."}
{"logLevel":"debug","message":"Comparing 'com.virgosol.lingaros.step.StepImpl.findElementWithTextsAndSaveAttribute' and 'com.virgosol.lingaros.step.StepImpl.findElementWithTextsAndSaveAttribute'"}
{"logLevel":"debug","message":"Found {} li elementlerden {} değerine eşit olanın {} attributesini {} olarak kaydet in current project scope."}
{"logLevel":"debug","message":"Comparing 'com.virgosol.lingaros.step.StepImpl.findElementWithTextsAndCheckClickable' and 'com.virgosol.lingaros.step.StepImpl.findElementWithTextsAndCheckClickable'"}
{"logLevel":"debug","message":"Found {} li elementlerden {} değerine eşit olan tıklanabilir mi? in current project scope."}
{"logLevel":"debug","message":"Comparing 'com.virgosol.lingaros.step.StepImpl.findElementWithTextsAndSendKeyNextTo' and 'com.virgosol.lingaros.step.StepImpl.findElementWithTextsAndSendKeyNextTo'"}
{"logLevel":"debug","message":"Found {} li elementlerden {} değerine eşit olanın yanındaki {} elementine {} değerini yaz in current project scope."}
{"logLevel":"debug","message":"Comparing 'com.virgosol.lingaros.step.StepImpl.findElementWithTextsAndCheckAttributeNextTo' and 'com.virgosol.lingaros.step.StepImpl.findElementWithTextsAndCheckAttributeNextTo'"}
{"logLevel":"debug","message":"Found {} li elementlerden {} değerine eşit olanın yanındaki {} elementinin {} attributesi var mı? in current project scope."}
{"logLevel":"debug","message":"Comparing 'com.virgosol.lingaros.step.StepImpl.saveTextNextTo' and 'com.virgosol.lingaros.step.StepImpl.saveTextNextTo'"}
{"logLevel":"debug","message":"Found {} li elementin yanındaki {} elementinin textini {} olarak kaydet in current project scope."}
{"logLevel":"debug","message":"Comparing 'com.virgosol.lingaros.step.StepImpl.saveAttributeNextTo' and 'com.virgosol.lingaros.step.StepImpl.saveAttributeNextTo'"}
{"logLevel":"debug","message":"Found {} li elementin yanındaki {} elementinin {} attributesini {} olarak kaydet in current project scope."}
{"logLevel":"debug","message":"Comparing 'com.virgosol.lingaros.step.StepImpl.checkAttribute' and 'com.virgosol.lingaros.step.StepImpl.checkAttribute'"}
{"logLevel":"debug","message":"Found {} li elementin {} attributesi var mı? in current project scope."}
{"logLevel":"debug","message":"Comparing 'com.virgosol.lingaros.step.StepImpl.findElementWithTextsAndHoverNextTo' and 'com.virgosol.lingaros.step.StepImpl.findElementWithTextsAndHoverNextTo'"}
{"logLevel":"debug","message":"Found {} li elementlerden {} değerine eşit olanın yanındaki {} elementinin üzerine gel in current project scope."}
{"logLevel":"debug","message":"Comparing 'com.virgosol.lingaros.step.StepImpl.findElementWithTextsAndFindElementWithTextAndSaveTextNextTo' and 'com.virgosol.lingaros.step.StepImpl.findElementWithTextsAndFindElementWithTextAndSaveTextNextTo'"}
{"logLevel":"debug","message":"Found {} li elementlerden {} değerine eşit olanın yanındaki {} li elementlerden {} değerine eşit olanın yanındaki {} elementinin textini {} olarak kaydet in current project scope."}
{"logLevel":"debug","message":"Comparing 'com.virgosol.lingaros.step.StepImpl.findElementWithTextsAndFindElementWithTextAndFindWithTextNextTo' and 'com.virgosol.lingaros.step.StepImpl.findElementWithTextsAndFindElementWithTextAndFindWithTextNextTo'"}
{"logLevel":"debug","message":"Found {} li elementlerden {} değerine eşit olanın yanındaki {} li elementlerden {} değerine eşit olanın yanındaki {} elementinin texti {} mı? in current project scope."}
{"logLevel":"debug","message":"Comparing 'com.virgosol.lingaros.step.StepImpl.findElementWithTextsAndFindElementWithTextAndClickNextTo' and 'com.virgosol.lingaros.step.StepImpl.findElementWithTextsAndFindElementWithTextAndClickNextTo'"}
{"logLevel":"debug","message":"Found {} li elementlerden {} değerine eşit olanın yanındaki {} li elementlerden {} değerine eşit olanın yanındaki {} elementine tıkla in current project scope."}
{"logLevel":"debug","message":"Comparing 'com.virgosol.lingaros.step.StepImpl.backPage' and 'com.virgosol.lingaros.step.StepImpl.backPage'"}
{"logLevel":"debug","message":"Found Bulunduğun sayfada geri git in current project scope."}
{"logLevel":"debug","message":"Comparing 'com.virgosol.lingaros.step.StepImpl.checkElementNextTo' and 'com.virgosol.lingaros.step.StepImpl.checkElementNextTo'"}
{"logLevel":"debug","message":"Found {} li elementin yanındaki {} element var mı? in current project scope."}
{"logLevel":"debug","message":"Comparing 'com.virgosol.lingaros.step.StepImpl.forwardPage' and 'com.virgosol.lingaros.step.StepImpl.forwardPage'"}
{"logLevel":"debug","message":"Found Bulunduğun sayfada ileri git in current project scope."}
{"logLevel":"debug","message":"Comparing 'com.virgosol.lingaros.step.StepImpl.findElementsCheckTextsAndCheckElementsTextNextTo' and 'com.virgosol.lingaros.step.StepImpl.findElementsCheckTextsAndCheckElementsTextNextTo'"}
{"logLevel":"debug","message":"Found {} li elementlerden texti olanın yanındaki {} elementin texti var mı? in current project scope."}
{"logLevel":"debug","message":"Comparing 'com.virgosol.lingaros.step.StepImpl.findElementWithTextsAndOrderAllignment' and 'com.virgosol.lingaros.step.StepImpl.findElementWithTextsAndOrderAllignment'"}
{"logLevel":"debug","message":"Found {} li elementlerden {} değerine eşit olan ile aynı sıralamada altındaki {} verileri {} olarak sıralı mı in current project scope."}
{"logLevel":"debug","message":"Comparing 'com.virgosol.lingaros.step.StepImpl.checkElements' and 'com.virgosol.lingaros.step.StepImpl.checkElements'"}
{"logLevel":"debug","message":"Found {} li elementler var mı? in current project scope."}
{"logLevel":"debug","message":"Comparing 'com.virgosol.lingaros.step.StepImpl.findElementWithTextsAndCheckAttribute' and 'com.virgosol.lingaros.step.StepImpl.findElementWithTextsAndCheckAttribute'"}
{"logLevel":"debug","message":"Found {} li elementlerden {} değerine eşit olanın {} attributesi var mı? in current project scope."}
{"logLevel":"debug","message":"Comparing 'com.virgosol.lingaros.step.StepImpl.clickElementNextTo' and 'com.virgosol.lingaros.step.StepImpl.clickElementNextTo'"}
{"logLevel":"debug","message":"Found {} li elementin yanındaki {} elementine tikla in current project scope."}
{"logLevel":"debug","message":"Comparing 'com.virgosol.lingaros.step.StepImpl.checkClickableNextTo' and 'com.virgosol.lingaros.step.StepImpl.checkClickableNextTo'"}
{"logLevel":"debug","message":"Found {} li elementin yanındaki {} elementi tıklanabilir mi? in current project scope."}
{"logLevel":"debug","message":"Comparing 'com.virgosol.lingaros.step.StepImpl.findElementWithTextsAndSelect' and 'com.virgosol.lingaros.step.StepImpl.findElementWithTextsAndSelect'"}
{"logLevel":"debug","message":"Found {} li elementlerden {} değerine eşit olanı seç in current project scope."}
{"logLevel":"debug","message":"Comparing 'com.virgosol.lingaros.step.StepImpl.findElementWithTextsAndSaveText' and 'com.virgosol.lingaros.step.StepImpl.findElementWithTextsAndSaveText'"}
{"logLevel":"debug","message":"Found {} li elementlerden {} değerine eşit olanın textini {} olarak kaydet in current project scope."}
{"logLevel":"debug","message":"Comparing 'com.virgosol.lingaros.step.StepImpl.findElementWithTextsAndFindElementWithTextNextTo' and 'com.virgosol.lingaros.step.StepImpl.findElementWithTextsAndFindElementWithTextNextTo'"}
{"logLevel":"debug","message":"Found {} li elementlerden {} değerine eşit olanın yanındaki {} li elementlerden {} değerine eşit olan var mı? in current project scope."}
{"logLevel":"debug","message":"Comparing 'com.virgosol.lingaros.step.StepImpl.checkTextEquals' and 'com.virgosol.lingaros.step.StepImpl.checkTextEquals'"}
{"logLevel":"debug","message":"Found {} li elementin texti {} mi? in current project scope."}
{"logLevel":"debug","message":"Comparing 'com.virgosol.lingaros.step.StepImpl.findElementWithTextAndCheckAttributeText' and 'com.virgosol.lingaros.step.StepImpl.findElementWithTextAndCheckAttributeText'"}
{"logLevel":"debug","message":"Found {} li elementin {} attributesi {} mi in current project scope."}
{"logLevel":"debug","message":"Comparing 'com.virgosol.lingaros.step.StepImpl.findElementWithTextsAndSaveAttributeNextTo' and 'com.virgosol.lingaros.step.StepImpl.findElementWithTextsAndSaveAttributeNextTo'"}
{"logLevel":"debug","message":"Found {} li elementlerden {} değerine eşit olanın yanındaki {} elementinin {} attributesini {} olarak kaydet in current project scope."}
{"logLevel":"debug","message":"Comparing 'com.virgosol.lingaros.step.StepImpl.checkUrl' and 'com.virgosol.lingaros.step.StepImpl.checkUrl'"}
{"logLevel":"debug","message":"Found Sayfanın url i {} mı? in current project scope."}
{"logLevel":"debug","message":"Comparing 'com.virgosol.lingaros.step.StepImpl.findElementWithTextsAndSaveTextNextTo' and 'com.virgosol.lingaros.step.StepImpl.findElementWithTextsAndSaveTextNextTo'"}
{"logLevel":"debug","message":"Found {} li elementlerden {} değerine eşit olanın yanındaki {} elementinin textini {} olarak kaydet in current project scope."}
{"logLevel":"debug","message":"Comparing 'com.virgosol.lingaros.step.StepImpl.saveAttribute' and 'com.virgosol.lingaros.step.StepImpl.saveAttribute'"}
{"logLevel":"debug","message":"Found {} li elementin {} attributesini {} olarak kaydet in current project scope."}
{"logLevel":"debug","message":"Comparing 'com.virgosol.lingaros.step.StepImpl.findElementWithTextsAndCheckClickableNextTo' and 'com.virgosol.lingaros.step.StepImpl.findElementWithTextsAndCheckClickableNextTo'"}
{"logLevel":"debug","message":"Found {} li elementlerden {} değerine eşit olanın yanındaki {} elementi tıklanabilir mi? in current project scope."}
{"logLevel":"debug","message":"Comparing 'com.virgosol.lingaros.step.StepImpl.findElementWithTextsAndCheckText' and 'com.virgosol.lingaros.step.StepImpl.findElementWithTextsAndCheckText'"}
{"logLevel":"debug","message":"Found {} li elementlerden {} değerine eşit olan var mı? in current project scope."}
{"logLevel":"debug","message":"Comparing 'com.virgosol.lingaros.step.StepImpl.findElementWithTextsAndSendKey' and 'com.virgosol.lingaros.step.StepImpl.findElementWithTextsAndSendKey'"}
{"logLevel":"debug","message":"Found {} li elementlerden {} değerine eşit olana {} değerini yaz in current project scope."}
{"logLevel":"debug","message":"Comparing 'com.virgosol.lingaros.step.StepImpl.deleteText' and 'com.virgosol.lingaros.step.StepImpl.deleteText'"}
{"logLevel":"debug","message":"Found {} li elementin içindekileri sil in current project scope."}
{"logLevel":"debug","message":"Comparing 'com.virgosol.lingaros.step.StepImpl.setAttribute' and 'com.virgosol.lingaros.step.StepImpl.setAttribute'"}
{"logLevel":"debug","message":"Found {} li elementin {} attributesini {} yap in current project scope."}
{"logLevel":"debug","message":"Comparing 'com.virgosol.lingaros.step.StepImpl.checkTextNextTo' and 'com.virgosol.lingaros.step.StepImpl.checkTextNextTo'"}
{"logLevel":"debug","message":"Found {} li elementin yanındaki {} elementinin texti var mı? in current project scope."}
{"logLevel":"debug","message":"Comparing 'com.virgosol.lingaros.step.StepImpl.checkTitle' and 'com.virgosol.lingaros.step.StepImpl.checkTitle'"}
{"logLevel":"debug","message":"Found Sayfanın title ı {} mı? in current project scope."}
{"logLevel":"debug","message":"Comparing 'com.virgosol.lingaros.step.StepImpl.findElementWithTextsAndSetAttributeNextTo' and 'com.virgosol.lingaros.step.StepImpl.findElementWithTextsAndSetAttributeNextTo'"}
{"logLevel":"debug","message":"Found {} li elementlerden {} değerine eşit olanın yanındaki {} elementinin {} attributesini {} yap in current project scope."}
{"logLevel":"debug","message":"Comparing 'com.virgosol.lingaros.step.StepImpl.checkAttributeNextTo' and 'com.virgosol.lingaros.step.StepImpl.checkAttributeNextTo'"}
{"logLevel":"debug","message":"Found {} li elementin yanındaki {} elementinin {} attributesi var mı? in current project scope."}
{"logLevel":"debug","message":"Comparing 'com.virgosol.lingaros.step.StepImpl.refreshPage' and 'com.virgosol.lingaros.step.StepImpl.refreshPage'"}
{"logLevel":"debug","message":"Found Bulunduğun sayfayı yenile in current project scope."}
{"logLevel":"debug","message":"Comparing 'com.virgosol.lingaros.step.StepImpl.findElementWithTextsAndSelectNextTo' and 'com.virgosol.lingaros.step.StepImpl.findElementWithTextsAndSelectNextTo'"}
{"logLevel":"debug","message":"Found {} li elementlerden {} değerine eşit olanın yanındaki {} elementini seç in current project scope."}
{"logLevel":"debug","message":"Comparing 'com.virgosol.lingaros.step.StepImpl.findElementWithTextsAndCheckElementNextTo' and 'com.virgosol.lingaros.step.StepImpl.findElementWithTextsAndCheckElementNextTo'"}
{"logLevel":"debug","message":"Found {} li elementlerden {} değerine eşit olanın yanındaki {} element var mı? in current project scope."}
{"logLevel":"debug","message":"Comparing 'com.virgosol.lingaros.step.StepImpl.navigateFrame' and 'com.virgosol.lingaros.step.StepImpl.navigateFrame'"}
{"logLevel":"debug","message":"Found Frameden ana sayfaya geç in current project scope."}
{"logLevel":"debug","message":"Comparing 'com.virgosol.lingaros.step.StepImpl.navigateFrame' and 'com.virgosol.lingaros.step.StepImpl.navigateFrame'"}
{"logLevel":"debug","message":"Found {} isimli frame e geç in current project scope."}
{"logLevel":"debug","message":"Scanning packages for hooks"}
{"logLevel":"debug","message":"Scanned steps (using static parsing + reflections): "}
{"logLevel":"debug","message":"\tBulunduğun sayfayı kapat : public void closePage()"}
{"logLevel":"debug","message":"\t{} li elementlerden {} değerine eşit olanın {} attributesini {} yap : public void findElementWithTextsAndSetAttribute(String key, String text, String attr, String text2)"}
{"logLevel":"debug","message":"\t{} li elementin {} attributesini {} olarak kaydet : public void saveAttribute(String key, String attr, String key2)"}
{"logLevel":"debug","message":"\tBeklemeleri ac : public void openWait()"}
{"logLevel":"debug","message":"\t{} li elementin textini {} olarak kaydet : public void saveText(String key, String key2)"}
{"logLevel":"debug","message":"\t{} li elementin {} attributesi {} mi : public void findElementWithTextAndCheckAttributeText(String key, String attr, String attrtext)"}
{"logLevel":"debug","message":"\t{} li elementlerden {} değerine eşit olan var mı? : public void findElementWithTextsAndCheckText(String key, String text)"}
{"logLevel":"debug","message":"\t{} li elementin yanındaki {} elementinin {} attributesi var mı? : public void checkAttributeNextTo(String key, String key2, String attr)"}
{"logLevel":"debug","message":"\t{} li elementin texti {} mi? : public void checkTextEquals(String key, String text)"}
{"logLevel":"debug","message":"\tSayfanın title ı {} mı? : public void checkTitle(String title)"}
{"logLevel":"debug","message":"\t{} li elementlerden {} değerine eşit olan elementin {} attributesi {} mı? : public void findElementWithTextAndCheckAttributeTextNextTo(String key, String text, String attr, String attrtext)"}
{"logLevel":"debug","message":"\tBulunduğun sayfada ileri git : public void forwardPage()"}
{"logLevel":"debug","message":"\t{} li elementin yanındaki {} element var mı? : public void checkElementNextTo(String key, String key2)"}
{"logLevel":"debug","message":"\t{} li elementlerden {} değerine eşit olana tıkla : public void findElementWithTextsAndClick(String key, String text)"}
{"logLevel":"debug","message":"\t{} li elementin yanındaki {} elementi tıklanabilir mi? : public void checkClickableNextTo(String key, String key2)"}
{"logLevel":"debug","message":"\t{} li elementin üzerine gel : public void hoverElement(String key)"}
{"logLevel":"debug","message":"\t{} li elementin yanındaki {} elementinin üzerine gel : public void hoverElementNextTo(String key, String key2)"}
{"logLevel":"debug","message":"\t{} li elementlerden {} değerine eşit olanın yanındaki {} elementinin üzerine gel : public void findElementWithTextsAndHoverNextTo(String key, String text, String key2)"}
{"logLevel":"debug","message":"\t{} li elementlerden {} değerine eşit olanın yanındaki {} elementine tıkla : public void findElementWithTextsAndClickNextTo(String key, String text, String key2)"}
{"logLevel":"debug","message":"\t{} li elementlerden {} değerine eşit olan tıklanabilir mi? : public void findElementWithTextsAndCheckClickable(String key, String text)"}
{"logLevel":"debug","message":"\t{} li elemente tikla : public void clickElement(String key)"}
{"logLevel":"debug","message":"\t{} li elementin {} attributesi var mı? : public void checkAttribute(String key, String attr)"}
{"logLevel":"debug","message":"\t{} li elementlerden {} değerine eşit olanın textini {} olarak kaydet : public void findElementWithTextsAndSaveText(String key, String text, String key2)"}
{"logLevel":"debug","message":"\t{} li elementin {} attributesini {} yap : public void setAttribute(String key, String attr, String text)"}
{"logLevel":"debug","message":"\t{} li elementlerden {} değerine eşit olan ile aynı sıralamada yanındaki {} elementine tıkla : public void findElementWithTextsAndClickAllignment(String key, String text, String key2)"}
{"logLevel":"debug","message":"\tYeni açılan sayfaya geç : public void navigateWindow()"}
{"logLevel":"debug","message":"\t{} li elementlerden {} değerine eşit olan ile aynı sıralamada yanındaki {} elementine {} değerini yaz : public void findElementWithTextsAndSendKeyAllignment(String key, String text, String key2, String text2)"}
{"logLevel":"debug","message":"\t{} li elementlerden {} değerine eşit olanın yanındaki {} li elementlerden {} değerine eşit olan var mı? : public void findElementWithTextsAndFindElementWithTextNextTo(String key, String text, String key2, String text2)"}
{"logLevel":"debug","message":"\t{} li elementlerden {} değerine eşit olanın {} attributesini {} olarak kaydet : public void findElementWithTextsAndSaveAttribute(String key, String text, String attr, String key2)"}
{"logLevel":"debug","message":"\t{} isimli frame e geç : public void navigateFrame(String frame)"}
{"logLevel":"debug","message":"\t{} li elementlerden {} değerine eşit olanın üzerine gel : public void findElementWithTextsAndHover(String key, String text)"}
{"logLevel":"debug","message":"\tSend keys to element with key {} and text {} : public void sendKey(String key, String text)"}
{"logLevel":"debug","message":"\t{} li elemente {} degerini yaz : public void sendKey(String key, String text)"}
{"logLevel":"debug","message":"\t{} li elementin yanındaki {} elementine tikla : public void clickElementNextTo(String key, String key2)"}
{"logLevel":"debug","message":"\t{} li elementlerden {} değerine eşit olanın yanındaki {} elementini seç : public void findElementWithTextsAndSelectNextTo(String key, String text, String key2)"}
{"logLevel":"debug","message":"\t{} li elementin yanındaki {} elementinin texti var mı? : public void checkTextNextTo(String key, String key2)"}
{"logLevel":"debug","message":"\t{} li elementin yanındaki {} elementinin texti {} içeriyor mi? : public void checkTextContainsNextTo(String key, String key2, String text)"}
{"logLevel":"debug","message":"\t{} li element var mı? : public void checkElement(String key)"}
{"logLevel":"debug","message":"\t{} li elementlerden {} değerine eşit olanın yanındaki {} elementi tıklanabilir mi? : public void findElementWithTextsAndCheckClickableNextTo(String key, String text, String key2)"}
{"logLevel":"debug","message":"\t{} li elementin yanındaki {} elementinin textini {} olarak kaydet : public void saveTextNextTo(String key, String key2, String key3)"}
{"logLevel":"debug","message":"\t{} li elementlerden texti olanın yanındaki {} elementi var mı? : public void findElementsCheckTextsAndCheckElementNextTo(String key, String key2)"}
{"logLevel":"debug","message":"\t{} li elementlerden {} değerine eşit olanın yanındaki {} li elementlerden {} değerine eşit olanın yanındaki {} elementine tıkla : public void findElementWithTextsAndFindElementWithTextAndClickNextTo(String key, String text, String key2, String text2, String key3)"}
{"logLevel":"debug","message":"\t{} li elementlerden {} değerine eşit olanın yanındaki {} elementinin {} attributesi var mı? : public void findElementWithTextsAndCheckAttributeNextTo(String key, String text, String key2, String attr)"}
{"logLevel":"debug","message":"\t{} li elementin yanındaki {} elementinin {} attributesini {} yap : public void setAttributeNextTo(String key, String key2, String attr, String text)"}
{"logLevel":"debug","message":"\t{} li element tıklanabilir mi? : public void checkClickable(String key)"}
{"logLevel":"debug","message":"\t{} li elementlerden {} değerine eşit olanın yanındaki {} li elementlerden {} değerine eşit olanın yanındaki {} elementinin textini {} olarak kaydet : public void findElementWithTextsAndFindElementWithTextAndSaveTextNextTo(String key, String text, String key2, String text2, String key3, String text3)"}
{"logLevel":"debug","message":"\tBulunduğun sayfada geri git : public void backPage()"}
{"logLevel":"debug","message":"\t{} li elementin içindekileri sil : public void deleteText(String key)"}
{"logLevel":"debug","message":"\t{} li elementlerden {} değerine eşit olanın yanındaki {} elementinin {} attributesi {} mı? : public void findElementWithTextsAndCheckAttributeTextNextTo(String key, String text, String key2, String attr, String attrtext)"}
{"logLevel":"debug","message":"\t{} li elementin texti {} içeriyor mu? : public void checkTextContains(String key, String text)"}
{"logLevel":"debug","message":"\t{} li elementlerden texti olanın yanındaki {} elementin texti var mı? : public void findElementsCheckTextsAndCheckElementsTextNextTo(String key, String key2)"}
{"logLevel":"debug","message":"\tFrameden ana sayfaya geç : public void navigateFrame()"}
{"logLevel":"debug","message":"\t{} li elementlerden {} değerine eşit olanın yanındaki {} li elementlerden {} değerine eşit olanın yanındaki {} elementinin texti {} mı? : public void findElementWithTextsAndFindElementWithTextAndFindWithTextNextTo(String key, String text, String key2, String text2, String key3, String text3)"}
{"logLevel":"debug","message":"\t{} li elementler var mı? : public void checkElements(String key)"}
{"logLevel":"debug","message":"\tBeklemeleri kapat : public void closeWait()"}
{"logLevel":"debug","message":"\t{} li elementlerden {} değerine eşit olanı seç : public void findElementWithTextsAndSelect(String key, String text)"}
{"logLevel":"debug","message":"\t{} li elementlerden {} değerine eşit olanın yanındaki {} elementinin textini {} olarak kaydet : public void findElementWithTextsAndSaveTextNextTo(String key, String text, String key2, String key3)"}
{"logLevel":"debug","message":"\t{} li elementin yanındaki {} elementinin texti {} mi? : public void checkTextEqualsNextTo(String key, String key2, String text)"}
{"logLevel":"debug","message":"\t{} li elementin texti var mı? : public void checkText(String key)"}
{"logLevel":"debug","message":"\t{} li elementlerden {} değerine eşit olan ile aynı sıralamada altındaki {} verileri {} olarak sıralı mı : public void findElementWithTextsAndOrderAllignment(String key, String text, String key2, String text2)"}
{"logLevel":"debug","message":"\tClick element with key {} : public void clickElement(String key)"}
{"logLevel":"debug","message":"\t{} sn bekle : public void bekle(String key) throws InterruptedException"}
{"logLevel":"debug","message":"\t{} li elementin yanındaki {} elementinin {} attributesini {} olarak kaydet : public void saveAttributeNextTo(String key, String key2, String attr, String key3)"}
{"logLevel":"debug","message":"\t{} li elementlerden {} değerine eşit olanın yanındaki {} elementlerinden {} değerine eşit olana tıkla : public void findElementWithTextsAndClickWithTextNextTo(String key, String text, String key2, String text2)"}
{"logLevel":"debug","message":"\t{} li elementin yanındaki {} elementine {} degerini yaz : public void sendKeyNextTo(String key, String key2, String text)"}
{"logLevel":"debug","message":"\tBulunduğun sayfayı yenile : public void refreshPage()"}
{"logLevel":"debug","message":"\t{} li elementlerden {} değerine eşit olanın yanındaki {} elementine {} değerini yaz : public void findElementWithTextsAndSendKeyNextTo(String key, String text, String key2, String text2)"}
{"logLevel":"debug","message":"\t{} li elementlerden {} değerine eşit olanın yanındaki {} elementinin {} attributesini {} olarak kaydet : public void findElementWithTextsAndSaveAttributeNextTo(String key, String text, String key2, String attr, String key3)"}
{"logLevel":"debug","message":"\t{} li elementlerden {} değerine eşit olanın yanındaki {} elementinin {} attributesini {} yap : public void findElementWithTextsAndSetAttributeNextTo(String key, String text, String key2, String attr, String text2)"}
{"logLevel":"debug","message":"\t{} li elementlerden {} değerine eşit olanın {} attributesi var mı? : public void findElementWithTextsAndCheckAttribute(String key, String text, String attr)"}
{"logLevel":"debug","message":"\tframe gir : public void framegir()"}
{"logLevel":"debug","message":"\t{} li elementlerden {} değerine eşit olanın yanındaki {} element var mı? : public void findElementWithTextsAndCheckElementNextTo(String key, String text, String key2)"}
{"logLevel":"debug","message":"\t{} li elementlerin texti var mı? : public void checkTextsElement(String key)"}
{"logLevel":"debug","message":"\t{} li elementlerden {} değerine eşit olana {} değerini yaz : public void findElementWithTextsAndSendKey(String key, String text, String text2)"}
{"logLevel":"debug","message":"\tSayfanın url i {} mı? : public void checkUrl(String url)"}
2021-05-21 15:37:28.177 [pool-2-thread-1] WARN  com.vrgsl.qa.setBaseUrl(41) - Env System Property Not Found Default Use Test Url
2021-05-21 15:37:28.183 [pool-2-thread-1] INFO  com.vrgsl.qa.<init>(42) - Report create and save disabled configuration!
Starting ChromeDriver 90.0.4430.24 (4c6d850f087da467d926e8eddb76550aed655991-refs/branch-heads/4430@{#429}) on port 8292
Only local connections are allowed.
Please see https://chromedriver.chromium.org/security-considerations for suggestions on keeping ChromeDriver safe.
ChromeDriver was started successfully.
May 21, 2021 3:37:30 PM org.openqa.selenium.remote.ProtocolHandshake createSession
INFO: Detected dialect: W3C
2021-05-21 15:37:30.174 [pool-2-thread-1] INFO  com.vrgsl.qa.initFeather(24) - Init Feather Injections
2021-05-21 15:37:30.193 [pool-2-thread-1] INFO  com.vrgsl.qa.logWaitSelected(195) - Wait Configuration
page load=true
ajax load=true
angular load=false
2021-05-21 15:37:30.194 [pool-2-thread-1] INFO  com.vrgsl.qa.inject(8) - Inject Starting...
2021-05-21 15:37:32.965 [pool-2-thread-1] INFO  com.vrgsl.qa.afterNavigateTo(66) - Navigate To Page Url=https://www.allianz.com.tr/
2021-05-21 15:37:34.239 [pool-2-thread-1] INFO  com.vrgsl.qa.testStepBefore(59) - Sayfanın url i "https://www.allianz.com.tr/tr_TR.html#!/view1" mı? adimi basladi
{"logLevel":"debug","message":"Executing 'Sayfanın url i {} mı?' using 'class com.virgosol.lingaros.step.StepImpl.checkUrl"}
2021-05-21 15:37:34.261 [pool-2-thread-1] INFO  com.vrgsl.qa.testStep(77) - Sayfanın url i "https://www.allianz.com.tr/tr_TR.html#!/view1" mı? adimi basariyla bitti
2021-05-21 15:37:35.972 [pool-2-thread-1] INFO  com.vrgsl.qa.testStepBefore(59) - "cookieButton" li elemente tikla adimi basladi
{"logLevel":"debug","message":"Executing '{} li elemente tikla' using 'class com.virgosol.lingaros.step.StepImpl.clickElement"}
2021-05-21 15:37:36.002 [pool-2-thread-1] INFO  com.vrgsl.qa.beforeFindBy(103) - Finding Element  By.cssSelector: .accept-cookies-button
2021-05-21 15:37:36.033 [pool-2-thread-1] INFO  com.vrgsl.qa.afterFindBy(111) - Find Element Success ByName=By.cssSelector: .accept-cookies-button TagName=button
2021-05-21 15:37:36.073 [pool-2-thread-1] INFO  com.vrgsl.qa.beforeFindBy(103) - Finding Element  By.cssSelector: .accept-cookies-button
2021-05-21 15:37:36.095 [pool-2-thread-1] INFO  com.vrgsl.qa.afterFindBy(111) - Find Element Success ByName=By.cssSelector: .accept-cookies-button TagName=button
2021-05-21 15:37:36.216 [pool-2-thread-1] INFO  com.vrgsl.qa.testStep(77) - "cookieButton" li elemente tikla adimi basariyla bitti
2021-05-21 15:37:37.351 [pool-2-thread-1] INFO  com.vrgsl.qa.testStepBefore(59) - "anasayfaLogo" li element var mı? adimi basladi
{"logLevel":"debug","message":"Executing '{} li element var mı?' using 'class com.virgosol.lingaros.step.StepImpl.checkElement"}
2021-05-21 15:37:37.354 [pool-2-thread-1] INFO  com.vrgsl.qa.beforeFindBy(103) - Finding Element  By.cssSelector: .c-header__logo-image-default
2021-05-21 15:37:37.381 [pool-2-thread-1] INFO  com.vrgsl.qa.afterFindBy(111) - Find Element Success ByName=By.cssSelector: .c-header__logo-image-default TagName=span
2021-05-21 15:37:37.388 [pool-2-thread-1] INFO  com.vrgsl.qa.testStep(77) - "anasayfaLogo" li element var mı? adimi basariyla bitti
2021-05-21 15:37:38.579 [pool-2-thread-1] INFO  com.vrgsl.qa.testStepBefore(59) - "menuIsim" li elementlerden "Ürünler" değerine eşit olan var mı? adimi basladi
{"logLevel":"debug","message":"Executing '{} li elementlerden {} değerine eşit olan var mı?' using 'class com.virgosol.lingaros.step.StepImpl.findElementWithTextsAndCheckText"}
2021-05-21 15:37:38.581 [pool-2-thread-1] INFO  com.vrgsl.qa.beforeFindBy(103) - Finding Element  By.cssSelector: .c-header__navigation-item-title > a
2021-05-21 15:37:38.604 [pool-2-thread-1] INFO  com.vrgsl.qa.beforeFindBy(103) - Finding Element  By.cssSelector: .c-header__navigation-item-title > a
2021-05-21 15:37:38.734 [pool-2-thread-1] INFO  com.vrgsl.qa.testStep(77) - "menuIsim" li elementlerden "Ürünler" değerine eşit olan var mı? adimi basariyla bitti
2021-05-21 15:37:39.895 [pool-2-thread-1] INFO  com.vrgsl.qa.testStepBefore(59) - "menuIsim" li elementlerden "Anlaşmalı Kurumlar" değerine eşit olan var mı? adimi basladi
{"logLevel":"debug","message":"Executing '{} li elementlerden {} değerine eşit olan var mı?' using 'class com.virgosol.lingaros.step.StepImpl.findElementWithTextsAndCheckText"}
2021-05-21 15:37:39.898 [pool-2-thread-1] INFO  com.vrgsl.qa.beforeFindBy(103) - Finding Element  By.cssSelector: .c-header__navigation-item-title > a
2021-05-21 15:37:39.919 [pool-2-thread-1] INFO  com.vrgsl.qa.beforeFindBy(103) - Finding Element  By.cssSelector: .c-header__navigation-item-title > a
2021-05-21 15:37:40.029 [pool-2-thread-1] INFO  com.vrgsl.qa.testStep(77) - "menuIsim" li elementlerden "Anlaşmalı Kurumlar" değerine eşit olan var mı? adimi basariyla bitti
2021-05-21 15:37:41.227 [pool-2-thread-1] INFO  com.vrgsl.qa.testStepBefore(59) - "menuIsim" li elementlerden "Hasar İşlemleri" değerine eşit olan var mı? adimi basladi
{"logLevel":"debug","message":"Executing '{} li elementlerden {} değerine eşit olan var mı?' using 'class com.virgosol.lingaros.step.StepImpl.findElementWithTextsAndCheckText"}
2021-05-21 15:37:41.230 [pool-2-thread-1] INFO  com.vrgsl.qa.beforeFindBy(103) - Finding Element  By.cssSelector: .c-header__navigation-item-title > a
2021-05-21 15:37:41.250 [pool-2-thread-1] INFO  com.vrgsl.qa.beforeFindBy(103) - Finding Element  By.cssSelector: .c-header__navigation-item-title > a
2021-05-21 15:37:41.357 [pool-2-thread-1] INFO  com.vrgsl.qa.testStep(77) - "menuIsim" li elementlerden "Hasar İşlemleri" değerine eşit olan var mı? adimi basariyla bitti
2021-05-21 15:37:42.533 [pool-2-thread-1] INFO  com.vrgsl.qa.testStepBefore(59) - "menuIsim" li elementlerden "Bize Ulaşın" değerine eşit olan var mı? adimi basladi
{"logLevel":"debug","message":"Executing '{} li elementlerden {} değerine eşit olan var mı?' using 'class com.virgosol.lingaros.step.StepImpl.findElementWithTextsAndCheckText"}
2021-05-21 15:37:42.535 [pool-2-thread-1] INFO  com.vrgsl.qa.beforeFindBy(103) - Finding Element  By.cssSelector: .c-header__navigation-item-title > a
2021-05-21 15:37:42.556 [pool-2-thread-1] INFO  com.vrgsl.qa.beforeFindBy(103) - Finding Element  By.cssSelector: .c-header__navigation-item-title > a
2021-05-21 15:37:42.666 [pool-2-thread-1] INFO  com.vrgsl.qa.testStep(77) - "menuIsim" li elementlerden "Bize Ulaşın" değerine eşit olan var mı? adimi basariyla bitti
2021-05-21 15:37:43.857 [pool-2-thread-1] INFO  com.vrgsl.qa.testStepBefore(59) - "menuIsim" li elementlerden "Ürünler" değerine eşit olanın üzerine gel adimi basladi
{"logLevel":"debug","message":"Executing '{} li elementlerden {} değerine eşit olanın üzerine gel' using 'class com.virgosol.lingaros.step.StepImpl.findElementWithTextsAndHover"}
2021-05-21 15:37:43.861 [pool-2-thread-1] INFO  com.vrgsl.qa.beforeFindBy(103) - Finding Element  By.cssSelector: .c-header__navigation-item-title > a
2021-05-21 15:37:43.881 [pool-2-thread-1] INFO  com.vrgsl.qa.beforeFindBy(103) - Finding Element  By.cssSelector: .c-header__navigation-item-title > a
2021-05-21 15:37:44.072 [pool-2-thread-1] INFO  com.vrgsl.qa.testStep(77) - "menuIsim" li elementlerden "Ürünler" değerine eşit olanın üzerine gel adimi basariyla bitti
2021-05-21 15:37:45.010 [pool-2-thread-1] INFO  com.vrgsl.qa.testStepBefore(59) - "menuBasliklar" li elementlerden "Araç Sigortaları" değerine eşit olan var mı? adimi basladi
{"logLevel":"debug","message":"Executing '{} li elementlerden {} değerine eşit olan var mı?' using 'class com.virgosol.lingaros.step.StepImpl.findElementWithTextsAndCheckText"}
2021-05-21 15:37:45.012 [pool-2-thread-1] INFO  com.vrgsl.qa.beforeFindBy(103) - Finding Element  By.cssSelector: .c-header__navigation-level-2-title
2021-05-21 15:37:45.035 [pool-2-thread-1] INFO  com.vrgsl.qa.beforeFindBy(103) - Finding Element  By.cssSelector: .c-header__navigation-level-2-title
2021-05-21 15:37:45.417 [pool-2-thread-1] INFO  com.vrgsl.qa.testStep(77) - "menuBasliklar" li elementlerden "Araç Sigortaları" değerine eşit olan var mı? adimi basariyla bitti
2021-05-21 15:37:45.845 [pool-2-thread-1] INFO  com.vrgsl.qa.testStepBefore(59) - "menuIsim" li elementlerden "Ürünler" değerine eşit olanın üzerine gel adimi basladi
{"logLevel":"debug","message":"Executing '{} li elementlerden {} değerine eşit olanın üzerine gel' using 'class com.virgosol.lingaros.step.StepImpl.findElementWithTextsAndHover"}
2021-05-21 15:37:45.848 [pool-2-thread-1] INFO  com.vrgsl.qa.beforeFindBy(103) - Finding Element  By.cssSelector: .c-header__navigation-item-title > a
2021-05-21 15:37:45.868 [pool-2-thread-1] INFO  com.vrgsl.qa.beforeFindBy(103) - Finding Element  By.cssSelector: .c-header__navigation-item-title > a
2021-05-21 15:37:46.027 [pool-2-thread-1] INFO  com.vrgsl.qa.testStep(77) - "menuIsim" li elementlerden "Ürünler" değerine eşit olanın üzerine gel adimi basariyla bitti
2021-05-21 15:37:46.476 [pool-2-thread-1] INFO  com.vrgsl.qa.testStepBefore(59) - "menuBasliklar" li elementlerden "Özel Sağlık Sigortaları" değerine eşit olan var mı? adimi basladi
{"logLevel":"debug","message":"Executing '{} li elementlerden {} değerine eşit olan var mı?' using 'class com.virgosol.lingaros.step.StepImpl.findElementWithTextsAndCheckText"}
2021-05-21 15:37:46.478 [pool-2-thread-1] INFO  com.vrgsl.qa.beforeFindBy(103) - Finding Element  By.cssSelector: .c-header__navigation-level-2-title
2021-05-21 15:37:46.498 [pool-2-thread-1] INFO  com.vrgsl.qa.beforeFindBy(103) - Finding Element  By.cssSelector: .c-header__navigation-level-2-title
2021-05-21 15:37:46.816 [pool-2-thread-1] INFO  com.vrgsl.qa.testStep(77) - "menuBasliklar" li elementlerden "Özel Sağlık Sigortaları" değerine eşit olan var mı? adimi basariyla bitti
2021-05-21 15:37:47.251 [pool-2-thread-1] INFO  com.vrgsl.qa.testStepBefore(59) - "menuIsim" li elementlerden "Ürünler" değerine eşit olanın üzerine gel adimi basladi
{"logLevel":"debug","message":"Executing '{} li elementlerden {} değerine eşit olanın üzerine gel' using 'class com.virgosol.lingaros.step.StepImpl.findElementWithTextsAndHover"}
2021-05-21 15:37:47.253 [pool-2-thread-1] INFO  com.vrgsl.qa.beforeFindBy(103) - Finding Element  By.cssSelector: .c-header__navigation-item-title > a
2021-05-21 15:37:47.275 [pool-2-thread-1] INFO  com.vrgsl.qa.beforeFindBy(103) - Finding Element  By.cssSelector: .c-header__navigation-item-title > a
2021-05-21 15:37:47.434 [pool-2-thread-1] INFO  com.vrgsl.qa.testStep(77) - "menuIsim" li elementlerden "Ürünler" değerine eşit olanın üzerine gel adimi basariyla bitti
2021-05-21 15:37:47.891 [pool-2-thread-1] INFO  com.vrgsl.qa.testStepBefore(59) - "menuBasliklar" li elementlerden "Ev ve İşyeri Sigortaları" değerine eşit olan var mı? adimi basladi
{"logLevel":"debug","message":"Executing '{} li elementlerden {} değerine eşit olan var mı?' using 'class com.virgosol.lingaros.step.StepImpl.findElementWithTextsAndCheckText"}
2021-05-21 15:37:47.893 [pool-2-thread-1] INFO  com.vrgsl.qa.beforeFindBy(103) - Finding Element  By.cssSelector: .c-header__navigation-level-2-title
2021-05-21 15:37:47.912 [pool-2-thread-1] INFO  com.vrgsl.qa.beforeFindBy(103) - Finding Element  By.cssSelector: .c-header__navigation-level-2-title
2021-05-21 15:37:48.238 [pool-2-thread-1] INFO  com.vrgsl.qa.testStep(77) - "menuBasliklar" li elementlerden "Ev ve İşyeri Sigortaları" değerine eşit olan var mı? adimi basariyla bitti
2021-05-21 15:37:48.688 [pool-2-thread-1] INFO  com.vrgsl.qa.testStepBefore(59) - "menuIsim" li elementlerden "Ürünler" değerine eşit olanın üzerine gel adimi basladi
{"logLevel":"debug","message":"Executing '{} li elementlerden {} değerine eşit olanın üzerine gel' using 'class com.virgosol.lingaros.step.StepImpl.findElementWithTextsAndHover"}
2021-05-21 15:37:48.691 [pool-2-thread-1] INFO  com.vrgsl.qa.beforeFindBy(103) - Finding Element  By.cssSelector: .c-header__navigation-item-title > a
2021-05-21 15:37:48.711 [pool-2-thread-1] INFO  com.vrgsl.qa.beforeFindBy(103) - Finding Element  By.cssSelector: .c-header__navigation-item-title > a
2021-05-21 15:37:48.868 [pool-2-thread-1] INFO  com.vrgsl.qa.testStep(77) - "menuIsim" li elementlerden "Ürünler" değerine eşit olanın üzerine gel adimi basariyla bitti
2021-05-21 15:37:49.339 [pool-2-thread-1] INFO  com.vrgsl.qa.testStepBefore(59) - "menuBasliklar" li elementlerden "Bireysel Emeklilik Planları" değerine eşit olan var mı? adimi basladi
{"logLevel":"debug","message":"Executing '{} li elementlerden {} değerine eşit olan var mı?' using 'class com.virgosol.lingaros.step.StepImpl.findElementWithTextsAndCheckText"}
2021-05-21 15:37:49.341 [pool-2-thread-1] INFO  com.vrgsl.qa.beforeFindBy(103) - Finding Element  By.cssSelector: .c-header__navigation-level-2-title
2021-05-21 15:37:49.360 [pool-2-thread-1] INFO  com.vrgsl.qa.beforeFindBy(103) - Finding Element  By.cssSelector: .c-header__navigation-level-2-title
2021-05-21 15:37:49.678 [pool-2-thread-1] INFO  com.vrgsl.qa.testStep(77) - "menuBasliklar" li elementlerden "Bireysel Emeklilik Planları" değerine eşit olan var mı? adimi basariyla bitti
2021-05-21 15:37:50.126 [pool-2-thread-1] INFO  com.vrgsl.qa.testStepBefore(59) - "menuIsim" li elementlerden "Ürünler" değerine eşit olanın üzerine gel adimi basladi
{"logLevel":"debug","message":"Executing '{} li elementlerden {} değerine eşit olanın üzerine gel' using 'class com.virgosol.lingaros.step.StepImpl.findElementWithTextsAndHover"}
2021-05-21 15:37:50.128 [pool-2-thread-1] INFO  com.vrgsl.qa.beforeFindBy(103) - Finding Element  By.cssSelector: .c-header__navigation-item-title > a
2021-05-21 15:37:50.145 [pool-2-thread-1] INFO  com.vrgsl.qa.beforeFindBy(103) - Finding Element  By.cssSelector: .c-header__navigation-item-title > a
2021-05-21 15:37:50.306 [pool-2-thread-1] INFO  com.vrgsl.qa.testStep(77) - "menuIsim" li elementlerden "Ürünler" değerine eşit olanın üzerine gel adimi basariyla bitti
2021-05-21 15:37:50.769 [pool-2-thread-1] INFO  com.vrgsl.qa.testStepBefore(59) - "menuBasliklar" li elementlerden "Bireysel Hayat Sigortaları" değerine eşit olan var mı? adimi basladi
{"logLevel":"debug","message":"Executing '{} li elementlerden {} değerine eşit olan var mı?' using 'class com.virgosol.lingaros.step.StepImpl.findElementWithTextsAndCheckText"}
2021-05-21 15:37:50.771 [pool-2-thread-1] INFO  com.vrgsl.qa.beforeFindBy(103) - Finding Element  By.cssSelector: .c-header__navigation-level-2-title
2021-05-21 15:37:50.790 [pool-2-thread-1] INFO  com.vrgsl.qa.beforeFindBy(103) - Finding Element  By.cssSelector: .c-header__navigation-level-2-title
2021-05-21 15:37:51.095 [pool-2-thread-1] INFO  com.vrgsl.qa.testStep(77) - "menuBasliklar" li elementlerden "Bireysel Hayat Sigortaları" değerine eşit olan var mı? adimi basariyla bitti
2021-05-21 15:37:51.529 [pool-2-thread-1] INFO  com.vrgsl.qa.testStepBefore(59) - "menuIsim" li elementlerden "Ürünler" değerine eşit olanın üzerine gel adimi basladi
{"logLevel":"debug","message":"Executing '{} li elementlerden {} değerine eşit olanın üzerine gel' using 'class com.virgosol.lingaros.step.StepImpl.findElementWithTextsAndHover"}
2021-05-21 15:37:51.536 [pool-2-thread-1] INFO  com.vrgsl.qa.beforeFindBy(103) - Finding Element  By.cssSelector: .c-header__navigation-item-title > a
2021-05-21 15:37:51.556 [pool-2-thread-1] INFO  com.vrgsl.qa.beforeFindBy(103) - Finding Element  By.cssSelector: .c-header__navigation-item-title > a
2021-05-21 15:37:51.713 [pool-2-thread-1] INFO  com.vrgsl.qa.testStep(77) - "menuIsim" li elementlerden "Ürünler" değerine eşit olanın üzerine gel adimi basariyla bitti
2021-05-21 15:37:52.177 [pool-2-thread-1] INFO  com.vrgsl.qa.testStepBefore(59) - "menuBasliklar" li elementlerden "Seyahat Sağlık Sigortası" değerine eşit olan var mı? adimi basladi
{"logLevel":"debug","message":"Executing '{} li elementlerden {} değerine eşit olan var mı?' using 'class com.virgosol.lingaros.step.StepImpl.findElementWithTextsAndCheckText"}
2021-05-21 15:37:52.179 [pool-2-thread-1] INFO  com.vrgsl.qa.beforeFindBy(103) - Finding Element  By.cssSelector: .c-header__navigation-level-2-title
2021-05-21 15:37:52.199 [pool-2-thread-1] INFO  com.vrgsl.qa.beforeFindBy(103) - Finding Element  By.cssSelector: .c-header__navigation-level-2-title
2021-05-21 15:37:52.531 [pool-2-thread-1] INFO  com.vrgsl.qa.testStep(77) - "menuBasliklar" li elementlerden "Seyahat Sağlık Sigortası" değerine eşit olan var mı? adimi basariyla bitti
2021-05-21 15:37:52.984 [pool-2-thread-1] INFO  com.vrgsl.qa.testStepBefore(59) - "menuIsim" li elementlerden "Ürünler" değerine eşit olanın üzerine gel adimi basladi
{"logLevel":"debug","message":"Executing '{} li elementlerden {} değerine eşit olanın üzerine gel' using 'class com.virgosol.lingaros.step.StepImpl.findElementWithTextsAndHover"}
2021-05-21 15:37:52.986 [pool-2-thread-1] INFO  com.vrgsl.qa.beforeFindBy(103) - Finding Element  By.cssSelector: .c-header__navigation-item-title > a
2021-05-21 15:37:53.005 [pool-2-thread-1] INFO  com.vrgsl.qa.beforeFindBy(103) - Finding Element  By.cssSelector: .c-header__navigation-item-title > a
2021-05-21 15:37:53.164 [pool-2-thread-1] INFO  com.vrgsl.qa.testStep(77) - "menuIsim" li elementlerden "Ürünler" değerine eşit olanın üzerine gel adimi basariyla bitti
2021-05-21 15:37:53.621 [pool-2-thread-1] INFO  com.vrgsl.qa.testStepBefore(59) - "menuBasliklar" li elementlerden "Otomatik Katılım" değerine eşit olan var mı? adimi basladi
{"logLevel":"debug","message":"Executing '{} li elementlerden {} değerine eşit olan var mı?' using 'class com.virgosol.lingaros.step.StepImpl.findElementWithTextsAndCheckText"}
2021-05-21 15:37:53.623 [pool-2-thread-1] INFO  com.vrgsl.qa.beforeFindBy(103) - Finding Element  By.cssSelector: .c-header__navigation-level-2-title
2021-05-21 15:37:53.641 [pool-2-thread-1] INFO  com.vrgsl.qa.beforeFindBy(103) - Finding Element  By.cssSelector: .c-header__navigation-level-2-title
2021-05-21 15:37:53.941 [pool-2-thread-1] INFO  com.vrgsl.qa.testStep(77) - "menuBasliklar" li elementlerden "Otomatik Katılım" değerine eşit olan var mı? adimi basariyla bitti
2021-05-21 15:37:54.397 [pool-2-thread-1] INFO  com.vrgsl.qa.testStepBefore(59) - "menuIsim" li elementlerden "Ürünler" değerine eşit olanın üzerine gel adimi basladi
{"logLevel":"debug","message":"Executing '{} li elementlerden {} değerine eşit olanın üzerine gel' using 'class com.virgosol.lingaros.step.StepImpl.findElementWithTextsAndHover"}
2021-05-21 15:37:54.399 [pool-2-thread-1] INFO  com.vrgsl.qa.beforeFindBy(103) - Finding Element  By.cssSelector: .c-header__navigation-item-title > a
2021-05-21 15:37:54.416 [pool-2-thread-1] INFO  com.vrgsl.qa.beforeFindBy(103) - Finding Element  By.cssSelector: .c-header__navigation-item-title > a
2021-05-21 15:37:54.573 [pool-2-thread-1] INFO  com.vrgsl.qa.testStep(77) - "menuIsim" li elementlerden "Ürünler" değerine eşit olanın üzerine gel adimi basariyla bitti
2021-05-21 15:37:55.024 [pool-2-thread-1] INFO  com.vrgsl.qa.testStepBefore(59) - "menuBasliklar" li elementlerden "Di̇ğer Tüm Sigorta Ürünleri" değerine eşit olan var mı? adimi basladi
{"logLevel":"debug","message":"Executing '{} li elementlerden {} değerine eşit olan var mı?' using 'class com.virgosol.lingaros.step.StepImpl.findElementWithTextsAndCheckText"}
2021-05-21 15:37:55.026 [pool-2-thread-1] INFO  com.vrgsl.qa.beforeFindBy(103) - Finding Element  By.cssSelector: .c-header__navigation-level-2-title
2021-05-21 15:37:55.046 [pool-2-thread-1] INFO  com.vrgsl.qa.beforeFindBy(103) - Finding Element  By.cssSelector: .c-header__navigation-level-2-title
2021-05-21 15:37:55.424 [pool-2-thread-1] INFO  com.vrgsl.qa.testStep(77) - "menuBasliklar" li elementlerden "Di̇ğer Tüm Sigorta Ürünleri" değerine eşit olan var mı? adimi basariyla bitti
2021-05-21 15:37:55.865 [pool-2-thread-1] INFO  com.vrgsl.qa.testStepBefore(59) - "menuIsim" li elementlerden "Ürünler" değerine eşit olanın üzerine gel adimi basladi
{"logLevel":"debug","message":"Executing '{} li elementlerden {} değerine eşit olanın üzerine gel' using 'class com.virgosol.lingaros.step.StepImpl.findElementWithTextsAndHover"}
2021-05-21 15:37:55.867 [pool-2-thread-1] INFO  com.vrgsl.qa.beforeFindBy(103) - Finding Element  By.cssSelector: .c-header__navigation-item-title > a
2021-05-21 15:37:55.886 [pool-2-thread-1] INFO  com.vrgsl.qa.beforeFindBy(103) - Finding Element  By.cssSelector: .c-header__navigation-item-title > a
2021-05-21 15:37:56.044 [pool-2-thread-1] INFO  com.vrgsl.qa.testStep(77) - "menuIsim" li elementlerden "Ürünler" değerine eşit olanın üzerine gel adimi basariyla bitti
2021-05-21 15:37:56.505 [pool-2-thread-1] INFO  com.vrgsl.qa.testStepBefore(59) - "menuBasliklar" li elementlerden "Araç Sigortaları" değerine eşit olan var mı? adimi basladi
{"logLevel":"debug","message":"Executing '{} li elementlerden {} değerine eşit olan var mı?' using 'class com.virgosol.lingaros.step.StepImpl.findElementWithTextsAndCheckText"}
2021-05-21 15:37:56.507 [pool-2-thread-1] INFO  com.vrgsl.qa.beforeFindBy(103) - Finding Element  By.cssSelector: .c-header__navigation-level-2-title
2021-05-21 15:37:56.524 [pool-2-thread-1] INFO  com.vrgsl.qa.beforeFindBy(103) - Finding Element  By.cssSelector: .c-header__navigation-level-2-title
2021-05-21 15:37:56.842 [pool-2-thread-1] INFO  com.vrgsl.qa.testStep(77) - "menuBasliklar" li elementlerden "Araç Sigortaları" değerine eşit olan var mı? adimi basariyla bitti
2021-05-21 15:37:57.280 [pool-2-thread-1] INFO  com.vrgsl.qa.testStepBefore(59) - "menuBasliklar" li elementlerden "Araç Sigortaları" değerine eşit olanın yanındaki "menuBasliklaraGoreAltBasliklar" li elementlerden "Akıllı Kasko" değerine eşit olan var mı? adimi basladi
{"logLevel":"debug","message":"Executing '{} li elementlerden {} değerine eşit olanın yanındaki {} li elementlerden {} değerine eşit olan var mı?' using 'class com.virgosol.lingaros.step.StepImpl.findElementWithTextsAndFindElementWithTextNextTo"}
2021-05-21 15:37:57.283 [pool-2-thread-1] INFO  com.vrgsl.qa.beforeFindBy(103) - Finding Element  By.cssSelector: .c-header__navigation-level-2-title
2021-05-21 15:37:57.302 [pool-2-thread-1] INFO  com.vrgsl.qa.beforeFindBy(103) - Finding Element  By.cssSelector: .c-header__navigation-level-2-title
Araç Sigortaları
2021-05-21 15:37:57.353 [pool-2-thread-1] INFO  com.vrgsl.qa.beforeFindBy(103) - Finding Element  By.xpath: ../../ul/li/a
2021-05-21 15:37:57.380 [pool-2-thread-1] INFO  com.vrgsl.qa.afterFindBy(111) - Find Element Success ByName=By.xpath: ../../ul/li/a TagName=span
Tüm Oto Genişletilmiş Kasko
Akıllı Kasko
2021-05-21 15:37:57.465 [pool-2-thread-1] INFO  com.vrgsl.qa.testStep(77) - "menuBasliklar" li elementlerden "Araç Sigortaları" değerine eşit olanın yanındaki "menuBasliklaraGoreAltBasliklar" li elementlerden "Akıllı Kasko" değerine eşit olan var mı? adimi basariyla bitti
2021-05-21 15:37:57.915 [pool-2-thread-1] INFO  com.vrgsl.qa.testStepBefore(59) - "menuIsim" li elementlerden "Ürünler" değerine eşit olanın üzerine gel adimi basladi
{"logLevel":"debug","message":"Executing '{} li elementlerden {} değerine eşit olanın üzerine gel' using 'class com.virgosol.lingaros.step.StepImpl.findElementWithTextsAndHover"}
2021-05-21 15:37:57.917 [pool-2-thread-1] INFO  com.vrgsl.qa.beforeFindBy(103) - Finding Element  By.cssSelector: .c-header__navigation-item-title > a
2021-05-21 15:37:57.934 [pool-2-thread-1] INFO  com.vrgsl.qa.beforeFindBy(103) - Finding Element  By.cssSelector: .c-header__navigation-item-title > a
2021-05-21 15:37:58.092 [pool-2-thread-1] INFO  com.vrgsl.qa.testStep(77) - "menuIsim" li elementlerden "Ürünler" değerine eşit olanın üzerine gel adimi basariyla bitti
2021-05-21 15:37:58.528 [pool-2-thread-1] INFO  com.vrgsl.qa.testStepBefore(59) - "menuBasliklar" li elementlerden "Araç Sigortaları" değerine eşit olan var mı? adimi basladi
{"logLevel":"debug","message":"Executing '{} li elementlerden {} değerine eşit olan var mı?' using 'class com.virgosol.lingaros.step.StepImpl.findElementWithTextsAndCheckText"}
2021-05-21 15:37:58.530 [pool-2-thread-1] INFO  com.vrgsl.qa.beforeFindBy(103) - Finding Element  By.cssSelector: .c-header__navigation-level-2-title
2021-05-21 15:37:58.548 [pool-2-thread-1] INFO  com.vrgsl.qa.beforeFindBy(103) - Finding Element  By.cssSelector: .c-header__navigation-level-2-title
2021-05-21 15:37:58.847 [pool-2-thread-1] INFO  com.vrgsl.qa.testStep(77) - "menuBasliklar" li elementlerden "Araç Sigortaları" değerine eşit olan var mı? adimi basariyla bitti
2021-05-21 15:37:59.291 [pool-2-thread-1] INFO  com.vrgsl.qa.testStepBefore(59) - "menuBasliklar" li elementlerden "Araç Sigortaları" değerine eşit olanın yanındaki "menuBasliklaraGoreAltBasliklar" li elementlerden "Tamamlayıcı Kasko" değerine eşit olan var mı? adimi basladi
{"logLevel":"debug","message":"Executing '{} li elementlerden {} değerine eşit olanın yanındaki {} li elementlerden {} değerine eşit olan var mı?' using 'class com.virgosol.lingaros.step.StepImpl.findElementWithTextsAndFindElementWithTextNextTo"}
2021-05-21 15:37:59.292 [pool-2-thread-1] INFO  com.vrgsl.qa.beforeFindBy(103) - Finding Element  By.cssSelector: .c-header__navigation-level-2-title
2021-05-21 15:37:59.309 [pool-2-thread-1] INFO  com.vrgsl.qa.beforeFindBy(103) - Finding Element  By.cssSelector: .c-header__navigation-level-2-title
Araç Sigortaları
2021-05-21 15:37:59.361 [pool-2-thread-1] INFO  com.vrgsl.qa.beforeFindBy(103) - Finding Element  By.xpath: ../../ul/li/a
2021-05-21 15:37:59.382 [pool-2-thread-1] INFO  com.vrgsl.qa.afterFindBy(111) - Find Element Success ByName=By.xpath: ../../ul/li/a TagName=span
Tüm Oto Genişletilmiş Kasko
Akıllı Kasko
Tamamlayıcı Kasko
2021-05-21 15:37:59.506 [pool-2-thread-1] INFO  com.vrgsl.qa.testStep(77) - "menuBasliklar" li elementlerden "Araç Sigortaları" değerine eşit olanın yanındaki "menuBasliklaraGoreAltBasliklar" li elementlerden "Tamamlayıcı Kasko" değerine eşit olan var mı? adimi basariyla bitti
2021-05-21 15:37:59.948 [pool-2-thread-1] INFO  com.vrgsl.qa.testStepBefore(59) - "menuIsim" li elementlerden "Anlaşmalı Kurumlar" değerine eşit olanın üzerine gel adimi basladi
{"logLevel":"debug","message":"Executing '{} li elementlerden {} değerine eşit olanın üzerine gel' using 'class com.virgosol.lingaros.step.StepImpl.findElementWithTextsAndHover"}
2021-05-21 15:37:59.950 [pool-2-thread-1] INFO  com.vrgsl.qa.beforeFindBy(103) - Finding Element  By.cssSelector: .c-header__navigation-item-title > a
2021-05-21 15:37:59.969 [pool-2-thread-1] INFO  com.vrgsl.qa.beforeFindBy(103) - Finding Element  By.cssSelector: .c-header__navigation-item-title > a
2021-05-21 15:38:00.148 [pool-2-thread-1] INFO  com.vrgsl.qa.testStep(77) - "menuIsim" li elementlerden "Anlaşmalı Kurumlar" değerine eşit olanın üzerine gel adimi basariyla bitti
2021-05-21 15:38:01.250 [pool-2-thread-1] INFO  com.vrgsl.qa.testStepBefore(59) - "menuBasliklar" li elementlerden "Anlaşmalı Sağlık Kurumları" değerine eşit olan var mı? adimi basladi
{"logLevel":"debug","message":"Executing '{} li elementlerden {} değerine eşit olan var mı?' using 'class com.virgosol.lingaros.step.StepImpl.findElementWithTextsAndCheckText"}
2021-05-21 15:38:01.252 [pool-2-thread-1] INFO  com.vrgsl.qa.beforeFindBy(103) - Finding Element  By.cssSelector: .c-header__navigation-level-2-title
2021-05-21 15:38:01.270 [pool-2-thread-1] INFO  com.vrgsl.qa.beforeFindBy(103) - Finding Element  By.cssSelector: .c-header__navigation-level-2-title
2021-05-21 15:38:01.582 [pool-2-thread-1] INFO  com.vrgsl.qa.testStep(77) - "menuBasliklar" li elementlerden "Anlaşmalı Sağlık Kurumları" değerine eşit olan var mı? adimi basariyla bitti
2021-05-21 15:38:02.588 [pool-2-thread-1] INFO  com.vrgsl.qa.testStepBefore(59) - "menuIsim" li elementlerden "Anlaşmalı Kurumlar" değerine eşit olanın üzerine gel adimi basladi
{"logLevel":"debug","message":"Executing '{} li elementlerden {} değerine eşit olanın üzerine gel' using 'class com.virgosol.lingaros.step.StepImpl.findElementWithTextsAndHover"}
2021-05-21 15:38:02.590 [pool-2-thread-1] INFO  com.vrgsl.qa.beforeFindBy(103) - Finding Element  By.cssSelector: .c-header__navigation-item-title > a
2021-05-21 15:38:02.609 [pool-2-thread-1] INFO  com.vrgsl.qa.beforeFindBy(103) - Finding Element  By.cssSelector: .c-header__navigation-item-title > a
2021-05-21 15:38:02.790 [pool-2-thread-1] INFO  com.vrgsl.qa.testStep(77) - "menuIsim" li elementlerden "Anlaşmalı Kurumlar" değerine eşit olanın üzerine gel adimi basariyla bitti
2021-05-21 15:38:03.809 [pool-2-thread-1] INFO  com.vrgsl.qa.testStepBefore(59) - "menuBasliklar" li elementlerden "Akıllı Çözümler" değerine eşit olan var mı? adimi basladi
{"logLevel":"debug","message":"Executing '{} li elementlerden {} değerine eşit olan var mı?' using 'class com.virgosol.lingaros.step.StepImpl.findElementWithTextsAndCheckText"}
2021-05-21 15:38:03.811 [pool-2-thread-1] INFO  com.vrgsl.qa.beforeFindBy(103) - Finding Element  By.cssSelector: .c-header__navigation-level-2-title
2021-05-21 15:38:03.829 [pool-2-thread-1] INFO  com.vrgsl.qa.beforeFindBy(103) - Finding Element  By.cssSelector: .c-header__navigation-level-2-title
2021-05-21 15:38:04.131 [pool-2-thread-1] INFO  com.vrgsl.qa.testStep(77) - "menuBasliklar" li elementlerden "Akıllı Çözümler" değerine eşit olan var mı? adimi basariyla bitti
2021-05-21 15:38:05.134 [pool-2-thread-1] INFO  com.vrgsl.qa.testStepBefore(59) - "menuIsim" li elementlerden "Anlaşmalı Kurumlar" değerine eşit olanın üzerine gel adimi basladi
{"logLevel":"debug","message":"Executing '{} li elementlerden {} değerine eşit olanın üzerine gel' using 'class com.virgosol.lingaros.step.StepImpl.findElementWithTextsAndHover"}
2021-05-21 15:38:05.136 [pool-2-thread-1] INFO  com.vrgsl.qa.beforeFindBy(103) - Finding Element  By.cssSelector: .c-header__navigation-item-title > a
2021-05-21 15:38:05.154 [pool-2-thread-1] INFO  com.vrgsl.qa.beforeFindBy(103) - Finding Element  By.cssSelector: .c-header__navigation-item-title > a
2021-05-21 15:38:05.333 [pool-2-thread-1] INFO  com.vrgsl.qa.testStep(77) - "menuIsim" li elementlerden "Anlaşmalı Kurumlar" değerine eşit olanın üzerine gel adimi basariyla bitti
2021-05-21 15:38:06.277 [pool-2-thread-1] INFO  com.vrgsl.qa.testStepBefore(59) - "menuBasliklar" li elementlerden "Anlaşmalı Oto Servisleri" değerine eşit olan var mı? adimi basladi
{"logLevel":"debug","message":"Executing '{} li elementlerden {} değerine eşit olan var mı?' using 'class com.virgosol.lingaros.step.StepImpl.findElementWithTextsAndCheckText"}
2021-05-21 15:38:06.279 [pool-2-thread-1] INFO  com.vrgsl.qa.beforeFindBy(103) - Finding Element  By.cssSelector: .c-header__navigation-level-2-title
2021-05-21 15:38:06.297 [pool-2-thread-1] INFO  com.vrgsl.qa.beforeFindBy(103) - Finding Element  By.cssSelector: .c-header__navigation-level-2-title
2021-05-21 15:38:06.603 [pool-2-thread-1] INFO  com.vrgsl.qa.testStep(77) - "menuBasliklar" li elementlerden "Anlaşmalı Oto Servisleri" değerine eşit olan var mı? adimi basariyla bitti
2021-05-21 15:38:07.523 [pool-2-thread-1] INFO  com.vrgsl.qa.testStepBefore(59) - "menuIsim" li elementlerden "Hasar İşlemleri" değerine eşit olanın üzerine gel adimi basladi
{"logLevel":"debug","message":"Executing '{} li elementlerden {} değerine eşit olanın üzerine gel' using 'class com.virgosol.lingaros.step.StepImpl.findElementWithTextsAndHover"}
2021-05-21 15:38:07.525 [pool-2-thread-1] INFO  com.vrgsl.qa.beforeFindBy(103) - Finding Element  By.cssSelector: .c-header__navigation-item-title > a
2021-05-21 15:38:07.544 [pool-2-thread-1] INFO  com.vrgsl.qa.beforeFindBy(103) - Finding Element  By.cssSelector: .c-header__navigation-item-title > a
2021-05-21 15:38:07.737 [pool-2-thread-1] INFO  com.vrgsl.qa.testStep(77) - "menuIsim" li elementlerden "Hasar İşlemleri" değerine eşit olanın üzerine gel adimi basariyla bitti
2021-05-21 15:38:08.706 [pool-2-thread-1] INFO  com.vrgsl.qa.testStepBefore(59) - "menuBasliklar" li elementlerden "Hasar Anında Yapılması Gerekenler" değerine eşit olan var mı? adimi basladi
{"logLevel":"debug","message":"Executing '{} li elementlerden {} değerine eşit olan var mı?' using 'class com.virgosol.lingaros.step.StepImpl.findElementWithTextsAndCheckText"}
2021-05-21 15:38:08.708 [pool-2-thread-1] INFO  com.vrgsl.qa.beforeFindBy(103) - Finding Element  By.cssSelector: .c-header__navigation-level-2-title
2021-05-21 15:38:08.724 [pool-2-thread-1] INFO  com.vrgsl.qa.beforeFindBy(103) - Finding Element  By.cssSelector: .c-header__navigation-level-2-title
2021-05-21 15:38:09.023 [pool-2-thread-1] INFO  com.vrgsl.qa.testStep(77) - "menuBasliklar" li elementlerden "Hasar Anında Yapılması Gerekenler" değerine eşit olan var mı? adimi basariyla bitti
2021-05-21 15:38:09.565 [pool-2-thread-1] INFO  com.vrgsl.qa.testStepBefore(59) - "menuIsim" li elementlerden "Hasar İşlemleri" değerine eşit olanın üzerine gel adimi basladi
{"logLevel":"debug","message":"Executing '{} li elementlerden {} değerine eşit olanın üzerine gel' using 'class com.virgosol.lingaros.step.StepImpl.findElementWithTextsAndHover"}
2021-05-21 15:38:09.567 [pool-2-thread-1] INFO  com.vrgsl.qa.beforeFindBy(103) - Finding Element  By.cssSelector: .c-header__navigation-item-title > a
2021-05-21 15:38:09.585 [pool-2-thread-1] INFO  com.vrgsl.qa.beforeFindBy(103) - Finding Element  By.cssSelector: .c-header__navigation-item-title > a
2021-05-21 15:38:09.772 [pool-2-thread-1] INFO  com.vrgsl.qa.testStep(77) - "menuIsim" li elementlerden "Hasar İşlemleri" değerine eşit olanın üzerine gel adimi basariyla bitti
2021-05-21 15:38:10.317 [pool-2-thread-1] INFO  com.vrgsl.qa.testStepBefore(59) - "menuBasliklar" li elementlerden "Hasar İhbarı ve Tazminat Görüntüleme" değerine eşit olan var mı? adimi basladi
{"logLevel":"debug","message":"Executing '{} li elementlerden {} değerine eşit olan var mı?' using 'class com.virgosol.lingaros.step.StepImpl.findElementWithTextsAndCheckText"}
2021-05-21 15:38:10.318 [pool-2-thread-1] INFO  com.vrgsl.qa.beforeFindBy(103) - Finding Element  By.cssSelector: .c-header__navigation-level-2-title
2021-05-21 15:38:10.336 [pool-2-thread-1] INFO  com.vrgsl.qa.beforeFindBy(103) - Finding Element  By.cssSelector: .c-header__navigation-level-2-title
2021-05-21 15:38:10.644 [pool-2-thread-1] INFO  com.vrgsl.qa.testStep(77) - "menuBasliklar" li elementlerden "Hasar İhbarı ve Tazminat Görüntüleme" değerine eşit olan var mı? adimi basariyla bitti
2021-05-21 15:38:11.202 [pool-2-thread-1] INFO  com.vrgsl.qa.testStepBefore(59) - "menuIsim" li elementlerden "Hasar İşlemleri" değerine eşit olanın üzerine gel adimi basladi
{"logLevel":"debug","message":"Executing '{} li elementlerden {} değerine eşit olanın üzerine gel' using 'class com.virgosol.lingaros.step.StepImpl.findElementWithTextsAndHover"}
2021-05-21 15:38:11.206 [pool-2-thread-1] INFO  com.vrgsl.qa.beforeFindBy(103) - Finding Element  By.cssSelector: .c-header__navigation-item-title > a
2021-05-21 15:38:11.223 [pool-2-thread-1] INFO  com.vrgsl.qa.beforeFindBy(103) - Finding Element  By.cssSelector: .c-header__navigation-item-title > a
2021-05-21 15:38:11.417 [pool-2-thread-1] INFO  com.vrgsl.qa.testStep(77) - "menuIsim" li elementlerden "Hasar İşlemleri" değerine eşit olanın üzerine gel adimi basariyla bitti
2021-05-21 15:38:11.972 [pool-2-thread-1] INFO  com.vrgsl.qa.testStepBefore(59) - "menuBasliklar" li elementlerden "Hasar Anında Yapılması Gerekenler" değerine eşit olan var mı? adimi basladi
{"logLevel":"debug","message":"Executing '{} li elementlerden {} değerine eşit olan var mı?' using 'class com.virgosol.lingaros.step.StepImpl.findElementWithTextsAndCheckText"}
2021-05-21 15:38:11.974 [pool-2-thread-1] INFO  com.vrgsl.qa.beforeFindBy(103) - Finding Element  By.cssSelector: .c-header__navigation-level-2-title
2021-05-21 15:38:11.991 [pool-2-thread-1] INFO  com.vrgsl.qa.beforeFindBy(103) - Finding Element  By.cssSelector: .c-header__navigation-level-2-title
2021-05-21 15:38:12.282 [pool-2-thread-1] INFO  com.vrgsl.qa.testStep(77) - "menuBasliklar" li elementlerden "Hasar Anında Yapılması Gerekenler" değerine eşit olan var mı? adimi basariyla bitti
2021-05-21 15:38:12.817 [pool-2-thread-1] INFO  com.vrgsl.qa.testStepBefore(59) - "menuBasliklar" li elementlerden "Hasar Anında Yapılması Gerekenler" değerine eşit olanın yanındaki "menuBasliklaraGoreAltBasliklar" li elementlerden "Sağlık Tazminatı" değerine eşit olan var mı? adimi basladi
{"logLevel":"debug","message":"Executing '{} li elementlerden {} değerine eşit olanın yanındaki {} li elementlerden {} değerine eşit olan var mı?' using 'class com.virgosol.lingaros.step.StepImpl.findElementWithTextsAndFindElementWithTextNextTo"}
2021-05-21 15:38:12.819 [pool-2-thread-1] INFO  com.vrgsl.qa.beforeFindBy(103) - Finding Element  By.cssSelector: .c-header__navigation-level-2-title
2021-05-21 15:38:12.836 [pool-2-thread-1] INFO  com.vrgsl.qa.beforeFindBy(103) - Finding Element  By.cssSelector: .c-header__navigation-level-2-title











Hasar Anında Yapılması Gerekenler
2021-05-21 15:38:13.222 [pool-2-thread-1] INFO  com.vrgsl.qa.beforeFindBy(103) - Finding Element  By.xpath: ../../ul/li/a
2021-05-21 15:38:13.249 [pool-2-thread-1] INFO  com.vrgsl.qa.afterFindBy(111) - Find Element Success ByName=By.xpath: ../../ul/li/a TagName=span
Sağlık Tazminatı
2021-05-21 15:38:13.306 [pool-2-thread-1] INFO  com.vrgsl.qa.testStep(77) - "menuBasliklar" li elementlerden "Hasar Anında Yapılması Gerekenler" değerine eşit olanın yanındaki "menuBasliklaraGoreAltBasliklar" li elementlerden "Sağlık Tazminatı" değerine eşit olan var mı? adimi basariyla bitti
2021-05-21 15:38:13.853 [pool-2-thread-1] INFO  com.vrgsl.qa.testStepBefore(59) - "menuIsim" li elementlerden "Hasar İşlemleri" değerine eşit olanın üzerine gel adimi basladi
{"logLevel":"debug","message":"Executing '{} li elementlerden {} değerine eşit olanın üzerine gel' using 'class com.virgosol.lingaros.step.StepImpl.findElementWithTextsAndHover"}
2021-05-21 15:38:13.855 [pool-2-thread-1] INFO  com.vrgsl.qa.beforeFindBy(103) - Finding Element  By.cssSelector: .c-header__navigation-item-title > a
2021-05-21 15:38:13.873 [pool-2-thread-1] INFO  com.vrgsl.qa.beforeFindBy(103) - Finding Element  By.cssSelector: .c-header__navigation-item-title > a
2021-05-21 15:38:14.062 [pool-2-thread-1] INFO  com.vrgsl.qa.testStep(77) - "menuIsim" li elementlerden "Hasar İşlemleri" değerine eşit olanın üzerine gel adimi basariyla bitti
2021-05-21 15:38:14.619 [pool-2-thread-1] INFO  com.vrgsl.qa.testStepBefore(59) - "menuBasliklar" li elementlerden "Hasar Anında Yapılması Gerekenler" değerine eşit olan var mı? adimi basladi
{"logLevel":"debug","message":"Executing '{} li elementlerden {} değerine eşit olan var mı?' using 'class com.virgosol.lingaros.step.StepImpl.findElementWithTextsAndCheckText"}
2021-05-21 15:38:14.622 [pool-2-thread-1] INFO  com.vrgsl.qa.beforeFindBy(103) - Finding Element  By.cssSelector: .c-header__navigation-level-2-title
2021-05-21 15:38:14.643 [pool-2-thread-1] INFO  com.vrgsl.qa.beforeFindBy(103) - Finding Element  By.cssSelector: .c-header__navigation-level-2-title
2021-05-21 15:38:14.945 [pool-2-thread-1] INFO  com.vrgsl.qa.testStep(77) - "menuBasliklar" li elementlerden "Hasar Anında Yapılması Gerekenler" değerine eşit olan var mı? adimi basariyla bitti
2021-05-21 15:38:15.459 [pool-2-thread-1] INFO  com.vrgsl.qa.testStepBefore(59) - "menuBasliklar" li elementlerden "Hasar Anında Yapılması Gerekenler" değerine eşit olanın yanındaki "menuBasliklaraGoreAltBasliklar" li elementlerden "Seyahat Sağlık Tazminatı" değerine eşit olan var mı? adimi basladi
{"logLevel":"debug","message":"Executing '{} li elementlerden {} değerine eşit olanın yanındaki {} li elementlerden {} değerine eşit olan var mı?' using 'class com.virgosol.lingaros.step.StepImpl.findElementWithTextsAndFindElementWithTextNextTo"}
2021-05-21 15:38:15.462 [pool-2-thread-1] INFO  com.vrgsl.qa.beforeFindBy(103) - Finding Element  By.cssSelector: .c-header__navigation-level-2-title
2021-05-21 15:38:15.480 [pool-2-thread-1] INFO  com.vrgsl.qa.beforeFindBy(103) - Finding Element  By.cssSelector: .c-header__navigation-level-2-title











Hasar Anında Yapılması Gerekenler
2021-05-21 15:38:15.871 [pool-2-thread-1] INFO  com.vrgsl.qa.beforeFindBy(103) - Finding Element  By.xpath: ../../ul/li/a
2021-05-21 15:38:15.889 [pool-2-thread-1] INFO  com.vrgsl.qa.afterFindBy(111) - Find Element Success ByName=By.xpath: ../../ul/li/a TagName=span
Sağlık Tazminatı
Seyahat Sağlık Tazminatı
2021-05-21 15:38:15.968 [pool-2-thread-1] INFO  com.vrgsl.qa.testStep(77) - "menuBasliklar" li elementlerden "Hasar Anında Yapılması Gerekenler" değerine eşit olanın yanındaki "menuBasliklaraGoreAltBasliklar" li elementlerden "Seyahat Sağlık Tazminatı" değerine eşit olan var mı? adimi basariyla bitti
2021-05-21 15:38:16.489 [pool-2-thread-1] INFO  com.vrgsl.qa.testStepBefore(59) - "menuIsim" li elementlerden "Hasar İşlemleri" değerine eşit olanın üzerine gel adimi basladi
{"logLevel":"debug","message":"Executing '{} li elementlerden {} değerine eşit olanın üzerine gel' using 'class com.virgosol.lingaros.step.StepImpl.findElementWithTextsAndHover"}
2021-05-21 15:38:16.491 [pool-2-thread-1] INFO  com.vrgsl.qa.beforeFindBy(103) - Finding Element  By.cssSelector: .c-header__navigation-item-title > a
2021-05-21 15:38:16.509 [pool-2-thread-1] INFO  com.vrgsl.qa.beforeFindBy(103) - Finding Element  By.cssSelector: .c-header__navigation-item-title > a
2021-05-21 15:38:16.700 [pool-2-thread-1] INFO  com.vrgsl.qa.testStep(77) - "menuIsim" li elementlerden "Hasar İşlemleri" değerine eşit olanın üzerine gel adimi basariyla bitti
2021-05-21 15:38:17.238 [pool-2-thread-1] INFO  com.vrgsl.qa.testStepBefore(59) - "menuBasliklar" li elementlerden "Hasar Anında Yapılması Gerekenler" değerine eşit olan var mı? adimi basladi
{"logLevel":"debug","message":"Executing '{} li elementlerden {} değerine eşit olan var mı?' using 'class com.virgosol.lingaros.step.StepImpl.findElementWithTextsAndCheckText"}
2021-05-21 15:38:17.239 [pool-2-thread-1] INFO  com.vrgsl.qa.beforeFindBy(103) - Finding Element  By.cssSelector: .c-header__navigation-level-2-title
2021-05-21 15:38:17.256 [pool-2-thread-1] INFO  com.vrgsl.qa.beforeFindBy(103) - Finding Element  By.cssSelector: .c-header__navigation-level-2-title
2021-05-21 15:38:17.551 [pool-2-thread-1] INFO  com.vrgsl.qa.testStep(77) - "menuBasliklar" li elementlerden "Hasar Anında Yapılması Gerekenler" değerine eşit olan var mı? adimi basariyla bitti
2021-05-21 15:38:18.072 [pool-2-thread-1] INFO  com.vrgsl.qa.testStepBefore(59) - "menuBasliklar" li elementlerden "Hasar Anında Yapılması Gerekenler" değerine eşit olanın yanındaki "menuBasliklaraGoreAltBasliklar" li elementlerden "Kasko Hasar Tazminatı" değerine eşit olan var mı? adimi basladi
{"logLevel":"debug","message":"Executing '{} li elementlerden {} değerine eşit olanın yanındaki {} li elementlerden {} değerine eşit olan var mı?' using 'class com.virgosol.lingaros.step.StepImpl.findElementWithTextsAndFindElementWithTextNextTo"}
2021-05-21 15:38:18.074 [pool-2-thread-1] INFO  com.vrgsl.qa.beforeFindBy(103) - Finding Element  By.cssSelector: .c-header__navigation-level-2-title
2021-05-21 15:38:18.092 [pool-2-thread-1] INFO  com.vrgsl.qa.beforeFindBy(103) - Finding Element  By.cssSelector: .c-header__navigation-level-2-title











Hasar Anında Yapılması Gerekenler
2021-05-21 15:38:18.485 [pool-2-thread-1] INFO  com.vrgsl.qa.beforeFindBy(103) - Finding Element  By.xpath: ../../ul/li/a
2021-05-21 15:38:18.505 [pool-2-thread-1] INFO  com.vrgsl.qa.afterFindBy(111) - Find Element Success ByName=By.xpath: ../../ul/li/a TagName=span
Sağlık Tazminatı
Seyahat Sağlık Tazminatı
Kasko Hasar Tazminatı
2021-05-21 15:38:18.626 [pool-2-thread-1] INFO  com.vrgsl.qa.testStep(77) - "menuBasliklar" li elementlerden "Hasar Anında Yapılması Gerekenler" değerine eşit olanın yanındaki "menuBasliklaraGoreAltBasliklar" li elementlerden "Kasko Hasar Tazminatı" değerine eşit olan var mı? adimi basariyla bitti
2021-05-21 15:38:19.121 [pool-2-thread-1] INFO  com.vrgsl.qa.testStepBefore(59) - "menuIsim" li elementlerden "Bize Ulaşın" değerine eşit olanın üzerine gel adimi basladi
{"logLevel":"debug","message":"Executing '{} li elementlerden {} değerine eşit olanın üzerine gel' using 'class com.virgosol.lingaros.step.StepImpl.findElementWithTextsAndHover"}
2021-05-21 15:38:19.122 [pool-2-thread-1] INFO  com.vrgsl.qa.beforeFindBy(103) - Finding Element  By.cssSelector: .c-header__navigation-item-title > a
2021-05-21 15:38:19.140 [pool-2-thread-1] INFO  com.vrgsl.qa.beforeFindBy(103) - Finding Element  By.cssSelector: .c-header__navigation-item-title > a
2021-05-21 15:38:19.351 [pool-2-thread-1] INFO  com.vrgsl.qa.testStep(77) - "menuIsim" li elementlerden "Bize Ulaşın" değerine eşit olanın üzerine gel adimi basariyla bitti
2021-05-21 15:38:20.335 [pool-2-thread-1] INFO  com.vrgsl.qa.testStepBefore(59) - "menuBasliklar" li elementlerden "Adres Bilgileri" değerine eşit olan var mı? adimi basladi
{"logLevel":"debug","message":"Executing '{} li elementlerden {} değerine eşit olan var mı?' using 'class com.virgosol.lingaros.step.StepImpl.findElementWithTextsAndCheckText"}
2021-05-21 15:38:20.337 [pool-2-thread-1] INFO  com.vrgsl.qa.beforeFindBy(103) - Finding Element  By.cssSelector: .c-header__navigation-level-2-title
2021-05-21 15:38:20.353 [pool-2-thread-1] INFO  com.vrgsl.qa.beforeFindBy(103) - Finding Element  By.cssSelector: .c-header__navigation-level-2-title
2021-05-21 15:38:20.661 [pool-2-thread-1] INFO  com.vrgsl.qa.testStep(77) - "menuBasliklar" li elementlerden "Adres Bilgileri" değerine eşit olan var mı? adimi basariyla bitti
2021-05-21 15:38:21.484 [pool-2-thread-1] INFO  com.vrgsl.qa.testStepBefore(59) - "menuIsim" li elementlerden "Bize Ulaşın" değerine eşit olanın üzerine gel adimi basladi
{"logLevel":"debug","message":"Executing '{} li elementlerden {} değerine eşit olanın üzerine gel' using 'class com.virgosol.lingaros.step.StepImpl.findElementWithTextsAndHover"}
2021-05-21 15:38:21.486 [pool-2-thread-1] INFO  com.vrgsl.qa.beforeFindBy(103) - Finding Element  By.cssSelector: .c-header__navigation-item-title > a
2021-05-21 15:38:21.503 [pool-2-thread-1] INFO  com.vrgsl.qa.beforeFindBy(103) - Finding Element  By.cssSelector: .c-header__navigation-item-title > a
2021-05-21 15:38:21.708 [pool-2-thread-1] INFO  com.vrgsl.qa.testStep(77) - "menuIsim" li elementlerden "Bize Ulaşın" değerine eşit olanın üzerine gel adimi basariyla bitti
2021-05-21 15:38:22.560 [pool-2-thread-1] INFO  com.vrgsl.qa.testStepBefore(59) - "menuBasliklar" li elementlerden "Müşteri Hizmetleri" değerine eşit olan var mı? adimi basladi
{"logLevel":"debug","message":"Executing '{} li elementlerden {} değerine eşit olan var mı?' using 'class com.virgosol.lingaros.step.StepImpl.findElementWithTextsAndCheckText"}
2021-05-21 15:38:22.562 [pool-2-thread-1] INFO  com.vrgsl.qa.beforeFindBy(103) - Finding Element  By.cssSelector: .c-header__navigation-level-2-title
2021-05-21 15:38:22.580 [pool-2-thread-1] INFO  com.vrgsl.qa.beforeFindBy(103) - Finding Element  By.cssSelector: .c-header__navigation-level-2-title
2021-05-21 15:38:22.880 [pool-2-thread-1] INFO  com.vrgsl.qa.testStep(77) - "menuBasliklar" li elementlerden "Müşteri Hizmetleri" değerine eşit olan var mı? adimi basariyla bitti
2021-05-21 15:38:23.730 [pool-2-thread-1] INFO  com.vrgsl.qa.testStepBefore(59) - "menuIsim" li elementlerden "Bize Ulaşın" değerine eşit olanın üzerine gel adimi basladi
{"logLevel":"debug","message":"Executing '{} li elementlerden {} değerine eşit olanın üzerine gel' using 'class com.virgosol.lingaros.step.StepImpl.findElementWithTextsAndHover"}
2021-05-21 15:38:23.732 [pool-2-thread-1] INFO  com.vrgsl.qa.beforeFindBy(103) - Finding Element  By.cssSelector: .c-header__navigation-item-title > a
2021-05-21 15:38:23.748 [pool-2-thread-1] INFO  com.vrgsl.qa.beforeFindBy(103) - Finding Element  By.cssSelector: .c-header__navigation-item-title > a
2021-05-21 15:38:23.952 [pool-2-thread-1] INFO  com.vrgsl.qa.testStep(77) - "menuIsim" li elementlerden "Bize Ulaşın" değerine eşit olanın üzerine gel adimi basariyla bitti
2021-05-21 15:38:24.826 [pool-2-thread-1] INFO  com.vrgsl.qa.testStepBefore(59) - "menuBasliklar" li elementlerden "Acenteler" değerine eşit olan var mı? adimi basladi
{"logLevel":"debug","message":"Executing '{} li elementlerden {} değerine eşit olan var mı?' using 'class com.virgosol.lingaros.step.StepImpl.findElementWithTextsAndCheckText"}
2021-05-21 15:38:24.828 [pool-2-thread-1] INFO  com.vrgsl.qa.beforeFindBy(103) - Finding Element  By.cssSelector: .c-header__navigation-level-2-title
2021-05-21 15:38:24.846 [pool-2-thread-1] INFO  com.vrgsl.qa.beforeFindBy(103) - Finding Element  By.cssSelector: .c-header__navigation-level-2-title
2021-05-21 15:38:25.171 [pool-2-thread-1] INFO  com.vrgsl.qa.testStep(77) - "menuBasliklar" li elementlerden "Acenteler" değerine eşit olan var mı? adimi basariyla bitti
2021-05-21 15:38:26.853 [pool-2-thread-1] INFO  com.vrgsl.qa.saveReport(114) - Report create and save disabled configuration!
