{"logLevel":"debug","message":"multithreading is set to false"}
{"logLevel":"debug","message":"Using reflection to scan dependencies for gauge implementations..."}
16:05:46,775 |-INFO in ch.qos.logback.classic.LoggerContext[default] - Could NOT find resource [logback-test.xml]
16:05:46,778 |-INFO in ch.qos.logback.classic.LoggerContext[default] - Found resource [logback.groovy] at [file:/Users/dilekaysegun/Desktop/Odeon/target/test-classes/logback.groovy]
16:05:46,781 |-WARN in ch.qos.logback.classic.LoggerContext[default] - Resource [logback.groovy] occurs multiple times on the classpath.
16:05:46,782 |-WARN in ch.qos.logback.classic.LoggerContext[default] - Resource [logback.groovy] occurs at [jar:file:/Users/dilekaysegun/.m2/repository/com/vrgsl/qa/qa-common/1.0.0/qa-common-1.0.0.jar!/logback.groovy]
16:05:46,782 |-WARN in ch.qos.logback.classic.LoggerContext[default] - Resource [logback.groovy] occurs at [file:/Users/dilekaysegun/Desktop/Odeon/target/test-classes/logback.groovy]
16:05:52,942 |-INFO in ch.qos.logback.classic.gaffer.ConfigurationDelegate@47be5d69 - About to instantiate appender of type [ch.qos.logback.core.ConsoleAppender]
16:05:52,944 |-INFO in ch.qos.logback.classic.gaffer.ConfigurationDelegate@47be5d69 - Naming appender as [STDOUT]
16:05:53,112 |-INFO in ch.qos.logback.classic.gaffer.ConfigurationDelegate@47be5d69 - About to instantiate appender of type [ch.qos.logback.core.FileAppender]
16:05:53,113 |-INFO in ch.qos.logback.classic.gaffer.ConfigurationDelegate@47be5d69 - Naming appender as [FILE]
16:05:53,118 |-INFO in ch.qos.logback.core.FileAppender[FILE] - File property is set to [target/slnarch.log]
16:05:53,121 |-INFO in ch.qos.logback.classic.gaffer.ConfigurationDelegate@47be5d69 - Setting level of logger [com.virgosol.bilyonerMobileWeb] to DEBUG
16:05:53,126 |-INFO in ch.qos.logback.classic.gaffer.ConfigurationDelegate@47be5d69 - Setting level of logger [org.reflections.Reflections] to OFF
16:05:53,131 |-INFO in ch.qos.logback.classic.gaffer.ConfigurationDelegate@47be5d69 - Setting level of logger [ROOT] to INFO
16:05:53,133 |-INFO in ch.qos.logback.classic.gaffer.ConfigurationDelegate@47be5d69 - Attaching appender named [STDOUT] to Logger[ROOT]
16:05:53,135 |-INFO in ch.qos.logback.classic.gaffer.ConfigurationDelegate@47be5d69 - Attaching appender named [FILE] to Logger[ROOT]

{"logLevel":"debug","message":"gauge-java took 8239milliseconds to load and scan. This should be less than 'runner_connection_timeout' config value."}
{"logLevel":"debug","message":"run 'gauge config runner_connection_timeout' and verify that it is < 8239"}
{"logLevel":"debug","message":"starting gRPC server..."}
{"logLevel":"debug","message":"started gRPC server on port 61234"}
{"logLevel":"info","message":"Listening on port:61234"}
{"logLevel":"debug","message":"Scanning packages for steps"}
{"logLevel":"debug","message":"Comparing 'com.virgosol.odeon.step.StepImpl.checkNotExistElement' and 'com.virgosol.odeon.step.StepImpl.checkNotExistElement'"}
{"logLevel":"debug","message":"Found {} li element yok mu? in current project scope."}
{"logLevel":"debug","message":"Comparing 'com.virgosol.odeon.step.StepImpl.checkClickable' and 'com.virgosol.odeon.step.StepImpl.checkClickable'"}
{"logLevel":"debug","message":"Found {} li element tıklanabilir mi? in current project scope."}
{"logLevel":"debug","message":"Comparing 'com.virgosol.odeon.step.StepImpl.findElementsCheckTextsAndDeletedId' and 'com.virgosol.odeon.step.StepImpl.findElementsCheckTextsAndDeletedId'"}
{"logLevel":"debug","message":"Found {} li elementlerden id bilgisi silindi mi? in current project scope."}
{"logLevel":"debug","message":"Comparing 'com.virgosol.odeon.step.StepImpl.openWait' and 'com.virgosol.odeon.step.StepImpl.openWait'"}
{"logLevel":"debug","message":"Found Beklemeleri ac in current project scope."}
{"logLevel":"debug","message":"Comparing 'com.virgosol.odeon.step.StepImpl.goToUrl' and 'com.virgosol.odeon.step.StepImpl.goToUrl'"}
{"logLevel":"debug","message":"Found {} urle git in current project scope."}
{"logLevel":"debug","message":"Comparing 'com.virgosol.odeon.step.StepImpl.saveText' and 'com.virgosol.odeon.step.StepImpl.saveText'"}
{"logLevel":"debug","message":"Found {} li elementin textini {} olarak kaydet in current project scope."}
{"logLevel":"debug","message":"Comparing 'com.virgosol.odeon.step.StepImpl.hoverElementNextTo' and 'com.virgosol.odeon.step.StepImpl.hoverElementNextTo'"}
{"logLevel":"debug","message":"Found {} li elementin yanındaki {} elementinin üzerine gel in current project scope."}
{"logLevel":"debug","message":"Comparing 'com.virgosol.odeon.step.StepImpl.findElementsCheckTextsAndCheckElementNextTo' and 'com.virgosol.odeon.step.StepImpl.findElementsCheckTextsAndCheckElementNextTo'"}
{"logLevel":"debug","message":"Found {} li elementlerden texti olanın yanındaki {} elementi var mı? in current project scope."}
{"logLevel":"debug","message":"Comparing 'com.virgosol.odeon.step.StepImpl.findElementWithTextsAndClick' and 'com.virgosol.odeon.step.StepImpl.findElementWithTextsAndClick'"}
{"logLevel":"debug","message":"Found {} li elementlerden {} değerine eşit olana tıkla in current project scope."}
{"logLevel":"debug","message":"Comparing 'com.virgosol.odeon.step.StepImpl.findElementWithTextsAndCheckElementNextToNotExists' and 'com.virgosol.odeon.step.StepImpl.findElementWithTextsAndCheckElementNextToNotExists'"}
{"logLevel":"debug","message":"Found {} li elementlerden {} değerine eşit olanın yanındaki {} elementi yok mu? in current project scope."}
{"logLevel":"debug","message":"Comparing 'com.virgosol.odeon.step.StepImpl.deleteText2' and 'com.virgosol.odeon.step.StepImpl.deleteText2'"}
{"logLevel":"debug","message":"Found {} li elementi temizle in current project scope."}
{"logLevel":"debug","message":"Comparing 'com.virgosol.odeon.step.StepImpl.checkAttribute' and 'com.virgosol.odeon.step.StepImpl.checkAttribute'"}
{"logLevel":"debug","message":"Found {} li elementin {} attributesi var mı? in current project scope."}
{"logLevel":"debug","message":"Comparing 'com.virgosol.odeon.step.StepImpl.saveAttributeNextTo' and 'com.virgosol.odeon.step.StepImpl.saveAttributeNextTo'"}
{"logLevel":"debug","message":"Found {} li elementin yanındaki {} elementinin {} attributesini {} olarak kaydet in current project scope."}
{"logLevel":"debug","message":"Comparing 'com.virgosol.odeon.step.StepImpl.findElementWithTextsAndFindElementWithTextAndFindWithTextNextTo' and 'com.virgosol.odeon.step.StepImpl.findElementWithTextsAndFindElementWithTextAndFindWithTextNextTo'"}
{"logLevel":"debug","message":"Found {} li elementlerden {} değerine eşit olanın yanındaki {} li elementlerden {} değerine eşit olanın yanındaki {} elementinin texti {} mı? in current project scope."}
{"logLevel":"debug","message":"Comparing 'com.virgosol.odeon.step.StepImpl.waitInVisible' and 'com.virgosol.odeon.step.StepImpl.waitInVisible'"}
{"logLevel":"debug","message":"Found {} li elementi invisible olana kadar bekle in current project scope."}
{"logLevel":"debug","message":"Comparing 'com.virgosol.odeon.step.StepImpl.checkFilename' and 'com.virgosol.odeon.step.StepImpl.checkFilename'"}
{"logLevel":"debug","message":"Found Excel {} dosyasının doğru uzantıda olduğu kontrol edilir. in current project scope."}
{"logLevel":"debug","message":"Comparing 'com.virgosol.odeon.step.StepImpl.findElementWithTextsAndCheckClickable' and 'com.virgosol.odeon.step.StepImpl.findElementWithTextsAndCheckClickable'"}
{"logLevel":"debug","message":"Found {} li elementlerden {} değerine eşit olan tıklanabilir mi? in current project scope."}
{"logLevel":"debug","message":"Comparing 'com.virgosol.odeon.step.StepImpl.findElementWithTextsAndCheckAttributeNextTo' and 'com.virgosol.odeon.step.StepImpl.findElementWithTextsAndCheckAttributeNextTo'"}
{"logLevel":"debug","message":"Found {} li elementlerden {} değerine eşit olanın yanındaki {} elementinin {} attributesi var mı? in current project scope."}
{"logLevel":"debug","message":"Comparing 'com.virgosol.odeon.step.StepImpl.clickEnterWithElement' and 'com.virgosol.odeon.step.StepImpl.clickEnterWithElement'"}
{"logLevel":"debug","message":"Found {} Entere tıkla in current project scope."}
{"logLevel":"debug","message":"Comparing 'com.virgosol.odeon.step.StepImpl.popUpAccept' and 'com.virgosol.odeon.step.StepImpl.popUpAccept'"}
{"logLevel":"debug","message":"Found Mesajda tamam butonuna basılır. in current project scope."}
{"logLevel":"debug","message":"Comparing 'com.virgosol.odeon.step.StepImpl.findElementWithTextsAndFindElementSaveTextAndClickIndexNextTo' and 'com.virgosol.odeon.step.StepImpl.findElementWithTextsAndFindElementSaveTextAndClickIndexNextTo'"}
{"logLevel":"debug","message":"Found {} li elementlerden {} değerine eşit olanın yanındaki {} li elementler {} değerine eşit olanın yanındaki {} elementinin id bilgisini kaydet ve {} elementlerinden yanındaki {} elementin delete butonuna tıkla in current project scope."}
{"logLevel":"debug","message":"Comparing 'com.virgosol.odeon.step.StepImpl.dragAndDropColumn' and 'com.virgosol.odeon.step.StepImpl.dragAndDropColumn'"}
{"logLevel":"debug","message":"Found {} li elementi sürükle ve bırak in current project scope."}
{"logLevel":"debug","message":"Comparing 'com.virgosol.odeon.step.StepImpl.findElementPinWithTextsAndClick' and 'com.virgosol.odeon.step.StepImpl.findElementPinWithTextsAndClick'"}
{"logLevel":"debug","message":"Found {} li elementlerden {} pin değerine tıkla in current project scope."}
{"logLevel":"debug","message":"Comparing 'com.virgosol.odeon.step.StepImpl.findElementWithTextsAndClickAllignment' and 'com.virgosol.odeon.step.StepImpl.findElementWithTextsAndClickAllignment'"}
{"logLevel":"debug","message":"Found {} li elementlerden {} değerine eşit olan ile aynı sıralamada yanındaki {} elementine tıkla in current project scope."}
{"logLevel":"debug","message":"Comparing 'com.virgosol.odeon.step.StepImpl.checkTextsElement' and 'com.virgosol.odeon.step.StepImpl.checkTextsElement'"}
{"logLevel":"debug","message":"Found {} li elementlerin texti var mı? in current project scope."}
{"logLevel":"debug","message":"Comparing 'com.virgosol.odeon.step.StepImpl.sendKeyNextTo' and 'com.virgosol.odeon.step.StepImpl.sendKeyNextTo'"}
{"logLevel":"debug","message":"Found {} li elementin yanındaki {} elementine {} degerini yaz in current project scope."}
{"logLevel":"debug","message":"Comparing 'com.virgosol.odeon.step.StepImpl.findElementWithTextsAndSaveText' and 'com.virgosol.odeon.step.StepImpl.findElementWithTextsAndSaveText'"}
{"logLevel":"debug","message":"Found {} li elementlerden {} değerine eşit olanın textini {} olarak kaydet in current project scope."}
{"logLevel":"debug","message":"Comparing 'com.virgosol.odeon.step.StepImpl.findElementWithTextsAndSendKeyNextToEnter' and 'com.virgosol.odeon.step.StepImpl.findElementWithTextsAndSendKeyNextToEnter'"}
{"logLevel":"debug","message":"Found {} li elementlerden {} değerine eşit olanın yanındaki {} elementinde Entere Tikla in current project scope."}
{"logLevel":"debug","message":"Comparing 'com.virgosol.odeon.step.StepImpl.checkTextEquals' and 'com.virgosol.odeon.step.StepImpl.checkTextEquals'"}
{"logLevel":"debug","message":"Found {} li elementin texti {} mi? in current project scope."}
{"logLevel":"debug","message":"Comparing 'com.virgosol.odeon.step.StepImpl.clickElementNextTo' and 'com.virgosol.odeon.step.StepImpl.clickElementNextTo'"}
{"logLevel":"debug","message":"Found {} li elementin yanındaki {} elementine tikla in current project scope."}
{"logLevel":"debug","message":"Comparing 'com.virgosol.odeon.step.StepImpl.excelReadData' and 'com.virgosol.odeon.step.StepImpl.excelReadData'"}
{"logLevel":"debug","message":"Found Excel {} dosyasından veri okuma işlemi yapılır. in current project scope."}
{"logLevel":"debug","message":"Comparing 'com.virgosol.odeon.step.StepImpl.clickEnter' and 'com.virgosol.odeon.step.StepImpl.clickEnter'"}
{"logLevel":"debug","message":"Found Entere tıkla in current project scope."}
{"logLevel":"debug","message":"Comparing 'com.virgosol.odeon.step.StepImpl.checkElements' and 'com.virgosol.odeon.step.StepImpl.checkElements'"}
{"logLevel":"debug","message":"Found {} li elementler var mı? in current project scope."}
{"logLevel":"debug","message":"Comparing 'com.virgosol.odeon.step.StepImpl.findElementWithTextsAndCheckAttribute' and 'com.virgosol.odeon.step.StepImpl.findElementWithTextsAndCheckAttribute'"}
{"logLevel":"debug","message":"Found {} li elementlerden {} değerine eşit olanın {} attributesi var mı? in current project scope."}
{"logLevel":"debug","message":"Comparing 'com.virgosol.odeon.step.StepImpl.forwardPage' and 'com.virgosol.odeon.step.StepImpl.forwardPage'"}
{"logLevel":"debug","message":"Found Bulunduğun sayfada ileri git in current project scope."}
{"logLevel":"debug","message":"Comparing 'com.virgosol.odeon.step.StepImpl.backPage' and 'com.virgosol.odeon.step.StepImpl.backPage'"}
{"logLevel":"debug","message":"Found Bulunduğun sayfada geri git in current project scope."}
{"logLevel":"debug","message":"Comparing 'com.virgosol.odeon.step.StepImpl.findElementsCheckTextsAndCheckElementsTextNextTo' and 'com.virgosol.odeon.step.StepImpl.findElementsCheckTextsAndCheckElementsTextNextTo'"}
{"logLevel":"debug","message":"Found {} li elementlerden texti olanın yanındaki {} elementin texti var mı? in current project scope."}
{"logLevel":"debug","message":"Comparing 'com.virgosol.odeon.step.StepImpl.findElementWithTextsAndOrderAllignment' and 'com.virgosol.odeon.step.StepImpl.findElementWithTextsAndOrderAllignment'"}
{"logLevel":"debug","message":"Found {} li elementlerden {} değerine eşit olan ile aynı sıralamada altındaki {} verileri {} olarak sıralı mı in current project scope."}
{"logLevel":"debug","message":"Comparing 'com.virgosol.odeon.step.StepImpl.waitVisible' and 'com.virgosol.odeon.step.StepImpl.waitVisible'"}
{"logLevel":"debug","message":"Found {} li elementi görünür olana kadar bekle in current project scope."}
{"logLevel":"debug","message":"Comparing 'com.virgosol.odeon.step.StepImpl.waitMinutes' and 'com.virgosol.odeon.step.StepImpl.waitMinutes'"}
{"logLevel":"debug","message":"Found {} dakika bekle in current project scope."}
{"logLevel":"debug","message":"Comparing 'com.virgosol.odeon.step.StepImpl.refreshPage' and 'com.virgosol.odeon.step.StepImpl.refreshPage'"}
{"logLevel":"debug","message":"Found Bulunduğun sayfayı yenile in current project scope."}
{"logLevel":"debug","message":"Comparing 'com.virgosol.odeon.step.StepImpl.findElementWithTextsAndCheckElementNextTo' and 'com.virgosol.odeon.step.StepImpl.findElementWithTextsAndCheckElementNextTo'"}
{"logLevel":"debug","message":"Found {} li elementlerden {} değerine eşit olanın yanındaki {} element var mı? in current project scope."}
{"logLevel":"debug","message":"Comparing 'com.virgosol.odeon.step.StepImpl.findElementWithTextAndCheckAttributeContainsTextNextTo' and 'com.virgosol.odeon.step.StepImpl.findElementWithTextAndCheckAttributeContainsTextNextTo'"}
{"logLevel":"debug","message":"Found {} li elementlerden {} değerine eşit olan elementin {} attributesi {} içeriyor mu? in current project scope."}
{"logLevel":"debug","message":"Comparing 'com.virgosol.odeon.step.StepImpl.checkTextNextTo' and 'com.virgosol.odeon.step.StepImpl.checkTextNextTo'"}
{"logLevel":"debug","message":"Found {} li elementin yanındaki {} elementinin texti var mı? in current project scope."}
{"logLevel":"debug","message":"Comparing 'com.virgosol.odeon.step.StepImpl.checkTitle' and 'com.virgosol.odeon.step.StepImpl.checkTitle'"}
{"logLevel":"debug","message":"Found Sayfanın title ı {} mı? in current project scope."}
{"logLevel":"debug","message":"Comparing 'com.virgosol.odeon.step.StepImpl.findElementWithTextsAndSendKey' and 'com.virgosol.odeon.step.StepImpl.findElementWithTextsAndSendKey'"}
{"logLevel":"debug","message":"Found {} li elementlerden {} değerine eşit olana {} değerini yaz in current project scope."}
{"logLevel":"debug","message":"Comparing 'com.virgosol.odeon.step.StepImpl.deleteText' and 'com.virgosol.odeon.step.StepImpl.deleteText'"}
{"logLevel":"debug","message":"Found {} li elementin içindekileri sil in current project scope."}
{"logLevel":"debug","message":"Comparing 'com.virgosol.odeon.step.StepImpl.saveAttribute' and 'com.virgosol.odeon.step.StepImpl.saveAttribute'"}
{"logLevel":"debug","message":"Found {} li elementin {} attributesini {} olarak kaydet in current project scope."}
{"logLevel":"debug","message":"Comparing 'com.virgosol.odeon.step.StepImpl.findElementWithTextAndCheckAttributeText' and 'com.virgosol.odeon.step.StepImpl.findElementWithTextAndCheckAttributeText'"}
{"logLevel":"debug","message":"Found {} li elementin {} attributesi {} mi in current project scope."}
{"logLevel":"debug","message":"Comparing 'com.virgosol.odeon.step.StepImpl.findElementWithTextsAndSaveTextNextTo' and 'com.virgosol.odeon.step.StepImpl.findElementWithTextsAndSaveTextNextTo'"}
{"logLevel":"debug","message":"Found {} li elementlerden {} değerine eşit olanın yanındaki {} elementinin textini {} olarak kaydet in current project scope."}
{"logLevel":"debug","message":"Comparing 'com.virgosol.odeon.step.StepImpl.findElementWithTextsAndCheckAttributeTextNextTo' and 'com.virgosol.odeon.step.StepImpl.findElementWithTextsAndCheckAttributeTextNextTo'"}
{"logLevel":"debug","message":"Found {} li elementlerden {} değerine eşit olanın yanındaki {} elementinin {} attributesi {} içeriyor mu? in current project scope."}
{"logLevel":"debug","message":"Comparing 'com.virgosol.odeon.step.StepImpl.findElementWithTextsAndClickNextTo' and 'com.virgosol.odeon.step.StepImpl.findElementWithTextsAndClickNextTo'"}
{"logLevel":"debug","message":"Found {} li elementlerden {} değerine eşit olanın yanındaki {} elementine tıkla in current project scope."}
{"logLevel":"debug","message":"Comparing 'com.virgosol.odeon.step.StepImpl.checkTextNotExistsElements' and 'com.virgosol.odeon.step.StepImpl.checkTextNotExistsElements'"}
{"logLevel":"debug","message":"Found {} li elementlerden {} değerine eşit olan yok mu? in current project scope."}
{"logLevel":"debug","message":"Comparing 'com.virgosol.odeon.step.StepImpl.findElementsCheckTextsAndClickElementTextNextTo' and 'com.virgosol.odeon.step.StepImpl.findElementsCheckTextsAndClickElementTextNextTo'"}
{"logLevel":"debug","message":"Found {} li elementlerden yanındaki {} elementinin {} attributesi {} içerenin yanındaki {} elementine tıkla in current project scope."}
{"logLevel":"debug","message":"Comparing 'com.virgosol.odeon.step.StepImpl.findElementWithTextAndCheckAttributeTextNextTo' and 'com.virgosol.odeon.step.StepImpl.findElementWithTextAndCheckAttributeTextNextTo'"}
{"logLevel":"debug","message":"Found {} li elementlerden {} değerine eşit olan elementin {} attributesi {} mı? in current project scope."}
{"logLevel":"debug","message":"Comparing 'com.virgosol.odeon.step.StepImpl.waitSeconds' and 'com.virgosol.odeon.step.StepImpl.waitSeconds'"}
{"logLevel":"debug","message":"Found {} sn bekle in current project scope."}
{"logLevel":"debug","message":"Comparing 'com.virgosol.odeon.step.StepImpl.findFile' and 'com.virgosol.odeon.step.StepImpl.findFile'"}
{"logLevel":"debug","message":"Found {} li elemente tikla ve {} dosya secimini yap in current project scope."}
{"logLevel":"debug","message":"Comparing 'com.virgosol.odeon.step.StepImpl.clickElement' and 'com.virgosol.odeon.step.StepImpl.clickElement'"}
{"logLevel":"debug","message":"Found Click element with key {} in current project scope."}
{"logLevel":"debug","message":"Comparing 'com.virgosol.odeon.step.StepImpl.clickElement' and 'com.virgosol.odeon.step.StepImpl.clickElement'"}
{"logLevel":"debug","message":"Found {} li elemente tikla in current project scope."}
{"logLevel":"debug","message":"Comparing 'com.virgosol.odeon.step.StepImpl.navigateWindow' and 'com.virgosol.odeon.step.StepImpl.navigateWindow'"}
{"logLevel":"debug","message":"Found Yeni açılan sayfaya geç in current project scope."}
{"logLevel":"debug","message":"Comparing 'com.virgosol.odeon.step.StepImpl.findElementWithTextsAndSetAttribute' and 'com.virgosol.odeon.step.StepImpl.findElementWithTextsAndSetAttribute'"}
{"logLevel":"debug","message":"Found {} li elementlerden {} değerine eşit olanın {} attributesini {} yap in current project scope."}
{"logLevel":"debug","message":"Comparing 'com.virgosol.odeon.step.StepImpl.dateCompare' and 'com.virgosol.odeon.step.StepImpl.dateCompare'"}
{"logLevel":"debug","message":"Found {} tarihi ile {} tarihini karşılaştır. in current project scope."}
{"logLevel":"debug","message":"Comparing 'com.virgosol.odeon.step.StepImpl.sendKey' and 'com.virgosol.odeon.step.StepImpl.sendKey'"}
{"logLevel":"debug","message":"Found Send keys to element with key {} and text {} in current project scope."}
{"logLevel":"debug","message":"Comparing 'com.virgosol.odeon.step.StepImpl.sendKey' and 'com.virgosol.odeon.step.StepImpl.sendKey'"}
{"logLevel":"debug","message":"Found {} li elemente {} degerini yaz in current project scope."}
{"logLevel":"debug","message":"Comparing 'com.virgosol.odeon.step.StepImpl.hoverElement' and 'com.virgosol.odeon.step.StepImpl.hoverElement'"}
{"logLevel":"debug","message":"Found {} li elementin üzerine gel in current project scope."}
{"logLevel":"debug","message":"Comparing 'com.virgosol.odeon.step.StepImpl.framegir' and 'com.virgosol.odeon.step.StepImpl.framegir'"}
{"logLevel":"debug","message":"Found frame gir in current project scope."}
{"logLevel":"debug","message":"Comparing 'com.virgosol.odeon.step.StepImpl.findElementWithTextsAndClickWithTextNextTo' and 'com.virgosol.odeon.step.StepImpl.findElementWithTextsAndClickWithTextNextTo'"}
{"logLevel":"debug","message":"Found {} li elementlerden {} değerine eşit olanın yanındaki {} elementlerinden {} değerine eşit olana tıkla in current project scope."}
{"logLevel":"debug","message":"Comparing 'com.virgosol.odeon.step.StepImpl.closeWait' and 'com.virgosol.odeon.step.StepImpl.closeWait'"}
{"logLevel":"debug","message":"Found Beklemeleri kapat in current project scope."}
{"logLevel":"debug","message":"Comparing 'com.virgosol.odeon.step.StepImpl.findElementWithTextsAndClickNextToWithIndex' and 'com.virgosol.odeon.step.StepImpl.findElementWithTextsAndClickNextToWithIndex'"}
{"logLevel":"debug","message":"Found {} li elementlerden {} değerine eşit olanın yanındaki {} elementlerinden indexe göre tıkla in current project scope."}
{"logLevel":"debug","message":"Comparing 'com.virgosol.odeon.step.StepImpl.checkElementVisible' and 'com.virgosol.odeon.step.StepImpl.checkElementVisible'"}
{"logLevel":"debug","message":"Found {} li element görünür mü? in current project scope."}
{"logLevel":"debug","message":"Comparing 'com.virgosol.odeon.step.StepImpl.checkNotExistAttribute' and 'com.virgosol.odeon.step.StepImpl.checkNotExistAttribute'"}
{"logLevel":"debug","message":"Found {} li elementin {} attributesi yok mu in current project scope."}
{"logLevel":"debug","message":"Comparing 'com.virgosol.odeon.step.StepImpl.findElementWithTextsAndHover' and 'com.virgosol.odeon.step.StepImpl.findElementWithTextsAndHover'"}
{"logLevel":"debug","message":"Found {} li elementlerden {} değerine eşit olanın üzerine gel in current project scope."}
{"logLevel":"debug","message":"Comparing 'com.virgosol.odeon.step.StepImpl.findElementWithTextsAndHoverNextTo' and 'com.virgosol.odeon.step.StepImpl.findElementWithTextsAndHoverNextTo'"}
{"logLevel":"debug","message":"Found {} li elementlerden {} değerine eşit olanın yanındaki {} elementinin üzerine gel in current project scope."}
{"logLevel":"debug","message":"Comparing 'com.virgosol.odeon.step.StepImpl.findElementWithTextsAndFindElementWithTextAndSaveTextNextTo' and 'com.virgosol.odeon.step.StepImpl.findElementWithTextsAndFindElementWithTextAndSaveTextNextTo'"}
{"logLevel":"debug","message":"Found {} li elementlerden {} değerine eşit olanın yanındaki {} li elementlerden {} değerine eşit olanın yanındaki {} elementinin textini {} olarak kaydet in current project scope."}
{"logLevel":"debug","message":"Comparing 'com.virgosol.odeon.step.StepImpl.saveTextNextTo' and 'com.virgosol.odeon.step.StepImpl.saveTextNextTo'"}
{"logLevel":"debug","message":"Found {} li elementin yanındaki {} elementinin textini {} olarak kaydet in current project scope."}
{"logLevel":"debug","message":"Comparing 'com.virgosol.odeon.step.StepImpl.findElementWithTextsAndFindElementWithTextAndClickNextTo' and 'com.virgosol.odeon.step.StepImpl.findElementWithTextsAndFindElementWithTextAndClickNextTo'"}
{"logLevel":"debug","message":"Found {} li elementlerden {} değerine eşit olanın yanındaki {} li elementlerden {} değerine eşit olanın yanındaki {} elementine tıkla in current project scope."}
{"logLevel":"debug","message":"Comparing 'com.virgosol.odeon.step.StepImpl.findElementWithTextsAndSaveAttribute' and 'com.virgosol.odeon.step.StepImpl.findElementWithTextsAndSaveAttribute'"}
{"logLevel":"debug","message":"Found {} li elementlerden {} değerine eşit olanın {} attributesini {} olarak kaydet in current project scope."}
{"logLevel":"debug","message":"Comparing 'com.virgosol.odeon.step.StepImpl.setAttributeNextTo' and 'com.virgosol.odeon.step.StepImpl.setAttributeNextTo'"}
{"logLevel":"debug","message":"Found {} li elementin yanındaki {} elementinin {} attributesini {} yap in current project scope."}
{"logLevel":"debug","message":"Comparing 'com.virgosol.odeon.step.StepImpl.checkTextEqualsNextTo' and 'com.virgosol.odeon.step.StepImpl.checkTextEqualsNextTo'"}
{"logLevel":"debug","message":"Found {} li elementin yanındaki {} elementinin texti {} mi? in current project scope."}
{"logLevel":"debug","message":"Comparing 'com.virgosol.odeon.step.StepImpl.changeScreenResolution' and 'com.virgosol.odeon.step.StepImpl.changeScreenResolution'"}
{"logLevel":"debug","message":"Found Ekran çözünürlüğünü {} yap. in current project scope."}
{"logLevel":"debug","message":"Comparing 'com.virgosol.odeon.step.StepImpl.findElementWithTextsAndSendKeyNextTo' and 'com.virgosol.odeon.step.StepImpl.findElementWithTextsAndSendKeyNextTo'"}
{"logLevel":"debug","message":"Found {} li elementlerden {} değerine eşit olanın yanındaki {} elementine {} değerini yaz in current project scope."}
{"logLevel":"debug","message":"Comparing 'com.virgosol.odeon.step.StepImpl.checkText' and 'com.virgosol.odeon.step.StepImpl.checkText'"}
{"logLevel":"debug","message":"Found {} li elementin texti var mı? in current project scope."}
{"logLevel":"debug","message":"Comparing 'com.virgosol.odeon.step.StepImpl.checkElement' and 'com.virgosol.odeon.step.StepImpl.checkElement'"}
{"logLevel":"debug","message":"Found {} li element var mı? in current project scope."}
{"logLevel":"debug","message":"Comparing 'com.virgosol.odeon.step.StepImpl.closePage' and 'com.virgosol.odeon.step.StepImpl.closePage'"}
{"logLevel":"debug","message":"Found Bulunduğun sayfayı kapat in current project scope."}
{"logLevel":"debug","message":"Comparing 'com.virgosol.odeon.step.StepImpl.checkTextContains' and 'com.virgosol.odeon.step.StepImpl.checkTextContains'"}
{"logLevel":"debug","message":"Found {} li elementin texti {} içeriyor mu? in current project scope."}
{"logLevel":"debug","message":"Comparing 'com.virgosol.odeon.step.StepImpl.checkTextContainsNextTo' and 'com.virgosol.odeon.step.StepImpl.checkTextContainsNextTo'"}
{"logLevel":"debug","message":"Found {} li elementin yanındaki {} elementinin texti {} içeriyor mi? in current project scope."}
{"logLevel":"debug","message":"Comparing 'com.virgosol.odeon.step.StepImpl.waitElement' and 'com.virgosol.odeon.step.StepImpl.waitElement'"}
{"logLevel":"debug","message":"Found Wait {} element in current project scope."}
{"logLevel":"debug","message":"Comparing 'com.virgosol.odeon.step.StepImpl.waitElement' and 'com.virgosol.odeon.step.StepImpl.waitElement'"}
{"logLevel":"debug","message":"Found {} li elementi bekle in current project scope."}
{"logLevel":"debug","message":"Comparing 'com.virgosol.odeon.step.StepImpl.findElementWithTextsAndSendKeyAllignment' and 'com.virgosol.odeon.step.StepImpl.findElementWithTextsAndSendKeyAllignment'"}
{"logLevel":"debug","message":"Found {} li elementlerden {} değerine eşit olan ile aynı sıralamada yanındaki {} elementine {} değerini yaz in current project scope."}
{"logLevel":"debug","message":"Comparing 'com.virgosol.odeon.step.StepImpl.findElementWithTextsAndCheckAttrAndClickFirst' and 'com.virgosol.odeon.step.StepImpl.findElementWithTextsAndCheckAttrAndClickFirst'"}
{"logLevel":"debug","message":"Found {} li elementlerin yanındaki {} elementlerinden {} attributesi {} içermeyen ilk elemente tıkla in current project scope."}
{"logLevel":"debug","message":"Comparing 'com.virgosol.odeon.step.StepImpl.findElementWithCheckAttributeText' and 'com.virgosol.odeon.step.StepImpl.findElementWithCheckAttributeText'"}
{"logLevel":"debug","message":"Found {} li elementlerin {} attributesi {} mi in current project scope."}
{"logLevel":"debug","message":"Comparing 'com.virgosol.odeon.step.StepImpl.findElementWithTextsAndFindElementWithTextNextTo' and 'com.virgosol.odeon.step.StepImpl.findElementWithTextsAndFindElementWithTextNextTo'"}
{"logLevel":"debug","message":"Found {} li elementlerden {} değerine eşit olanın yanındaki {} li elementlerden {} değerine eşit olan var mı? in current project scope."}
{"logLevel":"debug","message":"Comparing 'com.virgosol.odeon.step.StepImpl.handlingCAPTCHA' and 'com.virgosol.odeon.step.StepImpl.handlingCAPTCHA'"}
{"logLevel":"debug","message":"Found {} textbox alanına captcha değeri yazılır. in current project scope."}
{"logLevel":"debug","message":"Comparing 'com.virgosol.odeon.step.StepImpl.checkClickableNextTo' and 'com.virgosol.odeon.step.StepImpl.checkClickableNextTo'"}
{"logLevel":"debug","message":"Found {} li elementin yanındaki {} elementi tıklanabilir mi? in current project scope."}
{"logLevel":"debug","message":"Comparing 'com.virgosol.odeon.step.StepImpl.findElementWithTextsAndSelect' and 'com.virgosol.odeon.step.StepImpl.findElementWithTextsAndSelect'"}
{"logLevel":"debug","message":"Found {} li elementlerden {} değerine eşit olanı seç in current project scope."}
{"logLevel":"debug","message":"Comparing 'com.virgosol.odeon.step.StepImpl.deneme' and 'com.virgosol.odeon.step.StepImpl.deneme'"}
{"logLevel":"debug","message":"Found {} li elementin uzunluğunun 10 olduğu doğrulanır. in current project scope."}
{"logLevel":"debug","message":"Comparing 'com.virgosol.odeon.step.StepImpl.findElementWithTextsAndSaveAttributeTextNextTo' and 'com.virgosol.odeon.step.StepImpl.findElementWithTextsAndSaveAttributeTextNextTo'"}
{"logLevel":"debug","message":"Found {} li elementlerden {} değerine eşit olanın yanındaki {} elementinin {} attributesini kaydet in current project scope."}
{"logLevel":"debug","message":"Comparing 'com.virgosol.odeon.step.StepImpl.findElementWithTextsAndSaveAttributeTextNextTo' and 'com.virgosol.odeon.step.StepImpl.findElementWithTextsAndSaveAttributeTextNextTo'"}
{"logLevel":"debug","message":"Found {} li elementlerden {} değerine eşit olanın yanındaki {} li elementlerin textindeki tarihler doğru aralıkta mı? in current project scope."}
{"logLevel":"debug","message":"Comparing 'com.virgosol.odeon.step.StepImpl.findElementWithTextAndCheckAttributeEqualsTextNextTo' and 'com.virgosol.odeon.step.StepImpl.findElementWithTextAndCheckAttributeEqualsTextNextTo'"}
{"logLevel":"debug","message":"Found {} li elementlerden {} değerine eşit olanın yanındaki {} elementinin {} attributesi {} mı? in current project scope."}
{"logLevel":"debug","message":"Comparing 'com.virgosol.odeon.step.StepImpl.checkElementNextTo' and 'com.virgosol.odeon.step.StepImpl.checkElementNextTo'"}
{"logLevel":"debug","message":"Found {} li elementin yanındaki {} element var mı? in current project scope."}
{"logLevel":"debug","message":"Comparing 'com.virgosol.odeon.step.StepImpl.findElementWithTextsAndFindElementCheckWithTextNextTo' and 'com.virgosol.odeon.step.StepImpl.findElementWithTextsAndFindElementCheckWithTextNextTo'"}
{"logLevel":"debug","message":"Found {} li elementlerden {} değerine eşit olanın yanındaki {} li elementler {} değerine eşit mi? in current project scope."}
{"logLevel":"debug","message":"Comparing 'com.virgosol.odeon.step.StepImpl.findElementWithCheckAttribute' and 'com.virgosol.odeon.step.StepImpl.findElementWithCheckAttribute'"}
{"logLevel":"debug","message":"Found {} li elementlerin {} attributesi var mı? in current project scope."}
{"logLevel":"debug","message":"Comparing 'com.virgosol.odeon.step.StepImpl.checkAttributeNextTo' and 'com.virgosol.odeon.step.StepImpl.checkAttributeNextTo'"}
{"logLevel":"debug","message":"Found {} li elementin yanındaki {} elementinin {} attributesi var mı? in current project scope."}
{"logLevel":"debug","message":"Comparing 'com.virgosol.odeon.step.StepImpl.findElementWithTextsAndSetAttributeNextTo' and 'com.virgosol.odeon.step.StepImpl.findElementWithTextsAndSetAttributeNextTo'"}
{"logLevel":"debug","message":"Found {} li elementlerden {} değerine eşit olanın yanındaki {} elementinin {} attributesini {} yap in current project scope."}
{"logLevel":"debug","message":"Comparing 'com.virgosol.odeon.step.StepImpl.findElementWithTextsAndSelectNextTo' and 'com.virgosol.odeon.step.StepImpl.findElementWithTextsAndSelectNextTo'"}
{"logLevel":"debug","message":"Found {} li elementlerden {} değerine eşit olanın yanındaki {} elementini seç in current project scope."}
{"logLevel":"debug","message":"Comparing 'com.virgosol.odeon.step.StepImpl.navigateFrame' and 'com.virgosol.odeon.step.StepImpl.navigateFrame'"}
{"logLevel":"debug","message":"Found Frameden ana sayfaya geç in current project scope."}
{"logLevel":"debug","message":"Comparing 'com.virgosol.odeon.step.StepImpl.checkDataGridAndExcelColumn' and 'com.virgosol.odeon.step.StepImpl.checkDataGridAndExcelColumn'"}
{"logLevel":"debug","message":"Found Excel {} dosyasının uzantısı kontrol edilir ve içeriğinin datagrid yapısıyla aynı olduğu kontrol edilir. in current project scope."}
{"logLevel":"debug","message":"Comparing 'com.virgosol.odeon.step.StepImpl.navigateFrame' and 'com.virgosol.odeon.step.StepImpl.navigateFrame'"}
{"logLevel":"debug","message":"Found {} isimli frame e geç in current project scope."}
{"logLevel":"debug","message":"Comparing 'com.virgosol.odeon.step.StepImpl.findElementWithTextsAndCheckText' and 'com.virgosol.odeon.step.StepImpl.findElementWithTextsAndCheckText'"}
{"logLevel":"debug","message":"Found {} li elementlerden {} değerine eşit olan var mı? in current project scope."}
{"logLevel":"debug","message":"Comparing 'com.virgosol.odeon.step.StepImpl.openInBrowser' and 'com.virgosol.odeon.step.StepImpl.openInBrowser'"}
{"logLevel":"debug","message":"Found Url {} tarayıcıda açılır. in current project scope."}
{"logLevel":"debug","message":"Comparing 'com.virgosol.odeon.step.StepImpl.findElementWithTextsAndCheckClickableNextTo' and 'com.virgosol.odeon.step.StepImpl.findElementWithTextsAndCheckClickableNextTo'"}
{"logLevel":"debug","message":"Found {} li elementlerden {} değerine eşit olan elementten önceki {} elementlerin tarihi {} attributesi {} içeriyor mu? in current project scope."}
{"logLevel":"debug","message":"Comparing 'com.virgosol.odeon.step.StepImpl.findElementWithTextsAndCheckClickableNextTo' and 'com.virgosol.odeon.step.StepImpl.findElementWithTextsAndCheckClickableNextTo'"}
{"logLevel":"debug","message":"Found {} li elementlerden {} değerine eşit olanın yanındaki {} elementi tıklanabilir mi? in current project scope."}
{"logLevel":"debug","message":"Comparing 'com.virgosol.odeon.step.StepImpl.setAttribute' and 'com.virgosol.odeon.step.StepImpl.setAttribute'"}
{"logLevel":"debug","message":"Found {} li elementin {} attributesini {} yap in current project scope."}
{"logLevel":"debug","message":"Comparing 'com.virgosol.odeon.step.StepImpl.findElementWithTextsAndSaveAttributeNextTo' and 'com.virgosol.odeon.step.StepImpl.findElementWithTextsAndSaveAttributeNextTo'"}
{"logLevel":"debug","message":"Found {} li elementlerden {} değerine eşit olanın yanındaki {} elementinin {} attributesini {} olarak kaydet in current project scope."}
{"logLevel":"debug","message":"Comparing 'com.virgosol.odeon.step.StepImpl.checkUrl' and 'com.virgosol.odeon.step.StepImpl.checkUrl'"}
{"logLevel":"debug","message":"Found Sayfanın url i {} mı? in current project scope."}
{"logLevel":"debug","message":"Comparing 'com.virgosol.odeon.step.StepImpl.elementIsDisplayed' and 'com.virgosol.odeon.step.StepImpl.elementIsDisplayed'"}
{"logLevel":"debug","message":"Found {} li element gözüküyor mu? in current project scope."}
{"logLevel":"debug","message":"Scanning packages for hooks"}
{"logLevel":"debug","message":"Scanned steps (using static parsing + reflections): "}
{"logLevel":"debug","message":"\t{} li elementlerin {} attributesi {} mi : public void findElementWithCheckAttributeText(String key, String attr, String attrtext)"}
{"logLevel":"debug","message":"\tExcel {} dosyasının doğru uzantıda olduğu kontrol edilir. : public void checkFilename(String excelFileName) throws IOException"}
{"logLevel":"debug","message":"\t{} li elementlerden {} değerine eşit olanın {} attributesini {} yap : public void findElementWithTextsAndSetAttribute(String key, String text, String attr, String text2)"}
{"logLevel":"debug","message":"\t{} li elementlerden {} değerine eşit olanın yanındaki {} elementi yok mu? : public void findElementWithTextsAndCheckElementNextToNotExists(String key, String text, String key2)"}
{"logLevel":"debug","message":"\tBeklemeleri ac : public void openWait()"}
{"logLevel":"debug","message":"\t{} li elementin textini {} olarak kaydet : public void saveText(String key, String key2)"}
{"logLevel":"debug","message":"\t{} li elementin {} attributesi {} mi : public void findElementWithTextAndCheckAttributeText(String key, String attr, String attrtext)"}
{"logLevel":"debug","message":"\t{} li elemente tikla ve {} dosya secimini yap : public void findFile(String key, String file)"}
{"logLevel":"debug","message":"\tMesajda tamam butonuna basılır. : public void popUpAccept() throws IOException"}
{"logLevel":"debug","message":"\t{} li elementin texti {} mi? : public void checkTextEquals(String key, String text)"}
{"logLevel":"debug","message":"\tSayfanın title ı {} mı? : public void checkTitle(String title)"}
{"logLevel":"debug","message":"\tBulunduğun sayfada ileri git : public void forwardPage()"}
{"logLevel":"debug","message":"\t{} li elementin {} attributesi yok mu : public void checkNotExistAttribute(String key, String attr) throws IOException"}
{"logLevel":"debug","message":"\t{} li elementin yanındaki {} elementi tıklanabilir mi? : public void checkClickableNextTo(String key, String key2)"}
{"logLevel":"debug","message":"\t{} li element yok mu? : public void checkNotExistElement(String key)"}
{"logLevel":"debug","message":"\t{} li elementin yanındaki {} elementinin üzerine gel : public void hoverElementNextTo(String key, String key2)"}
{"logLevel":"debug","message":"\t{} li elementin üzerine gel : public void hoverElement(String key)"}
{"logLevel":"debug","message":"\t{} li elementlerden {} değerine eşit olanın yanındaki {} li elementler {} değerine eşit olanın yanındaki {} elementinin id bilgisini kaydet ve {} elementlerinden yanındaki {} elementin delete butonuna tıkla : public void findElementWithTextsAndFindElementSaveTextAndClickIndexNextTo(String key, String text, String key2, String text2, String key3, String key4, String key5)"}
{"logLevel":"debug","message":"\t{} li elementin {} attributesi var mı? : public void checkAttribute(String key, String attr)"}
{"logLevel":"debug","message":"\t{} urle git : public void goToUrl(String url)"}
{"logLevel":"debug","message":"\t{} dakika bekle : public void waitMinutes(String key) throws InterruptedException"}
{"logLevel":"debug","message":"\t{} li elementlerden {} değerine eşit olan ile aynı sıralamada yanındaki {} elementine tıkla : public void findElementWithTextsAndClickAllignment(String key, String text, String key2)"}
{"logLevel":"debug","message":"\tExcel {} dosyasının uzantısı kontrol edilir ve içeriğinin datagrid yapısıyla aynı olduğu kontrol edilir. : public void checkDataGridAndExcelColumn(String excelFileName) throws IOException, BiffException"}
{"logLevel":"debug","message":"\t{} li elementlerin yanındaki {} elementlerinden {} attributesi {} içermeyen ilk elemente tıkla : public void findElementWithTextsAndCheckAttrAndClickFirst(String key, String key2, String attr, String attrtext)"}
{"logLevel":"debug","message":"\t{} tarihi ile {} tarihini karşılaştır. : public void dateCompare(String key1, String key2) throws IOException"}
{"logLevel":"debug","message":"\t{} li elementlerden {} değerine eşit olanın üzerine gel : public void findElementWithTextsAndHover(String key, String text)"}
{"logLevel":"debug","message":"\t{} li elementlerden {} değerine eşit olan elementin {} attributesi {} içeriyor mu? : public void findElementWithTextAndCheckAttributeContainsTextNextTo(String key, String text, String attr, String attrtext)"}
{"logLevel":"debug","message":"\t{} li elemente {} degerini yaz : public void sendKey(String key, String text)"}
{"logLevel":"debug","message":"\t{} li elementlerden {} değerine eşit olanın yanındaki {} elementini seç : public void findElementWithTextsAndSelectNextTo(String key, String text, String key2)"}
{"logLevel":"debug","message":"\t{} li elementin yanındaki {} elementinin texti {} içeriyor mi? : public void checkTextContainsNextTo(String key, String key2, String text)"}
{"logLevel":"debug","message":"\t{} li element var mı? : public void checkElement(String key)"}
{"logLevel":"debug","message":"\t{} li elementlerden {} değerine eşit olanın yanındaki {} elementinin {} attributesi var mı? : public void findElementWithTextsAndCheckAttributeNextTo(String key, String text, String key2, String attr)"}
{"logLevel":"debug","message":"\t{} li element tıklanabilir mi? : public void checkClickable(String key)"}
{"logLevel":"debug","message":"\tBulunduğun sayfada geri git : public void backPage()"}
{"logLevel":"debug","message":"\t{} li elementlerden yanındaki {} elementinin {} attributesi {} içerenin yanındaki {} elementine tıkla : public void findElementsCheckTextsAndClickElementTextNextTo(String key, String key2, String attr, String attrtext, String key3)"}
{"logLevel":"debug","message":"\t{} li elementlerden {} değerine eşit olanın yanındaki {} li elementlerden {} değerine eşit olanın yanındaki {} elementinin texti {} mı? : public void findElementWithTextsAndFindElementWithTextAndFindWithTextNextTo(String key, String text, String key2, String text2, String key3, String text3)"}
{"logLevel":"debug","message":"\t{} li elementlerden {} değerine eşit olanın yanındaki {} li elementler {} değerine eşit mi? : public void findElementWithTextsAndFindElementCheckWithTextNextTo(String key, String text, String key2, String text2)"}
{"logLevel":"debug","message":"\tBeklemeleri kapat : public void closeWait()"}
{"logLevel":"debug","message":"\t{} li elementlerden {} değerine eşit olanı seç : public void findElementWithTextsAndSelect(String key, String text)"}
{"logLevel":"debug","message":"\t{} li elementlerden {} değerine eşit olan elementten önceki {} elementlerin tarihi {} attributesi {} içeriyor mu? : public void findElementWithTextsAndCheckClickableNextTo(String key, String text, String key2, String attr, String attrtext)"}
{"logLevel":"debug","message":"\t{} li elementin yanındaki {} elementinin texti {} mi? : public void checkTextEqualsNextTo(String key, String key2, String text)"}
{"logLevel":"debug","message":"\t{} li elementlerden id bilgisi silindi mi? : public void findElementsCheckTextsAndDeletedId(String key)"}
{"logLevel":"debug","message":"\t{} li elementlerden {} değerine eşit olanın yanındaki {} elementinin {} attributesini kaydet : public void findElementWithTextsAndSaveAttributeTextNextTo(String key, String text, String key2, String attr)"}
{"logLevel":"debug","message":"\t{} li elementlerden {} değerine eşit olan ile aynı sıralamada altındaki {} verileri {} olarak sıralı mı : public void findElementWithTextsAndOrderAllignment(String key, String text, String key2, String text2)"}
{"logLevel":"debug","message":"\tClick element with key {} : public void clickElement(String key)"}
{"logLevel":"debug","message":"\t{} sn bekle : public void waitSeconds(String key) throws InterruptedException"}
{"logLevel":"debug","message":"\t{} li elementlerden {} değerine eşit olanın yanındaki {} elementlerinden {} değerine eşit olana tıkla : public void findElementWithTextsAndClickWithTextNextTo(String key, String text, String key2, String text2)"}
{"logLevel":"debug","message":"\tUrl {} tarayıcıda açılır. : public void openInBrowser(String browserName) throws IOException"}
{"logLevel":"debug","message":"\t{} li elementlerden {} değerine eşit olanın yanındaki {} elementlerinden indexe göre tıkla : public void findElementWithTextsAndClickNextToWithIndex(String key, String text, String key2)"}
{"logLevel":"debug","message":"\t{} li elementlerden {} değerine eşit olanın yanındaki {} elementine {} değerini yaz : public void findElementWithTextsAndSendKeyNextTo(String key, String text, String key2, String text2)"}
{"logLevel":"debug","message":"\tEkran çözünürlüğünü {} yap. : public void changeScreenResolution(String screenResolution) throws IOException"}
{"logLevel":"debug","message":"\t{} li elementlerden {} değerine eşit olanın yanındaki {} elementinin {} attributesini {} olarak kaydet : public void findElementWithTextsAndSaveAttributeNextTo(String key, String text, String key2, String attr, String key3)"}
{"logLevel":"debug","message":"\t{} li elementlerden {} değerine eşit olanın yanındaki {} elementinin {} attributesini {} yap : public void findElementWithTextsAndSetAttributeNextTo(String key, String text, String key2, String attr, String text2)"}
{"logLevel":"debug","message":"\t{} li elementlerin texti var mı? : public void checkTextsElement(String key)"}
{"logLevel":"debug","message":"\tSayfanın url i {} mı? : public void checkUrl(String url)"}
{"logLevel":"debug","message":"\t{} li elementlerden {} pin değerine tıkla : public void findElementPinWithTextsAndClick(String key, String pin)"}
{"logLevel":"debug","message":"\t{} li element gözüküyor mu? : public void elementIsDisplayed(String key)"}
{"logLevel":"debug","message":"\tWait {} element : public void waitElement(String key)"}
{"logLevel":"debug","message":"\tBulunduğun sayfayı kapat : public void closePage()"}
{"logLevel":"debug","message":"\tEntere tıkla : public void clickEnter()"}
{"logLevel":"debug","message":"\t{} li elementlerin {} attributesi var mı? : public void findElementWithCheckAttribute(String key, String attr)"}
{"logLevel":"debug","message":"\t{} li elementlerden {} değerine eşit olanın yanındaki {} elementinde Entere Tikla : public void findElementWithTextsAndSendKeyNextToEnter(String key, String text, String key2)"}
{"logLevel":"debug","message":"\t{} li elementin {} attributesini {} olarak kaydet : public void saveAttribute(String key, String attr, String key2)"}
{"logLevel":"debug","message":"\t{} li elementlerden {} değerine eşit olan var mı? : public void findElementWithTextsAndCheckText(String key, String text)"}
{"logLevel":"debug","message":"\t{} li elementin yanındaki {} elementinin {} attributesi var mı? : public void checkAttributeNextTo(String key, String key2, String attr)"}
{"logLevel":"debug","message":"\t{} li elementi sürükle ve bırak : public void dragAndDropColumn(String key)"}
{"logLevel":"debug","message":"\t{} li elementlerden {} değerine eşit olan elementin {} attributesi {} mı? : public void findElementWithTextAndCheckAttributeTextNextTo(String key, String text, String attr, String attrtext)"}
{"logLevel":"debug","message":"\t{} li elementin yanındaki {} element var mı? : public void checkElementNextTo(String key, String key2)"}
{"logLevel":"debug","message":"\t{} li elementlerden {} değerine eşit olana tıkla : public void findElementWithTextsAndClick(String key, String text)"}
{"logLevel":"debug","message":"\t{} li elementlerden {} değerine eşit olan yok mu? : public void checkTextNotExistsElements(String key, String text)"}
{"logLevel":"debug","message":"\t{} li elementi invisible olana kadar bekle : public void waitInVisible(String key)"}
{"logLevel":"debug","message":"\t{} li elementlerden {} değerine eşit olanın yanındaki {} elementinin üzerine gel : public void findElementWithTextsAndHoverNextTo(String key, String text, String key2)"}
{"logLevel":"debug","message":"\t{} li elementlerden {} değerine eşit olanın yanındaki {} elementine tıkla : public void findElementWithTextsAndClickNextTo(String key, String text, String key2)"}
{"logLevel":"debug","message":"\t{} li elementlerden {} değerine eşit olan tıklanabilir mi? : public void findElementWithTextsAndCheckClickable(String key, String text)"}
{"logLevel":"debug","message":"\t{} li elemente tikla : public void clickElement(String key)"}
{"logLevel":"debug","message":"\t{} li elementin uzunluğunun 10 olduğu doğrulanır. : public void deneme(String key) throws IOException"}
{"logLevel":"debug","message":"\t{} li elementlerden {} değerine eşit olanın textini {} olarak kaydet : public void findElementWithTextsAndSaveText(String key, String text, String key2)"}
{"logLevel":"debug","message":"\t{} li elementin {} attributesini {} yap : public void setAttribute(String key, String attr, String text)"}
{"logLevel":"debug","message":"\t{} Entere tıkla : public void clickEnterWithElement(String key)"}
{"logLevel":"debug","message":"\tYeni açılan sayfaya geç : public void navigateWindow()"}
{"logLevel":"debug","message":"\t{} li elementlerden {} değerine eşit olan ile aynı sıralamada yanındaki {} elementine {} değerini yaz : public void findElementWithTextsAndSendKeyAllignment(String key, String text, String key2, String text2)"}
{"logLevel":"debug","message":"\t{} li elementlerden {} değerine eşit olanın yanındaki {} li elementlerden {} değerine eşit olan var mı? : public void findElementWithTextsAndFindElementWithTextNextTo(String key, String text, String key2, String text2)"}
{"logLevel":"debug","message":"\t{} li elementi görünür olana kadar bekle : public void waitVisible(String key)"}
{"logLevel":"debug","message":"\t{} li elementlerden {} değerine eşit olanın {} attributesini {} olarak kaydet : public void findElementWithTextsAndSaveAttribute(String key, String text, String attr, String key2)"}
{"logLevel":"debug","message":"\t{} isimli frame e geç : public void navigateFrame(String frame)"}
{"logLevel":"debug","message":"\t{} li element görünür mü? : public void checkElementVisible(String key)"}
{"logLevel":"debug","message":"\t{} li elementi bekle : public void waitElement(String key)"}
{"logLevel":"debug","message":"\tSend keys to element with key {} and text {} : public void sendKey(String key, String text)"}
{"logLevel":"debug","message":"\tExcel {} dosyasından veri okuma işlemi yapılır. : public void excelReadData(String excelFileName) throws IOException"}
{"logLevel":"debug","message":"\t{} li elementin yanındaki {} elementine tikla : public void clickElementNextTo(String key, String key2)"}
{"logLevel":"debug","message":"\t{} li elementin yanındaki {} elementinin texti var mı? : public void checkTextNextTo(String key, String key2)"}
{"logLevel":"debug","message":"\t{} textbox alanına captcha değeri yazılır. : public void handlingCAPTCHA(String key) throws IOException"}
{"logLevel":"debug","message":"\t{} li elementlerden {} değerine eşit olanın yanındaki {} elementi tıklanabilir mi? : public void findElementWithTextsAndCheckClickableNextTo(String key, String text, String key2)"}
{"logLevel":"debug","message":"\t{} li elementin yanındaki {} elementinin textini {} olarak kaydet : public void saveTextNextTo(String key, String key2, String key3)"}
{"logLevel":"debug","message":"\t{} li elementlerden texti olanın yanındaki {} elementi var mı? : public void findElementsCheckTextsAndCheckElementNextTo(String key, String key2)"}
{"logLevel":"debug","message":"\t{} li elementlerden {} değerine eşit olanın yanındaki {} li elementlerden {} değerine eşit olanın yanındaki {} elementine tıkla : public void findElementWithTextsAndFindElementWithTextAndClickNextTo(String key, String text, String key2, String text2, String key3)"}
{"logLevel":"debug","message":"\t{} li elementin yanındaki {} elementinin {} attributesini {} yap : public void setAttributeNextTo(String key, String key2, String attr, String text)"}
{"logLevel":"debug","message":"\t{} li elementlerden {} değerine eşit olanın yanındaki {} elementinin {} attributesi {} içeriyor mu? : public void findElementWithTextsAndCheckAttributeTextNextTo(String key, String text, String key2, String attr, String attrtext)"}
{"logLevel":"debug","message":"\t{} li elementlerden {} değerine eşit olanın yanındaki {} li elementlerden {} değerine eşit olanın yanındaki {} elementinin textini {} olarak kaydet : public void findElementWithTextsAndFindElementWithTextAndSaveTextNextTo(String key, String text, String key2, String text2, String key3, String text3)"}
{"logLevel":"debug","message":"\t{} li elementin içindekileri sil : public void deleteText(String key)"}
{"logLevel":"debug","message":"\t{} li elementlerden {} değerine eşit olanın yanındaki {} elementinin {} attributesi {} mı? : public void findElementWithTextAndCheckAttributeEqualsTextNextTo(String key, String text, String key2, String attr, String attrtext)"}
{"logLevel":"debug","message":"\t{} li elementlerden texti olanın yanındaki {} elementin texti var mı? : public void findElementsCheckTextsAndCheckElementsTextNextTo(String key, String key2)"}
{"logLevel":"debug","message":"\t{} li elementin texti {} içeriyor mu? : public void checkTextContains(String key, String text)"}
{"logLevel":"debug","message":"\tFrameden ana sayfaya geç : public void navigateFrame()"}
{"logLevel":"debug","message":"\t{} li elementler var mı? : public void checkElements(String key)"}
{"logLevel":"debug","message":"\t{} li elementlerden {} değerine eşit olanın yanındaki {} elementinin textini {} olarak kaydet : public void findElementWithTextsAndSaveTextNextTo(String key, String text, String key2, String key3)"}
{"logLevel":"debug","message":"\t{} li elementi temizle : public void deleteText2(String key)"}
{"logLevel":"debug","message":"\t{} li elementin texti var mı? : public void checkText(String key)"}
{"logLevel":"debug","message":"\t{} li elementin yanındaki {} elementinin {} attributesini {} olarak kaydet : public void saveAttributeNextTo(String key, String key2, String attr, String key3)"}
{"logLevel":"debug","message":"\t{} li elementlerden {} değerine eşit olanın yanındaki {} li elementlerin textindeki tarihler doğru aralıkta mı? : public void findElementWithTextsAndSaveAttributeTextNextTo(String key, String text, String key2) throws ParseException"}
{"logLevel":"debug","message":"\t{} li elementin yanındaki {} elementine {} degerini yaz : public void sendKeyNextTo(String key, String key2, String text)"}
{"logLevel":"debug","message":"\tBulunduğun sayfayı yenile : public void refreshPage()"}
{"logLevel":"debug","message":"\t{} li elementlerden {} değerine eşit olanın {} attributesi var mı? : public void findElementWithTextsAndCheckAttribute(String key, String text, String attr)"}
{"logLevel":"debug","message":"\tframe gir : public void framegir()"}
{"logLevel":"debug","message":"\t{} li elementlerden {} değerine eşit olanın yanındaki {} element var mı? : public void findElementWithTextsAndCheckElementNextTo(String key, String text, String key2)"}
{"logLevel":"debug","message":"\t{} li elementlerden {} değerine eşit olana {} değerini yaz : public void findElementWithTextsAndSendKey(String key, String text, String text2)"}
2021-10-21 16:06:04.374 [pool-2-thread-1] WARN  com.vrgsl.qa.setBaseUrl(41) - Env System Property Not Found Default Use Test Url
Starting ChromeDriver 94.0.4606.41 (333e85df3c9b656b518b5f1add5ff246365b6c24-refs/branch-heads/4606@{#845}) on port 43890
Only local connections are allowed.
Please see https://chromedriver.chromium.org/security-considerations for suggestions on keeping ChromeDriver safe.
ChromeDriver was started successfully.
Oct 21, 2021 4:06:08 PM org.openqa.selenium.remote.ProtocolHandshake createSession
INFO: Detected dialect: W3C
2021-10-21 16:06:08.783 [pool-2-thread-1] INFO  com.vrgsl.qa.initFeather(24) - Init Feather Injections
2021-10-21 16:06:08.856 [pool-2-thread-1] INFO  com.vrgsl.qa.logWaitSelected(195) - Wait Configuration
page load=true
ajax load=true
angular load=false
2021-10-21 16:06:08.857 [pool-2-thread-1] INFO  com.vrgsl.qa.inject(8) - Inject Starting...
2021-10-21 16:06:17.277 [pool-2-thread-1] INFO  com.vrgsl.qa.afterNavigateTo(66) - Navigate To Page Url=http://uatobbackoffice.odeontours.com
Starting ChromeDriver 94.0.4606.41 (333e85df3c9b656b518b5f1add5ff246365b6c24-refs/branch-heads/4606@{#845}) on port 18368
Only local connections are allowed.
Please see https://chromedriver.chromium.org/security-considerations for suggestions on keeping ChromeDriver safe.
ChromeDriver was started successfully.
Oct 21, 2021 4:06:19 PM org.openqa.selenium.remote.ProtocolHandshake createSession
INFO: Detected dialect: W3C
2021-10-21 16:06:19.840 [pool-2-thread-1] INFO  com.vrgsl.qa.initFeather(24) - Init Feather Injections
2021-10-21 16:06:19.852 [pool-2-thread-1] INFO  com.vrgsl.qa.logWaitSelected(195) - Wait Configuration
page load=true
ajax load=true
angular load=false
2021-10-21 16:06:19.853 [pool-2-thread-1] INFO  com.vrgsl.qa.inject(8) - Inject Starting...
2021-10-21 16:06:31.473 [pool-2-thread-1] INFO  com.vrgsl.qa.afterNavigateTo(66) - Navigate To Page Url=http://uatobbackoffice.odeontours.com
2021-10-21 16:06:34.035 [pool-2-thread-1] INFO  com.vrgsl.qa.testStepBefore(59) - "http://uatobbackoffice.odeontours.com/markup" urle git adimi basladi
{"logLevel":"debug","message":"Executing '{} urle git' using 'class com.virgosol.odeon.step.StepImpl.goToUrl"}
2021-10-21 16:06:34.774 [pool-2-thread-1] INFO  com.vrgsl.qa.afterNavigateTo(66) - Navigate To Page Url=http://uatobbackoffice.odeontours.com/markup
2021-10-21 16:06:34.817 [pool-2-thread-1] INFO  com.vrgsl.qa.testStep(77) - "http://uatobbackoffice.odeontours.com/markup" urle git adimi basariyla bitti
2021-10-21 16:06:35.718 [pool-2-thread-1] INFO  com.vrgsl.qa.testStepBefore(59) - Sayfanın url i "http://uatobbackoffice.odeontours.com/markup" mı? adimi basladi
{"logLevel":"debug","message":"Executing 'Sayfanın url i {} mı?' using 'class com.virgosol.odeon.step.StepImpl.checkUrl"}
2021-10-21 16:06:35.756 [pool-2-thread-1] INFO  com.vrgsl.qa.testStep(77) - Sayfanın url i "http://uatobbackoffice.odeontours.com/markup" mı? adimi basariyla bitti
2021-10-21 16:06:36.219 [pool-2-thread-1] INFO  com.vrgsl.qa.testStepBefore(59) - "txt_loginHeader" li elementlerden "Username" değerine eşit olanın yanındaki "txtbx_loginInput" elementine "OdeonbedsAdmin" değerini yaz adimi basladi
{"logLevel":"debug","message":"Executing '{} li elementlerden {} değerine eşit olanın yanındaki {} elementine {} değerini yaz' using 'class com.virgosol.odeon.step.StepImpl.findElementWithTextsAndSendKeyNextTo"}
2021-10-21 16:06:36.306 [pool-2-thread-1] INFO  com.vrgsl.qa.beforeFindBy(103) - Finding Element  By.cssSelector: .ant-form-item-required
2021-10-21 16:06:36.390 [pool-2-thread-1] INFO  com.vrgsl.qa.beforeFindBy(103) - Finding Element  By.cssSelector: .ant-form-item-required
2021-10-21 16:06:36.437 [pool-2-thread-1] INFO  com.vrgsl.qa.beforeFindBy(103) - Finding Element  By.xpath: ../..//input[@class='ant-input']
2021-10-21 16:06:36.495 [pool-2-thread-1] INFO  com.vrgsl.qa.afterFindBy(111) - Find Element Success ByName=By.xpath: ../..//input[@class='ant-input'] TagName=label
2021-10-21 16:06:36.903 [pool-2-thread-1] INFO  com.vrgsl.qa.beforeChangeValueOf(135) - Set Value [Ljava.lang.CharSequence;@789e9a7f
2021-10-21 16:06:38.890 [pool-2-thread-1] INFO  com.vrgsl.qa.testStep(77) - "txt_loginHeader" li elementlerden "Username" değerine eşit olanın yanındaki "txtbx_loginInput" elementine "OdeonbedsAdmin" değerini yaz adimi basariyla bitti
2021-10-21 16:06:39.246 [pool-2-thread-1] INFO  com.vrgsl.qa.testStepBefore(59) - "txt_loginHeader" li elementlerden "Password" değerine eşit olanın yanındaki "txtbx_loginInput" elementine "De53Acy2.." değerini yaz adimi basladi
{"logLevel":"debug","message":"Executing '{} li elementlerden {} değerine eşit olanın yanındaki {} elementine {} değerini yaz' using 'class com.virgosol.odeon.step.StepImpl.findElementWithTextsAndSendKeyNextTo"}
2021-10-21 16:06:39.251 [pool-2-thread-1] INFO  com.vrgsl.qa.beforeFindBy(103) - Finding Element  By.cssSelector: .ant-form-item-required
2021-10-21 16:06:39.270 [pool-2-thread-1] INFO  com.vrgsl.qa.beforeFindBy(103) - Finding Element  By.cssSelector: .ant-form-item-required
2021-10-21 16:06:39.330 [pool-2-thread-1] INFO  com.vrgsl.qa.beforeFindBy(103) - Finding Element  By.xpath: ../..//input[@class='ant-input']
2021-10-21 16:06:39.355 [pool-2-thread-1] INFO  com.vrgsl.qa.afterFindBy(111) - Find Element Success ByName=By.xpath: ../..//input[@class='ant-input'] TagName=label
2021-10-21 16:06:39.745 [pool-2-thread-1] INFO  com.vrgsl.qa.beforeChangeValueOf(135) - Set Value [Ljava.lang.CharSequence;@37c44966
2021-10-21 16:06:40.542 [pool-2-thread-1] INFO  com.vrgsl.qa.testStep(77) - "txt_loginHeader" li elementlerden "Password" değerine eşit olanın yanındaki "txtbx_loginInput" elementine "De53Acy2.." değerini yaz adimi basariyla bitti
2021-10-21 16:06:40.911 [pool-2-thread-1] INFO  com.vrgsl.qa.testStepBefore(59) - "btn_pageButtons" li elementlerden "Submit" değerine eşit olana tıkla adimi basladi
{"logLevel":"debug","message":"Executing '{} li elementlerden {} değerine eşit olana tıkla' using 'class com.virgosol.odeon.step.StepImpl.findElementWithTextsAndClick"}
2021-10-21 16:06:40.916 [pool-2-thread-1] INFO  com.vrgsl.qa.beforeFindBy(103) - Finding Element  By.cssSelector: .ant-btn,.ant-btn > span
2021-10-21 16:06:40.958 [pool-2-thread-1] INFO  com.vrgsl.qa.afterFindBy(111) - Find Element Success ByName=By.cssSelector: .ant-btn,.ant-btn > span TagName=button
2021-10-21 16:06:40.966 [pool-2-thread-1] INFO  com.vrgsl.qa.beforeFindBy(103) - Finding Element  By.cssSelector: .ant-btn,.ant-btn > span
2021-10-21 16:06:42.242 [pool-2-thread-1] INFO  com.vrgsl.qa.testStep(77) - "btn_pageButtons" li elementlerden "Submit" değerine eşit olana tıkla adimi basariyla bitti
2021-10-21 16:06:43.089 [pool-2-thread-1] INFO  com.vrgsl.qa.testStepBefore(59) - "img_OdeonLogo" li element var mı? adimi basladi
{"logLevel":"debug","message":"Executing '{} li element var mı?' using 'class com.virgosol.odeon.step.StepImpl.checkElement"}
2021-10-21 16:06:43.095 [pool-2-thread-1] INFO  com.vrgsl.qa.beforeFindBy(103) - Finding Element  By.cssSelector: img[alt='OdeonBeds']
2021-10-21 16:06:46.437 [pool-2-thread-1] INFO  com.vrgsl.qa.afterFindBy(111) - Find Element Success ByName=By.cssSelector: img[alt='OdeonBeds'] TagName=img
2021-10-21 16:06:46.454 [pool-2-thread-1] INFO  com.vrgsl.qa.testStep(77) - "img_OdeonLogo" li element var mı? adimi basariyla bitti
2021-10-21 16:06:47.131 [pool-2-thread-1] INFO  com.vrgsl.qa.testStepBefore(59) - "btn_pageButtons" li elementlerden "EN" değerine eşit olana tıkla adimi basladi
{"logLevel":"debug","message":"Executing '{} li elementlerden {} değerine eşit olana tıkla' using 'class com.virgosol.odeon.step.StepImpl.findElementWithTextsAndClick"}
2021-10-21 16:06:47.134 [pool-2-thread-1] INFO  com.vrgsl.qa.beforeFindBy(103) - Finding Element  By.cssSelector: .ant-btn,.ant-btn > span
2021-10-21 16:06:47.152 [pool-2-thread-1] INFO  com.vrgsl.qa.afterFindBy(111) - Find Element Success ByName=By.cssSelector: .ant-btn,.ant-btn > span TagName=button
2021-10-21 16:06:47.157 [pool-2-thread-1] INFO  com.vrgsl.qa.beforeFindBy(103) - Finding Element  By.cssSelector: .ant-btn,.ant-btn > span
2021-10-21 16:06:48.726 [pool-2-thread-1] INFO  com.vrgsl.qa.testStep(77) - "btn_pageButtons" li elementlerden "EN" değerine eşit olana tıkla adimi basariyla bitti
2021-10-21 16:06:49.148 [pool-2-thread-1] INFO  com.vrgsl.qa.testStepBefore(59) - "icon_refresh" li element tıklanabilir mi? adimi basladi
{"logLevel":"debug","message":"Executing '{} li element tıklanabilir mi?' using 'class com.virgosol.odeon.step.StepImpl.checkClickable"}
2021-10-21 16:06:49.152 [pool-2-thread-1] INFO  com.vrgsl.qa.beforeFindBy(103) - Finding Element  By.cssSelector: .dx-icon-refresh
2021-10-21 16:06:49.175 [pool-2-thread-1] INFO  com.vrgsl.qa.afterFindBy(111) - Find Element Success ByName=By.cssSelector: .dx-icon-refresh TagName=i
2021-10-21 16:06:49.302 [pool-2-thread-1] INFO  com.vrgsl.qa.beforeFindBy(103) - Finding Element  By.cssSelector: .dx-icon-refresh
2021-10-21 16:06:49.317 [pool-2-thread-1] INFO  com.vrgsl.qa.afterFindBy(111) - Find Element Success ByName=By.cssSelector: .dx-icon-refresh TagName=i
2021-10-21 16:06:49.346 [pool-2-thread-1] INFO  com.vrgsl.qa.testStep(77) - "icon_refresh" li element tıklanabilir mi? adimi basariyla bitti
2021-10-21 16:06:49.730 [pool-2-thread-1] INFO  com.vrgsl.qa.testStepBefore(59) - "icon_refresh" li elemente tikla adimi basladi
{"logLevel":"debug","message":"Executing '{} li elemente tikla' using 'class com.virgosol.odeon.step.StepImpl.clickElement"}
2021-10-21 16:06:49.733 [pool-2-thread-1] INFO  com.vrgsl.qa.beforeFindBy(103) - Finding Element  By.cssSelector: .dx-icon-refresh
2021-10-21 16:06:49.751 [pool-2-thread-1] INFO  com.vrgsl.qa.afterFindBy(111) - Find Element Success ByName=By.cssSelector: .dx-icon-refresh TagName=i
2021-10-21 16:06:49.756 [pool-2-thread-1] INFO  com.vrgsl.qa.beforeFindBy(103) - Finding Element  By.cssSelector: .dx-icon-refresh
2021-10-21 16:06:49.772 [pool-2-thread-1] INFO  com.vrgsl.qa.afterFindBy(111) - Find Element Success ByName=By.cssSelector: .dx-icon-refresh TagName=i
2021-10-21 16:06:50.141 [pool-2-thread-1] INFO  com.vrgsl.qa.testStep(77) - "icon_refresh" li elemente tikla adimi basariyla bitti
2021-10-21 16:06:50.606 [pool-2-thread-1] INFO  com.vrgsl.qa.testStepBefore(59) - "icon_loading" li elementi invisible olana kadar bekle adimi basladi
{"logLevel":"debug","message":"Executing '{} li elementi invisible olana kadar bekle' using 'class com.virgosol.odeon.step.StepImpl.waitInVisible"}
2021-10-21 16:06:50.611 [pool-2-thread-1] INFO  com.vrgsl.qa.beforeFindBy(103) - Finding Element  By.cssSelector: .ant-spin-dot.ant-spin-dot-spin,.ant-spin-dot-item
2021-10-21 16:06:50.632 [pool-2-thread-1] INFO  com.vrgsl.qa.afterFindBy(111) - Find Element Success ByName=By.cssSelector: .ant-spin-dot.ant-spin-dot-spin,.ant-spin-dot-item TagName=span
2021-10-21 16:06:50.901 [pool-2-thread-1] INFO  com.vrgsl.qa.beforeFindBy(103) - Finding Element  By.cssSelector: .ant-spin-dot.ant-spin-dot-spin,.ant-spin-dot-item
2021-10-21 16:06:50.919 [pool-2-thread-1] INFO  com.vrgsl.qa.afterFindBy(111) - Find Element Success ByName=By.cssSelector: .ant-spin-dot.ant-spin-dot-spin,.ant-spin-dot-item TagName=span
2021-10-21 16:06:51.186 [pool-2-thread-1] INFO  com.vrgsl.qa.beforeFindBy(103) - Finding Element  By.cssSelector: .ant-spin-dot.ant-spin-dot-spin,.ant-spin-dot-item
2021-10-21 16:06:51.205 [pool-2-thread-1] INFO  com.vrgsl.qa.afterFindBy(111) - Find Element Success ByName=By.cssSelector: .ant-spin-dot.ant-spin-dot-spin,.ant-spin-dot-item TagName=span
2021-10-21 16:06:51.478 [pool-2-thread-1] INFO  com.vrgsl.qa.beforeFindBy(103) - Finding Element  By.cssSelector: .ant-spin-dot.ant-spin-dot-spin,.ant-spin-dot-item
2021-10-21 16:06:51.495 [pool-2-thread-1] INFO  com.vrgsl.qa.afterFindBy(111) - Find Element Success ByName=By.cssSelector: .ant-spin-dot.ant-spin-dot-spin,.ant-spin-dot-item TagName=span
2021-10-21 16:06:51.764 [pool-2-thread-1] INFO  com.vrgsl.qa.beforeFindBy(103) - Finding Element  By.cssSelector: .ant-spin-dot.ant-spin-dot-spin,.ant-spin-dot-item
2021-10-21 16:06:51.801 [pool-2-thread-1] INFO  com.vrgsl.qa.afterFindBy(111) - Find Element Success ByName=By.cssSelector: .ant-spin-dot.ant-spin-dot-spin,.ant-spin-dot-item TagName=span
2021-10-21 16:06:52.077 [pool-2-thread-1] INFO  com.vrgsl.qa.beforeFindBy(103) - Finding Element  By.cssSelector: .ant-spin-dot.ant-spin-dot-spin,.ant-spin-dot-item
2021-10-21 16:06:52.100 [pool-2-thread-1] INFO  com.vrgsl.qa.afterFindBy(111) - Find Element Success ByName=By.cssSelector: .ant-spin-dot.ant-spin-dot-spin,.ant-spin-dot-item TagName=span
2021-10-21 16:06:53.865 [pool-2-thread-1] WARN  com.vrgsl.qa.scroll(205) - Scroll Failed 
org.openqa.selenium.StaleElementReferenceException: stale element reference: element is not attached to the page document
  (Session info: chrome=94.0.4606.81)
For documentation on this error, please visit: https://www.seleniumhq.org/exceptions/stale_element_reference.html
Build info: version: '3.141.59', revision: 'e82be7d358', time: '2018-11-14T08:17:03'
System info: host: 'Dilek-MacBook-Air.local', ip: 'fe80:0:0:0:4f9:5212:1201:c55%en0', os.name: 'Mac OS X', os.arch: 'x86_64', os.version: '10.16', java.version: '1.8.0_291'
Driver info: org.openqa.selenium.chrome.ChromeDriver
Capabilities {acceptInsecureCerts: false, browserName: chrome, browserVersion: 94.0.4606.81, chrome: {chromedriverVersion: 94.0.4606.41 (333e85df3c9b6..., userDataDir: /var/folders/2g/mzs45v8937z...}, goog:chromeOptions: {debuggerAddress: localhost:61345}, javascriptEnabled: true, networkConnectionEnabled: false, pageLoadStrategy: normal, platform: MAC, platformName: MAC, proxy: Proxy(), setWindowRect: true, strictFileInteractability: false, timeouts: {implicit: 0, pageLoad: 300000, script: 30000}, unhandledPromptBehavior: ignore, webauthn:extension:credBlob: true, webauthn:extension:largeBlob: true, webauthn:virtualAuthenticators: true}
Session ID: 1a815845b8889c6df916366d5de6a6a4
	at sun.reflect.NativeConstructorAccessorImpl.newInstance0(Native Method)
	at sun.reflect.NativeConstructorAccessorImpl.newInstance(NativeConstructorAccessorImpl.java:62)
	at sun.reflect.DelegatingConstructorAccessorImpl.newInstance(DelegatingConstructorAccessorImpl.java:45)
	at java.lang.reflect.Constructor.newInstance(Constructor.java:423)
	at org.openqa.selenium.remote.http.W3CHttpResponseCodec.createException(W3CHttpResponseCodec.java:187)
	at org.openqa.selenium.remote.http.W3CHttpResponseCodec.decode(W3CHttpResponseCodec.java:122)
	at org.openqa.selenium.remote.http.W3CHttpResponseCodec.decode(W3CHttpResponseCodec.java:49)
	at org.openqa.selenium.remote.HttpCommandExecutor.execute(HttpCommandExecutor.java:158)
	at org.openqa.selenium.remote.service.DriverCommandExecutor.execute(DriverCommandExecutor.java:83)
	at org.openqa.selenium.remote.RemoteWebDriver.execute(RemoteWebDriver.java:552)
	at org.openqa.selenium.remote.RemoteWebDriver.executeScript(RemoteWebDriver.java:489)
	at sun.reflect.GeneratedMethodAccessor4.invoke(Unknown Source)
	at sun.reflect.DelegatingMethodAccessorImpl.invoke(DelegatingMethodAccessorImpl.java:43)
	at java.lang.reflect.Method.invoke(Method.java:498)
	at com.virgosol.qa.web.core.webdriver.VirgosolEventFiringWebDriver.lambda$new$1(VirgosolEventFiringWebDriver.java:88)
	at com.sun.proxy.$Proxy17.executeScript(Unknown Source)
	at com.virgosol.qa.web.core.webdriver.VirgosolEventFiringWebDriver.executeScript(VirgosolEventFiringWebDriver.java:231)
	at com.virgosol.qa.web.core.js.JavaScriptOperationImpl.executeJS(JavaScriptOperationImpl.java:28)
	at com.virgosol.qa.web.core.element.ElementImp.scrollIntoView(ElementImp.java:499)
	at com.virgosol.qa.web.core.element.ElementImp.scrollIntoView(ElementImp.java:25)
	at com.virgosol.qa.web.core.listener.WaitEventListener.scroll(WaitEventListener.java:203)
	at com.virgosol.qa.web.core.listener.WaitEventListener.afterFindBy(WaitEventListener.java:113)
	at sun.reflect.GeneratedMethodAccessor8.invoke(Unknown Source)
	at sun.reflect.DelegatingMethodAccessorImpl.invoke(DelegatingMethodAccessorImpl.java:43)
	at java.lang.reflect.Method.invoke(Method.java:498)
	at com.virgosol.qa.web.core.webdriver.VirgosolEventFiringWebDriver.lambda$new$0(VirgosolEventFiringWebDriver.java:67)
	at com.sun.proxy.$Proxy16.afterFindBy(Unknown Source)
	at com.virgosol.qa.web.core.webdriver.VirgosolEventFiringWebDriver.findElement(VirgosolEventFiringWebDriver.java:197)
	at org.openqa.selenium.support.ui.ExpectedConditions$20.apply(ExpectedConditions.java:577)
	at org.openqa.selenium.support.ui.ExpectedConditions$20.apply(ExpectedConditions.java:573)
	at org.openqa.selenium.support.ui.FluentWait.until(FluentWait.java:249)
	at com.virgosol.qa.web.core.wait.WaitingActionImpl.waitUntil(WaitingActionImpl.java:144)
	at com.virgosol.odeon.step.StepImpl.waitInVisible(StepImpl.java:268)
	at sun.reflect.NativeMethodAccessorImpl.invoke0(Native Method)
	at sun.reflect.NativeMethodAccessorImpl.invoke(NativeMethodAccessorImpl.java:62)
	at sun.reflect.DelegatingMethodAccessorImpl.invoke(DelegatingMethodAccessorImpl.java:43)
	at java.lang.reflect.Method.invoke(Method.java:498)
	at com.thoughtworks.gauge.execution.MethodExecutor.execute(MethodExecutor.java:28)
	at com.thoughtworks.gauge.execution.StepExecutionStage.executeStepMethod(StepExecutionStage.java:66)
	at com.thoughtworks.gauge.execution.StepExecutionStage.executeStep(StepExecutionStage.java:59)
	at com.thoughtworks.gauge.execution.StepExecutionStage.execute(StepExecutionStage.java:41)
	at com.thoughtworks.gauge.execution.AbstractExecutionStage.executeNext(AbstractExecutionStage.java:14)
	at com.thoughtworks.gauge.execution.HookExecutionStage.execute(HookExecutionStage.java:33)
	at com.thoughtworks.gauge.execution.ExecutionPipeline.start(ExecutionPipeline.java:19)
	at com.thoughtworks.gauge.processor.ExecuteStepProcessor.process(ExecuteStepProcessor.java:41)
	at com.thoughtworks.gauge.RunnerServiceHandler.lambda$executeStep$7(RunnerServiceHandler.java:166)
	at java.util.concurrent.ThreadPoolExecutor.runWorker(ThreadPoolExecutor.java:1149)
	at java.util.concurrent.ThreadPoolExecutor$Worker.run(ThreadPoolExecutor.java:624)
	at java.lang.Thread.run(Thread.java:748)
2021-10-21 16:06:54.139 [pool-2-thread-1] INFO  com.vrgsl.qa.testStep(77) - "icon_loading" li elementi invisible olana kadar bekle adimi basariyla bitti
2021-10-21 16:06:54.657 [pool-2-thread-1] INFO  com.vrgsl.qa.testStepBefore(59) - "btn_exportExcel" li elemente tikla adimi basladi
{"logLevel":"debug","message":"Executing '{} li elemente tikla' using 'class com.virgosol.odeon.step.StepImpl.clickElement"}
2021-10-21 16:06:54.665 [pool-2-thread-1] INFO  com.vrgsl.qa.beforeFindBy(103) - Finding Element  By.cssSelector: div[aria-label='export-excel-button']
2021-10-21 16:06:54.717 [pool-2-thread-1] INFO  com.vrgsl.qa.afterFindBy(111) - Find Element Success ByName=By.cssSelector: div[aria-label='export-excel-button'] TagName=div
2021-10-21 16:06:54.726 [pool-2-thread-1] INFO  com.vrgsl.qa.beforeFindBy(103) - Finding Element  By.cssSelector: div[aria-label='export-excel-button']
2021-10-21 16:06:55.122 [pool-2-thread-1] INFO  com.vrgsl.qa.afterFindBy(111) - Find Element Success ByName=By.cssSelector: div[aria-label='export-excel-button'] TagName=div
2021-10-21 16:06:55.461 [pool-2-thread-1] INFO  com.vrgsl.qa.testStep(77) - "btn_exportExcel" li elemente tikla adimi basariyla bitti
2021-10-21 16:06:56.061 [pool-2-thread-1] INFO  com.vrgsl.qa.testStepBefore(59) - "10" sn bekle adimi basladi
{"logLevel":"debug","message":"Executing '{} sn bekle' using 'class com.virgosol.odeon.step.StepImpl.waitSeconds"}
2021-10-21 16:07:06.084 [pool-2-thread-1] INFO  com.vrgsl.qa.testStep(77) - "10" sn bekle adimi basariyla bitti
2021-10-21 16:07:06.475 [pool-2-thread-1] INFO  com.vrgsl.qa.testStepBefore(59) - Excel "Markup-List" dosyasının doğru uzantıda olduğu kontrol edilir. adimi basladi
{"logLevel":"debug","message":"Executing 'Excel {} dosyasının doğru uzantıda olduğu kontrol edilir.' using 'class com.virgosol.odeon.step.StepImpl.checkFilename"}
21.10.2021-16.07
Markup-List-21.10.2021-16.07.xlsx
2021-10-21 16:07:06.530 [pool-2-thread-1] INFO  com.vrgsl.qa.testStep(65) - Excel "Markup-List" dosyasının doğru uzantıda olduğu kontrol edilir. adimi basarisiz olarak bitti
2021-10-21 16:07:06.532 [pool-2-thread-1] ERROR com.vrgsl.qa.testStep(66) - org.junit.Assert.fail(Assert.java:88)
com.virgosol.odeon.config.ExcelHelper.<init>(ExcelHelper.java:40)
com.virgosol.odeon.step.StepImpl.checkFilename(StepImpl.java:2026)

2021-10-21 16:07:06.950 [pool-2-thread-1] ERROR com.vrgsl.qa.afterScenario(50) - 
log4j:WARN No appenders could be found for logger (freemarker.cache).
log4j:WARN Please initialize the log4j system properly.
2021-10-21 16:07:07.698 [pool-2-thread-1] INFO  com.vrgsl.qa.createSession(60) - Create New Session
2021-10-21 16:07:07.722 [pool-2-thread-1] INFO  com.vrgsl.qa.addAddress(97) - add To address=dilekayse.gun@virgosol.com
2021-10-21 16:07:07.722 [pool-2-thread-1] INFO  com.vrgsl.qa.createMail(89) - Message Create from=gundilekayse@gmail.com to=dilekayse.gun@virgosol.com
2021-10-21 16:07:07.730 [pool-2-thread-1] INFO  com.vrgsl.qa.setMessage(116) - Body Message Add  message=Merhaba,
Odeon Test Otomasyon kosumuna ait 21.10.2021 16:07:07 zamanli raporunuz ekte bulunan zip dosyasinda bulunmaktadir.
Test Otomasyon Sonuclari:
	Total: 1
	Passed: 0
	Failed: 1
	No Run: 0

iyi calismalar,
Virgosol
2021-10-21 16:07:07.730 [pool-2-thread-1] INFO  com.vrgsl.qa.addAttachment(122) - Attachment File path=Virgosol_Report__21-10-2021_16-06-04-391.zip
2021-10-21 16:07:07.732 [pool-2-thread-1] INFO  com.vrgsl.qa.addAttachment(128) - Attachment File
2021-10-21 16:07:07.733 [pool-2-thread-1] INFO  com.vrgsl.qa.send(147) - Send Mail Start
2021-10-21 16:07:19.241 [pool-2-thread-1] WARN  com.vrgsl.qa.send(154) - Mail Send Failed
javax.mail.AuthenticationFailedException: 535-5.7.8 Username and Password not accepted. Learn more at
535 5.7.8  https://support.google.com/mail/?p=BadCredentials y6sm2925917edj.51 - gsmtp

	at com.sun.mail.smtp.SMTPTransport$Authenticator.authenticate(SMTPTransport.java:950)
	at com.sun.mail.smtp.SMTPTransport.authenticate(SMTPTransport.java:861)
	at com.sun.mail.smtp.SMTPTransport.protocolConnect(SMTPTransport.java:766)
	at javax.mail.Service.connect(Service.java:388)
	at javax.mail.Service.connect(Service.java:246)
	at javax.mail.Service.connect(Service.java:195)
	at javax.mail.Transport.send0(Transport.java:254)
	at javax.mail.Transport.send(Transport.java:124)
	at com.virgosol.qa.common.mail.BaseMailSender.send(BaseMailSender.java:150)
	at com.virgosol.qa.report.ReportManager.sendEmail(ReportManager.java:292)
	at com.virgosol.qa.report.ReportManager.saveReport(ReportManager.java:124)
	at com.virgosol.odeon.hook.HookSpec.afterSpec(HookSpec.java:55)
	at sun.reflect.NativeMethodAccessorImpl.invoke0(Native Method)
	at sun.reflect.NativeMethodAccessorImpl.invoke(NativeMethodAccessorImpl.java:62)
	at sun.reflect.DelegatingMethodAccessorImpl.invoke(DelegatingMethodAccessorImpl.java:43)
	at java.lang.reflect.Method.invoke(Method.java:498)
	at com.thoughtworks.gauge.execution.MethodExecutor.execute(MethodExecutor.java:28)
	at com.thoughtworks.gauge.execution.HooksExecutor$TaggedHookExecutor.executeHook(HooksExecutor.java:92)
	at com.thoughtworks.gauge.execution.HooksExecutor$TaggedHookExecutor.execute(HooksExecutor.java:78)
	at com.thoughtworks.gauge.execution.HooksExecutor.execute(HooksExecutor.java:35)
	at com.thoughtworks.gauge.processor.MethodExecutionMessageProcessor.executeHooks(MethodExecutionMessageProcessor.java:55)
	at com.thoughtworks.gauge.processor.SuiteExecutionEndingProcessor.process(SuiteExecutionEndingProcessor.java:25)
	at com.thoughtworks.gauge.RunnerServiceHandler.lambda$finishExecution$11(RunnerServiceHandler.java:234)
	at java.util.concurrent.ThreadPoolExecutor.runWorker(ThreadPoolExecutor.java:1149)
	at java.util.concurrent.ThreadPoolExecutor$Worker.run(ThreadPoolExecutor.java:624)
	at java.lang.Thread.run(Thread.java:748)
