{"logLevel":"debug","message":"multithreading is set to false"}
{"logLevel":"debug","message":"Using reflection to scan dependencies for gauge implementations..."}
09:31:54,604 |-INFO in ch.qos.logback.classic.LoggerContext[default] - Could NOT find resource [logback-test.xml]
09:31:54,604 |-INFO in ch.qos.logback.classic.LoggerContext[default] - Found resource [logback.groovy] at [file:/Users/virgosol-furkan/Documents/Virgosol%20Projects/HepsiJetPOC/target/test-classes/logback.groovy]
09:31:54,604 |-WARN in ch.qos.logback.classic.LoggerContext[default] - Resource [logback.groovy] occurs multiple times on the classpath.
09:31:54,604 |-WARN in ch.qos.logback.classic.LoggerContext[default] - Resource [logback.groovy] occurs at [jar:file:/Users/virgosol-furkan/.m2/repository/com/vrgsl/qa/qa-common/2.0.14/qa-common-2.0.14.jar!/logback.groovy]
09:31:54,605 |-WARN in ch.qos.logback.classic.LoggerContext[default] - Resource [logback.groovy] occurs at [file:/Users/virgosol-furkan/Documents/Virgosol%20Projects/HepsiJetPOC/target/test-classes/logback.groovy]
09:31:55,318 |-INFO in ch.qos.logback.classic.gaffer.ConfigurationDelegate@610d0dfa - About to instantiate appender of type [ch.qos.logback.core.ConsoleAppender]
09:31:55,320 |-INFO in ch.qos.logback.classic.gaffer.ConfigurationDelegate@610d0dfa - Naming appender as [STDOUT]
09:31:55,404 |-INFO in ch.qos.logback.classic.gaffer.ConfigurationDelegate@610d0dfa - About to instantiate appender of type [ch.qos.logback.core.FileAppender]
09:31:55,404 |-INFO in ch.qos.logback.classic.gaffer.ConfigurationDelegate@610d0dfa - Naming appender as [FILE]
09:31:55,405 |-INFO in ch.qos.logback.core.FileAppender[FILE] - File property is set to [target/slnarch.log]
09:31:55,408 |-INFO in ch.qos.logback.classic.gaffer.ConfigurationDelegate@610d0dfa - Setting level of logger [com.virgosol.hepsijet] to DEBUG
09:31:55,414 |-INFO in ch.qos.logback.classic.gaffer.ConfigurationDelegate@610d0dfa - Setting level of logger [org.reflections.Reflections] to OFF
09:31:55,415 |-INFO in ch.qos.logback.classic.gaffer.ConfigurationDelegate@610d0dfa - Setting level of logger [ROOT] to INFO
09:31:55,417 |-INFO in ch.qos.logback.classic.gaffer.ConfigurationDelegate@610d0dfa - Attaching appender named [STDOUT] to Logger[ROOT]
09:31:55,418 |-INFO in ch.qos.logback.classic.gaffer.ConfigurationDelegate@610d0dfa - Attaching appender named [FILE] to Logger[ROOT]

{"logLevel":"debug","message":"gauge-java took 1786milliseconds to load and scan. This should be less than 'runner_connection_timeout' config value."}
{"logLevel":"debug","message":"run 'gauge config runner_connection_timeout' and verify that it is < 1786"}
{"logLevel":"debug","message":"starting gRPC server..."}
{"logLevel":"debug","message":"started gRPC server on port 58191"}
{"logLevel":"info","message":"Listening on port:58191"}
{"logLevel":"debug","message":"Scanning packages for steps"}
{"logLevel":"debug","message":"Comparing 'com.virgosol.hepsijet.step.StepImpl.checkNotExistElement' and 'com.virgosol.odeon.step.StepImpl.checkNotExistElement'"}
{"logLevel":"debug","message":"Loading {} li element yok mu?via reflected sources."}
{"logLevel":"debug","message":"Comparing 'com.virgosol.hepsijet.step.StepImpl.numberOfDataInDatagrid' and 'com.virgosol.odeon.step.StepImpl.numberOfDataInDatagrid'"}
{"logLevel":"debug","message":"Loading {} li elementin uzunluğunun 10 olduğu doğrulanır.via reflected sources."}
{"logLevel":"debug","message":"Comparing 'com.virgosol.hepsijet.step.StepImpl.checkClickable' and 'com.virgosol.odeon.step.StepImpl.checkClickable'"}
{"logLevel":"debug","message":"Loading {} li element tıklanabilir mi?via reflected sources."}
{"logLevel":"debug","message":"Comparing 'com.virgosol.hepsijet.step.StepImpl.findElementsCheckTextsAndDeletedId' and 'com.virgosol.odeon.step.StepImpl.findElementsCheckTextsAndDeletedId'"}
{"logLevel":"debug","message":"Loading {} li elementlerden id bilgisi silindi mi?via reflected sources."}
{"logLevel":"debug","message":"Comparing 'com.virgosol.hepsijet.step.StepImpl.openWait' and 'com.virgosol.odeon.step.StepImpl.openWait'"}
{"logLevel":"debug","message":"Loading Beklemeleri acvia reflected sources."}
{"logLevel":"debug","message":"Comparing 'com.virgosol.hepsijet.step.StepImpl.goToUrl' and 'com.virgosol.odeon.step.StepImpl.goToUrl'"}
{"logLevel":"debug","message":"Loading {} urle gitvia reflected sources."}
{"logLevel":"debug","message":"Comparing 'com.virgosol.hepsijet.step.StepImpl.saveText' and 'com.virgosol.odeon.step.StepImpl.saveText'"}
{"logLevel":"debug","message":"Loading {} li elementin textini {} olarak kaydetvia reflected sources."}
{"logLevel":"debug","message":"Comparing 'com.virgosol.hepsijet.step.StepImpl.openBrowser' and 'com.virgosol.odeon.step.StepImpl.openBrowser'"}
{"logLevel":"debug","message":"Loading {} tarayıcını açvia reflected sources."}
{"logLevel":"debug","message":"Comparing 'com.virgosol.hepsijet.step.StepImpl.dateControl' and 'com.virgosol.odeon.step.StepImpl.dateControl'"}
{"logLevel":"debug","message":"Loading {} li elementin tarih bilgisi kontrol edilir.via reflected sources."}
{"logLevel":"debug","message":"Comparing 'com.virgosol.hepsijet.step.StepImpl.hoverElementNextTo' and 'com.virgosol.odeon.step.StepImpl.hoverElementNextTo'"}
{"logLevel":"debug","message":"Loading {} li elementin yanındaki {} elementinin üzerine gelvia reflected sources."}
{"logLevel":"debug","message":"Comparing 'com.virgosol.hepsijet.step.StepImpl.findElementsCheckTextsAndCheckElementNextTo' and 'com.virgosol.odeon.step.StepImpl.findElementsCheckTextsAndCheckElementNextTo'"}
{"logLevel":"debug","message":"Loading {} li elementlerden texti olanın yanındaki {} elementi var mı?via reflected sources."}
{"logLevel":"debug","message":"Comparing 'com.virgosol.hepsijet.step.StepImpl.findElementWithTextsAndClick' and 'com.virgosol.odeon.step.StepImpl.findElementWithTextsAndClick'"}
{"logLevel":"debug","message":"Loading {} li elementlerden {} değerine eşit olana tıklavia reflected sources."}
{"logLevel":"debug","message":"Comparing 'com.virgosol.hepsijet.step.StepImpl.findElementWithTextsAndCheckElementNextToNotExists' and 'com.virgosol.odeon.step.StepImpl.findElementWithTextsAndCheckElementNextToNotExists'"}
{"logLevel":"debug","message":"Loading {} li elementlerden {} değerine eşit olanın yanındaki {} elementi yok mu?via reflected sources."}
{"logLevel":"debug","message":"Comparing 'com.virgosol.hepsijet.step.StepImpl.deleteText2' and 'com.virgosol.odeon.step.StepImpl.deleteText2'"}
{"logLevel":"debug","message":"Loading {} li elementi temizlevia reflected sources."}
{"logLevel":"debug","message":"Comparing 'com.virgosol.hepsijet.step.StepImpl.checkAttribute' and 'com.virgosol.odeon.step.StepImpl.checkAttribute'"}
{"logLevel":"debug","message":"Loading {} li elementin {} attributesi var mı?via reflected sources."}
{"logLevel":"debug","message":"Comparing 'com.virgosol.hepsijet.step.StepImpl.saveAttributeNextTo' and 'com.virgosol.odeon.step.StepImpl.saveAttributeNextTo'"}
{"logLevel":"debug","message":"Loading {} li elementin yanındaki {} elementinin {} attributesini {} olarak kaydetvia reflected sources."}
{"logLevel":"debug","message":"Comparing 'com.virgosol.hepsijet.step.StepImpl.findElementWithTextsAndFindElementWithTextAndFindWithTextNextTo' and 'com.virgosol.odeon.step.StepImpl.findElementWithTextsAndFindElementWithTextAndFindWithTextNextTo'"}
{"logLevel":"debug","message":"Loading {} li elementlerden {} değerine eşit olanın yanındaki {} li elementlerden {} değerine eşit olanın yanındaki {} elementinin texti {} mı?via reflected sources."}
{"logLevel":"debug","message":"Comparing 'com.virgosol.hepsijet.step.StepImpl.waitInVisible' and 'com.virgosol.odeon.step.StepImpl.waitInVisible'"}
{"logLevel":"debug","message":"Loading {} li elementi invisible olana kadar beklevia reflected sources."}
{"logLevel":"debug","message":"Comparing 'com.virgosol.hepsijet.step.StepImpl.checkFilename' and 'com.virgosol.odeon.step.StepImpl.checkFilename'"}
{"logLevel":"debug","message":"Loading Excel {} dosyasının doğru uzantıda olduğu kontrol edilir.via reflected sources."}
{"logLevel":"debug","message":"Comparing 'com.virgosol.hepsijet.step.StepImpl.findElementWithTextsAndCheckClickable' and 'com.virgosol.odeon.step.StepImpl.findElementWithTextsAndCheckClickable'"}
{"logLevel":"debug","message":"Loading {} li elementlerden {} değerine eşit olan tıklanabilir mi?via reflected sources."}
{"logLevel":"debug","message":"Comparing 'com.virgosol.hepsijet.step.StepImpl.findElementWithTextsAndCheckAttributeNextTo' and 'com.virgosol.odeon.step.StepImpl.findElementWithTextsAndCheckAttributeNextTo'"}
{"logLevel":"debug","message":"Loading {} li elementlerden {} değerine eşit olanın yanındaki {} elementinin {} attributesi var mı?via reflected sources."}
{"logLevel":"debug","message":"Comparing 'com.virgosol.hepsijet.step.StepImpl.clickEnterWithElement' and 'com.virgosol.odeon.step.StepImpl.clickEnterWithElement'"}
{"logLevel":"debug","message":"Loading {} Entere tıklavia reflected sources."}
{"logLevel":"debug","message":"Comparing 'com.virgosol.hepsijet.step.StepImpl.popUpAccept' and 'com.virgosol.odeon.step.StepImpl.popUpAccept'"}
{"logLevel":"debug","message":"Loading Mesajda tamam butonuna basılır.via reflected sources."}
{"logLevel":"debug","message":"Comparing 'com.virgosol.hepsijet.step.StepImpl.findElementWithTextsAndFindElementSaveTextAndClickIndexNextTo' and 'com.virgosol.odeon.step.StepImpl.findElementWithTextsAndFindElementSaveTextAndClickIndexNextTo'"}
{"logLevel":"debug","message":"Loading {} li elementlerden {} değerine eşit olanın yanındaki {} li elementler {} değerine eşit olanın yanındaki {} elementinin id bilgisini kaydet ve {} elementlerinden yanındaki {} elementin delete butonuna tıklavia reflected sources."}
{"logLevel":"debug","message":"Comparing 'com.virgosol.hepsijet.step.StepImpl.dragAndDropColumn' and 'com.virgosol.odeon.step.StepImpl.dragAndDropColumn'"}
{"logLevel":"debug","message":"Loading {} li elementi sürükle ve bırakvia reflected sources."}
{"logLevel":"debug","message":"Comparing 'com.virgosol.hepsijet.step.StepImpl.findElementPinWithTextsAndClick' and 'com.virgosol.odeon.step.StepImpl.findElementPinWithTextsAndClick'"}
{"logLevel":"debug","message":"Loading {} li elementlerden {} pin değerine tıklavia reflected sources."}
{"logLevel":"debug","message":"Comparing 'com.virgosol.hepsijet.step.StepImpl.findElementWithTextsAndClickAllignment' and 'com.virgosol.odeon.step.StepImpl.findElementWithTextsAndClickAllignment'"}
{"logLevel":"debug","message":"Loading {} li elementlerden {} değerine eşit olan ile aynı sıralamada yanındaki {} elementine tıklavia reflected sources."}
{"logLevel":"debug","message":"Comparing 'com.virgosol.hepsijet.step.StepImpl.checkTextsElement' and 'com.virgosol.odeon.step.StepImpl.checkTextsElement'"}
{"logLevel":"debug","message":"Loading {} li elementlerin texti var mı?via reflected sources."}
{"logLevel":"debug","message":"Comparing 'com.virgosol.hepsijet.step.StepImpl.sendKeyNextTo' and 'com.virgosol.odeon.step.StepImpl.sendKeyNextTo'"}
{"logLevel":"debug","message":"Loading {} li elementin yanındaki {} elementine {} degerini yazvia reflected sources."}
{"logLevel":"debug","message":"Comparing 'com.virgosol.hepsijet.step.StepImpl.findElementWithTextsAndSaveText' and 'com.virgosol.odeon.step.StepImpl.findElementWithTextsAndSaveText'"}
{"logLevel":"debug","message":"Loading {} li elementlerden {} değerine eşit olanın textini {} olarak kaydetvia reflected sources."}
{"logLevel":"debug","message":"Comparing 'com.virgosol.hepsijet.step.StepImpl.findElementWithTextsAndSendKeyNextToEnter' and 'com.virgosol.odeon.step.StepImpl.findElementWithTextsAndSendKeyNextToEnter'"}
{"logLevel":"debug","message":"Loading {} li elementlerden {} değerine eşit olanın yanındaki {} elementinde Entere Tiklavia reflected sources."}
{"logLevel":"debug","message":"Comparing 'com.virgosol.hepsijet.step.StepImpl.checkTextEquals' and 'com.virgosol.odeon.step.StepImpl.checkTextEquals'"}
{"logLevel":"debug","message":"Loading {} li elementin texti {} mi?via reflected sources."}
{"logLevel":"debug","message":"Comparing 'com.virgosol.hepsijet.step.StepImpl.clickElementNextTo' and 'com.virgosol.odeon.step.StepImpl.clickElementNextTo'"}
{"logLevel":"debug","message":"Loading {} li elementin yanındaki {} elementine tiklavia reflected sources."}
{"logLevel":"debug","message":"Comparing 'com.virgosol.hepsijet.step.StepImpl.excelReadData' and 'com.virgosol.odeon.step.StepImpl.excelReadData'"}
{"logLevel":"debug","message":"Loading Excel {} dosyasından veri okuma işlemi yapılır.via reflected sources."}
{"logLevel":"debug","message":"Comparing 'com.virgosol.hepsijet.step.StepImpl.clickEnter' and 'com.virgosol.odeon.step.StepImpl.clickEnter'"}
{"logLevel":"debug","message":"Loading Entere tıklavia reflected sources."}
{"logLevel":"debug","message":"Comparing 'com.virgosol.hepsijet.step.StepImpl.checkElements' and 'com.virgosol.odeon.step.StepImpl.checkElements'"}
{"logLevel":"debug","message":"Loading {} li elementler var mı?via reflected sources."}
{"logLevel":"debug","message":"Comparing 'com.virgosol.hepsijet.step.StepImpl.findElementWithTextsAndCheckAttribute' and 'com.virgosol.odeon.step.StepImpl.findElementWithTextsAndCheckAttribute'"}
{"logLevel":"debug","message":"Loading {} li elementlerden {} değerine eşit olanın {} attributesi var mı?via reflected sources."}
{"logLevel":"debug","message":"Comparing 'com.virgosol.hepsijet.step.StepImpl.forwardPage' and 'com.virgosol.odeon.step.StepImpl.forwardPage'"}
{"logLevel":"debug","message":"Loading Bulunduğun sayfada ileri gitvia reflected sources."}
{"logLevel":"debug","message":"Comparing 'com.virgosol.hepsijet.step.StepImpl.backPage' and 'com.virgosol.odeon.step.StepImpl.backPage'"}
{"logLevel":"debug","message":"Loading Bulunduğun sayfada geri gitvia reflected sources."}
{"logLevel":"debug","message":"Comparing 'com.virgosol.hepsijet.step.StepImpl.findElementsCheckTextsAndCheckElementsTextNextTo' and 'com.virgosol.odeon.step.StepImpl.findElementsCheckTextsAndCheckElementsTextNextTo'"}
{"logLevel":"debug","message":"Loading {} li elementlerden texti olanın yanındaki {} elementin texti var mı?via reflected sources."}
{"logLevel":"debug","message":"Comparing 'com.virgosol.hepsijet.step.StepImpl.findElementWithTextsAndOrderAllignment' and 'com.virgosol.odeon.step.StepImpl.findElementWithTextsAndOrderAllignment'"}
{"logLevel":"debug","message":"Loading {} li elementlerden {} değerine eşit olan ile aynı sıralamada altındaki {} verileri {} olarak sıralı mıvia reflected sources."}
{"logLevel":"debug","message":"Comparing 'com.virgosol.hepsijet.step.StepImpl.waitVisible' and 'com.virgosol.odeon.step.StepImpl.waitVisible'"}
{"logLevel":"debug","message":"Loading {} li elementi görünür olana kadar beklevia reflected sources."}
{"logLevel":"debug","message":"Comparing 'com.virgosol.hepsijet.step.StepImpl.waitMinutes' and 'com.virgosol.odeon.step.StepImpl.waitMinutes'"}
{"logLevel":"debug","message":"Loading {} dakika beklevia reflected sources."}
{"logLevel":"debug","message":"Comparing 'com.virgosol.hepsijet.step.StepImpl.swipeToElement' and 'com.virgosol.odeon.step.StepImpl.swipeToElement'"}
{"logLevel":"debug","message":"Loading {} swipe elementvia reflected sources."}
{"logLevel":"debug","message":"Comparing 'com.virgosol.hepsijet.step.StepImpl.refreshPage' and 'com.virgosol.odeon.step.StepImpl.refreshPage'"}
{"logLevel":"debug","message":"Loading Bulunduğun sayfayı yenilevia reflected sources."}
{"logLevel":"debug","message":"Comparing 'com.virgosol.hepsijet.step.StepImpl.findElementWithTextsAndCheckElementNextTo' and 'com.virgosol.odeon.step.StepImpl.findElementWithTextsAndCheckElementNextTo'"}
{"logLevel":"debug","message":"Loading {} li elementlerden {} değerine eşit olanın yanındaki {} element var mı?via reflected sources."}
{"logLevel":"debug","message":"Comparing 'com.virgosol.hepsijet.step.StepImpl.findElementWithTextAndCheckAttributeContainsTextNextTo' and 'com.virgosol.odeon.step.StepImpl.findElementWithTextAndCheckAttributeContainsTextNextTo'"}
{"logLevel":"debug","message":"Loading {} li elementlerden {} değerine eşit olan elementin {} attributesi {} içeriyor mu?via reflected sources."}
{"logLevel":"debug","message":"Comparing 'com.virgosol.hepsijet.step.StepImpl.checkTextNextTo' and 'com.virgosol.odeon.step.StepImpl.checkTextNextTo'"}
{"logLevel":"debug","message":"Loading {} li elementin yanındaki {} elementinin texti var mı?via reflected sources."}
{"logLevel":"debug","message":"Comparing 'com.virgosol.hepsijet.step.StepImpl.checkTitle' and 'com.virgosol.odeon.step.StepImpl.checkTitle'"}
{"logLevel":"debug","message":"Loading Sayfanın title ı {} mı?via reflected sources."}
{"logLevel":"debug","message":"Comparing 'com.virgosol.hepsijet.step.StepImpl.findElementWithTextsAndSendKey' and 'com.virgosol.odeon.step.StepImpl.findElementWithTextsAndSendKey'"}
{"logLevel":"debug","message":"Loading {} li elementlerden {} değerine eşit olana {} değerini yazvia reflected sources."}
{"logLevel":"debug","message":"Comparing 'com.virgosol.hepsijet.step.StepImpl.deleteText' and 'com.virgosol.odeon.step.StepImpl.deleteText'"}
{"logLevel":"debug","message":"Loading {} li elementin içindekileri silvia reflected sources."}
{"logLevel":"debug","message":"Comparing 'com.virgosol.hepsijet.step.StepImpl.saveAttribute' and 'com.virgosol.odeon.step.StepImpl.saveAttribute'"}
{"logLevel":"debug","message":"Loading {} li elementin {} attributesini {} olarak kaydetvia reflected sources."}
{"logLevel":"debug","message":"Comparing 'com.virgosol.hepsijet.step.StepImpl.findElementWithTextAndCheckAttributeText' and 'com.virgosol.odeon.step.StepImpl.findElementWithTextAndCheckAttributeText'"}
{"logLevel":"debug","message":"Loading {} li elementin {} attributesi {} mivia reflected sources."}
{"logLevel":"debug","message":"Comparing 'com.virgosol.hepsijet.step.StepImpl.findElementWithTextsAndSaveTextNextTo' and 'com.virgosol.odeon.step.StepImpl.findElementWithTextsAndSaveTextNextTo'"}
{"logLevel":"debug","message":"Loading {} li elementlerden {} değerine eşit olanın yanındaki {} elementinin textini {} olarak kaydetvia reflected sources."}
{"logLevel":"debug","message":"Comparing 'com.virgosol.hepsijet.step.StepImpl.findElementWithTextsAndCheckAttributeTextNextTo' and 'com.virgosol.odeon.step.StepImpl.findElementWithTextsAndCheckAttributeTextNextTo'"}
{"logLevel":"debug","message":"Loading {} li elementlerden {} değerine eşit olanın yanındaki {} elementinin {} attributesi {} içeriyor mu?via reflected sources."}
{"logLevel":"debug","message":"Comparing 'com.virgosol.hepsijet.step.StepImpl.findElementWithTextsAndClickNextTo' and 'com.virgosol.odeon.step.StepImpl.findElementWithTextsAndClickNextTo'"}
{"logLevel":"debug","message":"Loading {} li elementlerden {} değerine eşit olanın yanındaki {} elementine tıklavia reflected sources."}
{"logLevel":"debug","message":"Comparing 'com.virgosol.hepsijet.step.StepImpl.checkTextNotExistsElements' and 'com.virgosol.odeon.step.StepImpl.checkTextNotExistsElements'"}
{"logLevel":"debug","message":"Loading {} li elementlerden {} değerine eşit olan yok mu?via reflected sources."}
{"logLevel":"debug","message":"Comparing 'com.virgosol.hepsijet.step.StepImpl.findElementsCheckTextsAndClickElementTextNextTo' and 'com.virgosol.odeon.step.StepImpl.findElementsCheckTextsAndClickElementTextNextTo'"}
{"logLevel":"debug","message":"Loading {} li elementlerden yanındaki {} elementinin {} attributesi {} içerenin yanındaki {} elementine tıklavia reflected sources."}
{"logLevel":"debug","message":"Comparing 'com.virgosol.hepsijet.step.StepImpl.findElementWithTextAndCheckAttributeTextNextTo' and 'com.virgosol.odeon.step.StepImpl.findElementWithTextAndCheckAttributeTextNextTo'"}
{"logLevel":"debug","message":"Loading {} li elementlerden {} değerine eşit olan elementin {} attributesi {} mı?via reflected sources."}
{"logLevel":"debug","message":"Comparing 'com.virgosol.hepsijet.step.StepImpl.waitSeconds' and 'com.virgosol.odeon.step.StepImpl.waitSeconds'"}
{"logLevel":"debug","message":"Loading {} sn beklevia reflected sources."}
{"logLevel":"debug","message":"Comparing 'com.virgosol.hepsijet.step.StepImpl.findFile' and 'com.virgosol.odeon.step.StepImpl.findFile'"}
{"logLevel":"debug","message":"Loading {} li elemente tikla ve {} dosya secimini yapvia reflected sources."}
{"logLevel":"debug","message":"Comparing 'com.virgosol.hepsijet.step.StepImpl.clickElement' and 'com.virgosol.odeon.step.StepImpl.clickElement'"}
{"logLevel":"debug","message":"Loading Click element with key {}via reflected sources."}
{"logLevel":"debug","message":"Comparing 'com.virgosol.hepsijet.step.StepImpl.clickElement' and 'com.virgosol.odeon.step.StepImpl.clickElement'"}
{"logLevel":"debug","message":"Loading {} li elemente tiklavia reflected sources."}
{"logLevel":"debug","message":"Comparing 'com.virgosol.hepsijet.step.StepImpl.navigateWindow' and 'com.virgosol.odeon.step.StepImpl.navigateWindow'"}
{"logLevel":"debug","message":"Loading Yeni açılan sayfaya geçvia reflected sources."}
{"logLevel":"debug","message":"Comparing 'com.virgosol.hepsijet.step.StepImpl.findElementWithTextsAndSetAttribute' and 'com.virgosol.odeon.step.StepImpl.findElementWithTextsAndSetAttribute'"}
{"logLevel":"debug","message":"Loading {} li elementlerden {} değerine eşit olanın {} attributesini {} yapvia reflected sources."}
{"logLevel":"debug","message":"Comparing 'com.virgosol.hepsijet.step.StepImpl.dateCompare' and 'com.virgosol.odeon.step.StepImpl.dateCompare'"}
{"logLevel":"debug","message":"Loading {} tarihi ile {} tarihini karşılaştır.via reflected sources."}
{"logLevel":"debug","message":"Comparing 'com.virgosol.hepsijet.step.StepImpl.sendKey' and 'com.virgosol.odeon.step.StepImpl.sendKey'"}
{"logLevel":"debug","message":"Loading Send keys to element with key {} and text {}via reflected sources."}
{"logLevel":"debug","message":"Comparing 'com.virgosol.hepsijet.step.StepImpl.sendKey' and 'com.virgosol.odeon.step.StepImpl.sendKey'"}
{"logLevel":"debug","message":"Loading {} li elemente {} degerini yazvia reflected sources."}
{"logLevel":"debug","message":"Comparing 'com.virgosol.hepsijet.step.StepImpl.hoverElement' and 'com.virgosol.odeon.step.StepImpl.hoverElement'"}
{"logLevel":"debug","message":"Loading {} li elementin üzerine gelvia reflected sources."}
{"logLevel":"debug","message":"Comparing 'com.virgosol.hepsijet.step.StepImpl.framegir' and 'com.virgosol.odeon.step.StepImpl.framegir'"}
{"logLevel":"debug","message":"Loading frame girvia reflected sources."}
{"logLevel":"debug","message":"Comparing 'com.virgosol.hepsijet.step.StepImpl.findElementWithTextsAndClickWithTextNextTo' and 'com.virgosol.odeon.step.StepImpl.findElementWithTextsAndClickWithTextNextTo'"}
{"logLevel":"debug","message":"Loading {} li elementlerden {} değerine eşit olanın yanındaki {} elementlerinden {} değerine eşit olana tıklavia reflected sources."}
{"logLevel":"debug","message":"Comparing 'com.virgosol.hepsijet.step.StepImpl.closeWait' and 'com.virgosol.odeon.step.StepImpl.closeWait'"}
{"logLevel":"debug","message":"Loading Beklemeleri kapatvia reflected sources."}
{"logLevel":"debug","message":"Comparing 'com.virgosol.hepsijet.step.StepImpl.findElementWithTextsAndClickNextToWithIndex' and 'com.virgosol.odeon.step.StepImpl.findElementWithTextsAndClickNextToWithIndex'"}
{"logLevel":"debug","message":"Loading {} li elementlerden {} değerine eşit olanın yanındaki {} elementlerinden indexe göre tıklavia reflected sources."}
{"logLevel":"debug","message":"Comparing 'com.virgosol.hepsijet.step.StepImpl.checkElementVisible' and 'com.virgosol.odeon.step.StepImpl.checkElementVisible'"}
{"logLevel":"debug","message":"Loading {} li element görünür mü?via reflected sources."}
{"logLevel":"debug","message":"Comparing 'com.virgosol.hepsijet.step.StepImpl.checkNotExistAttribute' and 'com.virgosol.odeon.step.StepImpl.checkNotExistAttribute'"}
{"logLevel":"debug","message":"Loading {} li elementin {} attributesi yok muvia reflected sources."}
{"logLevel":"debug","message":"Comparing 'com.virgosol.hepsijet.step.StepImpl.findElementWithTextsAndHover' and 'com.virgosol.odeon.step.StepImpl.findElementWithTextsAndHover'"}
{"logLevel":"debug","message":"Loading {} li elementlerden {} değerine eşit olanın üzerine gelvia reflected sources."}
{"logLevel":"debug","message":"Comparing 'com.virgosol.hepsijet.step.StepImpl.findElementWithTextsAndHoverNextTo' and 'com.virgosol.odeon.step.StepImpl.findElementWithTextsAndHoverNextTo'"}
{"logLevel":"debug","message":"Loading {} li elementlerden {} değerine eşit olanın yanındaki {} elementinin üzerine gelvia reflected sources."}
{"logLevel":"debug","message":"Comparing 'com.virgosol.hepsijet.step.StepImpl.findElementWithTextsAndFindElementWithTextAndSaveTextNextTo' and 'com.virgosol.odeon.step.StepImpl.findElementWithTextsAndFindElementWithTextAndSaveTextNextTo'"}
{"logLevel":"debug","message":"Loading {} li elementlerden {} değerine eşit olanın yanındaki {} li elementlerden {} değerine eşit olanın yanındaki {} elementinin textini {} olarak kaydetvia reflected sources."}
{"logLevel":"debug","message":"Comparing 'com.virgosol.hepsijet.step.StepImpl.saveTextNextTo' and 'com.virgosol.odeon.step.StepImpl.saveTextNextTo'"}
{"logLevel":"debug","message":"Loading {} li elementin yanındaki {} elementinin textini {} olarak kaydetvia reflected sources."}
{"logLevel":"debug","message":"Comparing 'com.virgosol.hepsijet.step.StepImpl.findElementWithTextsAndFindElementWithTextAndClickNextTo' and 'com.virgosol.odeon.step.StepImpl.findElementWithTextsAndFindElementWithTextAndClickNextTo'"}
{"logLevel":"debug","message":"Loading {} li elementlerden {} değerine eşit olanın yanındaki {} li elementlerden {} değerine eşit olanın yanındaki {} elementine tıklavia reflected sources."}
{"logLevel":"debug","message":"Comparing 'com.virgosol.hepsijet.step.StepImpl.findElementWithTextsAndSaveAttribute' and 'com.virgosol.odeon.step.StepImpl.findElementWithTextsAndSaveAttribute'"}
{"logLevel":"debug","message":"Loading {} li elementlerden {} değerine eşit olanın {} attributesini {} olarak kaydetvia reflected sources."}
{"logLevel":"debug","message":"Comparing 'com.virgosol.hepsijet.step.StepImpl.setAttributeNextTo' and 'com.virgosol.odeon.step.StepImpl.setAttributeNextTo'"}
{"logLevel":"debug","message":"Loading {} li elementin yanındaki {} elementinin {} attributesini {} yapvia reflected sources."}
{"logLevel":"debug","message":"Comparing 'com.virgosol.hepsijet.step.StepImpl.checkTextEqualsNextTo' and 'com.virgosol.odeon.step.StepImpl.checkTextEqualsNextTo'"}
{"logLevel":"debug","message":"Loading {} li elementin yanındaki {} elementinin texti {} mi?via reflected sources."}
{"logLevel":"debug","message":"Comparing 'com.virgosol.hepsijet.step.StepImpl.changeScreenResolution' and 'com.virgosol.odeon.step.StepImpl.changeScreenResolution'"}
{"logLevel":"debug","message":"Loading Ekran çözünürlüğünü {} yap.via reflected sources."}
{"logLevel":"debug","message":"Comparing 'com.virgosol.hepsijet.step.StepImpl.findElementWithTextsAndSendKeyNextTo' and 'com.virgosol.odeon.step.StepImpl.findElementWithTextsAndSendKeyNextTo'"}
{"logLevel":"debug","message":"Loading {} li elementlerden {} değerine eşit olanın yanındaki {} elementine {} değerini yazvia reflected sources."}
{"logLevel":"debug","message":"Comparing 'com.virgosol.hepsijet.step.StepImpl.checkText' and 'com.virgosol.odeon.step.StepImpl.checkText'"}
{"logLevel":"debug","message":"Loading {} li elementin texti var mı?via reflected sources."}
{"logLevel":"debug","message":"Comparing 'com.virgosol.hepsijet.step.StepImpl.checkElement' and 'com.virgosol.odeon.step.StepImpl.checkElement'"}
{"logLevel":"debug","message":"Loading {} li element var mı?via reflected sources."}
{"logLevel":"debug","message":"Comparing 'com.virgosol.hepsijet.step.StepImpl.closePage' and 'com.virgosol.odeon.step.StepImpl.closePage'"}
{"logLevel":"debug","message":"Loading Bulunduğun sayfayı kapatvia reflected sources."}
{"logLevel":"debug","message":"Comparing 'com.virgosol.hepsijet.step.StepImpl.checkTextContains' and 'com.virgosol.odeon.step.StepImpl.checkTextContains'"}
{"logLevel":"debug","message":"Loading {} li elementin texti {} içeriyor mu?via reflected sources."}
{"logLevel":"debug","message":"Comparing 'com.virgosol.hepsijet.step.StepImpl.checkTextContainsNextTo' and 'com.virgosol.odeon.step.StepImpl.checkTextContainsNextTo'"}
{"logLevel":"debug","message":"Loading {} li elementin yanındaki {} elementinin texti {} içeriyor mi?via reflected sources."}
{"logLevel":"debug","message":"Comparing 'com.virgosol.hepsijet.step.StepImpl.waitElement' and 'com.virgosol.odeon.step.StepImpl.waitElement'"}
{"logLevel":"debug","message":"Loading Wait {} elementvia reflected sources."}
{"logLevel":"debug","message":"Comparing 'com.virgosol.hepsijet.step.StepImpl.waitElement' and 'com.virgosol.odeon.step.StepImpl.waitElement'"}
{"logLevel":"debug","message":"Loading {} li elementi beklevia reflected sources."}
{"logLevel":"debug","message":"Comparing 'com.virgosol.hepsijet.step.StepImpl.findElementWithTextsAndSendKeyAllignment' and 'com.virgosol.odeon.step.StepImpl.findElementWithTextsAndSendKeyAllignment'"}
{"logLevel":"debug","message":"Loading {} li elementlerden {} değerine eşit olan ile aynı sıralamada yanındaki {} elementine {} değerini yazvia reflected sources."}
{"logLevel":"debug","message":"Comparing 'com.virgosol.hepsijet.step.StepImpl.findElementWithTextsAndCheckAttrAndClickFirst' and 'com.virgosol.odeon.step.StepImpl.findElementWithTextsAndCheckAttrAndClickFirst'"}
{"logLevel":"debug","message":"Loading {} li elementlerin yanındaki {} elementlerinden {} attributesi {} içermeyen ilk elemente tıklavia reflected sources."}
{"logLevel":"debug","message":"Comparing 'com.virgosol.hepsijet.step.StepImpl.findElementWithCheckAttributeText' and 'com.virgosol.odeon.step.StepImpl.findElementWithCheckAttributeText'"}
{"logLevel":"debug","message":"Loading {} li elementlerin {} attributesi {} mivia reflected sources."}
{"logLevel":"debug","message":"Comparing 'com.virgosol.hepsijet.step.StepImpl.findElementWithTextsAndFindElementWithTextNextTo' and 'com.virgosol.odeon.step.StepImpl.findElementWithTextsAndFindElementWithTextNextTo'"}
{"logLevel":"debug","message":"Loading {} li elementlerden {} değerine eşit olanın yanındaki {} li elementlerden {} değerine eşit olan var mı?via reflected sources."}
{"logLevel":"debug","message":"Comparing 'com.virgosol.hepsijet.step.StepImpl.handlingCAPTCHA' and 'com.virgosol.odeon.step.StepImpl.handlingCAPTCHA'"}
{"logLevel":"debug","message":"Loading {} textbox alanına captcha değeri yazılır.via reflected sources."}
{"logLevel":"debug","message":"Comparing 'com.virgosol.hepsijet.step.StepImpl.checkClickableNextTo' and 'com.virgosol.odeon.step.StepImpl.checkClickableNextTo'"}
{"logLevel":"debug","message":"Loading {} li elementin yanındaki {} elementi tıklanabilir mi?via reflected sources."}
{"logLevel":"debug","message":"Comparing 'com.virgosol.hepsijet.step.StepImpl.findElementWithTextsAndSelect' and 'com.virgosol.odeon.step.StepImpl.findElementWithTextsAndSelect'"}
{"logLevel":"debug","message":"Loading {} li elementlerden {} değerine eşit olanı seçvia reflected sources."}
{"logLevel":"debug","message":"Comparing 'com.virgosol.hepsijet.step.StepImpl.findElementWithTextsAndSaveAttributeTextNextTo' and 'com.virgosol.odeon.step.StepImpl.findElementWithTextsAndSaveAttributeTextNextTo'"}
{"logLevel":"debug","message":"Loading {} li elementlerden {} değerine eşit olanın yanındaki {} elementinin {} attributesini kaydetvia reflected sources."}
{"logLevel":"debug","message":"Comparing 'com.virgosol.hepsijet.step.StepImpl.findElementWithTextsAndSaveAttributeTextNextTo' and 'com.virgosol.odeon.step.StepImpl.findElementWithTextsAndSaveAttributeTextNextTo'"}
{"logLevel":"debug","message":"Loading {} li elementlerden {} değerine eşit olanın yanındaki {} li elementlerin textindeki tarihler doğru aralıkta mı?via reflected sources."}
{"logLevel":"debug","message":"Comparing 'com.virgosol.hepsijet.step.StepImpl.findElementWithTextAndCheckAttributeEqualsTextNextTo' and 'com.virgosol.odeon.step.StepImpl.findElementWithTextAndCheckAttributeEqualsTextNextTo'"}
{"logLevel":"debug","message":"Loading {} li elementlerden {} değerine eşit olanın yanındaki {} elementinin {} attributesi {} mı?via reflected sources."}
{"logLevel":"debug","message":"Comparing 'com.virgosol.hepsijet.step.StepImpl.checkElementNextTo' and 'com.virgosol.odeon.step.StepImpl.checkElementNextTo'"}
{"logLevel":"debug","message":"Loading {} li elementin yanındaki {} element var mı?via reflected sources."}
{"logLevel":"debug","message":"Comparing 'com.virgosol.hepsijet.step.StepImpl.secondCheckNotExistAttribute' and 'com.virgosol.odeon.step.StepImpl.secondCheckNotExistAttribute'"}
{"logLevel":"debug","message":"Loading {} li elementlerin {} attributesi yok mu?via reflected sources."}
{"logLevel":"debug","message":"Comparing 'com.virgosol.hepsijet.step.StepImpl.findElementWithTextsAndFindElementCheckWithTextNextTo' and 'com.virgosol.odeon.step.StepImpl.findElementWithTextsAndFindElementCheckWithTextNextTo'"}
{"logLevel":"debug","message":"Loading {} li elementlerden {} değerine eşit olanın yanındaki {} li elementler {} değerine eşit mi?via reflected sources."}
{"logLevel":"debug","message":"Comparing 'com.virgosol.hepsijet.step.StepImpl.findElementWithCheckAttribute' and 'com.virgosol.odeon.step.StepImpl.findElementWithCheckAttribute'"}
{"logLevel":"debug","message":"Loading {} li elementlerin {} attributesi var mı?via reflected sources."}
{"logLevel":"debug","message":"Comparing 'com.virgosol.hepsijet.step.StepImpl.checkAttributeNextTo' and 'com.virgosol.odeon.step.StepImpl.checkAttributeNextTo'"}
{"logLevel":"debug","message":"Loading {} li elementin yanındaki {} elementinin {} attributesi var mı?via reflected sources."}
{"logLevel":"debug","message":"Comparing 'com.virgosol.hepsijet.step.StepImpl.findElementWithTextsAndSetAttributeNextTo' and 'com.virgosol.odeon.step.StepImpl.findElementWithTextsAndSetAttributeNextTo'"}
{"logLevel":"debug","message":"Loading {} li elementlerden {} değerine eşit olanın yanındaki {} elementinin {} attributesini {} yapvia reflected sources."}
{"logLevel":"debug","message":"Comparing 'com.virgosol.hepsijet.step.StepImpl.findElementWithTextsAndSelectNextTo' and 'com.virgosol.odeon.step.StepImpl.findElementWithTextsAndSelectNextTo'"}
{"logLevel":"debug","message":"Loading {} li elementlerden {} değerine eşit olanın yanındaki {} elementini seçvia reflected sources."}
{"logLevel":"debug","message":"Comparing 'com.virgosol.hepsijet.step.StepImpl.navigateFrame' and 'com.virgosol.odeon.step.StepImpl.navigateFrame'"}
{"logLevel":"debug","message":"Loading Frameden ana sayfaya geçvia reflected sources."}
{"logLevel":"debug","message":"Comparing 'com.virgosol.hepsijet.step.StepImpl.checkDataGridAndExcelColumn' and 'com.virgosol.odeon.step.StepImpl.checkDataGridAndExcelColumn'"}
{"logLevel":"debug","message":"Loading Excel {} dosyasının uzantısı kontrol edilir ve içeriğinin datagrid yapısıyla aynı olduğu kontrol edilir.via reflected sources."}
{"logLevel":"debug","message":"Comparing 'com.virgosol.hepsijet.step.StepImpl.navigateFrame' and 'com.virgosol.odeon.step.StepImpl.navigateFrame'"}
{"logLevel":"debug","message":"Loading {} isimli frame e geçvia reflected sources."}
{"logLevel":"debug","message":"Comparing 'com.virgosol.hepsijet.step.StepImpl.findElementWithTextsAndCheckText' and 'com.virgosol.odeon.step.StepImpl.findElementWithTextsAndCheckText'"}
{"logLevel":"debug","message":"Loading {} li elementlerden {} değerine eşit olan var mı?via reflected sources."}
{"logLevel":"debug","message":"Comparing 'com.virgosol.hepsijet.step.StepImpl.openInBrowser' and 'com.virgosol.odeon.step.StepImpl.openInBrowser'"}
{"logLevel":"debug","message":"Loading Url {} tarayıcıda açılır.via reflected sources."}
{"logLevel":"debug","message":"Comparing 'com.virgosol.hepsijet.step.StepImpl.findElementWithTextsAndCheckClickableNextTo' and 'com.virgosol.odeon.step.StepImpl.findElementWithTextsAndCheckClickableNextTo'"}
{"logLevel":"debug","message":"Loading {} li elementlerden {} değerine eşit olan elementten önceki {} elementlerin tarihi {} attributesi {} içeriyor mu?via reflected sources."}
{"logLevel":"debug","message":"Comparing 'com.virgosol.hepsijet.step.StepImpl.findElementWithTextsAndCheckClickableNextTo' and 'com.virgosol.odeon.step.StepImpl.findElementWithTextsAndCheckClickableNextTo'"}
{"logLevel":"debug","message":"Loading {} li elementlerden {} değerine eşit olanın yanındaki {} elementi tıklanabilir mi?via reflected sources."}
{"logLevel":"debug","message":"Comparing 'com.virgosol.hepsijet.step.StepImpl.setAttribute' and 'com.virgosol.odeon.step.StepImpl.setAttribute'"}
{"logLevel":"debug","message":"Loading {} li elementin {} attributesini {} yapvia reflected sources."}
{"logLevel":"debug","message":"Comparing 'com.virgosol.hepsijet.step.StepImpl.findElementWithTextsAndSaveAttributeNextTo' and 'com.virgosol.odeon.step.StepImpl.findElementWithTextsAndSaveAttributeNextTo'"}
{"logLevel":"debug","message":"Loading {} li elementlerden {} değerine eşit olanın yanındaki {} elementinin {} attributesini {} olarak kaydetvia reflected sources."}
{"logLevel":"debug","message":"Comparing 'com.virgosol.hepsijet.step.StepImpl.checkUrl' and 'com.virgosol.odeon.step.StepImpl.checkUrl'"}
{"logLevel":"debug","message":"Loading Sayfanın url i {} mı?via reflected sources."}
{"logLevel":"debug","message":"Comparing 'com.virgosol.hepsijet.step.StepImpl.elementIsDisplayed' and 'com.virgosol.odeon.step.StepImpl.elementIsDisplayed'"}
{"logLevel":"debug","message":"Loading {} li element gözüküyor mu?via reflected sources."}
{"logLevel":"debug","message":"Scanning packages for hooks"}
{"logLevel":"debug","message":"Scanned steps (using static parsing + reflections): "}
{"logLevel":"debug","message":"\t{} tarayıcını aç : public void openBrowser(String browserName) throws IOException"}
{"logLevel":"debug","message":"\t{} li elementlerin {} attributesi {} mi : public void findElementWithCheckAttributeText(String key, String attr, String attrtext)"}
{"logLevel":"debug","message":"\tExcel {} dosyasının doğru uzantıda olduğu kontrol edilir. : public void checkFilename(String excelFileName) throws IOException, ParseException"}
{"logLevel":"debug","message":"\t{} li elementlerden {} değerine eşit olanın {} attributesini {} yap : public void findElementWithTextsAndSetAttribute(String key, String text, String attr, String text2)"}
{"logLevel":"debug","message":"\t{} li elementin tarih bilgisi kontrol edilir. : public void dateControl(String key1)"}
{"logLevel":"debug","message":"\t{} li elementlerden {} değerine eşit olanın yanındaki {} elementi yok mu? : public void findElementWithTextsAndCheckElementNextToNotExists(String key, String text, String key2)"}
{"logLevel":"debug","message":"\tBeklemeleri ac : public void openWait()"}
{"logLevel":"debug","message":"\t{} li elementin textini {} olarak kaydet : public void saveText(String key, String key2)"}
{"logLevel":"debug","message":"\t{} li elementin {} attributesi {} mi : public void findElementWithTextAndCheckAttributeText(String key, String attr, String attrtext)"}
{"logLevel":"debug","message":"\t{} li elemente tikla ve {} dosya secimini yap : public void findFile(String key, String filePath)"}
{"logLevel":"debug","message":"\tMesajda tamam butonuna basılır. : public void popUpAccept() throws IOException"}
{"logLevel":"debug","message":"\t{} li elementin texti {} mi? : public void checkTextEquals(String key, String text)"}
{"logLevel":"debug","message":"\tSayfanın title ı {} mı? : public void checkTitle(String title)"}
{"logLevel":"debug","message":"\tBulunduğun sayfada ileri git : public void forwardPage()"}
{"logLevel":"debug","message":"\t{} li elementin {} attributesi yok mu : public void checkNotExistAttribute(String key, String attr) throws IOException"}
{"logLevel":"debug","message":"\t{} li elementin yanındaki {} elementi tıklanabilir mi? : public void checkClickableNextTo(String key, String key2)"}
{"logLevel":"debug","message":"\t{} li element yok mu? : public void checkNotExistElement(String key)"}
{"logLevel":"debug","message":"\t{} li elementin yanındaki {} elementinin üzerine gel : public void hoverElementNextTo(String key, String key2)"}
{"logLevel":"debug","message":"\t{} li elementin üzerine gel : public void hoverElement(String key)"}
{"logLevel":"debug","message":"\t{} li elementlerden {} değerine eşit olanın yanındaki {} li elementler {} değerine eşit olanın yanındaki {} elementinin id bilgisini kaydet ve {} elementlerinden yanındaki {} elementin delete butonuna tıkla : public void findElementWithTextsAndFindElementSaveTextAndClickIndexNextTo(String key, String text, String key2, String text2, String key3, String key4, String key5)"}
{"logLevel":"debug","message":"\t{} li elementin {} attributesi var mı? : public void checkAttribute(String key, String attr)"}
{"logLevel":"debug","message":"\t{} urle git : public void goToUrl(String url)"}
{"logLevel":"debug","message":"\t{} dakika bekle : public void waitMinutes(String key) throws InterruptedException"}
{"logLevel":"debug","message":"\t{} li elementlerden {} değerine eşit olan ile aynı sıralamada yanındaki {} elementine tıkla : public void findElementWithTextsAndClickAllignment(String key, String text, String key2)"}
{"logLevel":"debug","message":"\tExcel {} dosyasının uzantısı kontrol edilir ve içeriğinin datagrid yapısıyla aynı olduğu kontrol edilir. : public void checkDataGridAndExcelColumn(String excelFileName) throws IOException, BiffException"}
{"logLevel":"debug","message":"\t{} li elementlerin yanındaki {} elementlerinden {} attributesi {} içermeyen ilk elemente tıkla : public void findElementWithTextsAndCheckAttrAndClickFirst(String key, String key2, String attr, String attrtext)"}
{"logLevel":"debug","message":"\t{} tarihi ile {} tarihini karşılaştır. : public void dateCompare(String key1, String key2) throws IOException"}
{"logLevel":"debug","message":"\t{} li elementlerden {} değerine eşit olanın üzerine gel : public void findElementWithTextsAndHover(String key, String text)"}
{"logLevel":"debug","message":"\t{} li elementlerden {} değerine eşit olan elementin {} attributesi {} içeriyor mu? : public void findElementWithTextAndCheckAttributeContainsTextNextTo(String key, String text, String attr, String attrtext)"}
{"logLevel":"debug","message":"\t{} li elemente {} degerini yaz : public void sendKey(String key, String text)"}
{"logLevel":"debug","message":"\t{} li elementlerden {} değerine eşit olanın yanındaki {} elementini seç : public void findElementWithTextsAndSelectNextTo(String key, String text, String key2)"}
{"logLevel":"debug","message":"\t{} li elementin yanındaki {} elementinin texti {} içeriyor mi? : public void checkTextContainsNextTo(String key, String key2, String text)"}
{"logLevel":"debug","message":"\t{} li element var mı? : public void checkElement(String key)"}
{"logLevel":"debug","message":"\t{} li elementlerden {} değerine eşit olanın yanındaki {} elementinin {} attributesi var mı? : public void findElementWithTextsAndCheckAttributeNextTo(String key, String text, String key2, String attr)"}
{"logLevel":"debug","message":"\t{} li element tıklanabilir mi? : public void checkClickable(String key)"}
{"logLevel":"debug","message":"\tBulunduğun sayfada geri git : public void backPage()"}
{"logLevel":"debug","message":"\t{} li elementlerden yanındaki {} elementinin {} attributesi {} içerenin yanındaki {} elementine tıkla : public void findElementsCheckTextsAndClickElementTextNextTo(String key, String key2, String attr, String attrtext, String key3)"}
{"logLevel":"debug","message":"\t{} li elementlerden {} değerine eşit olanın yanındaki {} li elementlerden {} değerine eşit olanın yanındaki {} elementinin texti {} mı? : public void findElementWithTextsAndFindElementWithTextAndFindWithTextNextTo(String key, String text, String key2, String text2, String key3, String text3)"}
{"logLevel":"debug","message":"\t{} li elementlerden {} değerine eşit olanın yanındaki {} li elementler {} değerine eşit mi? : public void findElementWithTextsAndFindElementCheckWithTextNextTo(String key, String text, String key2, String text2)"}
{"logLevel":"debug","message":"\tBeklemeleri kapat : public void closeWait()"}
{"logLevel":"debug","message":"\t{} li elementlerden {} değerine eşit olanı seç : public void findElementWithTextsAndSelect(String key, String text)"}
{"logLevel":"debug","message":"\t{} li elementlerden {} değerine eşit olan elementten önceki {} elementlerin tarihi {} attributesi {} içeriyor mu? : public void findElementWithTextsAndCheckClickableNextTo(String key, String text, String key2, String attr, String attrtext)"}
{"logLevel":"debug","message":"\t{} li elementin yanındaki {} elementinin texti {} mi? : public void checkTextEqualsNextTo(String key, String key2, String text)"}
{"logLevel":"debug","message":"\t{} li elementlerden id bilgisi silindi mi? : public void findElementsCheckTextsAndDeletedId(String key)"}
{"logLevel":"debug","message":"\t{} li elementlerden {} değerine eşit olanın yanındaki {} elementinin {} attributesini kaydet : public void findElementWithTextsAndSaveAttributeTextNextTo(String key, String text, String key2, String attr)"}
{"logLevel":"debug","message":"\t{} li elementlerden {} değerine eşit olan ile aynı sıralamada altındaki {} verileri {} olarak sıralı mı : public void findElementWithTextsAndOrderAllignment(String key, String text, String key2, String text2)"}
{"logLevel":"debug","message":"\tClick element with key {} : public void clickElement(String key) throws InterruptedException"}
{"logLevel":"debug","message":"\t{} sn bekle : public void waitSeconds(String key) throws InterruptedException"}
{"logLevel":"debug","message":"\t{} li elementlerden {} değerine eşit olanın yanındaki {} elementlerinden {} değerine eşit olana tıkla : public void findElementWithTextsAndClickWithTextNextTo(String key, String text, String key2, String text2)"}
{"logLevel":"debug","message":"\tUrl {} tarayıcıda açılır. : public void openInBrowser(String browserName) throws IOException"}
{"logLevel":"debug","message":"\t{} li elementlerden {} değerine eşit olanın yanındaki {} elementlerinden indexe göre tıkla : public void findElementWithTextsAndClickNextToWithIndex(String key, String text, String key2)"}
{"logLevel":"debug","message":"\t{} li elementlerden {} değerine eşit olanın yanındaki {} elementine {} değerini yaz : public void findElementWithTextsAndSendKeyNextTo(String key, String text, String key2, String text2) throws InterruptedException"}
{"logLevel":"debug","message":"\tEkran çözünürlüğünü {} yap. : public void changeScreenResolution(String screenResolution) throws IOException"}
{"logLevel":"debug","message":"\t{} li elementlerden {} değerine eşit olanın yanındaki {} elementinin {} attributesini {} olarak kaydet : public void findElementWithTextsAndSaveAttributeNextTo(String key, String text, String key2, String attr, String key3)"}
{"logLevel":"debug","message":"\t{} li elementlerden {} değerine eşit olanın yanındaki {} elementinin {} attributesini {} yap : public void findElementWithTextsAndSetAttributeNextTo(String key, String text, String key2, String attr, String text2)"}
{"logLevel":"debug","message":"\t{} li elementlerin texti var mı? : public void checkTextsElement(String key)"}
{"logLevel":"debug","message":"\tSayfanın url i {} mı? : public void checkUrl(String url)"}
{"logLevel":"debug","message":"\t{} li elementlerden {} pin değerine tıkla : public void findElementPinWithTextsAndClick(String key, String pin)"}
{"logLevel":"debug","message":"\t{} li element gözüküyor mu? : public void elementIsDisplayed(String key)"}
{"logLevel":"debug","message":"\tWait {} element : public void waitElement(String key)"}
{"logLevel":"debug","message":"\t{} swipe element : public void swipeToElement(String key)"}
{"logLevel":"debug","message":"\tBulunduğun sayfayı kapat : public void closePage()"}
{"logLevel":"debug","message":"\tEntere tıkla : public void clickEnter()"}
{"logLevel":"debug","message":"\t{} li elementlerin {} attributesi var mı? : public void findElementWithCheckAttribute(String key, String attr)"}
{"logLevel":"debug","message":"\t{} li elementlerden {} değerine eşit olanın yanındaki {} elementinde Entere Tikla : public void findElementWithTextsAndSendKeyNextToEnter(String key, String text, String key2)"}
{"logLevel":"debug","message":"\t{} li elementin {} attributesini {} olarak kaydet : public void saveAttribute(String key, String attr, String key2)"}
{"logLevel":"debug","message":"\t{} li elementlerden {} değerine eşit olan var mı? : public void findElementWithTextsAndCheckText(String key, String text)"}
{"logLevel":"debug","message":"\t{} li elementin yanındaki {} elementinin {} attributesi var mı? : public void checkAttributeNextTo(String key, String key2, String attr)"}
{"logLevel":"debug","message":"\t{} li elementi sürükle ve bırak : public void dragAndDropColumn(String key)"}
{"logLevel":"debug","message":"\t{} li elementlerden {} değerine eşit olan elementin {} attributesi {} mı? : public void findElementWithTextAndCheckAttributeTextNextTo(String key, String text, String attr, String attrtext)"}
{"logLevel":"debug","message":"\t{} li elementin yanındaki {} element var mı? : public void checkElementNextTo(String key, String key2)"}
{"logLevel":"debug","message":"\t{} li elementlerden {} değerine eşit olana tıkla : public void findElementWithTextsAndClick(String key, String text)"}
{"logLevel":"debug","message":"\t{} li elementlerden {} değerine eşit olan yok mu? : public void checkTextNotExistsElements(String key, String text)"}
{"logLevel":"debug","message":"\t{} li elementi invisible olana kadar bekle : public void waitInVisible(String key)"}
{"logLevel":"debug","message":"\t{} li elementlerden {} değerine eşit olanın yanındaki {} elementinin üzerine gel : public void findElementWithTextsAndHoverNextTo(String key, String text, String key2)"}
{"logLevel":"debug","message":"\t{} li elementlerden {} değerine eşit olanın yanındaki {} elementine tıkla : public void findElementWithTextsAndClickNextTo(String key, String text, String key2)"}
{"logLevel":"debug","message":"\t{} li elementlerden {} değerine eşit olan tıklanabilir mi? : public void findElementWithTextsAndCheckClickable(String key, String text)"}
{"logLevel":"debug","message":"\t{} li elemente tikla : public void clickElement(String key) throws InterruptedException"}
{"logLevel":"debug","message":"\t{} li elementin uzunluğunun 10 olduğu doğrulanır. : public void numberOfDataInDatagrid(String key) throws IOException"}
{"logLevel":"debug","message":"\t{} li elementlerden {} değerine eşit olanın textini {} olarak kaydet : public void findElementWithTextsAndSaveText(String key, String text, String key2)"}
{"logLevel":"debug","message":"\t{} li elementin {} attributesini {} yap : public void setAttribute(String key, String attr, String text)"}
{"logLevel":"debug","message":"\t{} Entere tıkla : public void clickEnterWithElement(String key)"}
{"logLevel":"debug","message":"\tYeni açılan sayfaya geç : public void navigateWindow()"}
{"logLevel":"debug","message":"\t{} li elementlerden {} değerine eşit olan ile aynı sıralamada yanındaki {} elementine {} değerini yaz : public void findElementWithTextsAndSendKeyAllignment(String key, String text, String key2, String text2)"}
{"logLevel":"debug","message":"\t{} li elementlerden {} değerine eşit olanın yanındaki {} li elementlerden {} değerine eşit olan var mı? : public void findElementWithTextsAndFindElementWithTextNextTo(String key, String text, String key2, String text2)"}
{"logLevel":"debug","message":"\t{} li elementi görünür olana kadar bekle : public void waitVisible(String key)"}
{"logLevel":"debug","message":"\t{} li elementlerden {} değerine eşit olanın {} attributesini {} olarak kaydet : public void findElementWithTextsAndSaveAttribute(String key, String text, String attr, String key2)"}
{"logLevel":"debug","message":"\t{} isimli frame e geç : public void navigateFrame(String frame)"}
{"logLevel":"debug","message":"\t{} li element görünür mü? : public void checkElementVisible(String key)"}
{"logLevel":"debug","message":"\t{} li elementi bekle : public void waitElement(String key)"}
{"logLevel":"debug","message":"\tSend keys to element with key {} and text {} : public void sendKey(String key, String text)"}
{"logLevel":"debug","message":"\t{} li elementlerin {} attributesi yok mu? : public void secondCheckNotExistAttribute(String key, String attr) throws IOException"}
{"logLevel":"debug","message":"\tExcel {} dosyasından veri okuma işlemi yapılır. : public void excelReadData(String excelFileName) throws IOException"}
{"logLevel":"debug","message":"\t{} li elementin yanındaki {} elementine tikla : public void clickElementNextTo(String key, String key2)"}
{"logLevel":"debug","message":"\t{} li elementin yanındaki {} elementinin texti var mı? : public void checkTextNextTo(String key, String key2)"}
{"logLevel":"debug","message":"\t{} textbox alanına captcha değeri yazılır. : public void handlingCAPTCHA(String key) throws IOException"}
{"logLevel":"debug","message":"\t{} li elementlerden {} değerine eşit olanın yanındaki {} elementi tıklanabilir mi? : public void findElementWithTextsAndCheckClickableNextTo(String key, String text, String key2)"}
{"logLevel":"debug","message":"\t{} li elementin yanındaki {} elementinin textini {} olarak kaydet : public void saveTextNextTo(String key, String key2, String key3)"}
{"logLevel":"debug","message":"\t{} li elementlerden texti olanın yanındaki {} elementi var mı? : public void findElementsCheckTextsAndCheckElementNextTo(String key, String key2)"}
{"logLevel":"debug","message":"\t{} li elementlerden {} değerine eşit olanın yanındaki {} li elementlerden {} değerine eşit olanın yanındaki {} elementine tıkla : public void findElementWithTextsAndFindElementWithTextAndClickNextTo(String key, String text, String key2, String text2, String key3)"}
{"logLevel":"debug","message":"\t{} li elementin yanındaki {} elementinin {} attributesini {} yap : public void setAttributeNextTo(String key, String key2, String attr, String text)"}
{"logLevel":"debug","message":"\t{} li elementlerden {} değerine eşit olanın yanındaki {} elementinin {} attributesi {} içeriyor mu? : public void findElementWithTextsAndCheckAttributeTextNextTo(String key, String text, String key2, String attr, String attrtext)"}
{"logLevel":"debug","message":"\t{} li elementlerden {} değerine eşit olanın yanındaki {} li elementlerden {} değerine eşit olanın yanındaki {} elementinin textini {} olarak kaydet : public void findElementWithTextsAndFindElementWithTextAndSaveTextNextTo(String key, String text, String key2, String text2, String key3, String text3)"}
{"logLevel":"debug","message":"\t{} li elementin içindekileri sil : public void deleteText(String key)"}
{"logLevel":"debug","message":"\t{} li elementlerden {} değerine eşit olanın yanındaki {} elementinin {} attributesi {} mı? : public void findElementWithTextAndCheckAttributeEqualsTextNextTo(String key, String text, String key2, String attr, String attrtext)"}
{"logLevel":"debug","message":"\t{} li elementlerden texti olanın yanındaki {} elementin texti var mı? : public void findElementsCheckTextsAndCheckElementsTextNextTo(String key, String key2)"}
{"logLevel":"debug","message":"\t{} li elementin texti {} içeriyor mu? : public void checkTextContains(String key, String text)"}
{"logLevel":"debug","message":"\tFrameden ana sayfaya geç : public void navigateFrame()"}
{"logLevel":"debug","message":"\t{} li elementler var mı? : public void checkElements(String key)"}
{"logLevel":"debug","message":"\t{} li elementlerden {} değerine eşit olanın yanındaki {} elementinin textini {} olarak kaydet : public void findElementWithTextsAndSaveTextNextTo(String key, String text, String key2, String key3)"}
{"logLevel":"debug","message":"\t{} li elementi temizle : public void deleteText2(String key)"}
{"logLevel":"debug","message":"\t{} li elementin texti var mı? : public void checkText(String key)"}
{"logLevel":"debug","message":"\t{} li elementin yanındaki {} elementinin {} attributesini {} olarak kaydet : public void saveAttributeNextTo(String key, String key2, String attr, String key3)"}
{"logLevel":"debug","message":"\t{} li elementlerden {} değerine eşit olanın yanındaki {} li elementlerin textindeki tarihler doğru aralıkta mı? : public void findElementWithTextsAndSaveAttributeTextNextTo(String key, String text, String key2) throws ParseException"}
{"logLevel":"debug","message":"\t{} li elementin yanındaki {} elementine {} degerini yaz : public void sendKeyNextTo(String key, String key2, String text)"}
{"logLevel":"debug","message":"\tBulunduğun sayfayı yenile : public void refreshPage()"}
{"logLevel":"debug","message":"\t{} li elementlerden {} değerine eşit olanın {} attributesi var mı? : public void findElementWithTextsAndCheckAttribute(String key, String text, String attr)"}
{"logLevel":"debug","message":"\tframe gir : public void framegir()"}
{"logLevel":"debug","message":"\t{} li elementlerden {} değerine eşit olanın yanındaki {} element var mı? : public void findElementWithTextsAndCheckElementNextTo(String key, String text, String key2)"}
{"logLevel":"debug","message":"\t{} li elementlerden {} değerine eşit olana {} değerini yaz : public void findElementWithTextsAndSendKey(String key, String text, String text2)"}
2021-12-22 09:32:00.858 [pool-2-thread-1] INFO  org.mongodb.driver.cluster.info(71) - Cluster created with settings {hosts=[135.181.73.110:21325], mode=SINGLE, requiredClusterType=UNKNOWN, serverSelectionTimeout='30000 ms', maxWaitQueueSize=500}
2021-12-22 09:32:00.948 [pool-2-thread-1] INFO  com.vrgsl.qa.createSession(60) - Create New Session
2021-12-22 09:32:00.960 [pool-2-thread-1] INFO  com.vrgsl.qa.addAddress(97) - add To address=furkan.ovut@virgosol.com
2021-12-22 09:32:00.961 [pool-2-thread-1] INFO  com.vrgsl.qa.createMail(89) - Message Create from=mytestmailbox02@gmail.com to=furkan.ovut@virgosol.com
2021-12-22 09:32:00.965 [pool-2-thread-1] INFO  com.vrgsl.qa.setMessage(116) - Body Message Add  message=Merhaba,
HepsiJet POC Test kosumuna ait 22.12.2021 09:32:00 zamanli raporunuzu ekte bulunan link uzerinden goruntuleyebilirsiniz.


 http://135.181.73.110:8982/projects/HepsiJet 

iyi calismalar,
Virgosol
2021-12-22 09:32:00.965 [pool-2-thread-1] INFO  com.vrgsl.qa.send(147) - Send Mail Start
2021-12-22 09:32:01.435 [cluster-ClusterId{value='61c2c6605902d03aeb3af539', description='null'}-135.181.73.110:21325] INFO  org.mongodb.driver.connection.info(71) - Opened connection [connectionId{localValue:1, serverValue:744}] to 135.181.73.110:21325
2021-12-22 09:32:01.504 [cluster-ClusterId{value='61c2c6605902d03aeb3af539', description='null'}-135.181.73.110:21325] INFO  org.mongodb.driver.cluster.info(71) - Monitor thread successfully connected to server with description ServerDescription{address=135.181.73.110:21325, type=STANDALONE, state=CONNECTED, ok=true, version=ServerVersion{versionList=[4, 4, 5]}, minWireVersion=0, maxWireVersion=9, maxDocumentSize=16777216, logicalSessionTimeoutMinutes=30, roundTripTimeNanos=67200238}
2021-12-22 09:32:03.395 [pool-2-thread-1] INFO  com.vrgsl.qa.send(151) - Mail Send Success
