{"logLevel":"debug","message":"multithreading is set to false"}
{"logLevel":"debug","message":"Using reflection to scan dependencies for gauge implementations..."}
WARNING: An illegal reflective access operation has occurred
WARNING: Illegal reflective access by org.codehaus.groovy.reflection.CachedClass (file:/Users/virgosol-furkan/.m2/repository/org/codehaus/groovy/groovy-all/2.4.13/groovy-all-2.4.13.jar) to method java.lang.Object.finalize()
WARNING: Please consider reporting this to the maintainers of org.codehaus.groovy.reflection.CachedClass
WARNING: Use --illegal-access=warn to enable warnings of further illegal reflective access operations
WARNING: All illegal access operations will be denied in a future release
17:25:42,434 |-INFO in ch.qos.logback.classic.LoggerContext[default] - Could NOT find resource [logback-test.xml]
17:25:42,434 |-INFO in ch.qos.logback.classic.LoggerContext[default] - Found resource [logback.groovy] at [file:/Users/virgosol-furkan/Documents/Virgosol%20Projects/AllianzPOC/target/test-classes/logback.groovy]
17:25:42,435 |-WARN in ch.qos.logback.classic.LoggerContext[default] - Resource [logback.groovy] occurs multiple times on the classpath.
17:25:42,435 |-WARN in ch.qos.logback.classic.LoggerContext[default] - Resource [logback.groovy] occurs at [jar:file:/Users/virgosol-furkan/.m2/repository/com/vrgsl/qa/qa-common/1.0.0/qa-common-1.0.0.jar!/logback.groovy]
17:25:42,435 |-WARN in ch.qos.logback.classic.LoggerContext[default] - Resource [logback.groovy] occurs at [file:/Users/virgosol-furkan/Documents/Virgosol%20Projects/AllianzPOC/target/test-classes/logback.groovy]
17:25:42,989 |-INFO in ch.qos.logback.classic.gaffer.ConfigurationDelegate@9ee58fa - About to instantiate appender of type [ch.qos.logback.core.ConsoleAppender]
17:25:42,991 |-INFO in ch.qos.logback.classic.gaffer.ConfigurationDelegate@9ee58fa - Naming appender as [STDOUT]
17:25:43,075 |-INFO in ch.qos.logback.classic.gaffer.ConfigurationDelegate@9ee58fa - About to instantiate appender of type [ch.qos.logback.core.FileAppender]
17:25:43,076 |-INFO in ch.qos.logback.classic.gaffer.ConfigurationDelegate@9ee58fa - Naming appender as [FILE]
17:25:43,078 |-INFO in ch.qos.logback.core.FileAppender[FILE] - File property is set to [target/slnarch.log]
17:25:43,080 |-INFO in ch.qos.logback.classic.gaffer.ConfigurationDelegate@9ee58fa - Setting level of logger [com.virgosol.lingaros] to DEBUG
17:25:43,083 |-INFO in ch.qos.logback.classic.gaffer.ConfigurationDelegate@9ee58fa - Setting level of logger [org.reflections.Reflections] to OFF
17:25:43,084 |-INFO in ch.qos.logback.classic.gaffer.ConfigurationDelegate@9ee58fa - Setting level of logger [ROOT] to INFO
17:25:43,086 |-INFO in ch.qos.logback.classic.gaffer.ConfigurationDelegate@9ee58fa - Attaching appender named [STDOUT] to Logger[ROOT]
17:25:43,086 |-INFO in ch.qos.logback.classic.gaffer.ConfigurationDelegate@9ee58fa - Attaching appender named [FILE] to Logger[ROOT]

{"logLevel":"debug","message":"gauge-java took 1293milliseconds to load and scan. This should be less than 'runner_connection_timeout' config value."}
{"logLevel":"debug","message":"run 'gauge config runner_connection_timeout' and verify that it is < 1293"}
{"logLevel":"debug","message":"starting gRPC server..."}
{"logLevel":"debug","message":"started gRPC server on port 60879"}
{"logLevel":"info","message":"Listening on port:60879"}
{"logLevel":"debug","message":"Scanning packages for steps"}
{"logLevel":"debug","message":"Comparing 'com.virgosol.lingaros.step.StepImpl.findElementWithTextsAndClick' and 'com.virgosol.lingaros.step.StepImpl.findElementWithTextsAndClick'"}
{"logLevel":"debug","message":"Found {} li elementlerden {} değerine eşit olana tıkla in current project scope."}
{"logLevel":"debug","message":"Comparing 'com.virgosol.lingaros.step.StepImpl.findElementsCheckTextsAndCheckElementNextTo' and 'com.virgosol.lingaros.step.StepImpl.findElementsCheckTextsAndCheckElementNextTo'"}
{"logLevel":"debug","message":"Found {} li elementlerden texti olanın yanındaki {} elementi var mı? in current project scope."}
{"logLevel":"debug","message":"Comparing 'com.virgosol.lingaros.step.StepImpl.saveText' and 'com.virgosol.lingaros.step.StepImpl.saveText'"}
{"logLevel":"debug","message":"Found {} li elementin textini {} olarak kaydet in current project scope."}
{"logLevel":"debug","message":"Comparing 'com.virgosol.lingaros.step.StepImpl.hoverElementNextTo' and 'com.virgosol.lingaros.step.StepImpl.hoverElementNextTo'"}
{"logLevel":"debug","message":"Found {} li elementin yanındaki {} elementinin üzerine gel in current project scope."}
{"logLevel":"debug","message":"Comparing 'com.virgosol.lingaros.step.StepImpl.findElementWithTextsAndHover' and 'com.virgosol.lingaros.step.StepImpl.findElementWithTextsAndHover'"}
{"logLevel":"debug","message":"Found {} li elementlerden {} değerine eşit olanın üzerine gel in current project scope."}
{"logLevel":"debug","message":"Comparing 'com.virgosol.lingaros.step.StepImpl.findElementWithTextsAndSetAttribute' and 'com.virgosol.lingaros.step.StepImpl.findElementWithTextsAndSetAttribute'"}
{"logLevel":"debug","message":"Found {} li elementlerden {} değerine eşit olanın {} attributesini {} yap in current project scope."}
{"logLevel":"debug","message":"Comparing 'com.virgosol.lingaros.step.StepImpl.sendKey' and 'com.virgosol.lingaros.step.StepImpl.sendKey'"}
{"logLevel":"debug","message":"Found Send keys to element with key {} and text {} in current project scope."}
{"logLevel":"debug","message":"Comparing 'com.virgosol.lingaros.step.StepImpl.sendKey' and 'com.virgosol.lingaros.step.StepImpl.sendKey'"}
{"logLevel":"debug","message":"Found {} li elemente {} degerini yaz in current project scope."}
{"logLevel":"debug","message":"Comparing 'com.virgosol.lingaros.step.StepImpl.closeWait' and 'com.virgosol.lingaros.step.StepImpl.closeWait'"}
{"logLevel":"debug","message":"Found Beklemeleri kapat in current project scope."}
{"logLevel":"debug","message":"Comparing 'com.virgosol.lingaros.step.StepImpl.openWait' and 'com.virgosol.lingaros.step.StepImpl.openWait'"}
{"logLevel":"debug","message":"Found Beklemeleri ac in current project scope."}
{"logLevel":"debug","message":"Comparing 'com.virgosol.lingaros.step.StepImpl.hoverElement' and 'com.virgosol.lingaros.step.StepImpl.hoverElement'"}
{"logLevel":"debug","message":"Found {} li elementin üzerine gel in current project scope."}
{"logLevel":"debug","message":"Comparing 'com.virgosol.lingaros.step.StepImpl.framegir' and 'com.virgosol.lingaros.step.StepImpl.framegir'"}
{"logLevel":"debug","message":"Found frame gir in current project scope."}
{"logLevel":"debug","message":"Comparing 'com.virgosol.lingaros.step.StepImpl.findElementWithTextsAndClickWithTextNextTo' and 'com.virgosol.lingaros.step.StepImpl.findElementWithTextsAndClickWithTextNextTo'"}
{"logLevel":"debug","message":"Found {} li elementlerden {} değerine eşit olanın yanındaki {} elementlerinden {} değerine eşit olana tıkla in current project scope."}
{"logLevel":"debug","message":"Comparing 'com.virgosol.lingaros.step.StepImpl.clickElement' and 'com.virgosol.lingaros.step.StepImpl.clickElement'"}
{"logLevel":"debug","message":"Found Click element with key {} in current project scope."}
{"logLevel":"debug","message":"Comparing 'com.virgosol.lingaros.step.StepImpl.clickElement' and 'com.virgosol.lingaros.step.StepImpl.clickElement'"}
{"logLevel":"debug","message":"Found {} li elemente tikla in current project scope."}
{"logLevel":"debug","message":"Comparing 'com.virgosol.lingaros.step.StepImpl.checkClickable' and 'com.virgosol.lingaros.step.StepImpl.checkClickable'"}
{"logLevel":"debug","message":"Found {} li element tıklanabilir mi? in current project scope."}
{"logLevel":"debug","message":"Comparing 'com.virgosol.lingaros.step.StepImpl.navigateWindow' and 'com.virgosol.lingaros.step.StepImpl.navigateWindow'"}
{"logLevel":"debug","message":"Found Yeni açılan sayfaya geç in current project scope."}
{"logLevel":"debug","message":"Comparing 'com.virgosol.lingaros.step.StepImpl.findElementWithTextsAndCheckAttributeTextNextTo' and 'com.virgosol.lingaros.step.StepImpl.findElementWithTextsAndCheckAttributeTextNextTo'"}
{"logLevel":"debug","message":"Found {} li elementlerden {} değerine eşit olanın yanındaki {} elementinin {} attributesi {} mı? in current project scope."}
{"logLevel":"debug","message":"Comparing 'com.virgosol.lingaros.step.StepImpl.findElementWithTextsAndClickNextTo' and 'com.virgosol.lingaros.step.StepImpl.findElementWithTextsAndClickNextTo'"}
{"logLevel":"debug","message":"Found {} li elementlerden {} değerine eşit olanın yanındaki {} elementine tıkla in current project scope."}
{"logLevel":"debug","message":"Comparing 'com.virgosol.lingaros.step.StepImpl.findElementWithTextAndCheckAttributeTextNextTo' and 'com.virgosol.lingaros.step.StepImpl.findElementWithTextAndCheckAttributeTextNextTo'"}
{"logLevel":"debug","message":"Found {} li elementlerden {} değerine eşit olan elementin {} attributesi {} mı? in current project scope."}
{"logLevel":"debug","message":"Comparing 'com.virgosol.lingaros.step.StepImpl.checkTextContainsNextTo' and 'com.virgosol.lingaros.step.StepImpl.checkTextContainsNextTo'"}
{"logLevel":"debug","message":"Found {} li elementin yanındaki {} elementinin texti {} içeriyor mi? in current project scope."}
{"logLevel":"debug","message":"Comparing 'com.virgosol.lingaros.step.StepImpl.findElementWithTextsAndSendKeyAllignment' and 'com.virgosol.lingaros.step.StepImpl.findElementWithTextsAndSendKeyAllignment'"}
{"logLevel":"debug","message":"Found {} li elementlerden {} değerine eşit olan ile aynı sıralamada yanındaki {} elementine {} değerini yaz in current project scope."}
{"logLevel":"debug","message":"Comparing 'com.virgosol.lingaros.step.StepImpl.findElementWithTextsAndClickAllignment' and 'com.virgosol.lingaros.step.StepImpl.findElementWithTextsAndClickAllignment'"}
{"logLevel":"debug","message":"Found {} li elementlerden {} değerine eşit olan ile aynı sıralamada yanındaki {} elementine tıkla in current project scope."}
{"logLevel":"debug","message":"Comparing 'com.virgosol.lingaros.step.StepImpl.checkTextContains' and 'com.virgosol.lingaros.step.StepImpl.checkTextContains'"}
{"logLevel":"debug","message":"Found {} li elementin texti {} içeriyor mu? in current project scope."}
{"logLevel":"debug","message":"Comparing 'com.virgosol.lingaros.step.StepImpl.closePage' and 'com.virgosol.lingaros.step.StepImpl.closePage'"}
{"logLevel":"debug","message":"Found Bulunduğun sayfayı kapat in current project scope."}
{"logLevel":"debug","message":"Comparing 'com.virgosol.lingaros.step.StepImpl.checkTextsElement' and 'com.virgosol.lingaros.step.StepImpl.checkTextsElement'"}
{"logLevel":"debug","message":"Found {} li elementlerin texti var mı? in current project scope."}
{"logLevel":"debug","message":"Comparing 'com.virgosol.lingaros.step.StepImpl.sendKeyNextTo' and 'com.virgosol.lingaros.step.StepImpl.sendKeyNextTo'"}
{"logLevel":"debug","message":"Found {} li elementin yanındaki {} elementine {} degerini yaz in current project scope."}
{"logLevel":"debug","message":"Comparing 'com.virgosol.lingaros.step.StepImpl.checkText' and 'com.virgosol.lingaros.step.StepImpl.checkText'"}
{"logLevel":"debug","message":"Found {} li elementin texti var mı? in current project scope."}
{"logLevel":"debug","message":"Comparing 'com.virgosol.lingaros.step.StepImpl.bekle' and 'com.virgosol.lingaros.step.StepImpl.bekle'"}
{"logLevel":"debug","message":"Found {} sn bekle in current project scope."}
{"logLevel":"debug","message":"Comparing 'com.virgosol.lingaros.step.StepImpl.checkElement' and 'com.virgosol.lingaros.step.StepImpl.checkElement'"}
{"logLevel":"debug","message":"Found {} li element var mı? in current project scope."}
{"logLevel":"debug","message":"Comparing 'com.virgosol.lingaros.step.StepImpl.setAttributeNextTo' and 'com.virgosol.lingaros.step.StepImpl.setAttributeNextTo'"}
{"logLevel":"debug","message":"Found {} li elementin yanındaki {} elementinin {} attributesini {} yap in current project scope."}
{"logLevel":"debug","message":"Comparing 'com.virgosol.lingaros.step.StepImpl.checkTextEqualsNextTo' and 'com.virgosol.lingaros.step.StepImpl.checkTextEqualsNextTo'"}
{"logLevel":"debug","message":"Found {} li elementin yanındaki {} elementinin texti {} mi? in current project scope."}
{"logLevel":"debug","message":"Comparing 'com.virgosol.lingaros.step.StepImpl.findElementWithTextsAndSaveAttribute' and 'com.virgosol.lingaros.step.StepImpl.findElementWithTextsAndSaveAttribute'"}
{"logLevel":"debug","message":"Found {} li elementlerden {} değerine eşit olanın {} attributesini {} olarak kaydet in current project scope."}
{"logLevel":"debug","message":"Comparing 'com.virgosol.lingaros.step.StepImpl.findElementWithTextsAndCheckClickable' and 'com.virgosol.lingaros.step.StepImpl.findElementWithTextsAndCheckClickable'"}
{"logLevel":"debug","message":"Found {} li elementlerden {} değerine eşit olan tıklanabilir mi? in current project scope."}
{"logLevel":"debug","message":"Comparing 'com.virgosol.lingaros.step.StepImpl.findElementWithTextsAndSendKeyNextTo' and 'com.virgosol.lingaros.step.StepImpl.findElementWithTextsAndSendKeyNextTo'"}
{"logLevel":"debug","message":"Found {} li elementlerden {} değerine eşit olanın yanındaki {} elementine {} değerini yaz in current project scope."}
{"logLevel":"debug","message":"Comparing 'com.virgosol.lingaros.step.StepImpl.findElementWithTextsAndCheckAttributeNextTo' and 'com.virgosol.lingaros.step.StepImpl.findElementWithTextsAndCheckAttributeNextTo'"}
{"logLevel":"debug","message":"Found {} li elementlerden {} değerine eşit olanın yanındaki {} elementinin {} attributesi var mı? in current project scope."}
{"logLevel":"debug","message":"Comparing 'com.virgosol.lingaros.step.StepImpl.saveTextNextTo' and 'com.virgosol.lingaros.step.StepImpl.saveTextNextTo'"}
{"logLevel":"debug","message":"Found {} li elementin yanındaki {} elementinin textini {} olarak kaydet in current project scope."}
{"logLevel":"debug","message":"Comparing 'com.virgosol.lingaros.step.StepImpl.saveAttributeNextTo' and 'com.virgosol.lingaros.step.StepImpl.saveAttributeNextTo'"}
{"logLevel":"debug","message":"Found {} li elementin yanındaki {} elementinin {} attributesini {} olarak kaydet in current project scope."}
{"logLevel":"debug","message":"Comparing 'com.virgosol.lingaros.step.StepImpl.checkAttribute' and 'com.virgosol.lingaros.step.StepImpl.checkAttribute'"}
{"logLevel":"debug","message":"Found {} li elementin {} attributesi var mı? in current project scope."}
{"logLevel":"debug","message":"Comparing 'com.virgosol.lingaros.step.StepImpl.findElementWithTextsAndHoverNextTo' and 'com.virgosol.lingaros.step.StepImpl.findElementWithTextsAndHoverNextTo'"}
{"logLevel":"debug","message":"Found {} li elementlerden {} değerine eşit olanın yanındaki {} elementinin üzerine gel in current project scope."}
{"logLevel":"debug","message":"Comparing 'com.virgosol.lingaros.step.StepImpl.findElementWithTextsAndFindElementWithTextAndSaveTextNextTo' and 'com.virgosol.lingaros.step.StepImpl.findElementWithTextsAndFindElementWithTextAndSaveTextNextTo'"}
{"logLevel":"debug","message":"Found {} li elementlerden {} değerine eşit olanın yanındaki {} li elementlerden {} değerine eşit olanın yanındaki {} elementinin textini {} olarak kaydet in current project scope."}
{"logLevel":"debug","message":"Comparing 'com.virgosol.lingaros.step.StepImpl.findElementWithTextsAndFindElementWithTextAndFindWithTextNextTo' and 'com.virgosol.lingaros.step.StepImpl.findElementWithTextsAndFindElementWithTextAndFindWithTextNextTo'"}
{"logLevel":"debug","message":"Found {} li elementlerden {} değerine eşit olanın yanındaki {} li elementlerden {} değerine eşit olanın yanındaki {} elementinin texti {} mı? in current project scope."}
{"logLevel":"debug","message":"Comparing 'com.virgosol.lingaros.step.StepImpl.findElementWithTextsAndFindElementWithTextAndClickNextTo' and 'com.virgosol.lingaros.step.StepImpl.findElementWithTextsAndFindElementWithTextAndClickNextTo'"}
{"logLevel":"debug","message":"Found {} li elementlerden {} değerine eşit olanın yanındaki {} li elementlerden {} değerine eşit olanın yanındaki {} elementine tıkla in current project scope."}
{"logLevel":"debug","message":"Comparing 'com.virgosol.lingaros.step.StepImpl.backPage' and 'com.virgosol.lingaros.step.StepImpl.backPage'"}
{"logLevel":"debug","message":"Found Bulunduğun sayfada geri git in current project scope."}
{"logLevel":"debug","message":"Comparing 'com.virgosol.lingaros.step.StepImpl.checkElementNextTo' and 'com.virgosol.lingaros.step.StepImpl.checkElementNextTo'"}
{"logLevel":"debug","message":"Found {} li elementin yanındaki {} element var mı? in current project scope."}
{"logLevel":"debug","message":"Comparing 'com.virgosol.lingaros.step.StepImpl.forwardPage' and 'com.virgosol.lingaros.step.StepImpl.forwardPage'"}
{"logLevel":"debug","message":"Found Bulunduğun sayfada ileri git in current project scope."}
{"logLevel":"debug","message":"Comparing 'com.virgosol.lingaros.step.StepImpl.findElementsCheckTextsAndCheckElementsTextNextTo' and 'com.virgosol.lingaros.step.StepImpl.findElementsCheckTextsAndCheckElementsTextNextTo'"}
{"logLevel":"debug","message":"Found {} li elementlerden texti olanın yanındaki {} elementin texti var mı? in current project scope."}
{"logLevel":"debug","message":"Comparing 'com.virgosol.lingaros.step.StepImpl.findElementWithTextsAndOrderAllignment' and 'com.virgosol.lingaros.step.StepImpl.findElementWithTextsAndOrderAllignment'"}
{"logLevel":"debug","message":"Found {} li elementlerden {} değerine eşit olan ile aynı sıralamada altındaki {} verileri {} olarak sıralı mı in current project scope."}
{"logLevel":"debug","message":"Comparing 'com.virgosol.lingaros.step.StepImpl.checkElements' and 'com.virgosol.lingaros.step.StepImpl.checkElements'"}
{"logLevel":"debug","message":"Found {} li elementler var mı? in current project scope."}
{"logLevel":"debug","message":"Comparing 'com.virgosol.lingaros.step.StepImpl.findElementWithTextsAndCheckAttribute' and 'com.virgosol.lingaros.step.StepImpl.findElementWithTextsAndCheckAttribute'"}
{"logLevel":"debug","message":"Found {} li elementlerden {} değerine eşit olanın {} attributesi var mı? in current project scope."}
{"logLevel":"debug","message":"Comparing 'com.virgosol.lingaros.step.StepImpl.clickElementNextTo' and 'com.virgosol.lingaros.step.StepImpl.clickElementNextTo'"}
{"logLevel":"debug","message":"Found {} li elementin yanındaki {} elementine tikla in current project scope."}
{"logLevel":"debug","message":"Comparing 'com.virgosol.lingaros.step.StepImpl.checkClickableNextTo' and 'com.virgosol.lingaros.step.StepImpl.checkClickableNextTo'"}
{"logLevel":"debug","message":"Found {} li elementin yanındaki {} elementi tıklanabilir mi? in current project scope."}
{"logLevel":"debug","message":"Comparing 'com.virgosol.lingaros.step.StepImpl.findElementWithTextsAndSelect' and 'com.virgosol.lingaros.step.StepImpl.findElementWithTextsAndSelect'"}
{"logLevel":"debug","message":"Found {} li elementlerden {} değerine eşit olanı seç in current project scope."}
{"logLevel":"debug","message":"Comparing 'com.virgosol.lingaros.step.StepImpl.findElementWithTextsAndSaveText' and 'com.virgosol.lingaros.step.StepImpl.findElementWithTextsAndSaveText'"}
{"logLevel":"debug","message":"Found {} li elementlerden {} değerine eşit olanın textini {} olarak kaydet in current project scope."}
{"logLevel":"debug","message":"Comparing 'com.virgosol.lingaros.step.StepImpl.findElementWithTextsAndFindElementWithTextNextTo' and 'com.virgosol.lingaros.step.StepImpl.findElementWithTextsAndFindElementWithTextNextTo'"}
{"logLevel":"debug","message":"Found {} li elementlerden {} değerine eşit olanın yanındaki {} li elementlerden {} değerine eşit olan var mı? in current project scope."}
{"logLevel":"debug","message":"Comparing 'com.virgosol.lingaros.step.StepImpl.checkTextEquals' and 'com.virgosol.lingaros.step.StepImpl.checkTextEquals'"}
{"logLevel":"debug","message":"Found {} li elementin texti {} mi? in current project scope."}
{"logLevel":"debug","message":"Comparing 'com.virgosol.lingaros.step.StepImpl.findElementWithTextAndCheckAttributeText' and 'com.virgosol.lingaros.step.StepImpl.findElementWithTextAndCheckAttributeText'"}
{"logLevel":"debug","message":"Found {} li elementin {} attributesi {} mi in current project scope."}
{"logLevel":"debug","message":"Comparing 'com.virgosol.lingaros.step.StepImpl.findElementWithTextsAndSaveAttributeNextTo' and 'com.virgosol.lingaros.step.StepImpl.findElementWithTextsAndSaveAttributeNextTo'"}
{"logLevel":"debug","message":"Found {} li elementlerden {} değerine eşit olanın yanındaki {} elementinin {} attributesini {} olarak kaydet in current project scope."}
{"logLevel":"debug","message":"Comparing 'com.virgosol.lingaros.step.StepImpl.checkUrl' and 'com.virgosol.lingaros.step.StepImpl.checkUrl'"}
{"logLevel":"debug","message":"Found Sayfanın url i {} mı? in current project scope."}
{"logLevel":"debug","message":"Comparing 'com.virgosol.lingaros.step.StepImpl.findElementWithTextsAndSaveTextNextTo' and 'com.virgosol.lingaros.step.StepImpl.findElementWithTextsAndSaveTextNextTo'"}
{"logLevel":"debug","message":"Found {} li elementlerden {} değerine eşit olanın yanındaki {} elementinin textini {} olarak kaydet in current project scope."}
{"logLevel":"debug","message":"Comparing 'com.virgosol.lingaros.step.StepImpl.saveAttribute' and 'com.virgosol.lingaros.step.StepImpl.saveAttribute'"}
{"logLevel":"debug","message":"Found {} li elementin {} attributesini {} olarak kaydet in current project scope."}
{"logLevel":"debug","message":"Comparing 'com.virgosol.lingaros.step.StepImpl.findElementWithTextsAndCheckClickableNextTo' and 'com.virgosol.lingaros.step.StepImpl.findElementWithTextsAndCheckClickableNextTo'"}
{"logLevel":"debug","message":"Found {} li elementlerden {} değerine eşit olanın yanındaki {} elementi tıklanabilir mi? in current project scope."}
{"logLevel":"debug","message":"Comparing 'com.virgosol.lingaros.step.StepImpl.findElementWithTextsAndCheckText' and 'com.virgosol.lingaros.step.StepImpl.findElementWithTextsAndCheckText'"}
{"logLevel":"debug","message":"Found {} li elementlerden {} değerine eşit olan var mı? in current project scope."}
{"logLevel":"debug","message":"Comparing 'com.virgosol.lingaros.step.StepImpl.findElementWithTextsAndSendKey' and 'com.virgosol.lingaros.step.StepImpl.findElementWithTextsAndSendKey'"}
{"logLevel":"debug","message":"Found {} li elementlerden {} değerine eşit olana {} değerini yaz in current project scope."}
{"logLevel":"debug","message":"Comparing 'com.virgosol.lingaros.step.StepImpl.deleteText' and 'com.virgosol.lingaros.step.StepImpl.deleteText'"}
{"logLevel":"debug","message":"Found {} li elementin içindekileri sil in current project scope."}
{"logLevel":"debug","message":"Comparing 'com.virgosol.lingaros.step.StepImpl.setAttribute' and 'com.virgosol.lingaros.step.StepImpl.setAttribute'"}
{"logLevel":"debug","message":"Found {} li elementin {} attributesini {} yap in current project scope."}
{"logLevel":"debug","message":"Comparing 'com.virgosol.lingaros.step.StepImpl.checkTextNextTo' and 'com.virgosol.lingaros.step.StepImpl.checkTextNextTo'"}
{"logLevel":"debug","message":"Found {} li elementin yanındaki {} elementinin texti var mı? in current project scope."}
{"logLevel":"debug","message":"Comparing 'com.virgosol.lingaros.step.StepImpl.checkTitle' and 'com.virgosol.lingaros.step.StepImpl.checkTitle'"}
{"logLevel":"debug","message":"Found Sayfanın title ı {} mı? in current project scope."}
{"logLevel":"debug","message":"Comparing 'com.virgosol.lingaros.step.StepImpl.findElementWithTextsAndSetAttributeNextTo' and 'com.virgosol.lingaros.step.StepImpl.findElementWithTextsAndSetAttributeNextTo'"}
{"logLevel":"debug","message":"Found {} li elementlerden {} değerine eşit olanın yanındaki {} elementinin {} attributesini {} yap in current project scope."}
{"logLevel":"debug","message":"Comparing 'com.virgosol.lingaros.step.StepImpl.checkAttributeNextTo' and 'com.virgosol.lingaros.step.StepImpl.checkAttributeNextTo'"}
{"logLevel":"debug","message":"Found {} li elementin yanındaki {} elementinin {} attributesi var mı? in current project scope."}
{"logLevel":"debug","message":"Comparing 'com.virgosol.lingaros.step.StepImpl.refreshPage' and 'com.virgosol.lingaros.step.StepImpl.refreshPage'"}
{"logLevel":"debug","message":"Found Bulunduğun sayfayı yenile in current project scope."}
{"logLevel":"debug","message":"Comparing 'com.virgosol.lingaros.step.StepImpl.findElementWithTextsAndSelectNextTo' and 'com.virgosol.lingaros.step.StepImpl.findElementWithTextsAndSelectNextTo'"}
{"logLevel":"debug","message":"Found {} li elementlerden {} değerine eşit olanın yanındaki {} elementini seç in current project scope."}
{"logLevel":"debug","message":"Comparing 'com.virgosol.lingaros.step.StepImpl.findElementWithTextsAndCheckElementNextTo' and 'com.virgosol.lingaros.step.StepImpl.findElementWithTextsAndCheckElementNextTo'"}
{"logLevel":"debug","message":"Found {} li elementlerden {} değerine eşit olanın yanındaki {} element var mı? in current project scope."}
{"logLevel":"debug","message":"Comparing 'com.virgosol.lingaros.step.StepImpl.navigateFrame' and 'com.virgosol.lingaros.step.StepImpl.navigateFrame'"}
{"logLevel":"debug","message":"Found Frameden ana sayfaya geç in current project scope."}
{"logLevel":"debug","message":"Comparing 'com.virgosol.lingaros.step.StepImpl.navigateFrame' and 'com.virgosol.lingaros.step.StepImpl.navigateFrame'"}
{"logLevel":"debug","message":"Found {} isimli frame e geç in current project scope."}
{"logLevel":"debug","message":"Scanning packages for hooks"}
{"logLevel":"debug","message":"Scanned steps (using static parsing + reflections): "}
{"logLevel":"debug","message":"\tBulunduğun sayfayı kapat : public void closePage()"}
{"logLevel":"debug","message":"\t{} li elementlerden {} değerine eşit olanın {} attributesini {} yap : public void findElementWithTextsAndSetAttribute(String key, String text, String attr, String text2)"}
{"logLevel":"debug","message":"\t{} li elementin {} attributesini {} olarak kaydet : public void saveAttribute(String key, String attr, String key2)"}
{"logLevel":"debug","message":"\tBeklemeleri ac : public void openWait()"}
{"logLevel":"debug","message":"\t{} li elementin textini {} olarak kaydet : public void saveText(String key, String key2)"}
{"logLevel":"debug","message":"\t{} li elementin {} attributesi {} mi : public void findElementWithTextAndCheckAttributeText(String key, String attr, String attrtext)"}
{"logLevel":"debug","message":"\t{} li elementlerden {} değerine eşit olan var mı? : public void findElementWithTextsAndCheckText(String key, String text)"}
{"logLevel":"debug","message":"\t{} li elementin yanındaki {} elementinin {} attributesi var mı? : public void checkAttributeNextTo(String key, String key2, String attr)"}
{"logLevel":"debug","message":"\t{} li elementin texti {} mi? : public void checkTextEquals(String key, String text)"}
{"logLevel":"debug","message":"\tSayfanın title ı {} mı? : public void checkTitle(String title)"}
{"logLevel":"debug","message":"\t{} li elementlerden {} değerine eşit olan elementin {} attributesi {} mı? : public void findElementWithTextAndCheckAttributeTextNextTo(String key, String text, String attr, String attrtext)"}
{"logLevel":"debug","message":"\tBulunduğun sayfada ileri git : public void forwardPage()"}
{"logLevel":"debug","message":"\t{} li elementin yanındaki {} element var mı? : public void checkElementNextTo(String key, String key2)"}
{"logLevel":"debug","message":"\t{} li elementlerden {} değerine eşit olana tıkla : public void findElementWithTextsAndClick(String key, String text)"}
{"logLevel":"debug","message":"\t{} li elementin yanındaki {} elementi tıklanabilir mi? : public void checkClickableNextTo(String key, String key2)"}
{"logLevel":"debug","message":"\t{} li elementin üzerine gel : public void hoverElement(String key)"}
{"logLevel":"debug","message":"\t{} li elementin yanındaki {} elementinin üzerine gel : public void hoverElementNextTo(String key, String key2)"}
{"logLevel":"debug","message":"\t{} li elementlerden {} değerine eşit olanın yanındaki {} elementinin üzerine gel : public void findElementWithTextsAndHoverNextTo(String key, String text, String key2)"}
{"logLevel":"debug","message":"\t{} li elementlerden {} değerine eşit olanın yanındaki {} elementine tıkla : public void findElementWithTextsAndClickNextTo(String key, String text, String key2)"}
{"logLevel":"debug","message":"\t{} li elementlerden {} değerine eşit olan tıklanabilir mi? : public void findElementWithTextsAndCheckClickable(String key, String text)"}
{"logLevel":"debug","message":"\t{} li elemente tikla : public void clickElement(String key)"}
{"logLevel":"debug","message":"\t{} li elementin {} attributesi var mı? : public void checkAttribute(String key, String attr)"}
{"logLevel":"debug","message":"\t{} li elementlerden {} değerine eşit olanın textini {} olarak kaydet : public void findElementWithTextsAndSaveText(String key, String text, String key2)"}
{"logLevel":"debug","message":"\t{} li elementin {} attributesini {} yap : public void setAttribute(String key, String attr, String text)"}
{"logLevel":"debug","message":"\t{} li elementlerden {} değerine eşit olan ile aynı sıralamada yanındaki {} elementine tıkla : public void findElementWithTextsAndClickAllignment(String key, String text, String key2)"}
{"logLevel":"debug","message":"\tYeni açılan sayfaya geç : public void navigateWindow()"}
{"logLevel":"debug","message":"\t{} li elementlerden {} değerine eşit olan ile aynı sıralamada yanındaki {} elementine {} değerini yaz : public void findElementWithTextsAndSendKeyAllignment(String key, String text, String key2, String text2)"}
{"logLevel":"debug","message":"\t{} li elementlerden {} değerine eşit olanın yanındaki {} li elementlerden {} değerine eşit olan var mı? : public void findElementWithTextsAndFindElementWithTextNextTo(String key, String text, String key2, String text2)"}
{"logLevel":"debug","message":"\t{} li elementlerden {} değerine eşit olanın {} attributesini {} olarak kaydet : public void findElementWithTextsAndSaveAttribute(String key, String text, String attr, String key2)"}
{"logLevel":"debug","message":"\t{} isimli frame e geç : public void navigateFrame(String frame)"}
{"logLevel":"debug","message":"\t{} li elementlerden {} değerine eşit olanın üzerine gel : public void findElementWithTextsAndHover(String key, String text)"}
{"logLevel":"debug","message":"\tSend keys to element with key {} and text {} : public void sendKey(String key, String text)"}
{"logLevel":"debug","message":"\t{} li elemente {} degerini yaz : public void sendKey(String key, String text)"}
{"logLevel":"debug","message":"\t{} li elementin yanındaki {} elementine tikla : public void clickElementNextTo(String key, String key2)"}
{"logLevel":"debug","message":"\t{} li elementlerden {} değerine eşit olanın yanındaki {} elementini seç : public void findElementWithTextsAndSelectNextTo(String key, String text, String key2)"}
{"logLevel":"debug","message":"\t{} li elementin yanındaki {} elementinin texti var mı? : public void checkTextNextTo(String key, String key2)"}
{"logLevel":"debug","message":"\t{} li elementin yanındaki {} elementinin texti {} içeriyor mi? : public void checkTextContainsNextTo(String key, String key2, String text)"}
{"logLevel":"debug","message":"\t{} li element var mı? : public void checkElement(String key)"}
{"logLevel":"debug","message":"\t{} li elementlerden {} değerine eşit olanın yanındaki {} elementi tıklanabilir mi? : public void findElementWithTextsAndCheckClickableNextTo(String key, String text, String key2)"}
{"logLevel":"debug","message":"\t{} li elementin yanındaki {} elementinin textini {} olarak kaydet : public void saveTextNextTo(String key, String key2, String key3)"}
{"logLevel":"debug","message":"\t{} li elementlerden texti olanın yanındaki {} elementi var mı? : public void findElementsCheckTextsAndCheckElementNextTo(String key, String key2)"}
{"logLevel":"debug","message":"\t{} li elementlerden {} değerine eşit olanın yanındaki {} li elementlerden {} değerine eşit olanın yanındaki {} elementine tıkla : public void findElementWithTextsAndFindElementWithTextAndClickNextTo(String key, String text, String key2, String text2, String key3)"}
{"logLevel":"debug","message":"\t{} li elementlerden {} değerine eşit olanın yanındaki {} elementinin {} attributesi var mı? : public void findElementWithTextsAndCheckAttributeNextTo(String key, String text, String key2, String attr)"}
{"logLevel":"debug","message":"\t{} li elementin yanındaki {} elementinin {} attributesini {} yap : public void setAttributeNextTo(String key, String key2, String attr, String text)"}
{"logLevel":"debug","message":"\t{} li element tıklanabilir mi? : public void checkClickable(String key)"}
{"logLevel":"debug","message":"\t{} li elementlerden {} değerine eşit olanın yanındaki {} li elementlerden {} değerine eşit olanın yanındaki {} elementinin textini {} olarak kaydet : public void findElementWithTextsAndFindElementWithTextAndSaveTextNextTo(String key, String text, String key2, String text2, String key3, String text3)"}
{"logLevel":"debug","message":"\tBulunduğun sayfada geri git : public void backPage()"}
{"logLevel":"debug","message":"\t{} li elementin içindekileri sil : public void deleteText(String key)"}
{"logLevel":"debug","message":"\t{} li elementlerden {} değerine eşit olanın yanındaki {} elementinin {} attributesi {} mı? : public void findElementWithTextsAndCheckAttributeTextNextTo(String key, String text, String key2, String attr, String attrtext)"}
{"logLevel":"debug","message":"\t{} li elementin texti {} içeriyor mu? : public void checkTextContains(String key, String text)"}
{"logLevel":"debug","message":"\t{} li elementlerden texti olanın yanındaki {} elementin texti var mı? : public void findElementsCheckTextsAndCheckElementsTextNextTo(String key, String key2)"}
{"logLevel":"debug","message":"\tFrameden ana sayfaya geç : public void navigateFrame()"}
{"logLevel":"debug","message":"\t{} li elementlerden {} değerine eşit olanın yanındaki {} li elementlerden {} değerine eşit olanın yanındaki {} elementinin texti {} mı? : public void findElementWithTextsAndFindElementWithTextAndFindWithTextNextTo(String key, String text, String key2, String text2, String key3, String text3)"}
{"logLevel":"debug","message":"\t{} li elementler var mı? : public void checkElements(String key)"}
{"logLevel":"debug","message":"\tBeklemeleri kapat : public void closeWait()"}
{"logLevel":"debug","message":"\t{} li elementlerden {} değerine eşit olanı seç : public void findElementWithTextsAndSelect(String key, String text)"}
{"logLevel":"debug","message":"\t{} li elementlerden {} değerine eşit olanın yanındaki {} elementinin textini {} olarak kaydet : public void findElementWithTextsAndSaveTextNextTo(String key, String text, String key2, String key3)"}
{"logLevel":"debug","message":"\t{} li elementin yanındaki {} elementinin texti {} mi? : public void checkTextEqualsNextTo(String key, String key2, String text)"}
{"logLevel":"debug","message":"\t{} li elementin texti var mı? : public void checkText(String key)"}
{"logLevel":"debug","message":"\t{} li elementlerden {} değerine eşit olan ile aynı sıralamada altındaki {} verileri {} olarak sıralı mı : public void findElementWithTextsAndOrderAllignment(String key, String text, String key2, String text2)"}
{"logLevel":"debug","message":"\tClick element with key {} : public void clickElement(String key)"}
{"logLevel":"debug","message":"\t{} sn bekle : public void bekle(String key) throws InterruptedException"}
{"logLevel":"debug","message":"\t{} li elementin yanındaki {} elementinin {} attributesini {} olarak kaydet : public void saveAttributeNextTo(String key, String key2, String attr, String key3)"}
{"logLevel":"debug","message":"\t{} li elementlerden {} değerine eşit olanın yanındaki {} elementlerinden {} değerine eşit olana tıkla : public void findElementWithTextsAndClickWithTextNextTo(String key, String text, String key2, String text2)"}
{"logLevel":"debug","message":"\t{} li elementin yanındaki {} elementine {} degerini yaz : public void sendKeyNextTo(String key, String key2, String text)"}
{"logLevel":"debug","message":"\tBulunduğun sayfayı yenile : public void refreshPage()"}
{"logLevel":"debug","message":"\t{} li elementlerden {} değerine eşit olanın yanındaki {} elementine {} değerini yaz : public void findElementWithTextsAndSendKeyNextTo(String key, String text, String key2, String text2)"}
{"logLevel":"debug","message":"\t{} li elementlerden {} değerine eşit olanın yanındaki {} elementinin {} attributesini {} olarak kaydet : public void findElementWithTextsAndSaveAttributeNextTo(String key, String text, String key2, String attr, String key3)"}
{"logLevel":"debug","message":"\t{} li elementlerden {} değerine eşit olanın yanındaki {} elementinin {} attributesini {} yap : public void findElementWithTextsAndSetAttributeNextTo(String key, String text, String key2, String attr, String text2)"}
{"logLevel":"debug","message":"\t{} li elementlerden {} değerine eşit olanın {} attributesi var mı? : public void findElementWithTextsAndCheckAttribute(String key, String text, String attr)"}
{"logLevel":"debug","message":"\tframe gir : public void framegir()"}
{"logLevel":"debug","message":"\t{} li elementlerden {} değerine eşit olanın yanındaki {} element var mı? : public void findElementWithTextsAndCheckElementNextTo(String key, String text, String key2)"}
{"logLevel":"debug","message":"\t{} li elementlerin texti var mı? : public void checkTextsElement(String key)"}
{"logLevel":"debug","message":"\t{} li elementlerden {} değerine eşit olana {} değerini yaz : public void findElementWithTextsAndSendKey(String key, String text, String text2)"}
{"logLevel":"debug","message":"\tSayfanın url i {} mı? : public void checkUrl(String url)"}
2021-05-21 17:25:49.630 [pool-2-thread-1] WARN  com.vrgsl.qa.setBaseUrl(41) - Env System Property Not Found Default Use Test Url
2021-05-21 17:25:49.636 [pool-2-thread-1] INFO  com.vrgsl.qa.<init>(42) - Report create and save disabled configuration!
Starting ChromeDriver 90.0.4430.24 (4c6d850f087da467d926e8eddb76550aed655991-refs/branch-heads/4430@{#429}) on port 6890
Only local connections are allowed.
Please see https://chromedriver.chromium.org/security-considerations for suggestions on keeping ChromeDriver safe.
ChromeDriver was started successfully.
May 21, 2021 5:25:51 PM org.openqa.selenium.remote.ProtocolHandshake createSession
INFO: Detected dialect: W3C
2021-05-21 17:25:51.935 [pool-2-thread-1] INFO  com.vrgsl.qa.initFeather(24) - Init Feather Injections
2021-05-21 17:25:52.017 [pool-2-thread-1] INFO  com.vrgsl.qa.logWaitSelected(195) - Wait Configuration
page load=true
ajax load=true
angular load=false
2021-05-21 17:25:52.019 [pool-2-thread-1] INFO  com.vrgsl.qa.inject(8) - Inject Starting...
2021-05-21 17:25:56.397 [pool-2-thread-1] INFO  com.vrgsl.qa.afterNavigateTo(66) - Navigate To Page Url=https://www.allianz.com.tr/
2021-05-21 17:25:57.618 [pool-2-thread-1] INFO  com.vrgsl.qa.testStepBefore(59) - Sayfanın url i "https://www.allianz.com.tr/tr_TR.html#!/view1" mı? adimi basladi
{"logLevel":"debug","message":"Executing 'Sayfanın url i {} mı?' using 'class com.virgosol.lingaros.step.StepImpl.checkUrl"}
2021-05-21 17:25:57.638 [pool-2-thread-1] INFO  com.vrgsl.qa.testStep(77) - Sayfanın url i "https://www.allianz.com.tr/tr_TR.html#!/view1" mı? adimi basariyla bitti
2021-05-21 17:25:59.604 [pool-2-thread-1] INFO  com.vrgsl.qa.testStepBefore(59) - "cookieButton" li elemente tikla adimi basladi
{"logLevel":"debug","message":"Executing '{} li elemente tikla' using 'class com.virgosol.lingaros.step.StepImpl.clickElement"}
2021-05-21 17:25:59.649 [pool-2-thread-1] INFO  com.vrgsl.qa.beforeFindBy(103) - Finding Element  By.cssSelector: .accept-cookies-button
2021-05-21 17:25:59.679 [pool-2-thread-1] INFO  com.vrgsl.qa.afterFindBy(111) - Find Element Success ByName=By.cssSelector: .accept-cookies-button TagName=button
2021-05-21 17:25:59.720 [pool-2-thread-1] INFO  com.vrgsl.qa.beforeFindBy(103) - Finding Element  By.cssSelector: .accept-cookies-button
2021-05-21 17:25:59.741 [pool-2-thread-1] INFO  com.vrgsl.qa.afterFindBy(111) - Find Element Success ByName=By.cssSelector: .accept-cookies-button TagName=button
2021-05-21 17:25:59.876 [pool-2-thread-1] INFO  com.vrgsl.qa.testStep(77) - "cookieButton" li elemente tikla adimi basariyla bitti
2021-05-21 17:26:01.347 [pool-2-thread-1] INFO  com.vrgsl.qa.testStepBefore(59) - "anasayfaLogo" li element var mı? adimi basladi
{"logLevel":"debug","message":"Executing '{} li element var mı?' using 'class com.virgosol.lingaros.step.StepImpl.checkElement"}
2021-05-21 17:26:01.349 [pool-2-thread-1] INFO  com.vrgsl.qa.beforeFindBy(103) - Finding Element  By.cssSelector: .c-header__logo-image-default
2021-05-21 17:26:01.378 [pool-2-thread-1] INFO  com.vrgsl.qa.afterFindBy(111) - Find Element Success ByName=By.cssSelector: .c-header__logo-image-default TagName=span
2021-05-21 17:26:01.386 [pool-2-thread-1] INFO  com.vrgsl.qa.testStep(77) - "anasayfaLogo" li element var mı? adimi basariyla bitti
2021-05-21 17:26:02.552 [pool-2-thread-1] INFO  com.vrgsl.qa.testStepBefore(59) - "menuIsim" li elementlerden "Bize Ulaşın" değerine eşit olanın üzerine gel adimi basladi
{"logLevel":"debug","message":"Executing '{} li elementlerden {} değerine eşit olanın üzerine gel' using 'class com.virgosol.lingaros.step.StepImpl.findElementWithTextsAndHover"}
2021-05-21 17:26:02.557 [pool-2-thread-1] INFO  com.vrgsl.qa.beforeFindBy(103) - Finding Element  By.cssSelector: .c-header__navigation-item-title > a
2021-05-21 17:26:02.582 [pool-2-thread-1] INFO  com.vrgsl.qa.beforeFindBy(103) - Finding Element  By.cssSelector: .c-header__navigation-item-title > a
2021-05-21 17:26:02.836 [pool-2-thread-1] INFO  com.vrgsl.qa.testStep(77) - "menuIsim" li elementlerden "Bize Ulaşın" değerine eşit olanın üzerine gel adimi basariyla bitti
2021-05-21 17:26:04.024 [pool-2-thread-1] INFO  com.vrgsl.qa.testStepBefore(59) - "menuBasliklar" li elementlerden "İletişim Formu" değerine eşit olana tıkla adimi basladi
{"logLevel":"debug","message":"Executing '{} li elementlerden {} değerine eşit olana tıkla' using 'class com.virgosol.lingaros.step.StepImpl.findElementWithTextsAndClick"}
2021-05-21 17:26:04.026 [pool-2-thread-1] INFO  com.vrgsl.qa.beforeFindBy(103) - Finding Element  By.cssSelector: .c-header__navigation-level-2-title
2021-05-21 17:26:04.051 [pool-2-thread-1] INFO  com.vrgsl.qa.beforeFindBy(103) - Finding Element  By.cssSelector: .c-header__navigation-level-2-title
2021-05-21 17:26:06.490 [pool-2-thread-1] INFO  com.vrgsl.qa.testStep(77) - "menuBasliklar" li elementlerden "İletişim Formu" değerine eşit olana tıkla adimi basariyla bitti
2021-05-21 17:26:06.900 [pool-2-thread-1] INFO  com.vrgsl.qa.testStepBefore(59) - "sayfaBaslik2" li elementin texti "İletişim Formu" mi? adimi basladi
{"logLevel":"debug","message":"Executing '{} li elementin texti {} mi?' using 'class com.virgosol.lingaros.step.StepImpl.checkTextEquals"}
2021-05-21 17:26:06.902 [pool-2-thread-1] INFO  com.vrgsl.qa.beforeFindBy(103) - Finding Element  By.cssSelector: .c-stage__content .c-heading--page
2021-05-21 17:26:06.929 [pool-2-thread-1] INFO  com.vrgsl.qa.afterFindBy(111) - Find Element Success ByName=By.cssSelector: .c-stage__content .c-heading--page TagName=h1
2021-05-21 17:26:06.934 [pool-2-thread-1] INFO  com.vrgsl.qa.beforeFindBy(103) - Finding Element  By.cssSelector: .c-stage__content .c-heading--page
2021-05-21 17:26:06.955 [pool-2-thread-1] INFO  com.vrgsl.qa.afterFindBy(111) - Find Element Success ByName=By.cssSelector: .c-stage__content .c-heading--page TagName=h1
2021-05-21 17:26:06.986 [pool-2-thread-1] INFO  com.vrgsl.qa.testStep(77) - "sayfaBaslik2" li elementin texti "İletişim Formu" mi? adimi basariyla bitti
2021-05-21 17:26:07.371 [pool-2-thread-1] INFO  com.vrgsl.qa.testStepBefore(59) - "musteriBilgileriDropdownLabel" li elementlerden "Şirket Tipi" değerine eşit olanın yanındaki "musteriBilgileriDropdown" elementine tıkla adimi basladi
{"logLevel":"debug","message":"Executing '{} li elementlerden {} değerine eşit olanın yanındaki {} elementine tıkla' using 'class com.virgosol.lingaros.step.StepImpl.findElementWithTextsAndClickNextTo"}
2021-05-21 17:26:07.373 [pool-2-thread-1] INFO  com.vrgsl.qa.beforeFindBy(103) - Finding Element  By.cssSelector: .nx-formfield__label-holder .nx-formfield__label
2021-05-21 17:26:07.396 [pool-2-thread-1] INFO  com.vrgsl.qa.beforeFindBy(103) - Finding Element  By.cssSelector: .nx-formfield__label-holder .nx-formfield__label
2021-05-21 17:26:07.438 [pool-2-thread-1] INFO  com.vrgsl.qa.beforeFindBy(103) - Finding Element  By.xpath: ../../nx-dropdown
2021-05-21 17:26:07.465 [pool-2-thread-1] INFO  com.vrgsl.qa.afterFindBy(111) - Find Element Success ByName=By.xpath: ../../nx-dropdown TagName=label
2021-05-21 17:26:07.669 [pool-2-thread-1] INFO  com.vrgsl.qa.testStep(77) - "musteriBilgileriDropdownLabel" li elementlerden "Şirket Tipi" değerine eşit olanın yanındaki "musteriBilgileriDropdown" elementine tıkla adimi basariyla bitti
2021-05-21 17:26:08.141 [pool-2-thread-1] INFO  com.vrgsl.qa.testStepBefore(59) - "musteriBilgileriDropdownSecenekler" li elementlerden "Allianz Yaşam ve Emeklilik" değerine eşit olana tıkla adimi basladi
{"logLevel":"debug","message":"Executing '{} li elementlerden {} değerine eşit olana tıkla' using 'class com.virgosol.lingaros.step.StepImpl.findElementWithTextsAndClick"}
2021-05-21 17:26:08.144 [pool-2-thread-1] INFO  com.vrgsl.qa.beforeFindBy(103) - Finding Element  By.cssSelector: .nx-dropdown-results__option .nx-dropdown-results__option-label
2021-05-21 17:26:08.166 [pool-2-thread-1] INFO  com.vrgsl.qa.beforeFindBy(103) - Finding Element  By.cssSelector: .nx-dropdown-results__option .nx-dropdown-results__option-label
2021-05-21 17:26:08.316 [pool-2-thread-1] INFO  com.vrgsl.qa.testStep(77) - "musteriBilgileriDropdownSecenekler" li elementlerden "Allianz Yaşam ve Emeklilik" değerine eşit olana tıkla adimi basariyla bitti
2021-05-21 17:26:08.728 [pool-2-thread-1] INFO  com.vrgsl.qa.testStepBefore(59) - "musteriBilgileriDropdownLabel" li elementlerden "Müşteri Tipi" değerine eşit olanın yanındaki "musteriBilgileriDropdown" elementine tıkla adimi basladi
{"logLevel":"debug","message":"Executing '{} li elementlerden {} değerine eşit olanın yanındaki {} elementine tıkla' using 'class com.virgosol.lingaros.step.StepImpl.findElementWithTextsAndClickNextTo"}
2021-05-21 17:26:08.730 [pool-2-thread-1] INFO  com.vrgsl.qa.beforeFindBy(103) - Finding Element  By.cssSelector: .nx-formfield__label-holder .nx-formfield__label
2021-05-21 17:26:08.749 [pool-2-thread-1] INFO  com.vrgsl.qa.beforeFindBy(103) - Finding Element  By.cssSelector: .nx-formfield__label-holder .nx-formfield__label
2021-05-21 17:26:08.812 [pool-2-thread-1] INFO  com.vrgsl.qa.beforeFindBy(103) - Finding Element  By.xpath: ../../nx-dropdown
2021-05-21 17:26:08.837 [pool-2-thread-1] INFO  com.vrgsl.qa.afterFindBy(111) - Find Element Success ByName=By.xpath: ../../nx-dropdown TagName=label
2021-05-21 17:26:08.931 [pool-2-thread-1] INFO  com.vrgsl.qa.testStep(77) - "musteriBilgileriDropdownLabel" li elementlerden "Müşteri Tipi" değerine eşit olanın yanındaki "musteriBilgileriDropdown" elementine tıkla adimi basariyla bitti
2021-05-21 17:26:09.378 [pool-2-thread-1] INFO  com.vrgsl.qa.testStepBefore(59) - "musteriBilgileriDropdownSecenekler" li elementlerden "Yeni Müşteri" değerine eşit olana tıkla adimi basladi
{"logLevel":"debug","message":"Executing '{} li elementlerden {} değerine eşit olana tıkla' using 'class com.virgosol.lingaros.step.StepImpl.findElementWithTextsAndClick"}
2021-05-21 17:26:09.381 [pool-2-thread-1] INFO  com.vrgsl.qa.beforeFindBy(103) - Finding Element  By.cssSelector: .nx-dropdown-results__option .nx-dropdown-results__option-label
2021-05-21 17:26:09.402 [pool-2-thread-1] INFO  com.vrgsl.qa.beforeFindBy(103) - Finding Element  By.cssSelector: .nx-dropdown-results__option .nx-dropdown-results__option-label
2021-05-21 17:26:09.539 [pool-2-thread-1] INFO  com.vrgsl.qa.testStep(77) - "musteriBilgileriDropdownSecenekler" li elementlerden "Yeni Müşteri" değerine eşit olana tıkla adimi basariyla bitti
2021-05-21 17:26:09.943 [pool-2-thread-1] INFO  com.vrgsl.qa.testStepBefore(59) - "musteriBilgileriDropdownLabel" li elementlerden "Branş" değerine eşit olanın yanındaki "musteriBilgileriDropdown" elementine tıkla adimi basladi
{"logLevel":"debug","message":"Executing '{} li elementlerden {} değerine eşit olanın yanındaki {} elementine tıkla' using 'class com.virgosol.lingaros.step.StepImpl.findElementWithTextsAndClickNextTo"}
2021-05-21 17:26:09.946 [pool-2-thread-1] INFO  com.vrgsl.qa.beforeFindBy(103) - Finding Element  By.cssSelector: .nx-formfield__label-holder .nx-formfield__label
2021-05-21 17:26:09.965 [pool-2-thread-1] INFO  com.vrgsl.qa.beforeFindBy(103) - Finding Element  By.cssSelector: .nx-formfield__label-holder .nx-formfield__label
2021-05-21 17:26:10.043 [pool-2-thread-1] INFO  com.vrgsl.qa.beforeFindBy(103) - Finding Element  By.xpath: ../../nx-dropdown
2021-05-21 17:26:10.067 [pool-2-thread-1] INFO  com.vrgsl.qa.afterFindBy(111) - Find Element Success ByName=By.xpath: ../../nx-dropdown TagName=label
2021-05-21 17:26:10.164 [pool-2-thread-1] INFO  com.vrgsl.qa.testStep(77) - "musteriBilgileriDropdownLabel" li elementlerden "Branş" değerine eşit olanın yanındaki "musteriBilgileriDropdown" elementine tıkla adimi basariyla bitti
2021-05-21 17:26:10.583 [pool-2-thread-1] INFO  com.vrgsl.qa.testStepBefore(59) - "musteriBilgileriDropdownSecenekler" li elementlerden "Bireysel Emeklilik" değerine eşit olana tıkla adimi basladi
{"logLevel":"debug","message":"Executing '{} li elementlerden {} değerine eşit olana tıkla' using 'class com.virgosol.lingaros.step.StepImpl.findElementWithTextsAndClick"}
2021-05-21 17:26:10.585 [pool-2-thread-1] INFO  com.vrgsl.qa.beforeFindBy(103) - Finding Element  By.cssSelector: .nx-dropdown-results__option .nx-dropdown-results__option-label
2021-05-21 17:26:10.603 [pool-2-thread-1] INFO  com.vrgsl.qa.beforeFindBy(103) - Finding Element  By.cssSelector: .nx-dropdown-results__option .nx-dropdown-results__option-label
2021-05-21 17:26:10.775 [pool-2-thread-1] INFO  com.vrgsl.qa.testStep(77) - "musteriBilgileriDropdownSecenekler" li elementlerden "Bireysel Emeklilik" değerine eşit olana tıkla adimi basariyla bitti
2021-05-21 17:26:11.160 [pool-2-thread-1] INFO  com.vrgsl.qa.testStepBefore(59) - "musteriBilgileriDropdownLabel" li elementlerden "TC Kimlik Numarası" değerine eşit olanın yanındaki "musteriBilgileriInput" elementine "15789654234" değerini yaz adimi basladi
{"logLevel":"debug","message":"Executing '{} li elementlerden {} değerine eşit olanın yanındaki {} elementine {} değerini yaz' using 'class com.virgosol.lingaros.step.StepImpl.findElementWithTextsAndSendKeyNextTo"}
2021-05-21 17:26:11.163 [pool-2-thread-1] INFO  com.vrgsl.qa.beforeFindBy(103) - Finding Element  By.cssSelector: .nx-formfield__label-holder .nx-formfield__label
2021-05-21 17:26:11.181 [pool-2-thread-1] INFO  com.vrgsl.qa.beforeFindBy(103) - Finding Element  By.cssSelector: .nx-formfield__label-holder .nx-formfield__label
Şirket Tipi
Müşteri Tipi
Branş *
TC Kimlik Numarası *
TC Kimlik Numarası *gİrdİ
2021-05-21 17:26:11.363 [pool-2-thread-1] INFO  com.vrgsl.qa.beforeFindBy(103) - Finding Element  By.xpath: ../../input
2021-05-21 17:26:11.390 [pool-2-thread-1] INFO  com.vrgsl.qa.afterFindBy(111) - Find Element Success ByName=By.xpath: ../../input TagName=label
2021-05-21 17:26:11.783 [pool-2-thread-1] INFO  com.vrgsl.qa.beforeChangeValueOf(135) - Set Value [Ljava.lang.CharSequence;@62cae3ff
2021-05-21 17:26:11.952 [pool-2-thread-1] INFO  com.vrgsl.qa.testStep(77) - "musteriBilgileriDropdownLabel" li elementlerden "TC Kimlik Numarası" değerine eşit olanın yanındaki "musteriBilgileriInput" elementine "15789654234" değerini yaz adimi basariyla bitti
2021-05-21 17:26:12.379 [pool-2-thread-1] INFO  com.vrgsl.qa.testStepBefore(59) - "musteriBilgileriDropdownLabel" li elementlerden "Ad" değerine eşit olanın yanındaki "musteriBilgileriInput" elementine "allianz" değerini yaz adimi basladi
{"logLevel":"debug","message":"Executing '{} li elementlerden {} değerine eşit olanın yanındaki {} elementine {} değerini yaz' using 'class com.virgosol.lingaros.step.StepImpl.findElementWithTextsAndSendKeyNextTo"}
2021-05-21 17:26:12.383 [pool-2-thread-1] INFO  com.vrgsl.qa.beforeFindBy(103) - Finding Element  By.cssSelector: .nx-formfield__label-holder .nx-formfield__label
2021-05-21 17:26:12.404 [pool-2-thread-1] INFO  com.vrgsl.qa.beforeFindBy(103) - Finding Element  By.cssSelector: .nx-formfield__label-holder .nx-formfield__label
Şirket Tipi
Müşteri Tipi
Branş *
TC Kimlik Numarası *
Ad *
Ad *gİrdİ
2021-05-21 17:26:12.627 [pool-2-thread-1] INFO  com.vrgsl.qa.beforeFindBy(103) - Finding Element  By.xpath: ../../input
2021-05-21 17:26:12.653 [pool-2-thread-1] INFO  com.vrgsl.qa.afterFindBy(111) - Find Element Success ByName=By.xpath: ../../input TagName=label
2021-05-21 17:26:13.056 [pool-2-thread-1] INFO  com.vrgsl.qa.beforeChangeValueOf(135) - Set Value [Ljava.lang.CharSequence;@771d76a7
2021-05-21 17:26:13.151 [pool-2-thread-1] INFO  com.vrgsl.qa.testStep(77) - "musteriBilgileriDropdownLabel" li elementlerden "Ad" değerine eşit olanın yanındaki "musteriBilgileriInput" elementine "allianz" değerini yaz adimi basariyla bitti
2021-05-21 17:26:13.601 [pool-2-thread-1] INFO  com.vrgsl.qa.testStepBefore(59) - "musteriBilgileriDropdownLabel" li elementlerden "Soyad" değerine eşit olanın yanındaki "musteriBilgileriInput" elementine "allianz" değerini yaz adimi basladi
{"logLevel":"debug","message":"Executing '{} li elementlerden {} değerine eşit olanın yanındaki {} elementine {} değerini yaz' using 'class com.virgosol.lingaros.step.StepImpl.findElementWithTextsAndSendKeyNextTo"}
2021-05-21 17:26:13.604 [pool-2-thread-1] INFO  com.vrgsl.qa.beforeFindBy(103) - Finding Element  By.cssSelector: .nx-formfield__label-holder .nx-formfield__label
2021-05-21 17:26:13.629 [pool-2-thread-1] INFO  com.vrgsl.qa.beforeFindBy(103) - Finding Element  By.cssSelector: .nx-formfield__label-holder .nx-formfield__label
Şirket Tipi
Müşteri Tipi
Branş *
TC Kimlik Numarası *
Ad *
Soyad *
Soyad *gİrdİ
2021-05-21 17:26:13.885 [pool-2-thread-1] INFO  com.vrgsl.qa.beforeFindBy(103) - Finding Element  By.xpath: ../../input
2021-05-21 17:26:13.909 [pool-2-thread-1] INFO  com.vrgsl.qa.afterFindBy(111) - Find Element Success ByName=By.xpath: ../../input TagName=label
2021-05-21 17:26:14.302 [pool-2-thread-1] INFO  com.vrgsl.qa.beforeChangeValueOf(135) - Set Value [Ljava.lang.CharSequence;@3f853d97
2021-05-21 17:26:14.382 [pool-2-thread-1] INFO  com.vrgsl.qa.testStep(77) - "musteriBilgileriDropdownLabel" li elementlerden "Soyad" değerine eşit olanın yanındaki "musteriBilgileriInput" elementine "allianz" değerini yaz adimi basariyla bitti
2021-05-21 17:26:14.790 [pool-2-thread-1] INFO  com.vrgsl.qa.testStepBefore(59) - "musteriBilgileriDropdownLabel" li elementlerden "Tercih Ettiğiniz İletişim Türü" değerine eşit olanın yanındaki "musteriBilgileriDropdown" elementine tıkla adimi basladi
{"logLevel":"debug","message":"Executing '{} li elementlerden {} değerine eşit olanın yanındaki {} elementine tıkla' using 'class com.virgosol.lingaros.step.StepImpl.findElementWithTextsAndClickNextTo"}
2021-05-21 17:26:14.792 [pool-2-thread-1] INFO  com.vrgsl.qa.beforeFindBy(103) - Finding Element  By.cssSelector: .nx-formfield__label-holder .nx-formfield__label
2021-05-21 17:26:14.812 [pool-2-thread-1] INFO  com.vrgsl.qa.beforeFindBy(103) - Finding Element  By.cssSelector: .nx-formfield__label-holder .nx-formfield__label
2021-05-21 17:26:14.952 [pool-2-thread-1] INFO  com.vrgsl.qa.beforeFindBy(103) - Finding Element  By.xpath: ../../nx-dropdown
2021-05-21 17:26:14.975 [pool-2-thread-1] INFO  com.vrgsl.qa.afterFindBy(111) - Find Element Success ByName=By.xpath: ../../nx-dropdown TagName=label
2021-05-21 17:26:15.069 [pool-2-thread-1] INFO  com.vrgsl.qa.testStep(77) - "musteriBilgileriDropdownLabel" li elementlerden "Tercih Ettiğiniz İletişim Türü" değerine eşit olanın yanındaki "musteriBilgileriDropdown" elementine tıkla adimi basariyla bitti
2021-05-21 17:26:15.526 [pool-2-thread-1] INFO  com.vrgsl.qa.testStepBefore(59) - "musteriBilgileriDropdownSecenekler" li elementlerden "E-mail" değerine eşit olana tıkla adimi basladi
{"logLevel":"debug","message":"Executing '{} li elementlerden {} değerine eşit olana tıkla' using 'class com.virgosol.lingaros.step.StepImpl.findElementWithTextsAndClick"}
2021-05-21 17:26:15.528 [pool-2-thread-1] INFO  com.vrgsl.qa.beforeFindBy(103) - Finding Element  By.cssSelector: .nx-dropdown-results__option .nx-dropdown-results__option-label
2021-05-21 17:26:15.547 [pool-2-thread-1] INFO  com.vrgsl.qa.beforeFindBy(103) - Finding Element  By.cssSelector: .nx-dropdown-results__option .nx-dropdown-results__option-label
2021-05-21 17:26:15.687 [pool-2-thread-1] INFO  com.vrgsl.qa.testStep(77) - "musteriBilgileriDropdownSecenekler" li elementlerden "E-mail" değerine eşit olana tıkla adimi basariyla bitti
2021-05-21 17:26:16.119 [pool-2-thread-1] INFO  com.vrgsl.qa.testStepBefore(59) - "musteriBilgileriDropdownLabel" li elementlerden "E-Mail" değerine eşit olanın yanındaki "musteriBilgileriInput" elementine "deneme@allianz.com" değerini yaz adimi basladi
{"logLevel":"debug","message":"Executing '{} li elementlerden {} değerine eşit olanın yanındaki {} elementine {} değerini yaz' using 'class com.virgosol.lingaros.step.StepImpl.findElementWithTextsAndSendKeyNextTo"}
2021-05-21 17:26:16.121 [pool-2-thread-1] INFO  com.vrgsl.qa.beforeFindBy(103) - Finding Element  By.cssSelector: .nx-formfield__label-holder .nx-formfield__label
2021-05-21 17:26:16.140 [pool-2-thread-1] INFO  com.vrgsl.qa.beforeFindBy(103) - Finding Element  By.cssSelector: .nx-formfield__label-holder .nx-formfield__label
Şirket Tipi
Müşteri Tipi
Branş *
TC Kimlik Numarası *
Ad *
Soyad *
Tercih Ettiğiniz İletişim Türü *
E-Mail *
E-Mail *gİrdİ
2021-05-21 17:26:16.449 [pool-2-thread-1] INFO  com.vrgsl.qa.beforeFindBy(103) - Finding Element  By.xpath: ../../input
2021-05-21 17:26:16.474 [pool-2-thread-1] INFO  com.vrgsl.qa.afterFindBy(111) - Find Element Success ByName=By.xpath: ../../input TagName=label
2021-05-21 17:26:16.874 [pool-2-thread-1] INFO  com.vrgsl.qa.beforeChangeValueOf(135) - Set Value [Ljava.lang.CharSequence;@167d8df6
2021-05-21 17:26:17.006 [pool-2-thread-1] INFO  com.vrgsl.qa.testStep(77) - "musteriBilgileriDropdownLabel" li elementlerden "E-Mail" değerine eşit olanın yanındaki "musteriBilgileriInput" elementine "deneme@allianz.com" değerini yaz adimi basariyla bitti
2021-05-21 17:26:17.441 [pool-2-thread-1] INFO  com.vrgsl.qa.testStepBefore(59) - "musteriBilgileriDropdownLabel" li elementlerden "Talep Türü" değerine eşit olanın yanındaki "musteriBilgileriDropdown" elementine tıkla adimi basladi
{"logLevel":"debug","message":"Executing '{} li elementlerden {} değerine eşit olanın yanındaki {} elementine tıkla' using 'class com.virgosol.lingaros.step.StepImpl.findElementWithTextsAndClickNextTo"}
2021-05-21 17:26:17.443 [pool-2-thread-1] INFO  com.vrgsl.qa.beforeFindBy(103) - Finding Element  By.cssSelector: .nx-formfield__label-holder .nx-formfield__label
2021-05-21 17:26:17.462 [pool-2-thread-1] INFO  com.vrgsl.qa.beforeFindBy(103) - Finding Element  By.cssSelector: .nx-formfield__label-holder .nx-formfield__label
2021-05-21 17:26:17.636 [pool-2-thread-1] INFO  com.vrgsl.qa.beforeFindBy(103) - Finding Element  By.xpath: ../../nx-dropdown
2021-05-21 17:26:17.660 [pool-2-thread-1] INFO  com.vrgsl.qa.afterFindBy(111) - Find Element Success ByName=By.xpath: ../../nx-dropdown TagName=label
2021-05-21 17:26:17.750 [pool-2-thread-1] INFO  com.vrgsl.qa.testStep(77) - "musteriBilgileriDropdownLabel" li elementlerden "Talep Türü" değerine eşit olanın yanındaki "musteriBilgileriDropdown" elementine tıkla adimi basariyla bitti
2021-05-21 17:26:18.188 [pool-2-thread-1] INFO  com.vrgsl.qa.testStepBefore(59) - "musteriBilgileriDropdownSecenekler" li elementlerden "İstek" değerine eşit olana tıkla adimi basladi
{"logLevel":"debug","message":"Executing '{} li elementlerden {} değerine eşit olana tıkla' using 'class com.virgosol.lingaros.step.StepImpl.findElementWithTextsAndClick"}
2021-05-21 17:26:18.190 [pool-2-thread-1] INFO  com.vrgsl.qa.beforeFindBy(103) - Finding Element  By.cssSelector: .nx-dropdown-results__option .nx-dropdown-results__option-label
2021-05-21 17:26:18.208 [pool-2-thread-1] INFO  com.vrgsl.qa.beforeFindBy(103) - Finding Element  By.cssSelector: .nx-dropdown-results__option .nx-dropdown-results__option-label
2021-05-21 17:26:18.316 [pool-2-thread-1] INFO  com.vrgsl.qa.testStep(77) - "musteriBilgileriDropdownSecenekler" li elementlerden "İstek" değerine eşit olana tıkla adimi basariyla bitti
2021-05-21 17:26:18.726 [pool-2-thread-1] INFO  com.vrgsl.qa.testStepBefore(59) - "musteriBilgileriDropdownLabel" li elementlerden "Talebe konu olan" değerine eşit olanın yanındaki "musteriBilgileriDropdown" elementine tıkla adimi basladi
{"logLevel":"debug","message":"Executing '{} li elementlerden {} değerine eşit olanın yanındaki {} elementine tıkla' using 'class com.virgosol.lingaros.step.StepImpl.findElementWithTextsAndClickNextTo"}
2021-05-21 17:26:18.728 [pool-2-thread-1] INFO  com.vrgsl.qa.beforeFindBy(103) - Finding Element  By.cssSelector: .nx-formfield__label-holder .nx-formfield__label
2021-05-21 17:26:18.746 [pool-2-thread-1] INFO  com.vrgsl.qa.beforeFindBy(103) - Finding Element  By.cssSelector: .nx-formfield__label-holder .nx-formfield__label
2021-05-21 17:26:18.955 [pool-2-thread-1] INFO  com.vrgsl.qa.beforeFindBy(103) - Finding Element  By.xpath: ../../nx-dropdown
2021-05-21 17:26:18.982 [pool-2-thread-1] INFO  com.vrgsl.qa.afterFindBy(111) - Find Element Success ByName=By.xpath: ../../nx-dropdown TagName=label
2021-05-21 17:26:19.067 [pool-2-thread-1] INFO  com.vrgsl.qa.testStep(77) - "musteriBilgileriDropdownLabel" li elementlerden "Talebe konu olan" değerine eşit olanın yanındaki "musteriBilgileriDropdown" elementine tıkla adimi basariyla bitti
2021-05-21 17:26:19.491 [pool-2-thread-1] INFO  com.vrgsl.qa.testStepBefore(59) - "musteriBilgileriDropdownSecenekler" li elementlerden "TC Kimlik Numarası" değerine eşit olana tıkla adimi basladi
{"logLevel":"debug","message":"Executing '{} li elementlerden {} değerine eşit olana tıkla' using 'class com.virgosol.lingaros.step.StepImpl.findElementWithTextsAndClick"}
2021-05-21 17:26:19.493 [pool-2-thread-1] INFO  com.vrgsl.qa.beforeFindBy(103) - Finding Element  By.cssSelector: .nx-dropdown-results__option .nx-dropdown-results__option-label
2021-05-21 17:26:19.517 [pool-2-thread-1] INFO  com.vrgsl.qa.beforeFindBy(103) - Finding Element  By.cssSelector: .nx-dropdown-results__option .nx-dropdown-results__option-label
2021-05-21 17:26:19.746 [pool-2-thread-1] INFO  com.vrgsl.qa.testStep(77) - "musteriBilgileriDropdownSecenekler" li elementlerden "TC Kimlik Numarası" değerine eşit olana tıkla adimi basariyla bitti
2021-05-21 17:26:20.157 [pool-2-thread-1] INFO  com.vrgsl.qa.testStepBefore(59) - "musteriBilgileriAciklamaAlani" li elemente "Bireysel Emeklilik hakkında bilgi almak istiyorum." degerini yaz adimi basladi
{"logLevel":"debug","message":"Executing '{} li elemente {} degerini yaz' using 'class com.virgosol.lingaros.step.StepImpl.sendKey"}
2021-05-21 17:26:20.159 [pool-2-thread-1] INFO  com.vrgsl.qa.beforeFindBy(103) - Finding Element  By.id: nx-input-4
2021-05-21 17:26:20.187 [pool-2-thread-1] INFO  com.vrgsl.qa.afterFindBy(111) - Find Element Success ByName=By.id: nx-input-4 TagName=textarea
2021-05-21 17:26:20.192 [pool-2-thread-1] INFO  com.vrgsl.qa.beforeFindBy(103) - Finding Element  By.id: nx-input-4
2021-05-21 17:26:20.212 [pool-2-thread-1] INFO  com.vrgsl.qa.afterFindBy(111) - Find Element Success ByName=By.id: nx-input-4 TagName=textarea
2021-05-21 17:26:20.595 [pool-2-thread-1] INFO  com.vrgsl.qa.beforeChangeValueOf(135) - Set Value [Ljava.lang.CharSequence;@1ab6161c
2021-05-21 17:26:20.760 [pool-2-thread-1] INFO  com.vrgsl.qa.testStep(77) - "musteriBilgileriAciklamaAlani" li elemente "Bireysel Emeklilik hakkında bilgi almak istiyorum." degerini yaz adimi basariyla bitti
2021-05-21 17:26:21.577 [pool-2-thread-1] INFO  com.vrgsl.qa.saveReport(114) - Report create and save disabled configuration!
