{"logLevel":"debug","message":"multithreading is set to false"}
{"logLevel":"debug","message":"Using reflection to scan dependencies for gauge implementations..."}
WARNING: An illegal reflective access operation has occurred
WARNING: Illegal reflective access by org.codehaus.groovy.reflection.CachedClass (file:/Users/virgosol-furkan/.m2/repository/org/codehaus/groovy/groovy-all/2.4.13/groovy-all-2.4.13.jar) to method java.lang.Object.finalize()
WARNING: Please consider reporting this to the maintainers of org.codehaus.groovy.reflection.CachedClass
WARNING: Use --illegal-access=warn to enable warnings of further illegal reflective access operations
WARNING: All illegal access operations will be denied in a future release
11:11:03,251 |-INFO in ch.qos.logback.classic.LoggerContext[default] - Could NOT find resource [logback-test.xml]
11:11:03,252 |-INFO in ch.qos.logback.classic.LoggerContext[default] - Found resource [logback.groovy] at [file:/Users/virgosol-furkan/Documents/Virgosol%20Projects/Odeon/target/test-classes/logback.groovy]
11:11:03,253 |-WARN in ch.qos.logback.classic.LoggerContext[default] - Resource [logback.groovy] occurs multiple times on the classpath.
11:11:03,253 |-WARN in ch.qos.logback.classic.LoggerContext[default] - Resource [logback.groovy] occurs at [jar:file:/Users/virgosol-furkan/.m2/repository/com/vrgsl/qa/qa-common/1.0.0/qa-common-1.0.0.jar!/logback.groovy]
11:11:03,253 |-WARN in ch.qos.logback.classic.LoggerContext[default] - Resource [logback.groovy] occurs at [file:/Users/virgosol-furkan/Documents/Virgosol%20Projects/Odeon/target/test-classes/logback.groovy]
11:11:04,192 |-INFO in ch.qos.logback.classic.gaffer.ConfigurationDelegate@4deb19b4 - About to instantiate appender of type [ch.qos.logback.core.ConsoleAppender]
11:11:04,193 |-INFO in ch.qos.logback.classic.gaffer.ConfigurationDelegate@4deb19b4 - Naming appender as [STDOUT]
11:11:04,288 |-INFO in ch.qos.logback.classic.gaffer.ConfigurationDelegate@4deb19b4 - About to instantiate appender of type [ch.qos.logback.core.FileAppender]
11:11:04,289 |-INFO in ch.qos.logback.classic.gaffer.ConfigurationDelegate@4deb19b4 - Naming appender as [FILE]
11:11:04,291 |-INFO in ch.qos.logback.core.FileAppender[FILE] - File property is set to [target/slnarch.log]
11:11:04,294 |-INFO in ch.qos.logback.classic.gaffer.ConfigurationDelegate@4deb19b4 - Setting level of logger [com.virgosol.bilyonerMobileWeb] to DEBUG
11:11:04,297 |-INFO in ch.qos.logback.classic.gaffer.ConfigurationDelegate@4deb19b4 - Setting level of logger [org.reflections.Reflections] to OFF
11:11:04,298 |-INFO in ch.qos.logback.classic.gaffer.ConfigurationDelegate@4deb19b4 - Setting level of logger [ROOT] to INFO
11:11:04,300 |-INFO in ch.qos.logback.classic.gaffer.ConfigurationDelegate@4deb19b4 - Attaching appender named [STDOUT] to Logger[ROOT]
11:11:04,301 |-INFO in ch.qos.logback.classic.gaffer.ConfigurationDelegate@4deb19b4 - Attaching appender named [FILE] to Logger[ROOT]

{"logLevel":"debug","message":"gauge-java took 1917milliseconds to load and scan. This should be less than 'runner_connection_timeout' config value."}
{"logLevel":"debug","message":"run 'gauge config runner_connection_timeout' and verify that it is < 1917"}
{"logLevel":"debug","message":"starting gRPC server..."}
{"logLevel":"debug","message":"started gRPC server on port 59589"}
{"logLevel":"info","message":"Listening on port:59589"}
{"logLevel":"debug","message":"Scanning packages for steps"}
{"logLevel":"debug","message":"Comparing 'com.virgosol.odeon.step.StepImpl.findElementWithTextsAndCheckAttributeTextNextTo' and 'com.virgosol.odeon.step.StepImpl.findElementWithTextsAndCheckAttributeTextNextTo'"}
{"logLevel":"debug","message":"Found {} li elementlerden {} değerine eşit olanın yanındaki {} elementinin {} attributesi {} mı? in current project scope."}
{"logLevel":"debug","message":"Comparing 'com.virgosol.odeon.step.StepImpl.findElementWithTextsAndClickNextTo' and 'com.virgosol.odeon.step.StepImpl.findElementWithTextsAndClickNextTo'"}
{"logLevel":"debug","message":"Found {} li elementlerden {} değerine eşit olanın yanındaki {} elementine tıkla in current project scope."}
{"logLevel":"debug","message":"Comparing 'com.virgosol.odeon.step.StepImpl.findElementsCheckTextsAndClickElementTextNextTo' and 'com.virgosol.odeon.step.StepImpl.findElementsCheckTextsAndClickElementTextNextTo'"}
{"logLevel":"debug","message":"Found {} li elementlerden yanındaki {} elementinin {} attributesi {} içerenin yanındaki {} elementine tıkla in current project scope."}
{"logLevel":"debug","message":"Comparing 'com.virgosol.odeon.step.StepImpl.findElementWithTextAndCheckAttributeTextNextTo' and 'com.virgosol.odeon.step.StepImpl.findElementWithTextAndCheckAttributeTextNextTo'"}
{"logLevel":"debug","message":"Found {} li elementlerden {} değerine eşit olan elementin {} attributesi {} mı? in current project scope."}
{"logLevel":"debug","message":"Comparing 'com.virgosol.odeon.step.StepImpl.checkNotExistElement' and 'com.virgosol.odeon.step.StepImpl.checkNotExistElement'"}
{"logLevel":"debug","message":"Found {} li element yok mu? in current project scope."}
{"logLevel":"debug","message":"Comparing 'com.virgosol.odeon.step.StepImpl.clickElement' and 'com.virgosol.odeon.step.StepImpl.clickElement'"}
{"logLevel":"debug","message":"Found Click element with key {} in current project scope."}
{"logLevel":"debug","message":"Comparing 'com.virgosol.odeon.step.StepImpl.clickElement' and 'com.virgosol.odeon.step.StepImpl.clickElement'"}
{"logLevel":"debug","message":"Found {} li elemente tikla in current project scope."}
{"logLevel":"debug","message":"Comparing 'com.virgosol.odeon.step.StepImpl.checkClickable' and 'com.virgosol.odeon.step.StepImpl.checkClickable'"}
{"logLevel":"debug","message":"Found {} li element tıklanabilir mi? in current project scope."}
{"logLevel":"debug","message":"Comparing 'com.virgosol.odeon.step.StepImpl.navigateWindow' and 'com.virgosol.odeon.step.StepImpl.navigateWindow'"}
{"logLevel":"debug","message":"Found Yeni açılan sayfaya geç in current project scope."}
{"logLevel":"debug","message":"Comparing 'com.virgosol.odeon.step.StepImpl.findElementWithTextsAndSetAttribute' and 'com.virgosol.odeon.step.StepImpl.findElementWithTextsAndSetAttribute'"}
{"logLevel":"debug","message":"Found {} li elementlerden {} değerine eşit olanın {} attributesini {} yap in current project scope."}
{"logLevel":"debug","message":"Comparing 'com.virgosol.odeon.step.StepImpl.sendKey' and 'com.virgosol.odeon.step.StepImpl.sendKey'"}
{"logLevel":"debug","message":"Found Send keys to element with key {} and text {} in current project scope."}
{"logLevel":"debug","message":"Comparing 'com.virgosol.odeon.step.StepImpl.sendKey' and 'com.virgosol.odeon.step.StepImpl.sendKey'"}
{"logLevel":"debug","message":"Found {} li elemente {} degerini yaz in current project scope."}
{"logLevel":"debug","message":"Comparing 'com.virgosol.odeon.step.StepImpl.hoverElement' and 'com.virgosol.odeon.step.StepImpl.hoverElement'"}
{"logLevel":"debug","message":"Found {} li elementin üzerine gel in current project scope."}
{"logLevel":"debug","message":"Comparing 'com.virgosol.odeon.step.StepImpl.framegir' and 'com.virgosol.odeon.step.StepImpl.framegir'"}
{"logLevel":"debug","message":"Found frame gir in current project scope."}
{"logLevel":"debug","message":"Comparing 'com.virgosol.odeon.step.StepImpl.findElementWithTextsAndClickWithTextNextTo' and 'com.virgosol.odeon.step.StepImpl.findElementWithTextsAndClickWithTextNextTo'"}
{"logLevel":"debug","message":"Found {} li elementlerden {} değerine eşit olanın yanındaki {} elementlerinden {} değerine eşit olana tıkla in current project scope."}
{"logLevel":"debug","message":"Comparing 'com.virgosol.odeon.step.StepImpl.closeWait' and 'com.virgosol.odeon.step.StepImpl.closeWait'"}
{"logLevel":"debug","message":"Found Beklemeleri kapat in current project scope."}
{"logLevel":"debug","message":"Comparing 'com.virgosol.odeon.step.StepImpl.openWait' and 'com.virgosol.odeon.step.StepImpl.openWait'"}
{"logLevel":"debug","message":"Found Beklemeleri ac in current project scope."}
{"logLevel":"debug","message":"Comparing 'com.virgosol.odeon.step.StepImpl.goToUrl' and 'com.virgosol.odeon.step.StepImpl.goToUrl'"}
{"logLevel":"debug","message":"Found {} urle git in current project scope."}
{"logLevel":"debug","message":"Comparing 'com.virgosol.odeon.step.StepImpl.saveText' and 'com.virgosol.odeon.step.StepImpl.saveText'"}
{"logLevel":"debug","message":"Found {} li elementin textini {} olarak kaydet in current project scope."}
{"logLevel":"debug","message":"Comparing 'com.virgosol.odeon.step.StepImpl.findElementWithTextsAndClickNextToWithIndex' and 'com.virgosol.odeon.step.StepImpl.findElementWithTextsAndClickNextToWithIndex'"}
{"logLevel":"debug","message":"Found {} li elementlerden {} değerine eşit olanın yanındaki {} elementlerinden indexe göre tıkla in current project scope."}
{"logLevel":"debug","message":"Comparing 'com.virgosol.odeon.step.StepImpl.hoverElementNextTo' and 'com.virgosol.odeon.step.StepImpl.hoverElementNextTo'"}
{"logLevel":"debug","message":"Found {} li elementin yanındaki {} elementinin üzerine gel in current project scope."}
{"logLevel":"debug","message":"Comparing 'com.virgosol.odeon.step.StepImpl.findElementsCheckTextsAndCheckElementNextTo' and 'com.virgosol.odeon.step.StepImpl.findElementsCheckTextsAndCheckElementNextTo'"}
{"logLevel":"debug","message":"Found {} li elementlerden texti olanın yanındaki {} elementi var mı? in current project scope."}
{"logLevel":"debug","message":"Comparing 'com.virgosol.odeon.step.StepImpl.findElementWithTextsAndClick' and 'com.virgosol.odeon.step.StepImpl.findElementWithTextsAndClick'"}
{"logLevel":"debug","message":"Found {} li elementlerden {} değerine eşit olana tıkla in current project scope."}
{"logLevel":"debug","message":"Comparing 'com.virgosol.odeon.step.StepImpl.findElementWithTextsAndCheckElementNextToNotExists' and 'com.virgosol.odeon.step.StepImpl.findElementWithTextsAndCheckElementNextToNotExists'"}
{"logLevel":"debug","message":"Found {} li elementlerden {} değerine eşit olanın yanındaki {} elementi yok mu? in current project scope."}
{"logLevel":"debug","message":"Comparing 'com.virgosol.odeon.step.StepImpl.deleteText2' and 'com.virgosol.odeon.step.StepImpl.deleteText2'"}
{"logLevel":"debug","message":"Found {} li elementi temizle in current project scope."}
{"logLevel":"debug","message":"Comparing 'com.virgosol.odeon.step.StepImpl.findElementWithTextsAndHover' and 'com.virgosol.odeon.step.StepImpl.findElementWithTextsAndHover'"}
{"logLevel":"debug","message":"Found {} li elementlerden {} değerine eşit olanın üzerine gel in current project scope."}
{"logLevel":"debug","message":"Comparing 'com.virgosol.odeon.step.StepImpl.findElementWithTextsAndHoverNextTo' and 'com.virgosol.odeon.step.StepImpl.findElementWithTextsAndHoverNextTo'"}
{"logLevel":"debug","message":"Found {} li elementlerden {} değerine eşit olanın yanındaki {} elementinin üzerine gel in current project scope."}
{"logLevel":"debug","message":"Comparing 'com.virgosol.odeon.step.StepImpl.findElementWithTextsAndFindElementWithTextAndSaveTextNextTo' and 'com.virgosol.odeon.step.StepImpl.findElementWithTextsAndFindElementWithTextAndSaveTextNextTo'"}
{"logLevel":"debug","message":"Found {} li elementlerden {} değerine eşit olanın yanındaki {} li elementlerden {} değerine eşit olanın yanındaki {} elementinin textini {} olarak kaydet in current project scope."}
{"logLevel":"debug","message":"Comparing 'com.virgosol.odeon.step.StepImpl.saveTextNextTo' and 'com.virgosol.odeon.step.StepImpl.saveTextNextTo'"}
{"logLevel":"debug","message":"Found {} li elementin yanındaki {} elementinin textini {} olarak kaydet in current project scope."}
{"logLevel":"debug","message":"Comparing 'com.virgosol.odeon.step.StepImpl.checkAttribute' and 'com.virgosol.odeon.step.StepImpl.checkAttribute'"}
{"logLevel":"debug","message":"Found {} li elementin {} attributesi var mı? in current project scope."}
{"logLevel":"debug","message":"Comparing 'com.virgosol.odeon.step.StepImpl.saveAttributeNextTo' and 'com.virgosol.odeon.step.StepImpl.saveAttributeNextTo'"}
{"logLevel":"debug","message":"Found {} li elementin yanındaki {} elementinin {} attributesini {} olarak kaydet in current project scope."}
{"logLevel":"debug","message":"Comparing 'com.virgosol.odeon.step.StepImpl.findElementWithTextsAndFindElementWithTextAndFindWithTextNextTo' and 'com.virgosol.odeon.step.StepImpl.findElementWithTextsAndFindElementWithTextAndFindWithTextNextTo'"}
{"logLevel":"debug","message":"Found {} li elementlerden {} değerine eşit olanın yanındaki {} li elementlerden {} değerine eşit olanın yanındaki {} elementinin texti {} mı? in current project scope."}
{"logLevel":"debug","message":"Comparing 'com.virgosol.odeon.step.StepImpl.findElementWithTextsAndFindElementWithTextAndClickNextTo' and 'com.virgosol.odeon.step.StepImpl.findElementWithTextsAndFindElementWithTextAndClickNextTo'"}
{"logLevel":"debug","message":"Found {} li elementlerden {} değerine eşit olanın yanındaki {} li elementlerden {} değerine eşit olanın yanındaki {} elementine tıkla in current project scope."}
{"logLevel":"debug","message":"Comparing 'com.virgosol.odeon.step.StepImpl.waitInVisible' and 'com.virgosol.odeon.step.StepImpl.waitInVisible'"}
{"logLevel":"debug","message":"Found {} li elementi invisible olana kadar bekle in current project scope."}
{"logLevel":"debug","message":"Comparing 'com.virgosol.odeon.step.StepImpl.setAttributeNextTo' and 'com.virgosol.odeon.step.StepImpl.setAttributeNextTo'"}
{"logLevel":"debug","message":"Found {} li elementin yanındaki {} elementinin {} attributesini {} yap in current project scope."}
{"logLevel":"debug","message":"Comparing 'com.virgosol.odeon.step.StepImpl.checkTextEqualsNextTo' and 'com.virgosol.odeon.step.StepImpl.checkTextEqualsNextTo'"}
{"logLevel":"debug","message":"Found {} li elementin yanındaki {} elementinin texti {} mi? in current project scope."}
{"logLevel":"debug","message":"Comparing 'com.virgosol.odeon.step.StepImpl.findElementWithTextsAndSaveAttribute' and 'com.virgosol.odeon.step.StepImpl.findElementWithTextsAndSaveAttribute'"}
{"logLevel":"debug","message":"Found {} li elementlerden {} değerine eşit olanın {} attributesini {} olarak kaydet in current project scope."}
{"logLevel":"debug","message":"Comparing 'com.virgosol.odeon.step.StepImpl.findElementWithTextsAndCheckClickable' and 'com.virgosol.odeon.step.StepImpl.findElementWithTextsAndCheckClickable'"}
{"logLevel":"debug","message":"Found {} li elementlerden {} değerine eşit olan tıklanabilir mi? in current project scope."}
{"logLevel":"debug","message":"Comparing 'com.virgosol.odeon.step.StepImpl.findElementWithTextsAndCheckAttributeNextTo' and 'com.virgosol.odeon.step.StepImpl.findElementWithTextsAndCheckAttributeNextTo'"}
{"logLevel":"debug","message":"Found {} li elementlerden {} değerine eşit olanın yanındaki {} elementinin {} attributesi var mı? in current project scope."}
{"logLevel":"debug","message":"Comparing 'com.virgosol.odeon.step.StepImpl.clickEnterWithElement' and 'com.virgosol.odeon.step.StepImpl.clickEnterWithElement'"}
{"logLevel":"debug","message":"Found {} Entere tıkla in current project scope."}
{"logLevel":"debug","message":"Comparing 'com.virgosol.odeon.step.StepImpl.findElementWithTextsAndSendKeyNextTo' and 'com.virgosol.odeon.step.StepImpl.findElementWithTextsAndSendKeyNextTo'"}
{"logLevel":"debug","message":"Found {} li elementlerden {} değerine eşit olanın yanındaki {} elementine {} değerini yaz in current project scope."}
{"logLevel":"debug","message":"Comparing 'com.virgosol.odeon.step.StepImpl.checkText' and 'com.virgosol.odeon.step.StepImpl.checkText'"}
{"logLevel":"debug","message":"Found {} li elementin texti var mı? in current project scope."}
{"logLevel":"debug","message":"Comparing 'com.virgosol.odeon.step.StepImpl.bekle' and 'com.virgosol.odeon.step.StepImpl.bekle'"}
{"logLevel":"debug","message":"Found {} sn bekle in current project scope."}
{"logLevel":"debug","message":"Comparing 'com.virgosol.odeon.step.StepImpl.checkElement' and 'com.virgosol.odeon.step.StepImpl.checkElement'"}
{"logLevel":"debug","message":"Found {} li element var mı? in current project scope."}
{"logLevel":"debug","message":"Comparing 'com.virgosol.odeon.step.StepImpl.dragAndDropColumn' and 'com.virgosol.odeon.step.StepImpl.dragAndDropColumn'"}
{"logLevel":"debug","message":"Found {} li elementi sürükle ve bırak in current project scope."}
{"logLevel":"debug","message":"Comparing 'com.virgosol.odeon.step.StepImpl.findElementPinWithTextsAndClick' and 'com.virgosol.odeon.step.StepImpl.findElementPinWithTextsAndClick'"}
{"logLevel":"debug","message":"Found {} li elementlerden {} pin değerine tıkla in current project scope."}
{"logLevel":"debug","message":"Comparing 'com.virgosol.odeon.step.StepImpl.closePage' and 'com.virgosol.odeon.step.StepImpl.closePage'"}
{"logLevel":"debug","message":"Found Bulunduğun sayfayı kapat in current project scope."}
{"logLevel":"debug","message":"Comparing 'com.virgosol.odeon.step.StepImpl.findElementWithTextsAndClickAllignment' and 'com.virgosol.odeon.step.StepImpl.findElementWithTextsAndClickAllignment'"}
{"logLevel":"debug","message":"Found {} li elementlerden {} değerine eşit olan ile aynı sıralamada yanındaki {} elementine tıkla in current project scope."}
{"logLevel":"debug","message":"Comparing 'com.virgosol.odeon.step.StepImpl.checkTextContains' and 'com.virgosol.odeon.step.StepImpl.checkTextContains'"}
{"logLevel":"debug","message":"Found {} li elementin texti {} içeriyor mu? in current project scope."}
{"logLevel":"debug","message":"Comparing 'com.virgosol.odeon.step.StepImpl.checkTextsElement' and 'com.virgosol.odeon.step.StepImpl.checkTextsElement'"}
{"logLevel":"debug","message":"Found {} li elementlerin texti var mı? in current project scope."}
{"logLevel":"debug","message":"Comparing 'com.virgosol.odeon.step.StepImpl.checkTextContainsNextTo' and 'com.virgosol.odeon.step.StepImpl.checkTextContainsNextTo'"}
{"logLevel":"debug","message":"Found {} li elementin yanındaki {} elementinin texti {} içeriyor mi? in current project scope."}
{"logLevel":"debug","message":"Comparing 'com.virgosol.odeon.step.StepImpl.findElementWithTextsAndSendKeyAllignment' and 'com.virgosol.odeon.step.StepImpl.findElementWithTextsAndSendKeyAllignment'"}
{"logLevel":"debug","message":"Found {} li elementlerden {} değerine eşit olan ile aynı sıralamada yanındaki {} elementine {} değerini yaz in current project scope."}
{"logLevel":"debug","message":"Comparing 'com.virgosol.odeon.step.StepImpl.waitElement' and 'com.virgosol.odeon.step.StepImpl.waitElement'"}
{"logLevel":"debug","message":"Found Wait {} element in current project scope."}
{"logLevel":"debug","message":"Comparing 'com.virgosol.odeon.step.StepImpl.waitElement' and 'com.virgosol.odeon.step.StepImpl.waitElement'"}
{"logLevel":"debug","message":"Found {} li elementi bekle in current project scope."}
{"logLevel":"debug","message":"Comparing 'com.virgosol.odeon.step.StepImpl.sendKeyNextTo' and 'com.virgosol.odeon.step.StepImpl.sendKeyNextTo'"}
{"logLevel":"debug","message":"Found {} li elementin yanındaki {} elementine {} degerini yaz in current project scope."}
{"logLevel":"debug","message":"Comparing 'com.virgosol.odeon.step.StepImpl.findElementWithTextsAndSaveText' and 'com.virgosol.odeon.step.StepImpl.findElementWithTextsAndSaveText'"}
{"logLevel":"debug","message":"Found {} li elementlerden {} değerine eşit olanın textini {} olarak kaydet in current project scope."}
{"logLevel":"debug","message":"Comparing 'com.virgosol.odeon.step.StepImpl.findElementWithTextsAndSendKeyNextToEnter' and 'com.virgosol.odeon.step.StepImpl.findElementWithTextsAndSendKeyNextToEnter'"}
{"logLevel":"debug","message":"Found {} li elementlerden {} değerine eşit olanın yanındaki {} elementinde Entere Tikla in current project scope."}
{"logLevel":"debug","message":"Comparing 'com.virgosol.odeon.step.StepImpl.findElementWithTextsAndFindElementWithTextNextTo' and 'com.virgosol.odeon.step.StepImpl.findElementWithTextsAndFindElementWithTextNextTo'"}
{"logLevel":"debug","message":"Found {} li elementlerden {} değerine eşit olanın yanındaki {} li elementlerden {} değerine eşit olan var mı? in current project scope."}
{"logLevel":"debug","message":"Comparing 'com.virgosol.odeon.step.StepImpl.checkTextEquals' and 'com.virgosol.odeon.step.StepImpl.checkTextEquals'"}
{"logLevel":"debug","message":"Found {} li elementin texti {} mi? in current project scope."}
{"logLevel":"debug","message":"Comparing 'com.virgosol.odeon.step.StepImpl.checkClickableNextTo' and 'com.virgosol.odeon.step.StepImpl.checkClickableNextTo'"}
{"logLevel":"debug","message":"Found {} li elementin yanındaki {} elementi tıklanabilir mi? in current project scope."}
{"logLevel":"debug","message":"Comparing 'com.virgosol.odeon.step.StepImpl.clickElementNextTo' and 'com.virgosol.odeon.step.StepImpl.clickElementNextTo'"}
{"logLevel":"debug","message":"Found {} li elementin yanındaki {} elementine tikla in current project scope."}
{"logLevel":"debug","message":"Comparing 'com.virgosol.odeon.step.StepImpl.findElementWithTextsAndSelect' and 'com.virgosol.odeon.step.StepImpl.findElementWithTextsAndSelect'"}
{"logLevel":"debug","message":"Found {} li elementlerden {} değerine eşit olanı seç in current project scope."}
{"logLevel":"debug","message":"Comparing 'com.virgosol.odeon.step.StepImpl.clickEnter' and 'com.virgosol.odeon.step.StepImpl.clickEnter'"}
{"logLevel":"debug","message":"Found Entere tıkla in current project scope."}
{"logLevel":"debug","message":"Comparing 'com.virgosol.odeon.step.StepImpl.findElementWithTextsAndSaveAttributeTextNextTo' and 'com.virgosol.odeon.step.StepImpl.findElementWithTextsAndSaveAttributeTextNextTo'"}
{"logLevel":"debug","message":"Found {} li elementlerden {} değerine eşit olanın yanındaki {} elementinin {} attributesini kaydet in current project scope."}
{"logLevel":"debug","message":"Comparing 'com.virgosol.odeon.step.StepImpl.findElementWithTextsAndSaveAttributeTextNextTo' and 'com.virgosol.odeon.step.StepImpl.findElementWithTextsAndSaveAttributeTextNextTo'"}
{"logLevel":"debug","message":"Found {} li elementlerden {} değerine eşit olanın yanındaki {} li elementlerin textindeki tarihler doğru aralıkta mı? in current project scope."}
{"logLevel":"debug","message":"Comparing 'com.virgosol.odeon.step.StepImpl.checkElements' and 'com.virgosol.odeon.step.StepImpl.checkElements'"}
{"logLevel":"debug","message":"Found {} li elementler var mı? in current project scope."}
{"logLevel":"debug","message":"Comparing 'com.virgosol.odeon.step.StepImpl.findElementWithTextsAndCheckAttribute' and 'com.virgosol.odeon.step.StepImpl.findElementWithTextsAndCheckAttribute'"}
{"logLevel":"debug","message":"Found {} li elementlerden {} değerine eşit olanın {} attributesi var mı? in current project scope."}
{"logLevel":"debug","message":"Comparing 'com.virgosol.odeon.step.StepImpl.forwardPage' and 'com.virgosol.odeon.step.StepImpl.forwardPage'"}
{"logLevel":"debug","message":"Found Bulunduğun sayfada ileri git in current project scope."}
{"logLevel":"debug","message":"Comparing 'com.virgosol.odeon.step.StepImpl.checkElementNextTo' and 'com.virgosol.odeon.step.StepImpl.checkElementNextTo'"}
{"logLevel":"debug","message":"Found {} li elementin yanındaki {} element var mı? in current project scope."}
{"logLevel":"debug","message":"Comparing 'com.virgosol.odeon.step.StepImpl.backPage' and 'com.virgosol.odeon.step.StepImpl.backPage'"}
{"logLevel":"debug","message":"Found Bulunduğun sayfada geri git in current project scope."}
{"logLevel":"debug","message":"Comparing 'com.virgosol.odeon.step.StepImpl.findElementsCheckTextsAndCheckElementsTextNextTo' and 'com.virgosol.odeon.step.StepImpl.findElementsCheckTextsAndCheckElementsTextNextTo'"}
{"logLevel":"debug","message":"Found {} li elementlerden texti olanın yanındaki {} elementin texti var mı? in current project scope."}
{"logLevel":"debug","message":"Comparing 'com.virgosol.odeon.step.StepImpl.findElementWithTextsAndOrderAllignment' and 'com.virgosol.odeon.step.StepImpl.findElementWithTextsAndOrderAllignment'"}
{"logLevel":"debug","message":"Found {} li elementlerden {} değerine eşit olan ile aynı sıralamada altındaki {} verileri {} olarak sıralı mı in current project scope."}
{"logLevel":"debug","message":"Comparing 'com.virgosol.odeon.step.StepImpl.waitVisible' and 'com.virgosol.odeon.step.StepImpl.waitVisible'"}
{"logLevel":"debug","message":"Found {} li elementi görünür olana kadar bekle in current project scope."}
{"logLevel":"debug","message":"Comparing 'com.virgosol.odeon.step.StepImpl.findElementWithTextsAndFindElementCheckWithTextNextTo' and 'com.virgosol.odeon.step.StepImpl.findElementWithTextsAndFindElementCheckWithTextNextTo'"}
{"logLevel":"debug","message":"Found {} li elementlerden {} değerine eşit olanın yanındaki {} li elementler {} değerine eşit mi? in current project scope."}
{"logLevel":"debug","message":"Comparing 'com.virgosol.odeon.step.StepImpl.checkAttributeNextTo' and 'com.virgosol.odeon.step.StepImpl.checkAttributeNextTo'"}
{"logLevel":"debug","message":"Found {} li elementin yanındaki {} elementinin {} attributesi var mı? in current project scope."}
{"logLevel":"debug","message":"Comparing 'com.virgosol.odeon.step.StepImpl.findElementWithTextsAndSetAttributeNextTo' and 'com.virgosol.odeon.step.StepImpl.findElementWithTextsAndSetAttributeNextTo'"}
{"logLevel":"debug","message":"Found {} li elementlerden {} değerine eşit olanın yanındaki {} elementinin {} attributesini {} yap in current project scope."}
