{"logLevel":"debug","message":"multithreading is set to true"}
{"logLevel":"debug","message":"multithreading enabled, number of threads=8"}
{"logLevel":"debug","message":"Using reflection to scan dependencies for gauge implementations..."}
WARNING: An illegal reflective access operation has occurred
WARNING: Illegal reflective access by org.codehaus.groovy.reflection.CachedClass (file:/Users/virgosol-furkan/.m2/repository/org/codehaus/groovy/groovy-all/2.4.13/groovy-all-2.4.13.jar) to method java.lang.Object.finalize()
WARNING: Please consider reporting this to the maintainers of org.codehaus.groovy.reflection.CachedClass
WARNING: Use --illegal-access=warn to enable warnings of further illegal reflective access operations
WARNING: All illegal access operations will be denied in a future release
15:29:22,005 |-INFO in ch.qos.logback.classic.LoggerContext[default] - Could NOT find resource [logback-test.xml]
15:29:22,006 |-INFO in ch.qos.logback.classic.LoggerContext[default] - Found resource [logback.groovy] at [file:/Users/virgosol-furkan/Documents/Virgosol%20Projects/HepsiJetPOC/target/test-classes/logback.groovy]
15:29:22,007 |-WARN in ch.qos.logback.classic.LoggerContext[default] - Resource [logback.groovy] occurs multiple times on the classpath.
15:29:22,007 |-WARN in ch.qos.logback.classic.LoggerContext[default] - Resource [logback.groovy] occurs at [jar:file:/Users/virgosol-furkan/.m2/repository/com/vrgsl/qa/qa-common/2.0.14/qa-common-2.0.14.jar!/logback.groovy]
15:29:22,007 |-WARN in ch.qos.logback.classic.LoggerContext[default] - Resource [logback.groovy] occurs at [file:/Users/virgosol-furkan/Documents/Virgosol%20Projects/HepsiJetPOC/target/test-classes/logback.groovy]
15:29:23,063 |-INFO in ch.qos.logback.classic.gaffer.ConfigurationDelegate@d78d110 - About to instantiate appender of type [ch.qos.logback.core.ConsoleAppender]
15:29:23,065 |-INFO in ch.qos.logback.classic.gaffer.ConfigurationDelegate@d78d110 - Naming appender as [STDOUT]
15:29:23,172 |-INFO in ch.qos.logback.classic.gaffer.ConfigurationDelegate@d78d110 - About to instantiate appender of type [ch.qos.logback.core.FileAppender]
15:29:23,173 |-INFO in ch.qos.logback.classic.gaffer.ConfigurationDelegate@d78d110 - Naming appender as [FILE]
15:29:23,175 |-INFO in ch.qos.logback.core.FileAppender[FILE] - File property is set to [target/slnarch.log]
15:29:23,178 |-INFO in ch.qos.logback.classic.gaffer.ConfigurationDelegate@d78d110 - Setting level of logger [com.virgosol.hepsijet] to DEBUG
15:29:23,182 |-INFO in ch.qos.logback.classic.gaffer.ConfigurationDelegate@d78d110 - Setting level of logger [org.reflections.Reflections] to OFF
15:29:23,183 |-INFO in ch.qos.logback.classic.gaffer.ConfigurationDelegate@d78d110 - Setting level of logger [ROOT] to INFO
15:29:23,185 |-INFO in ch.qos.logback.classic.gaffer.ConfigurationDelegate@d78d110 - Attaching appender named [STDOUT] to Logger[ROOT]
15:29:23,186 |-INFO in ch.qos.logback.classic.gaffer.ConfigurationDelegate@d78d110 - Attaching appender named [FILE] to Logger[ROOT]

{"logLevel":"debug","message":"gauge-java took 2252milliseconds to load and scan. This should be less than 'runner_connection_timeout' config value."}
{"logLevel":"debug","message":"run 'gauge config runner_connection_timeout' and verify that it is < 2252"}
{"logLevel":"debug","message":"starting gRPC server..."}
{"logLevel":"debug","message":"started gRPC server on port 50962"}
{"logLevel":"info","message":"Listening on port:50962"}
