{"logLevel":"debug","message":"multithreading is set to false"}
{"logLevel":"debug","message":"Using reflection to scan dependencies for gauge implementations..."}
WARNING: An illegal reflective access operation has occurred
WARNING: Illegal reflective access by org.codehaus.groovy.reflection.CachedClass (file:/Users/virgosol-furkan/.m2/repository/org/codehaus/groovy/groovy-all/2.4.13/groovy-all-2.4.13.jar) to method java.lang.Object.finalize()
WARNING: Please consider reporting this to the maintainers of org.codehaus.groovy.reflection.CachedClass
WARNING: Use --illegal-access=warn to enable warnings of further illegal reflective access operations
WARNING: All illegal access operations will be denied in a future release
14:19:44,637 |-INFO in ch.qos.logback.classic.LoggerContext[default] - Could NOT find resource [logback-test.xml]
14:19:44,638 |-INFO in ch.qos.logback.classic.LoggerContext[default] - Found resource [logback.groovy] at [file:/Users/virgosol-furkan/Documents/Virgosol%20Projects/Odeon/target/test-classes/logback.groovy]
14:19:44,639 |-WARN in ch.qos.logback.classic.LoggerContext[default] - Resource [logback.groovy] occurs multiple times on the classpath.
14:19:44,639 |-WARN in ch.qos.logback.classic.LoggerContext[default] - Resource [logback.groovy] occurs at [jar:file:/Users/virgosol-furkan/.m2/repository/com/vrgsl/qa/qa-common/1.0.0/qa-common-1.0.0.jar!/logback.groovy]
14:19:44,639 |-WARN in ch.qos.logback.classic.LoggerContext[default] - Resource [logback.groovy] occurs at [file:/Users/virgosol-furkan/Documents/Virgosol%20Projects/Odeon/target/test-classes/logback.groovy]
14:19:45,747 |-INFO in ch.qos.logback.classic.gaffer.ConfigurationDelegate@6c6da453 - About to instantiate appender of type [ch.qos.logback.core.ConsoleAppender]
14:19:45,750 |-INFO in ch.qos.logback.classic.gaffer.ConfigurationDelegate@6c6da453 - Naming appender as [STDOUT]
14:19:45,865 |-INFO in ch.qos.logback.classic.gaffer.ConfigurationDelegate@6c6da453 - About to instantiate appender of type [ch.qos.logback.core.FileAppender]
14:19:45,867 |-INFO in ch.qos.logback.classic.gaffer.ConfigurationDelegate@6c6da453 - Naming appender as [FILE]
14:19:45,869 |-INFO in ch.qos.logback.core.FileAppender[FILE] - File property is set to [target/slnarch.log]
14:19:45,871 |-INFO in ch.qos.logback.classic.gaffer.ConfigurationDelegate@6c6da453 - Setting level of logger [com.virgosol.bilyonerMobileWeb] to DEBUG
14:19:45,875 |-INFO in ch.qos.logback.classic.gaffer.ConfigurationDelegate@6c6da453 - Setting level of logger [org.reflections.Reflections] to OFF
14:19:45,877 |-INFO in ch.qos.logback.classic.gaffer.ConfigurationDelegate@6c6da453 - Setting level of logger [ROOT] to INFO
14:19:45,879 |-INFO in ch.qos.logback.classic.gaffer.ConfigurationDelegate@6c6da453 - Attaching appender named [STDOUT] to Logger[ROOT]
14:19:45,879 |-INFO in ch.qos.logback.classic.gaffer.ConfigurationDelegate@6c6da453 - Attaching appender named [FILE] to Logger[ROOT]

{"logLevel":"debug","message":"gauge-java took 2216milliseconds to load and scan. This should be less than 'runner_connection_timeout' config value."}
{"logLevel":"debug","message":"run 'gauge config runner_connection_timeout' and verify that it is < 2216"}
{"logLevel":"debug","message":"starting gRPC server..."}
{"logLevel":"debug","message":"started gRPC server on port 53277"}
{"logLevel":"info","message":"Listening on port:53277"}
{"logLevel":"debug","message":"Scanning packages for steps"}
{"logLevel":"debug","message":"Comparing 'com.virgosol.odeon.step.StepImpl.checkNotExistElement' and 'com.virgosol.odeon.step.StepImpl.checkNotExistElement'"}
{"logLevel":"debug","message":"Found {} li element yok mu? in current project scope."}
{"logLevel":"debug","message":"Comparing 'com.virgosol.odeon.step.StepImpl.checkClickable' and 'com.virgosol.odeon.step.StepImpl.checkClickable'"}
{"logLevel":"debug","message":"Found {} li element tıklanabilir mi? in current project scope."}
{"logLevel":"debug","message":"Comparing 'com.virgosol.odeon.step.StepImpl.findElementsCheckTextsAndDeletedId' and 'com.virgosol.odeon.step.StepImpl.findElementsCheckTextsAndDeletedId'"}
{"logLevel":"debug","message":"Found {} li elementlerden id bilgisi silindi mi? in current project scope."}
{"logLevel":"debug","message":"Comparing 'com.virgosol.odeon.step.StepImpl.openWait' and 'com.virgosol.odeon.step.StepImpl.openWait'"}
{"logLevel":"debug","message":"Found Beklemeleri ac in current project scope."}
{"logLevel":"debug","message":"Comparing 'com.virgosol.odeon.step.StepImpl.goToUrl' and 'com.virgosol.odeon.step.StepImpl.goToUrl'"}
{"logLevel":"debug","message":"Found {} urle git in current project scope."}
{"logLevel":"debug","message":"Comparing 'com.virgosol.odeon.step.StepImpl.saveText' and 'com.virgosol.odeon.step.StepImpl.saveText'"}
{"logLevel":"debug","message":"Found {} li elementin textini {} olarak kaydet in current project scope."}
{"logLevel":"debug","message":"Comparing 'com.virgosol.odeon.step.StepImpl.hoverElementNextTo' and 'com.virgosol.odeon.step.StepImpl.hoverElementNextTo'"}
{"logLevel":"debug","message":"Found {} li elementin yanındaki {} elementinin üzerine gel in current project scope."}
{"logLevel":"debug","message":"Comparing 'com.virgosol.odeon.step.StepImpl.findElementsCheckTextsAndCheckElementNextTo' and 'com.virgosol.odeon.step.StepImpl.findElementsCheckTextsAndCheckElementNextTo'"}
{"logLevel":"debug","message":"Found {} li elementlerden texti olanın yanındaki {} elementi var mı? in current project scope."}
{"logLevel":"debug","message":"Comparing 'com.virgosol.odeon.step.StepImpl.findElementWithTextsAndClick' and 'com.virgosol.odeon.step.StepImpl.findElementWithTextsAndClick'"}
{"logLevel":"debug","message":"Found {} li elementlerden {} değerine eşit olana tıkla in current project scope."}
{"logLevel":"debug","message":"Comparing 'com.virgosol.odeon.step.StepImpl.findElementWithTextsAndCheckElementNextToNotExists' and 'com.virgosol.odeon.step.StepImpl.findElementWithTextsAndCheckElementNextToNotExists'"}
{"logLevel":"debug","message":"Found {} li elementlerden {} değerine eşit olanın yanındaki {} elementi yok mu? in current project scope."}
{"logLevel":"debug","message":"Comparing 'com.virgosol.odeon.step.StepImpl.deleteText2' and 'com.virgosol.odeon.step.StepImpl.deleteText2'"}
{"logLevel":"debug","message":"Found {} li elementi temizle in current project scope."}
{"logLevel":"debug","message":"Comparing 'com.virgosol.odeon.step.StepImpl.checkAttribute' and 'com.virgosol.odeon.step.StepImpl.checkAttribute'"}
{"logLevel":"debug","message":"Found {} li elementin {} attributesi var mı? in current project scope."}
{"logLevel":"debug","message":"Comparing 'com.virgosol.odeon.step.StepImpl.saveAttributeNextTo' and 'com.virgosol.odeon.step.StepImpl.saveAttributeNextTo'"}
{"logLevel":"debug","message":"Found {} li elementin yanındaki {} elementinin {} attributesini {} olarak kaydet in current project scope."}
{"logLevel":"debug","message":"Comparing 'com.virgosol.odeon.step.StepImpl.findElementWithTextsAndFindElementWithTextAndFindWithTextNextTo' and 'com.virgosol.odeon.step.StepImpl.findElementWithTextsAndFindElementWithTextAndFindWithTextNextTo'"}
{"logLevel":"debug","message":"Found {} li elementlerden {} değerine eşit olanın yanındaki {} li elementlerden {} değerine eşit olanın yanındaki {} elementinin texti {} mı? in current project scope."}
{"logLevel":"debug","message":"Comparing 'com.virgosol.odeon.step.StepImpl.waitInVisible' and 'com.virgosol.odeon.step.StepImpl.waitInVisible'"}
{"logLevel":"debug","message":"Found {} li elementi invisible olana kadar bekle in current project scope."}
{"logLevel":"debug","message":"Comparing 'com.virgosol.odeon.step.StepImpl.checkFilename' and 'com.virgosol.odeon.step.StepImpl.checkFilename'"}
{"logLevel":"debug","message":"Found Excel {} dosyasının doğru uzantıda olduğu kontrol edilir. in current project scope."}
{"logLevel":"debug","message":"Comparing 'com.virgosol.odeon.step.StepImpl.findElementWithTextsAndCheckClickable' and 'com.virgosol.odeon.step.StepImpl.findElementWithTextsAndCheckClickable'"}
{"logLevel":"debug","message":"Found {} li elementlerden {} değerine eşit olan tıklanabilir mi? in current project scope."}
{"logLevel":"debug","message":"Comparing 'com.virgosol.odeon.step.StepImpl.findElementWithTextsAndCheckAttributeNextTo' and 'com.virgosol.odeon.step.StepImpl.findElementWithTextsAndCheckAttributeNextTo'"}
{"logLevel":"debug","message":"Found {} li elementlerden {} değerine eşit olanın yanındaki {} elementinin {} attributesi var mı? in current project scope."}
{"logLevel":"debug","message":"Comparing 'com.virgosol.odeon.step.StepImpl.clickEnterWithElement' and 'com.virgosol.odeon.step.StepImpl.clickEnterWithElement'"}
{"logLevel":"debug","message":"Found {} Entere tıkla in current project scope."}
{"logLevel":"debug","message":"Comparing 'com.virgosol.odeon.step.StepImpl.findElementWithTextsAndFindElementSaveTextAndClickIndexNextTo' and 'com.virgosol.odeon.step.StepImpl.findElementWithTextsAndFindElementSaveTextAndClickIndexNextTo'"}
{"logLevel":"debug","message":"Found {} li elementlerden {} değerine eşit olanın yanındaki {} li elementler {} değerine eşit olanın yanındaki {} elementinin id bilgisini kaydet ve {} elementlerinden yanındaki {} elementin delete butonuna tıkla in current project scope."}
{"logLevel":"debug","message":"Comparing 'com.virgosol.odeon.step.StepImpl.dragAndDropColumn' and 'com.virgosol.odeon.step.StepImpl.dragAndDropColumn'"}
{"logLevel":"debug","message":"Found {} li elementi sürükle ve bırak in current project scope."}
{"logLevel":"debug","message":"Comparing 'com.virgosol.odeon.step.StepImpl.findElementPinWithTextsAndClick' and 'com.virgosol.odeon.step.StepImpl.findElementPinWithTextsAndClick'"}
{"logLevel":"debug","message":"Found {} li elementlerden {} pin değerine tıkla in current project scope."}
{"logLevel":"debug","message":"Comparing 'com.virgosol.odeon.step.StepImpl.findElementWithTextsAndClickAllignment' and 'com.virgosol.odeon.step.StepImpl.findElementWithTextsAndClickAllignment'"}
{"logLevel":"debug","message":"Found {} li elementlerden {} değerine eşit olan ile aynı sıralamada yanındaki {} elementine tıkla in current project scope."}
{"logLevel":"debug","message":"Comparing 'com.virgosol.odeon.step.StepImpl.checkTextsElement' and 'com.virgosol.odeon.step.StepImpl.checkTextsElement'"}
{"logLevel":"debug","message":"Found {} li elementlerin texti var mı? in current project scope."}
{"logLevel":"debug","message":"Comparing 'com.virgosol.odeon.step.StepImpl.sendKeyNextTo' and 'com.virgosol.odeon.step.StepImpl.sendKeyNextTo'"}
{"logLevel":"debug","message":"Found {} li elementin yanındaki {} elementine {} degerini yaz in current project scope."}
{"logLevel":"debug","message":"Comparing 'com.virgosol.odeon.step.StepImpl.findElementWithTextsAndSaveText' and 'com.virgosol.odeon.step.StepImpl.findElementWithTextsAndSaveText'"}
{"logLevel":"debug","message":"Found {} li elementlerden {} değerine eşit olanın textini {} olarak kaydet in current project scope."}
{"logLevel":"debug","message":"Comparing 'com.virgosol.odeon.step.StepImpl.findElementWithTextsAndSendKeyNextToEnter' and 'com.virgosol.odeon.step.StepImpl.findElementWithTextsAndSendKeyNextToEnter'"}
{"logLevel":"debug","message":"Found {} li elementlerden {} değerine eşit olanın yanındaki {} elementinde Entere Tikla in current project scope."}
{"logLevel":"debug","message":"Comparing 'com.virgosol.odeon.step.StepImpl.checkTextEquals' and 'com.virgosol.odeon.step.StepImpl.checkTextEquals'"}
{"logLevel":"debug","message":"Found {} li elementin texti {} mi? in current project scope."}
{"logLevel":"debug","message":"Comparing 'com.virgosol.odeon.step.StepImpl.clickElementNextTo' and 'com.virgosol.odeon.step.StepImpl.clickElementNextTo'"}
{"logLevel":"debug","message":"Found {} li elementin yanındaki {} elementine tikla in current project scope."}
{"logLevel":"debug","message":"Comparing 'com.virgosol.odeon.step.StepImpl.clickEnter' and 'com.virgosol.odeon.step.StepImpl.clickEnter'"}
{"logLevel":"debug","message":"Found Entere tıkla in current project scope."}
{"logLevel":"debug","message":"Comparing 'com.virgosol.odeon.step.StepImpl.checkElements' and 'com.virgosol.odeon.step.StepImpl.checkElements'"}
{"logLevel":"debug","message":"Found {} li elementler var mı? in current project scope."}
{"logLevel":"debug","message":"Comparing 'com.virgosol.odeon.step.StepImpl.findElementWithTextsAndCheckAttribute' and 'com.virgosol.odeon.step.StepImpl.findElementWithTextsAndCheckAttribute'"}
{"logLevel":"debug","message":"Found {} li elementlerden {} değerine eşit olanın {} attributesi var mı? in current project scope."}
{"logLevel":"debug","message":"Comparing 'com.virgosol.odeon.step.StepImpl.forwardPage' and 'com.virgosol.odeon.step.StepImpl.forwardPage'"}
{"logLevel":"debug","message":"Found Bulunduğun sayfada ileri git in current project scope."}
{"logLevel":"debug","message":"Comparing 'com.virgosol.odeon.step.StepImpl.backPage' and 'com.virgosol.odeon.step.StepImpl.backPage'"}
{"logLevel":"debug","message":"Found Bulunduğun sayfada geri git in current project scope."}
{"logLevel":"debug","message":"Comparing 'com.virgosol.odeon.step.StepImpl.findElementsCheckTextsAndCheckElementsTextNextTo' and 'com.virgosol.odeon.step.StepImpl.findElementsCheckTextsAndCheckElementsTextNextTo'"}
{"logLevel":"debug","message":"Found {} li elementlerden texti olanın yanındaki {} elementin texti var mı? in current project scope."}
{"logLevel":"debug","message":"Comparing 'com.virgosol.odeon.step.StepImpl.findElementWithTextsAndOrderAllignment' and 'com.virgosol.odeon.step.StepImpl.findElementWithTextsAndOrderAllignment'"}
{"logLevel":"debug","message":"Found {} li elementlerden {} değerine eşit olan ile aynı sıralamada altındaki {} verileri {} olarak sıralı mı in current project scope."}
{"logLevel":"debug","message":"Comparing 'com.virgosol.odeon.step.StepImpl.waitVisible' and 'com.virgosol.odeon.step.StepImpl.waitVisible'"}
{"logLevel":"debug","message":"Found {} li elementi görünür olana kadar bekle in current project scope."}
{"logLevel":"debug","message":"Comparing 'com.virgosol.odeon.step.StepImpl.waitMinutes' and 'com.virgosol.odeon.step.StepImpl.waitMinutes'"}
{"logLevel":"debug","message":"Found {} dakika bekle in current project scope."}
{"logLevel":"debug","message":"Comparing 'com.virgosol.odeon.step.StepImpl.refreshPage' and 'com.virgosol.odeon.step.StepImpl.refreshPage'"}
{"logLevel":"debug","message":"Found Bulunduğun sayfayı yenile in current project scope."}
{"logLevel":"debug","message":"Comparing 'com.virgosol.odeon.step.StepImpl.findElementWithTextsAndCheckElementNextTo' and 'com.virgosol.odeon.step.StepImpl.findElementWithTextsAndCheckElementNextTo'"}
{"logLevel":"debug","message":"Found {} li elementlerden {} değerine eşit olanın yanındaki {} element var mı? in current project scope."}
{"logLevel":"debug","message":"Comparing 'com.virgosol.odeon.step.StepImpl.findElementWithTextAndCheckAttributeContainsTextNextTo' and 'com.virgosol.odeon.step.StepImpl.findElementWithTextAndCheckAttributeContainsTextNextTo'"}
{"logLevel":"debug","message":"Found {} li elementlerden {} değerine eşit olan elementin {} attributesi {} içeriyor mu? in current project scope."}
{"logLevel":"debug","message":"Comparing 'com.virgosol.odeon.step.StepImpl.checkTextNextTo' and 'com.virgosol.odeon.step.StepImpl.checkTextNextTo'"}
{"logLevel":"debug","message":"Found {} li elementin yanındaki {} elementinin texti var mı? in current project scope."}
{"logLevel":"debug","message":"Comparing 'com.virgosol.odeon.step.StepImpl.checkTitle' and 'com.virgosol.odeon.step.StepImpl.checkTitle'"}
{"logLevel":"debug","message":"Found Sayfanın title ı {} mı? in current project scope."}
{"logLevel":"debug","message":"Comparing 'com.virgosol.odeon.step.StepImpl.findElementWithTextsAndSendKey' and 'com.virgosol.odeon.step.StepImpl.findElementWithTextsAndSendKey'"}
{"logLevel":"debug","message":"Found {} li elementlerden {} değerine eşit olana {} değerini yaz in current project scope."}
{"logLevel":"debug","message":"Comparing 'com.virgosol.odeon.step.StepImpl.deleteText' and 'com.virgosol.odeon.step.StepImpl.deleteText'"}
{"logLevel":"debug","message":"Found {} li elementin içindekileri sil in current project scope."}
{"logLevel":"debug","message":"Comparing 'com.virgosol.odeon.step.StepImpl.saveAttribute' and 'com.virgosol.odeon.step.StepImpl.saveAttribute'"}
{"logLevel":"debug","message":"Found {} li elementin {} attributesini {} olarak kaydet in current project scope."}
{"logLevel":"debug","message":"Comparing 'com.virgosol.odeon.step.StepImpl.findElementWithTextAndCheckAttributeText' and 'com.virgosol.odeon.step.StepImpl.findElementWithTextAndCheckAttributeText'"}
{"logLevel":"debug","message":"Found {} li elementin {} attributesi {} mi in current project scope."}
{"logLevel":"debug","message":"Comparing 'com.virgosol.odeon.step.StepImpl.findElementWithTextsAndSaveTextNextTo' and 'com.virgosol.odeon.step.StepImpl.findElementWithTextsAndSaveTextNextTo'"}
{"logLevel":"debug","message":"Found {} li elementlerden {} değerine eşit olanın yanındaki {} elementinin textini {} olarak kaydet in current project scope."}
{"logLevel":"debug","message":"Comparing 'com.virgosol.odeon.step.StepImpl.findElementWithTextsAndCheckAttributeTextNextTo' and 'com.virgosol.odeon.step.StepImpl.findElementWithTextsAndCheckAttributeTextNextTo'"}
{"logLevel":"debug","message":"Found {} li elementlerden {} değerine eşit olanın yanındaki {} elementinin {} attributesi {} içeriyor mu? in current project scope."}
{"logLevel":"debug","message":"Comparing 'com.virgosol.odeon.step.StepImpl.findElementWithTextsAndClickNextTo' and 'com.virgosol.odeon.step.StepImpl.findElementWithTextsAndClickNextTo'"}
{"logLevel":"debug","message":"Found {} li elementlerden {} değerine eşit olanın yanındaki {} elementine tıkla in current project scope."}
{"logLevel":"debug","message":"Comparing 'com.virgosol.odeon.step.StepImpl.checkTextNotExistsElements' and 'com.virgosol.odeon.step.StepImpl.checkTextNotExistsElements'"}
{"logLevel":"debug","message":"Found {} li elementlerden {} değerine eşit olan yok mu? in current project scope."}
{"logLevel":"debug","message":"Comparing 'com.virgosol.odeon.step.StepImpl.findElementsCheckTextsAndClickElementTextNextTo' and 'com.virgosol.odeon.step.StepImpl.findElementsCheckTextsAndClickElementTextNextTo'"}
{"logLevel":"debug","message":"Found {} li elementlerden yanındaki {} elementinin {} attributesi {} içerenin yanındaki {} elementine tıkla in current project scope."}
{"logLevel":"debug","message":"Comparing 'com.virgosol.odeon.step.StepImpl.findElementWithTextAndCheckAttributeTextNextTo' and 'com.virgosol.odeon.step.StepImpl.findElementWithTextAndCheckAttributeTextNextTo'"}
{"logLevel":"debug","message":"Found {} li elementlerden {} değerine eşit olan elementin {} attributesi {} mı? in current project scope."}
{"logLevel":"debug","message":"Comparing 'com.virgosol.odeon.step.StepImpl.waitSeconds' and 'com.virgosol.odeon.step.StepImpl.waitSeconds'"}
{"logLevel":"debug","message":"Found {} sn bekle in current project scope."}
{"logLevel":"debug","message":"Comparing 'com.virgosol.odeon.step.StepImpl.clickElement' and 'com.virgosol.odeon.step.StepImpl.clickElement'"}
{"logLevel":"debug","message":"Found Click element with key {} in current project scope."}
{"logLevel":"debug","message":"Comparing 'com.virgosol.odeon.step.StepImpl.clickElement' and 'com.virgosol.odeon.step.StepImpl.clickElement'"}
{"logLevel":"debug","message":"Found {} li elemente tikla in current project scope."}
{"logLevel":"debug","message":"Comparing 'com.virgosol.odeon.step.StepImpl.navigateWindow' and 'com.virgosol.odeon.step.StepImpl.navigateWindow'"}
{"logLevel":"debug","message":"Found Yeni açılan sayfaya geç in current project scope."}
{"logLevel":"debug","message":"Comparing 'com.virgosol.odeon.step.StepImpl.findElementWithTextsAndSetAttribute' and 'com.virgosol.odeon.step.StepImpl.findElementWithTextsAndSetAttribute'"}
{"logLevel":"debug","message":"Found {} li elementlerden {} değerine eşit olanın {} attributesini {} yap in current project scope."}
{"logLevel":"debug","message":"Comparing 'com.virgosol.odeon.step.StepImpl.sendKey' and 'com.virgosol.odeon.step.StepImpl.sendKey'"}
{"logLevel":"debug","message":"Found Send keys to element with key {} and text {} in current project scope."}
{"logLevel":"debug","message":"Comparing 'com.virgosol.odeon.step.StepImpl.sendKey' and 'com.virgosol.odeon.step.StepImpl.sendKey'"}
{"logLevel":"debug","message":"Found {} li elemente {} degerini yaz in current project scope."}
{"logLevel":"debug","message":"Comparing 'com.virgosol.odeon.step.StepImpl.hoverElement' and 'com.virgosol.odeon.step.StepImpl.hoverElement'"}
{"logLevel":"debug","message":"Found {} li elementin üzerine gel in current project scope."}
{"logLevel":"debug","message":"Comparing 'com.virgosol.odeon.step.StepImpl.framegir' and 'com.virgosol.odeon.step.StepImpl.framegir'"}
{"logLevel":"debug","message":"Found frame gir in current project scope."}
{"logLevel":"debug","message":"Comparing 'com.virgosol.odeon.step.StepImpl.findElementWithTextsAndClickWithTextNextTo' and 'com.virgosol.odeon.step.StepImpl.findElementWithTextsAndClickWithTextNextTo'"}
{"logLevel":"debug","message":"Found {} li elementlerden {} değerine eşit olanın yanındaki {} elementlerinden {} değerine eşit olana tıkla in current project scope."}
{"logLevel":"debug","message":"Comparing 'com.virgosol.odeon.step.StepImpl.closeWait' and 'com.virgosol.odeon.step.StepImpl.closeWait'"}
{"logLevel":"debug","message":"Found Beklemeleri kapat in current project scope."}
{"logLevel":"debug","message":"Comparing 'com.virgosol.odeon.step.StepImpl.findElementWithTextsAndClickNextToWithIndex' and 'com.virgosol.odeon.step.StepImpl.findElementWithTextsAndClickNextToWithIndex'"}
{"logLevel":"debug","message":"Found {} li elementlerden {} değerine eşit olanın yanındaki {} elementlerinden indexe göre tıkla in current project scope."}
{"logLevel":"debug","message":"Comparing 'com.virgosol.odeon.step.StepImpl.findElementWithTextsAndHover' and 'com.virgosol.odeon.step.StepImpl.findElementWithTextsAndHover'"}
{"logLevel":"debug","message":"Found {} li elementlerden {} değerine eşit olanın üzerine gel in current project scope."}
{"logLevel":"debug","message":"Comparing 'com.virgosol.odeon.step.StepImpl.findElementWithTextsAndHoverNextTo' and 'com.virgosol.odeon.step.StepImpl.findElementWithTextsAndHoverNextTo'"}
{"logLevel":"debug","message":"Found {} li elementlerden {} değerine eşit olanın yanındaki {} elementinin üzerine gel in current project scope."}
{"logLevel":"debug","message":"Comparing 'com.virgosol.odeon.step.StepImpl.findElementWithTextsAndFindElementWithTextAndSaveTextNextTo' and 'com.virgosol.odeon.step.StepImpl.findElementWithTextsAndFindElementWithTextAndSaveTextNextTo'"}
{"logLevel":"debug","message":"Found {} li elementlerden {} değerine eşit olanın yanındaki {} li elementlerden {} değerine eşit olanın yanındaki {} elementinin textini {} olarak kaydet in current project scope."}
{"logLevel":"debug","message":"Comparing 'com.virgosol.odeon.step.StepImpl.saveTextNextTo' and 'com.virgosol.odeon.step.StepImpl.saveTextNextTo'"}
{"logLevel":"debug","message":"Found {} li elementin yanındaki {} elementinin textini {} olarak kaydet in current project scope."}
{"logLevel":"debug","message":"Comparing 'com.virgosol.odeon.step.StepImpl.findElementWithTextsAndFindElementWithTextAndClickNextTo' and 'com.virgosol.odeon.step.StepImpl.findElementWithTextsAndFindElementWithTextAndClickNextTo'"}
{"logLevel":"debug","message":"Found {} li elementlerden {} değerine eşit olanın yanındaki {} li elementlerden {} değerine eşit olanın yanındaki {} elementine tıkla in current project scope."}
{"logLevel":"debug","message":"Comparing 'com.virgosol.odeon.step.StepImpl.findElementWithTextsAndSaveAttribute' and 'com.virgosol.odeon.step.StepImpl.findElementWithTextsAndSaveAttribute'"}
{"logLevel":"debug","message":"Found {} li elementlerden {} değerine eşit olanın {} attributesini {} olarak kaydet in current project scope."}
{"logLevel":"debug","message":"Comparing 'com.virgosol.odeon.step.StepImpl.setAttributeNextTo' and 'com.virgosol.odeon.step.StepImpl.setAttributeNextTo'"}
{"logLevel":"debug","message":"Found {} li elementin yanındaki {} elementinin {} attributesini {} yap in current project scope."}
{"logLevel":"debug","message":"Comparing 'com.virgosol.odeon.step.StepImpl.checkTextEqualsNextTo' and 'com.virgosol.odeon.step.StepImpl.checkTextEqualsNextTo'"}
{"logLevel":"debug","message":"Found {} li elementin yanındaki {} elementinin texti {} mi? in current project scope."}
{"logLevel":"debug","message":"Comparing 'com.virgosol.odeon.step.StepImpl.findElementWithTextsAndSendKeyNextTo' and 'com.virgosol.odeon.step.StepImpl.findElementWithTextsAndSendKeyNextTo'"}
{"logLevel":"debug","message":"Found {} li elementlerden {} değerine eşit olanın yanındaki {} elementine {} değerini yaz in current project scope."}
{"logLevel":"debug","message":"Comparing 'com.virgosol.odeon.step.StepImpl.checkText' and 'com.virgosol.odeon.step.StepImpl.checkText'"}
{"logLevel":"debug","message":"Found {} li elementin texti var mı? in current project scope."}
{"logLevel":"debug","message":"Comparing 'com.virgosol.odeon.step.StepImpl.checkElement' and 'com.virgosol.odeon.step.StepImpl.checkElement'"}
{"logLevel":"debug","message":"Found {} li element var mı? in current project scope."}
{"logLevel":"debug","message":"Comparing 'com.virgosol.odeon.step.StepImpl.closePage' and 'com.virgosol.odeon.step.StepImpl.closePage'"}
{"logLevel":"debug","message":"Found Bulunduğun sayfayı kapat in current project scope."}
{"logLevel":"debug","message":"Comparing 'com.virgosol.odeon.step.StepImpl.checkTextContains' and 'com.virgosol.odeon.step.StepImpl.checkTextContains'"}
{"logLevel":"debug","message":"Found {} li elementin texti {} içeriyor mu? in current project scope."}
{"logLevel":"debug","message":"Comparing 'com.virgosol.odeon.step.StepImpl.checkTextContainsNextTo' and 'com.virgosol.odeon.step.StepImpl.checkTextContainsNextTo'"}
{"logLevel":"debug","message":"Found {} li elementin yanındaki {} elementinin texti {} içeriyor mi? in current project scope."}
{"logLevel":"debug","message":"Comparing 'com.virgosol.odeon.step.StepImpl.waitElement' and 'com.virgosol.odeon.step.StepImpl.waitElement'"}
{"logLevel":"debug","message":"Found Wait {} element in current project scope."}
{"logLevel":"debug","message":"Comparing 'com.virgosol.odeon.step.StepImpl.waitElement' and 'com.virgosol.odeon.step.StepImpl.waitElement'"}
{"logLevel":"debug","message":"Found {} li elementi bekle in current project scope."}
{"logLevel":"debug","message":"Comparing 'com.virgosol.odeon.step.StepImpl.findElementWithTextsAndSendKeyAllignment' and 'com.virgosol.odeon.step.StepImpl.findElementWithTextsAndSendKeyAllignment'"}
{"logLevel":"debug","message":"Found {} li elementlerden {} değerine eşit olan ile aynı sıralamada yanındaki {} elementine {} değerini yaz in current project scope."}
{"logLevel":"debug","message":"Comparing 'com.virgosol.odeon.step.StepImpl.findElementWithTextsAndCheckAttrAndClickFirst' and 'com.virgosol.odeon.step.StepImpl.findElementWithTextsAndCheckAttrAndClickFirst'"}
{"logLevel":"debug","message":"Found {} li elementlerin yanındaki {} elementlerinden {} attributesi {} içermeyen ilk elemente tıkla in current project scope."}
{"logLevel":"debug","message":"Comparing 'com.virgosol.odeon.step.StepImpl.findElementWithTextsAndFindElementWithTextNextTo' and 'com.virgosol.odeon.step.StepImpl.findElementWithTextsAndFindElementWithTextNextTo'"}
{"logLevel":"debug","message":"Found {} li elementlerden {} değerine eşit olanın yanındaki {} li elementlerden {} değerine eşit olan var mı? in current project scope."}
{"logLevel":"debug","message":"Comparing 'com.virgosol.odeon.step.StepImpl.checkClickableNextTo' and 'com.virgosol.odeon.step.StepImpl.checkClickableNextTo'"}
{"logLevel":"debug","message":"Found {} li elementin yanındaki {} elementi tıklanabilir mi? in current project scope."}
{"logLevel":"debug","message":"Comparing 'com.virgosol.odeon.step.StepImpl.findElementWithTextsAndSelect' and 'com.virgosol.odeon.step.StepImpl.findElementWithTextsAndSelect'"}
{"logLevel":"debug","message":"Found {} li elementlerden {} değerine eşit olanı seç in current project scope."}
{"logLevel":"debug","message":"Comparing 'com.virgosol.odeon.step.StepImpl.findElementWithTextsAndSaveAttributeTextNextTo' and 'com.virgosol.odeon.step.StepImpl.findElementWithTextsAndSaveAttributeTextNextTo'"}
{"logLevel":"debug","message":"Found {} li elementlerden {} değerine eşit olanın yanındaki {} elementinin {} attributesini kaydet in current project scope."}
{"logLevel":"debug","message":"Comparing 'com.virgosol.odeon.step.StepImpl.findElementWithTextsAndSaveAttributeTextNextTo' and 'com.virgosol.odeon.step.StepImpl.findElementWithTextsAndSaveAttributeTextNextTo'"}
{"logLevel":"debug","message":"Found {} li elementlerden {} değerine eşit olanın yanındaki {} li elementlerin textindeki tarihler doğru aralıkta mı? in current project scope."}
{"logLevel":"debug","message":"Comparing 'com.virgosol.odeon.step.StepImpl.findElementWithTextAndCheckAttributeEqualsTextNextTo' and 'com.virgosol.odeon.step.StepImpl.findElementWithTextAndCheckAttributeEqualsTextNextTo'"}
{"logLevel":"debug","message":"Found {} li elementlerden {} değerine eşit olanın yanındaki {} elementinin {} attributesi {} mı? in current project scope."}
{"logLevel":"debug","message":"Comparing 'com.virgosol.odeon.step.StepImpl.checkElementNextTo' and 'com.virgosol.odeon.step.StepImpl.checkElementNextTo'"}
{"logLevel":"debug","message":"Found {} li elementin yanındaki {} element var mı? in current project scope."}
{"logLevel":"debug","message":"Comparing 'com.virgosol.odeon.step.StepImpl.findElementWithTextsAndFindElementCheckWithTextNextTo' and 'com.virgosol.odeon.step.StepImpl.findElementWithTextsAndFindElementCheckWithTextNextTo'"}
{"logLevel":"debug","message":"Found {} li elementlerden {} değerine eşit olanın yanındaki {} li elementler {} değerine eşit mi? in current project scope."}
{"logLevel":"debug","message":"Comparing 'com.virgosol.odeon.step.StepImpl.checkAttributeNextTo' and 'com.virgosol.odeon.step.StepImpl.checkAttributeNextTo'"}
{"logLevel":"debug","message":"Found {} li elementin yanındaki {} elementinin {} attributesi var mı? in current project scope."}
{"logLevel":"debug","message":"Comparing 'com.virgosol.odeon.step.StepImpl.findElementWithTextsAndSetAttributeNextTo' and 'com.virgosol.odeon.step.StepImpl.findElementWithTextsAndSetAttributeNextTo'"}
{"logLevel":"debug","message":"Found {} li elementlerden {} değerine eşit olanın yanındaki {} elementinin {} attributesini {} yap in current project scope."}
{"logLevel":"debug","message":"Comparing 'com.virgosol.odeon.step.StepImpl.findElementWithTextsAndSelectNextTo' and 'com.virgosol.odeon.step.StepImpl.findElementWithTextsAndSelectNextTo'"}
{"logLevel":"debug","message":"Found {} li elementlerden {} değerine eşit olanın yanındaki {} elementini seç in current project scope."}
{"logLevel":"debug","message":"Comparing 'com.virgosol.odeon.step.StepImpl.navigateFrame' and 'com.virgosol.odeon.step.StepImpl.navigateFrame'"}
{"logLevel":"debug","message":"Found Frameden ana sayfaya geç in current project scope."}
{"logLevel":"debug","message":"Comparing 'com.virgosol.odeon.step.StepImpl.checkDataGridAndExcelColumn' and 'com.virgosol.odeon.step.StepImpl.checkDataGridAndExcelColumn'"}
{"logLevel":"debug","message":"Found Excel {} dosyasının uzantısı kontrol edilir ve içeriğinin datagrid yapısıyla aynı olduğu kontrol edilir. in current project scope."}
{"logLevel":"debug","message":"Comparing 'com.virgosol.odeon.step.StepImpl.navigateFrame' and 'com.virgosol.odeon.step.StepImpl.navigateFrame'"}
{"logLevel":"debug","message":"Found {} isimli frame e geç in current project scope."}
{"logLevel":"debug","message":"Comparing 'com.virgosol.odeon.step.StepImpl.findElementWithTextsAndCheckText' and 'com.virgosol.odeon.step.StepImpl.findElementWithTextsAndCheckText'"}
{"logLevel":"debug","message":"Found {} li elementlerden {} değerine eşit olan var mı? in current project scope."}
{"logLevel":"debug","message":"Comparing 'com.virgosol.odeon.step.StepImpl.findElementWithTextsAndCheckClickableNextTo' and 'com.virgosol.odeon.step.StepImpl.findElementWithTextsAndCheckClickableNextTo'"}
{"logLevel":"debug","message":"Found {} li elementlerden {} değerine eşit olan elementten önceki {} elementlerin tarihi {} attributesi {} içeriyor mu? in current project scope."}
{"logLevel":"debug","message":"Comparing 'com.virgosol.odeon.step.StepImpl.findElementWithTextsAndCheckClickableNextTo' and 'com.virgosol.odeon.step.StepImpl.findElementWithTextsAndCheckClickableNextTo'"}
{"logLevel":"debug","message":"Found {} li elementlerden {} değerine eşit olanın yanındaki {} elementi tıklanabilir mi? in current project scope."}
{"logLevel":"debug","message":"Comparing 'com.virgosol.odeon.step.StepImpl.setAttribute' and 'com.virgosol.odeon.step.StepImpl.setAttribute'"}
{"logLevel":"debug","message":"Found {} li elementin {} attributesini {} yap in current project scope."}
{"logLevel":"debug","message":"Comparing 'com.virgosol.odeon.step.StepImpl.findElementWithTextsAndSaveAttributeNextTo' and 'com.virgosol.odeon.step.StepImpl.findElementWithTextsAndSaveAttributeNextTo'"}
{"logLevel":"debug","message":"Found {} li elementlerden {} değerine eşit olanın yanındaki {} elementinin {} attributesini {} olarak kaydet in current project scope."}
{"logLevel":"debug","message":"Comparing 'com.virgosol.odeon.step.StepImpl.checkUrl' and 'com.virgosol.odeon.step.StepImpl.checkUrl'"}
{"logLevel":"debug","message":"Found Sayfanın url i {} mı? in current project scope."}
{"logLevel":"debug","message":"Scanning packages for hooks"}
{"logLevel":"debug","message":"Scanned steps (using static parsing + reflections): "}
{"logLevel":"debug","message":"\tExcel {} dosyasının doğru uzantıda olduğu kontrol edilir. : public void checkFilename(String excelFileName) throws IOException"}
{"logLevel":"debug","message":"\t{} li elementlerden {} değerine eşit olanın {} attributesini {} yap : public void findElementWithTextsAndSetAttribute(String key, String text, String attr, String text2)"}
{"logLevel":"debug","message":"\t{} li elementlerden {} değerine eşit olanın yanındaki {} elementi yok mu? : public void findElementWithTextsAndCheckElementNextToNotExists(String key, String text, String key2)"}
{"logLevel":"debug","message":"\tBeklemeleri ac : public void openWait()"}
{"logLevel":"debug","message":"\t{} li elementin textini {} olarak kaydet : public void saveText(String key, String key2)"}
{"logLevel":"debug","message":"\t{} li elementin {} attributesi {} mi : public void findElementWithTextAndCheckAttributeText(String key, String attr, String attrtext)"}
{"logLevel":"debug","message":"\t{} li elementin texti {} mi? : public void checkTextEquals(String key, String text)"}
{"logLevel":"debug","message":"\tSayfanın title ı {} mı? : public void checkTitle(String title)"}
{"logLevel":"debug","message":"\tBulunduğun sayfada ileri git : public void forwardPage()"}
{"logLevel":"debug","message":"\t{} li elementin yanındaki {} elementi tıklanabilir mi? : public void checkClickableNextTo(String key, String key2)"}
{"logLevel":"debug","message":"\t{} li element yok mu? : public void checkNotExistElement(String key)"}
{"logLevel":"debug","message":"\t{} li elementin yanındaki {} elementinin üzerine gel : public void hoverElementNextTo(String key, String key2)"}
{"logLevel":"debug","message":"\t{} li elementin üzerine gel : public void hoverElement(String key)"}
{"logLevel":"debug","message":"\t{} li elementlerden {} değerine eşit olanın yanındaki {} li elementler {} değerine eşit olanın yanındaki {} elementinin id bilgisini kaydet ve {} elementlerinden yanındaki {} elementin delete butonuna tıkla : public void findElementWithTextsAndFindElementSaveTextAndClickIndexNextTo(String key, String text, String key2, String text2, String key3, String key4, String key5)"}
{"logLevel":"debug","message":"\t{} li elementin {} attributesi var mı? : public void checkAttribute(String key, String attr)"}
{"logLevel":"debug","message":"\t{} urle git : public void goToUrl(String url)"}
{"logLevel":"debug","message":"\t{} dakika bekle : public void waitMinutes(String key) throws InterruptedException"}
{"logLevel":"debug","message":"\t{} li elementlerden {} değerine eşit olan ile aynı sıralamada yanındaki {} elementine tıkla : public void findElementWithTextsAndClickAllignment(String key, String text, String key2)"}
{"logLevel":"debug","message":"\tExcel {} dosyasının uzantısı kontrol edilir ve içeriğinin datagrid yapısıyla aynı olduğu kontrol edilir. : public void checkDataGridAndExcelColumn(String excelFileName) throws IOException"}
{"logLevel":"debug","message":"\t{} li elementlerin yanındaki {} elementlerinden {} attributesi {} içermeyen ilk elemente tıkla : public void findElementWithTextsAndCheckAttrAndClickFirst(String key, String key2, String attr, String attrtext)"}
{"logLevel":"debug","message":"\t{} li elementlerden {} değerine eşit olanın üzerine gel : public void findElementWithTextsAndHover(String key, String text)"}
{"logLevel":"debug","message":"\t{} li elementlerden {} değerine eşit olan elementin {} attributesi {} içeriyor mu? : public void findElementWithTextAndCheckAttributeContainsTextNextTo(String key, String text, String attr, String attrtext)"}
{"logLevel":"debug","message":"\t{} li elemente {} degerini yaz : public void sendKey(String key, String text)"}
{"logLevel":"debug","message":"\t{} li elementlerden {} değerine eşit olanın yanındaki {} elementini seç : public void findElementWithTextsAndSelectNextTo(String key, String text, String key2)"}
{"logLevel":"debug","message":"\t{} li elementin yanındaki {} elementinin texti {} içeriyor mi? : public void checkTextContainsNextTo(String key, String key2, String text)"}
{"logLevel":"debug","message":"\t{} li element var mı? : public void checkElement(String key)"}
{"logLevel":"debug","message":"\t{} li elementlerden {} değerine eşit olanın yanındaki {} elementinin {} attributesi var mı? : public void findElementWithTextsAndCheckAttributeNextTo(String key, String text, String key2, String attr)"}
{"logLevel":"debug","message":"\t{} li element tıklanabilir mi? : public void checkClickable(String key)"}
{"logLevel":"debug","message":"\tBulunduğun sayfada geri git : public void backPage()"}
{"logLevel":"debug","message":"\t{} li elementlerden yanındaki {} elementinin {} attributesi {} içerenin yanındaki {} elementine tıkla : public void findElementsCheckTextsAndClickElementTextNextTo(String key, String key2, String attr, String attrtext, String key3)"}
{"logLevel":"debug","message":"\t{} li elementlerden {} değerine eşit olanın yanındaki {} li elementlerden {} değerine eşit olanın yanındaki {} elementinin texti {} mı? : public void findElementWithTextsAndFindElementWithTextAndFindWithTextNextTo(String key, String text, String key2, String text2, String key3, String text3)"}
{"logLevel":"debug","message":"\t{} li elementlerden {} değerine eşit olanın yanındaki {} li elementler {} değerine eşit mi? : public void findElementWithTextsAndFindElementCheckWithTextNextTo(String key, String text, String key2, String text2)"}
{"logLevel":"debug","message":"\tBeklemeleri kapat : public void closeWait()"}
{"logLevel":"debug","message":"\t{} li elementlerden {} değerine eşit olanı seç : public void findElementWithTextsAndSelect(String key, String text)"}
{"logLevel":"debug","message":"\t{} li elementlerden {} değerine eşit olan elementten önceki {} elementlerin tarihi {} attributesi {} içeriyor mu? : public void findElementWithTextsAndCheckClickableNextTo(String key, String text, String key2, String attr, String attrtext)"}
{"logLevel":"debug","message":"\t{} li elementin yanındaki {} elementinin texti {} mi? : public void checkTextEqualsNextTo(String key, String key2, String text)"}
{"logLevel":"debug","message":"\t{} li elementlerden id bilgisi silindi mi? : public void findElementsCheckTextsAndDeletedId(String key)"}
{"logLevel":"debug","message":"\t{} li elementlerden {} değerine eşit olanın yanındaki {} elementinin {} attributesini kaydet : public void findElementWithTextsAndSaveAttributeTextNextTo(String key, String text, String key2, String attr)"}
{"logLevel":"debug","message":"\t{} li elementlerden {} değerine eşit olan ile aynı sıralamada altındaki {} verileri {} olarak sıralı mı : public void findElementWithTextsAndOrderAllignment(String key, String text, String key2, String text2)"}
{"logLevel":"debug","message":"\tClick element with key {} : public void clickElement(String key)"}
{"logLevel":"debug","message":"\t{} sn bekle : public void waitSeconds(String key) throws InterruptedException"}
{"logLevel":"debug","message":"\t{} li elementlerden {} değerine eşit olanın yanındaki {} elementlerinden {} değerine eşit olana tıkla : public void findElementWithTextsAndClickWithTextNextTo(String key, String text, String key2, String text2)"}
{"logLevel":"debug","message":"\t{} li elementlerden {} değerine eşit olanın yanındaki {} elementlerinden indexe göre tıkla : public void findElementWithTextsAndClickNextToWithIndex(String key, String text, String key2)"}
{"logLevel":"debug","message":"\t{} li elementlerden {} değerine eşit olanın yanındaki {} elementine {} değerini yaz : public void findElementWithTextsAndSendKeyNextTo(String key, String text, String key2, String text2)"}
{"logLevel":"debug","message":"\t{} li elementlerden {} değerine eşit olanın yanındaki {} elementinin {} attributesini {} olarak kaydet : public void findElementWithTextsAndSaveAttributeNextTo(String key, String text, String key2, String attr, String key3)"}
{"logLevel":"debug","message":"\t{} li elementlerden {} değerine eşit olanın yanındaki {} elementinin {} attributesini {} yap : public void findElementWithTextsAndSetAttributeNextTo(String key, String text, String key2, String attr, String text2)"}
{"logLevel":"debug","message":"\t{} li elementlerin texti var mı? : public void checkTextsElement(String key)"}
{"logLevel":"debug","message":"\tSayfanın url i {} mı? : public void checkUrl(String url)"}
{"logLevel":"debug","message":"\t{} li elementlerden {} pin değerine tıkla : public void findElementPinWithTextsAndClick(String key, String pin)"}
{"logLevel":"debug","message":"\tWait {} element : public void waitElement(String key)"}
{"logLevel":"debug","message":"\tBulunduğun sayfayı kapat : public void closePage()"}
{"logLevel":"debug","message":"\tEntere tıkla : public void clickEnter()"}
{"logLevel":"debug","message":"\t{} li elementlerden {} değerine eşit olanın yanındaki {} elementinde Entere Tikla : public void findElementWithTextsAndSendKeyNextToEnter(String key, String text, String key2)"}
{"logLevel":"debug","message":"\t{} li elementin {} attributesini {} olarak kaydet : public void saveAttribute(String key, String attr, String key2)"}
{"logLevel":"debug","message":"\t{} li elementlerden {} değerine eşit olan var mı? : public void findElementWithTextsAndCheckText(String key, String text)"}
{"logLevel":"debug","message":"\t{} li elementin yanındaki {} elementinin {} attributesi var mı? : public void checkAttributeNextTo(String key, String key2, String attr)"}
{"logLevel":"debug","message":"\t{} li elementi sürükle ve bırak : public void dragAndDropColumn(String key)"}
{"logLevel":"debug","message":"\t{} li elementlerden {} değerine eşit olan elementin {} attributesi {} mı? : public void findElementWithTextAndCheckAttributeTextNextTo(String key, String text, String attr, String attrtext)"}
{"logLevel":"debug","message":"\t{} li elementin yanındaki {} element var mı? : public void checkElementNextTo(String key, String key2)"}
{"logLevel":"debug","message":"\t{} li elementlerden {} değerine eşit olana tıkla : public void findElementWithTextsAndClick(String key, String text)"}
{"logLevel":"debug","message":"\t{} li elementlerden {} değerine eşit olan yok mu? : public void checkTextNotExistsElements(String key, String text)"}
{"logLevel":"debug","message":"\t{} li elementi invisible olana kadar bekle : public void waitInVisible(String key)"}
{"logLevel":"debug","message":"\t{} li elementlerden {} değerine eşit olanın yanındaki {} elementinin üzerine gel : public void findElementWithTextsAndHoverNextTo(String key, String text, String key2)"}
{"logLevel":"debug","message":"\t{} li elementlerden {} değerine eşit olanın yanındaki {} elementine tıkla : public void findElementWithTextsAndClickNextTo(String key, String text, String key2)"}
{"logLevel":"debug","message":"\t{} li elementlerden {} değerine eşit olan tıklanabilir mi? : public void findElementWithTextsAndCheckClickable(String key, String text)"}
{"logLevel":"debug","message":"\t{} li elemente tikla : public void clickElement(String key)"}
{"logLevel":"debug","message":"\t{} li elementlerden {} değerine eşit olanın textini {} olarak kaydet : public void findElementWithTextsAndSaveText(String key, String text, String key2)"}
{"logLevel":"debug","message":"\t{} li elementin {} attributesini {} yap : public void setAttribute(String key, String attr, String text)"}
{"logLevel":"debug","message":"\t{} Entere tıkla : public void clickEnterWithElement(String key)"}
{"logLevel":"debug","message":"\tYeni açılan sayfaya geç : public void navigateWindow()"}
{"logLevel":"debug","message":"\t{} li elementlerden {} değerine eşit olan ile aynı sıralamada yanındaki {} elementine {} değerini yaz : public void findElementWithTextsAndSendKeyAllignment(String key, String text, String key2, String text2)"}
{"logLevel":"debug","message":"\t{} li elementlerden {} değerine eşit olanın yanındaki {} li elementlerden {} değerine eşit olan var mı? : public void findElementWithTextsAndFindElementWithTextNextTo(String key, String text, String key2, String text2)"}
{"logLevel":"debug","message":"\t{} li elementi görünür olana kadar bekle : public void waitVisible(String key)"}
{"logLevel":"debug","message":"\t{} li elementlerden {} değerine eşit olanın {} attributesini {} olarak kaydet : public void findElementWithTextsAndSaveAttribute(String key, String text, String attr, String key2)"}
{"logLevel":"debug","message":"\t{} isimli frame e geç : public void navigateFrame(String frame)"}
{"logLevel":"debug","message":"\t{} li elementi bekle : public void waitElement(String key)"}
{"logLevel":"debug","message":"\tSend keys to element with key {} and text {} : public void sendKey(String key, String text)"}
{"logLevel":"debug","message":"\t{} li elementin yanındaki {} elementine tikla : public void clickElementNextTo(String key, String key2)"}
{"logLevel":"debug","message":"\t{} li elementin yanındaki {} elementinin texti var mı? : public void checkTextNextTo(String key, String key2)"}
{"logLevel":"debug","message":"\t{} li elementlerden {} değerine eşit olanın yanındaki {} elementi tıklanabilir mi? : public void findElementWithTextsAndCheckClickableNextTo(String key, String text, String key2)"}
{"logLevel":"debug","message":"\t{} li elementin yanındaki {} elementinin textini {} olarak kaydet : public void saveTextNextTo(String key, String key2, String key3)"}
{"logLevel":"debug","message":"\t{} li elementlerden texti olanın yanındaki {} elementi var mı? : public void findElementsCheckTextsAndCheckElementNextTo(String key, String key2)"}
{"logLevel":"debug","message":"\t{} li elementlerden {} değerine eşit olanın yanındaki {} li elementlerden {} değerine eşit olanın yanındaki {} elementine tıkla : public void findElementWithTextsAndFindElementWithTextAndClickNextTo(String key, String text, String key2, String text2, String key3)"}
{"logLevel":"debug","message":"\t{} li elementin yanındaki {} elementinin {} attributesini {} yap : public void setAttributeNextTo(String key, String key2, String attr, String text)"}
{"logLevel":"debug","message":"\t{} li elementlerden {} değerine eşit olanın yanındaki {} elementinin {} attributesi {} içeriyor mu? : public void findElementWithTextsAndCheckAttributeTextNextTo(String key, String text, String key2, String attr, String attrtext)"}
{"logLevel":"debug","message":"\t{} li elementlerden {} değerine eşit olanın yanındaki {} li elementlerden {} değerine eşit olanın yanındaki {} elementinin textini {} olarak kaydet : public void findElementWithTextsAndFindElementWithTextAndSaveTextNextTo(String key, String text, String key2, String text2, String key3, String text3)"}
{"logLevel":"debug","message":"\t{} li elementin içindekileri sil : public void deleteText(String key)"}
{"logLevel":"debug","message":"\t{} li elementlerden {} değerine eşit olanın yanındaki {} elementinin {} attributesi {} mı? : public void findElementWithTextAndCheckAttributeEqualsTextNextTo(String key, String text, String key2, String attr, String attrtext)"}
{"logLevel":"debug","message":"\t{} li elementlerden texti olanın yanındaki {} elementin texti var mı? : public void findElementsCheckTextsAndCheckElementsTextNextTo(String key, String key2)"}
{"logLevel":"debug","message":"\t{} li elementin texti {} içeriyor mu? : public void checkTextContains(String key, String text)"}
{"logLevel":"debug","message":"\tFrameden ana sayfaya geç : public void navigateFrame()"}
{"logLevel":"debug","message":"\t{} li elementler var mı? : public void checkElements(String key)"}
{"logLevel":"debug","message":"\t{} li elementlerden {} değerine eşit olanın yanındaki {} elementinin textini {} olarak kaydet : public void findElementWithTextsAndSaveTextNextTo(String key, String text, String key2, String key3)"}
{"logLevel":"debug","message":"\t{} li elementi temizle : public void deleteText2(String key)"}
{"logLevel":"debug","message":"\t{} li elementin texti var mı? : public void checkText(String key)"}
{"logLevel":"debug","message":"\t{} li elementin yanındaki {} elementinin {} attributesini {} olarak kaydet : public void saveAttributeNextTo(String key, String key2, String attr, String key3)"}
{"logLevel":"debug","message":"\t{} li elementlerden {} değerine eşit olanın yanındaki {} li elementlerin textindeki tarihler doğru aralıkta mı? : public void findElementWithTextsAndSaveAttributeTextNextTo(String key, String text, String key2) throws ParseException"}
{"logLevel":"debug","message":"\t{} li elementin yanındaki {} elementine {} degerini yaz : public void sendKeyNextTo(String key, String key2, String text)"}
{"logLevel":"debug","message":"\tBulunduğun sayfayı yenile : public void refreshPage()"}
{"logLevel":"debug","message":"\t{} li elementlerden {} değerine eşit olanın {} attributesi var mı? : public void findElementWithTextsAndCheckAttribute(String key, String text, String attr)"}
{"logLevel":"debug","message":"\tframe gir : public void framegir()"}
{"logLevel":"debug","message":"\t{} li elementlerden {} değerine eşit olanın yanındaki {} element var mı? : public void findElementWithTextsAndCheckElementNextTo(String key, String text, String key2)"}
{"logLevel":"debug","message":"\t{} li elementlerden {} değerine eşit olana {} değerini yaz : public void findElementWithTextsAndSendKey(String key, String text, String text2)"}
2021-08-23 14:19:53.450 [pool-2-thread-1] INFO  com.vrgsl.qa.<init>(42) - Report create and save disabled configuration!
2021-08-23 14:19:53.663 [pool-2-thread-1] WARN  com.vrgsl.qa.setBaseUrl(41) - Env System Property Not Found Default Use Test Url
Starting ChromeDriver 91.0.4472.101 (af52a90bf87030dd1523486a1cd3ae25c5d76c9b-refs/branch-heads/4472@{#1462}) on port 28490
Only local connections are allowed.
Please see https://chromedriver.chromium.org/security-considerations for suggestions on keeping ChromeDriver safe.
ChromeDriver was started successfully.
[1629717595.570][WARNING]: This version of ChromeDriver has not been tested with Chrome version 92.
Aug 23, 2021 2:19:55 PM org.openqa.selenium.remote.ProtocolHandshake createSession
INFO: Detected dialect: W3C
2021-08-23 14:19:55.741 [pool-2-thread-1] INFO  com.vrgsl.qa.initFeather(24) - Init Feather Injections
2021-08-23 14:19:55.777 [pool-2-thread-1] INFO  com.vrgsl.qa.logWaitSelected(195) - Wait Configuration
page load=true
ajax load=true
angular load=false
2021-08-23 14:19:55.781 [pool-2-thread-1] INFO  com.vrgsl.qa.inject(8) - Inject Starting...
2021-08-23 14:19:58.393 [pool-2-thread-1] INFO  com.vrgsl.qa.afterNavigateTo(66) - Navigate To Page Url=http://192.168.186.88:81/markup
2021-08-23 14:20:00.070 [pool-2-thread-1] INFO  com.vrgsl.qa.testStepBefore(58) - Sayfanın url i "http://192.168.186.88:81/markup" mı? adimi basladi
{"logLevel":"debug","message":"Executing 'Sayfanın url i {} mı?' using 'class com.virgosol.odeon.step.StepImpl.checkUrl"}
2021-08-23 14:20:00.086 [pool-2-thread-1] INFO  com.vrgsl.qa.testStep(76) - Sayfanın url i "http://192.168.186.88:81/markup" mı? adimi basariyla bitti
2021-08-23 14:20:01.206 [pool-2-thread-1] INFO  com.vrgsl.qa.testStepBefore(58) - "txt_loginHeader" li elementlerden "Username" değerine eşit olanın yanındaki "txtbx_loginInput" elementine "OdeonbedsAdmin" değerini yaz adimi basladi
{"logLevel":"debug","message":"Executing '{} li elementlerden {} değerine eşit olanın yanındaki {} elementine {} değerini yaz' using 'class com.virgosol.odeon.step.StepImpl.findElementWithTextsAndSendKeyNextTo"}
2021-08-23 14:20:01.241 [pool-2-thread-1] INFO  com.vrgsl.qa.beforeFindBy(103) - Finding Element  By.cssSelector: .ant-form-item-required
2021-08-23 14:20:01.270 [pool-2-thread-1] INFO  com.vrgsl.qa.beforeFindBy(103) - Finding Element  By.cssSelector: .ant-form-item-required
2021-08-23 14:20:01.309 [pool-2-thread-1] INFO  com.vrgsl.qa.beforeFindBy(103) - Finding Element  By.xpath: ../..//input[@class='ant-input']
2021-08-23 14:20:01.334 [pool-2-thread-1] INFO  com.vrgsl.qa.afterFindBy(111) - Find Element Success ByName=By.xpath: ../..//input[@class='ant-input'] TagName=label
2021-08-23 14:20:01.718 [pool-2-thread-1] INFO  com.vrgsl.qa.beforeChangeValueOf(135) - Set Value [Ljava.lang.CharSequence;@4c8f7019
2021-08-23 14:20:01.897 [pool-2-thread-1] INFO  com.vrgsl.qa.testStep(76) - "txt_loginHeader" li elementlerden "Username" değerine eşit olanın yanındaki "txtbx_loginInput" elementine "OdeonbedsAdmin" değerini yaz adimi basariyla bitti
2021-08-23 14:20:02.332 [pool-2-thread-1] INFO  com.vrgsl.qa.testStepBefore(58) - "txt_loginHeader" li elementlerden "Password" değerine eşit olanın yanındaki "txtbx_loginInput" elementine "De53Acy2.." değerini yaz adimi basladi
{"logLevel":"debug","message":"Executing '{} li elementlerden {} değerine eşit olanın yanındaki {} elementine {} değerini yaz' using 'class com.virgosol.odeon.step.StepImpl.findElementWithTextsAndSendKeyNextTo"}
2021-08-23 14:20:02.334 [pool-2-thread-1] INFO  com.vrgsl.qa.beforeFindBy(103) - Finding Element  By.cssSelector: .ant-form-item-required
2021-08-23 14:20:02.350 [pool-2-thread-1] INFO  com.vrgsl.qa.beforeFindBy(103) - Finding Element  By.cssSelector: .ant-form-item-required
2021-08-23 14:20:02.395 [pool-2-thread-1] INFO  com.vrgsl.qa.beforeFindBy(103) - Finding Element  By.xpath: ../..//input[@class='ant-input']
2021-08-23 14:20:02.416 [pool-2-thread-1] INFO  com.vrgsl.qa.afterFindBy(111) - Find Element Success ByName=By.xpath: ../..//input[@class='ant-input'] TagName=label
2021-08-23 14:20:02.799 [pool-2-thread-1] INFO  com.vrgsl.qa.beforeChangeValueOf(135) - Set Value [Ljava.lang.CharSequence;@7f7649e9
2021-08-23 14:20:02.913 [pool-2-thread-1] INFO  com.vrgsl.qa.testStep(76) - "txt_loginHeader" li elementlerden "Password" değerine eşit olanın yanındaki "txtbx_loginInput" elementine "De53Acy2.." değerini yaz adimi basariyla bitti
2021-08-23 14:20:03.315 [pool-2-thread-1] INFO  com.vrgsl.qa.testStepBefore(58) - "btn_pageButtons" li elementlerden "Submit" değerine eşit olana tıkla adimi basladi
{"logLevel":"debug","message":"Executing '{} li elementlerden {} değerine eşit olana tıkla' using 'class com.virgosol.odeon.step.StepImpl.findElementWithTextsAndClick"}
2021-08-23 14:20:03.321 [pool-2-thread-1] INFO  com.vrgsl.qa.beforeFindBy(103) - Finding Element  By.cssSelector: .ant-btn,.ant-btn > span
2021-08-23 14:20:03.340 [pool-2-thread-1] INFO  com.vrgsl.qa.beforeFindBy(103) - Finding Element  By.cssSelector: .ant-btn,.ant-btn > span
2021-08-23 14:20:03.472 [pool-2-thread-1] INFO  com.vrgsl.qa.testStep(76) - "btn_pageButtons" li elementlerden "Submit" değerine eşit olana tıkla adimi basariyla bitti
2021-08-23 14:20:03.895 [pool-2-thread-1] INFO  com.vrgsl.qa.testStepBefore(58) - "img_OdeonLogo" li element var mı? adimi basladi
{"logLevel":"debug","message":"Executing '{} li element var mı?' using 'class com.virgosol.odeon.step.StepImpl.checkElement"}
2021-08-23 14:20:03.897 [pool-2-thread-1] INFO  com.vrgsl.qa.beforeFindBy(103) - Finding Element  By.cssSelector: img[alt='OdeonBeds']
2021-08-23 14:20:04.380 [pool-2-thread-1] INFO  com.vrgsl.qa.beforeFindBy(103) - Finding Element  By.cssSelector: img[alt='OdeonBeds']
2021-08-23 14:20:05.373 [pool-2-thread-1] INFO  com.vrgsl.qa.afterFindBy(111) - Find Element Success ByName=By.cssSelector: img[alt='OdeonBeds'] TagName=img
2021-08-23 14:20:05.429 [pool-2-thread-1] INFO  com.vrgsl.qa.testStep(76) - "img_OdeonLogo" li element var mı? adimi basariyla bitti
2021-08-23 14:20:05.942 [pool-2-thread-1] INFO  com.vrgsl.qa.testStepBefore(58) - "btn_pageButtons" li elementlerden "EN" değerine eşit olana tıkla adimi basladi
{"logLevel":"debug","message":"Executing '{} li elementlerden {} değerine eşit olana tıkla' using 'class com.virgosol.odeon.step.StepImpl.findElementWithTextsAndClick"}
2021-08-23 14:20:05.944 [pool-2-thread-1] INFO  com.vrgsl.qa.beforeFindBy(103) - Finding Element  By.cssSelector: .ant-btn,.ant-btn > span
2021-08-23 14:20:05.960 [pool-2-thread-1] INFO  com.vrgsl.qa.beforeFindBy(103) - Finding Element  By.cssSelector: .ant-btn,.ant-btn > span
2021-08-23 14:20:06.197 [pool-2-thread-1] INFO  com.vrgsl.qa.testStep(76) - "btn_pageButtons" li elementlerden "EN" değerine eşit olana tıkla adimi basariyla bitti
2021-08-23 14:20:06.678 [pool-2-thread-1] INFO  com.vrgsl.qa.testStepBefore(58) - "txt_searchTypeInput" li elemente tikla adimi basladi
{"logLevel":"debug","message":"Executing '{} li elemente tikla' using 'class com.virgosol.odeon.step.StepImpl.clickElement"}
2021-08-23 14:20:06.680 [pool-2-thread-1] INFO  com.vrgsl.qa.beforeFindBy(103) - Finding Element  By.cssSelector: input[id='category:filter']
2021-08-23 14:20:06.702 [pool-2-thread-1] INFO  com.vrgsl.qa.afterFindBy(111) - Find Element Success ByName=By.cssSelector: input[id='category:filter'] TagName=input
2021-08-23 14:20:06.709 [pool-2-thread-1] INFO  com.vrgsl.qa.beforeFindBy(103) - Finding Element  By.cssSelector: input[id='category:filter']
2021-08-23 14:20:06.726 [pool-2-thread-1] INFO  com.vrgsl.qa.afterFindBy(111) - Find Element Success ByName=By.cssSelector: input[id='category:filter'] TagName=input
2021-08-23 14:20:06.827 [pool-2-thread-1] INFO  com.vrgsl.qa.testStep(76) - "txt_searchTypeInput" li elemente tikla adimi basariyla bitti
2021-08-23 14:20:07.397 [pool-2-thread-1] INFO  com.vrgsl.qa.testStepBefore(58) - "txt_dropdownOptions" li elementlerden "Live Search" değerine eşit olana tıkla adimi basladi
{"logLevel":"debug","message":"Executing '{} li elementlerden {} değerine eşit olana tıkla' using 'class com.virgosol.odeon.step.StepImpl.findElementWithTextsAndClick"}
2021-08-23 14:20:07.399 [pool-2-thread-1] INFO  com.vrgsl.qa.beforeFindBy(103) - Finding Element  By.cssSelector: .ant-select-dropdown > div > div > div > a,.ant-select-item-option-content
2021-08-23 14:20:07.418 [pool-2-thread-1] INFO  com.vrgsl.qa.beforeFindBy(103) - Finding Element  By.cssSelector: .ant-select-dropdown > div > div > div > a,.ant-select-item-option-content
2021-08-23 14:20:07.553 [pool-2-thread-1] INFO  com.vrgsl.qa.testStep(76) - "txt_dropdownOptions" li elementlerden "Live Search" değerine eşit olana tıkla adimi basariyla bitti
2021-08-23 14:20:08.070 [pool-2-thread-1] INFO  com.vrgsl.qa.testStepBefore(58) - "btn_pageButtons" li elementlerden "Search" değerine eşit olana tıkla adimi basladi
{"logLevel":"debug","message":"Executing '{} li elementlerden {} değerine eşit olana tıkla' using 'class com.virgosol.odeon.step.StepImpl.findElementWithTextsAndClick"}
2021-08-23 14:20:08.073 [pool-2-thread-1] INFO  com.vrgsl.qa.beforeFindBy(103) - Finding Element  By.cssSelector: .ant-btn,.ant-btn > span
2021-08-23 14:20:08.089 [pool-2-thread-1] INFO  com.vrgsl.qa.beforeFindBy(103) - Finding Element  By.cssSelector: .ant-btn,.ant-btn > span
2021-08-23 14:20:08.726 [pool-2-thread-1] INFO  com.vrgsl.qa.testStep(76) - "btn_pageButtons" li elementlerden "Search" değerine eşit olana tıkla adimi basariyla bitti
2021-08-23 14:20:09.324 [pool-2-thread-1] INFO  com.vrgsl.qa.testStepBefore(58) - "icon_loading" li elementi invisible olana kadar bekle adimi basladi
{"logLevel":"debug","message":"Executing '{} li elementi invisible olana kadar bekle' using 'class com.virgosol.odeon.step.StepImpl.waitInVisible"}
2021-08-23 14:20:09.331 [pool-2-thread-1] INFO  com.vrgsl.qa.beforeFindBy(103) - Finding Element  By.cssSelector: .ant-spin-dot.ant-spin-dot-spin
2021-08-23 14:20:09.354 [pool-2-thread-1] INFO  com.vrgsl.qa.testStep(76) - "icon_loading" li elementi invisible olana kadar bekle adimi basariyla bitti
2021-08-23 14:20:09.986 [pool-2-thread-1] INFO  com.vrgsl.qa.testStepBefore(58) - "img_editIcon" li elementi bekle adimi basladi
{"logLevel":"debug","message":"Executing '{} li elementi bekle' using 'class com.virgosol.odeon.step.StepImpl.waitElement"}
2021-08-23 14:20:09.989 [pool-2-thread-1] INFO  com.vrgsl.qa.beforeFindBy(103) - Finding Element  By.cssSelector: .anticon-edit
2021-08-23 14:20:10.008 [pool-2-thread-1] INFO  com.vrgsl.qa.afterFindBy(111) - Find Element Success ByName=By.cssSelector: .anticon-edit TagName=span
2021-08-23 14:20:10.015 [pool-2-thread-1] INFO  com.vrgsl.qa.testStep(76) - "img_editIcon" li elementi bekle adimi basariyla bitti
2021-08-23 14:20:10.565 [pool-2-thread-1] INFO  com.vrgsl.qa.testStepBefore(58) - "img_editIcon" li element var mı? adimi basladi
{"logLevel":"debug","message":"Executing '{} li element var mı?' using 'class com.virgosol.odeon.step.StepImpl.checkElement"}
2021-08-23 14:20:10.568 [pool-2-thread-1] INFO  com.vrgsl.qa.beforeFindBy(103) - Finding Element  By.cssSelector: .anticon-edit
2021-08-23 14:20:10.586 [pool-2-thread-1] INFO  com.vrgsl.qa.afterFindBy(111) - Find Element Success ByName=By.cssSelector: .anticon-edit TagName=span
2021-08-23 14:20:10.593 [pool-2-thread-1] INFO  com.vrgsl.qa.testStep(76) - "img_editIcon" li element var mı? adimi basariyla bitti
2021-08-23 14:20:11.103 [pool-2-thread-1] INFO  com.vrgsl.qa.testStepBefore(58) - "img_deleteIcon" li element var mı? adimi basladi
{"logLevel":"debug","message":"Executing '{} li element var mı?' using 'class com.virgosol.odeon.step.StepImpl.checkElement"}
2021-08-23 14:20:11.104 [pool-2-thread-1] INFO  com.vrgsl.qa.beforeFindBy(103) - Finding Element  By.cssSelector: .anticon.anticon-delete
2021-08-23 14:20:11.125 [pool-2-thread-1] INFO  com.vrgsl.qa.afterFindBy(111) - Find Element Success ByName=By.cssSelector: .anticon.anticon-delete TagName=span
2021-08-23 14:20:11.131 [pool-2-thread-1] INFO  com.vrgsl.qa.testStep(76) - "img_deleteIcon" li element var mı? adimi basariyla bitti
2021-08-23 14:20:11.651 [pool-2-thread-1] INFO  com.vrgsl.qa.testStepBefore(58) - "txt_dataGridMarkupIdRow" li elementlerden "696" değerine eşit olanın yanındaki "txt_dataGridEditIkonByMarkupId" elementlerinden indexe göre tıkla adimi basladi
{"logLevel":"debug","message":"Executing '{} li elementlerden {} değerine eşit olanın yanındaki {} elementlerinden indexe göre tıkla' using 'class com.virgosol.odeon.step.StepImpl.findElementWithTextsAndClickNextToWithIndex"}
2021-08-23 14:20:11.653 [pool-2-thread-1] INFO  com.vrgsl.qa.beforeFindBy(103) - Finding Element  By.cssSelector: .dx-page
2021-08-23 14:20:11.673 [pool-2-thread-1] INFO  com.vrgsl.qa.beforeFindBy(103) - Finding Element  By.cssSelector: .dx-page
2021-08-23 14:20:11.690 [pool-2-thread-1] INFO  com.vrgsl.qa.beforeFindBy(103) - Finding Element  By.cssSelector: .dx-scrollable-container .dx-column-lines > td:first-child
2021-08-23 14:20:11.707 [pool-2-thread-1] INFO  com.vrgsl.qa.beforeFindBy(103) - Finding Element  By.cssSelector: .dx-scrollable-container .dx-column-lines > td:first-child
2021-08-23 14:20:12.234 [pool-2-thread-1] INFO  com.vrgsl.qa.beforeFindBy(103) - Finding Element  By.xpath: ../../../../../../../following-sibling::div//span[contains(@class,'anticon-edit')]
2021-08-23 14:20:12.255 [pool-2-thread-1] INFO  com.vrgsl.qa.afterFindBy(111) - Find Element Success ByName=By.xpath: ../../../../../../../following-sibling::div//span[contains(@class,'anticon-edit')] TagName=td
2021-08-23 14:20:12.462 [pool-2-thread-1] INFO  com.vrgsl.qa.testStep(76) - "txt_dataGridMarkupIdRow" li elementlerden "696" değerine eşit olanın yanındaki "txt_dataGridEditIkonByMarkupId" elementlerinden indexe göre tıkla adimi basariyla bitti
2021-08-23 14:20:12.979 [pool-2-thread-1] INFO  com.vrgsl.qa.testStepBefore(58) - Sayfanın url i "http://192.168.186.88:81/markup/696/edit" mı? adimi basladi
{"logLevel":"debug","message":"Executing 'Sayfanın url i {} mı?' using 'class com.virgosol.odeon.step.StepImpl.checkUrl"}
2021-08-23 14:20:12.984 [pool-2-thread-1] INFO  com.vrgsl.qa.testStep(76) - Sayfanın url i "http://192.168.186.88:81/markup/696/edit" mı? adimi basariyla bitti
2021-08-23 14:20:13.451 [pool-2-thread-1] INFO  com.vrgsl.qa.testStepBefore(58) - "txt_disabledCheckInDateBetween" li elementin "class" attributesi "ant-picker ant-picker-range ant-picker-middle" mi adimi basladi
{"logLevel":"debug","message":"Executing '{} li elementin {} attributesi {} mi' using 'class com.virgosol.odeon.step.StepImpl.findElementWithTextAndCheckAttributeText"}
2021-08-23 14:20:13.453 [pool-2-thread-1] INFO  com.vrgsl.qa.beforeFindBy(103) - Finding Element  By.cssSelector: div[name='checkInStart-0']
2021-08-23 14:20:13.741 [pool-2-thread-1] INFO  com.vrgsl.qa.beforeFindBy(103) - Finding Element  By.cssSelector: div[name='checkInStart-0']
2021-08-23 14:20:14.014 [pool-2-thread-1] INFO  com.vrgsl.qa.beforeFindBy(103) - Finding Element  By.cssSelector: div[name='checkInStart-0']
2021-08-23 14:20:14.285 [pool-2-thread-1] INFO  com.vrgsl.qa.beforeFindBy(103) - Finding Element  By.cssSelector: div[name='checkInStart-0']
2021-08-23 14:20:14.492 [pool-2-thread-1] INFO  com.vrgsl.qa.afterFindBy(111) - Find Element Success ByName=By.cssSelector: div[name='checkInStart-0'] TagName=div
2021-08-23 14:20:14.498 [pool-2-thread-1] INFO  com.vrgsl.qa.beforeFindBy(103) - Finding Element  By.cssSelector: div[name='checkInStart-0']
2021-08-23 14:20:14.526 [pool-2-thread-1] INFO  com.vrgsl.qa.afterFindBy(111) - Find Element Success ByName=By.cssSelector: div[name='checkInStart-0'] TagName=div
2021-08-23 14:20:14.543 [pool-2-thread-1] INFO  com.vrgsl.qa.testStep(76) - "txt_disabledCheckInDateBetween" li elementin "class" attributesi "ant-picker ant-picker-range ant-picker-middle" mi adimi basariyla bitti
2021-08-23 14:20:15.000 [pool-2-thread-1] INFO  com.vrgsl.qa.testStepBefore(58) - "txt_disabledAccommodationDateBetween" li elementin "class" attributesi "ant-picker ant-picker-range ant-picker-middle" mi adimi basladi
{"logLevel":"debug","message":"Executing '{} li elementin {} attributesi {} mi' using 'class com.virgosol.odeon.step.StepImpl.findElementWithTextAndCheckAttributeText"}
2021-08-23 14:20:15.002 [pool-2-thread-1] INFO  com.vrgsl.qa.beforeFindBy(103) - Finding Element  By.cssSelector: div[name='accommodationStartDate-0']
2021-08-23 14:20:15.024 [pool-2-thread-1] INFO  com.vrgsl.qa.afterFindBy(111) - Find Element Success ByName=By.cssSelector: div[name='accommodationStartDate-0'] TagName=div
2021-08-23 14:20:15.028 [pool-2-thread-1] INFO  com.vrgsl.qa.beforeFindBy(103) - Finding Element  By.cssSelector: div[name='accommodationStartDate-0']
2021-08-23 14:20:15.044 [pool-2-thread-1] INFO  com.vrgsl.qa.afterFindBy(111) - Find Element Success ByName=By.cssSelector: div[name='accommodationStartDate-0'] TagName=div
2021-08-23 14:20:15.056 [pool-2-thread-1] INFO  com.vrgsl.qa.testStep(76) - "txt_disabledAccommodationDateBetween" li elementin "class" attributesi "ant-picker ant-picker-range ant-picker-middle" mi adimi basariyla bitti
2021-08-23 14:20:15.480 [pool-2-thread-1] INFO  com.vrgsl.qa.testStepBefore(58) - "txt_disabledBookingDateWindow" li elementin "class" attributesi "ant-picker ant-picker-range ant-picker-middle" mi adimi basladi
{"logLevel":"debug","message":"Executing '{} li elementin {} attributesi {} mi' using 'class com.virgosol.odeon.step.StepImpl.findElementWithTextAndCheckAttributeText"}
2021-08-23 14:20:15.482 [pool-2-thread-1] INFO  com.vrgsl.qa.beforeFindBy(103) - Finding Element  By.cssSelector: div[name='bookingStart-0']
2021-08-23 14:20:15.505 [pool-2-thread-1] INFO  com.vrgsl.qa.afterFindBy(111) - Find Element Success ByName=By.cssSelector: div[name='bookingStart-0'] TagName=div
2021-08-23 14:20:15.511 [pool-2-thread-1] INFO  com.vrgsl.qa.beforeFindBy(103) - Finding Element  By.cssSelector: div[name='bookingStart-0']
2021-08-23 14:20:15.527 [pool-2-thread-1] INFO  com.vrgsl.qa.afterFindBy(111) - Find Element Success ByName=By.cssSelector: div[name='bookingStart-0'] TagName=div
2021-08-23 14:20:15.538 [pool-2-thread-1] INFO  com.vrgsl.qa.testStep(76) - "txt_disabledBookingDateWindow" li elementin "class" attributesi "ant-picker ant-picker-range ant-picker-middle" mi adimi basariyla bitti
2021-08-23 14:20:15.961 [pool-2-thread-1] INFO  com.vrgsl.qa.testStepBefore(58) - "btn_pageButtons" li elementlerden "Add a Date Group" değerine eşit olana tıkla adimi basladi
{"logLevel":"debug","message":"Executing '{} li elementlerden {} değerine eşit olana tıkla' using 'class com.virgosol.odeon.step.StepImpl.findElementWithTextsAndClick"}
2021-08-23 14:20:15.963 [pool-2-thread-1] INFO  com.vrgsl.qa.beforeFindBy(103) - Finding Element  By.cssSelector: .ant-btn,.ant-btn > span
2021-08-23 14:20:15.979 [pool-2-thread-1] INFO  com.vrgsl.qa.beforeFindBy(103) - Finding Element  By.cssSelector: .ant-btn,.ant-btn > span
2021-08-23 14:20:16.276 [pool-2-thread-1] INFO  com.vrgsl.qa.testStep(76) - "btn_pageButtons" li elementlerden "Add a Date Group" değerine eşit olana tıkla adimi basariyla bitti
2021-08-23 14:20:16.763 [pool-2-thread-1] INFO  com.vrgsl.qa.testStepBefore(58) - "txt_newCheckInDateBetween" li elementin "class" attributesi "ant-picker ant-picker-range ant-picker-middle" mi adimi basladi
{"logLevel":"debug","message":"Executing '{} li elementin {} attributesi {} mi' using 'class com.virgosol.odeon.step.StepImpl.findElementWithTextAndCheckAttributeText"}
2021-08-23 14:20:16.764 [pool-2-thread-1] INFO  com.vrgsl.qa.beforeFindBy(103) - Finding Element  By.cssSelector: div[name='checkInStart-1']
2021-08-23 14:20:16.788 [pool-2-thread-1] INFO  com.vrgsl.qa.afterFindBy(111) - Find Element Success ByName=By.cssSelector: div[name='checkInStart-1'] TagName=div
2021-08-23 14:20:16.794 [pool-2-thread-1] INFO  com.vrgsl.qa.beforeFindBy(103) - Finding Element  By.cssSelector: div[name='checkInStart-1']
2021-08-23 14:20:16.809 [pool-2-thread-1] INFO  com.vrgsl.qa.afterFindBy(111) - Find Element Success ByName=By.cssSelector: div[name='checkInStart-1'] TagName=div
2021-08-23 14:20:16.821 [pool-2-thread-1] INFO  com.vrgsl.qa.testStep(76) - "txt_newCheckInDateBetween" li elementin "class" attributesi "ant-picker ant-picker-range ant-picker-middle" mi adimi basariyla bitti
2021-08-23 14:20:17.247 [pool-2-thread-1] INFO  com.vrgsl.qa.testStepBefore(58) - "txt_newAccommodationDateBetween" li elementin "class" attributesi "ant-picker ant-picker-range ant-picker-middle" mi adimi basladi
{"logLevel":"debug","message":"Executing '{} li elementin {} attributesi {} mi' using 'class com.virgosol.odeon.step.StepImpl.findElementWithTextAndCheckAttributeText"}
2021-08-23 14:20:17.249 [pool-2-thread-1] INFO  com.vrgsl.qa.beforeFindBy(103) - Finding Element  By.cssSelector: div[name='accommodationStartDate-1']
2021-08-23 14:20:17.269 [pool-2-thread-1] INFO  com.vrgsl.qa.afterFindBy(111) - Find Element Success ByName=By.cssSelector: div[name='accommodationStartDate-1'] TagName=div
2021-08-23 14:20:17.275 [pool-2-thread-1] INFO  com.vrgsl.qa.beforeFindBy(103) - Finding Element  By.cssSelector: div[name='accommodationStartDate-1']
2021-08-23 14:20:17.291 [pool-2-thread-1] INFO  com.vrgsl.qa.afterFindBy(111) - Find Element Success ByName=By.cssSelector: div[name='accommodationStartDate-1'] TagName=div
2021-08-23 14:20:17.302 [pool-2-thread-1] INFO  com.vrgsl.qa.testStep(76) - "txt_newAccommodationDateBetween" li elementin "class" attributesi "ant-picker ant-picker-range ant-picker-middle" mi adimi basariyla bitti
2021-08-23 14:20:17.723 [pool-2-thread-1] INFO  com.vrgsl.qa.testStepBefore(58) - "txt_newBookingDateWindow" li elementin "class" attributesi "ant-picker ant-picker-range ant-picker-middle" mi adimi basladi
{"logLevel":"debug","message":"Executing '{} li elementin {} attributesi {} mi' using 'class com.virgosol.odeon.step.StepImpl.findElementWithTextAndCheckAttributeText"}
2021-08-23 14:20:17.725 [pool-2-thread-1] INFO  com.vrgsl.qa.beforeFindBy(103) - Finding Element  By.cssSelector: div[name='bookingStart-1']
2021-08-23 14:20:17.748 [pool-2-thread-1] INFO  com.vrgsl.qa.afterFindBy(111) - Find Element Success ByName=By.cssSelector: div[name='bookingStart-1'] TagName=div
2021-08-23 14:20:17.753 [pool-2-thread-1] INFO  com.vrgsl.qa.beforeFindBy(103) - Finding Element  By.cssSelector: div[name='bookingStart-1']
2021-08-23 14:20:17.770 [pool-2-thread-1] INFO  com.vrgsl.qa.afterFindBy(111) - Find Element Success ByName=By.cssSelector: div[name='bookingStart-1'] TagName=div
2021-08-23 14:20:17.781 [pool-2-thread-1] INFO  com.vrgsl.qa.testStep(76) - "txt_newBookingDateWindow" li elementin "class" attributesi "ant-picker ant-picker-range ant-picker-middle" mi adimi basariyla bitti
2021-08-23 14:20:18.207 [pool-2-thread-1] INFO  com.vrgsl.qa.testStepBefore(58) - "txt_newRollingDate" li elementin "class" attributesi "ant-picker ant-picker-range ant-picker-middle" mi adimi basladi
{"logLevel":"debug","message":"Executing '{} li elementin {} attributesi {} mi' using 'class com.virgosol.odeon.step.StepImpl.findElementWithTextAndCheckAttributeText"}
2021-08-23 14:20:18.208 [pool-2-thread-1] INFO  com.vrgsl.qa.beforeFindBy(103) - Finding Element  By.cssSelector: div[name='rollingD-1']
2021-08-23 14:20:18.227 [pool-2-thread-1] INFO  com.vrgsl.qa.afterFindBy(111) - Find Element Success ByName=By.cssSelector: div[name='rollingD-1'] TagName=div
2021-08-23 14:20:18.232 [pool-2-thread-1] INFO  com.vrgsl.qa.beforeFindBy(103) - Finding Element  By.cssSelector: div[name='rollingD-1']
2021-08-23 14:20:18.248 [pool-2-thread-1] INFO  com.vrgsl.qa.afterFindBy(111) - Find Element Success ByName=By.cssSelector: div[name='rollingD-1'] TagName=div
2021-08-23 14:20:18.260 [pool-2-thread-1] INFO  com.vrgsl.qa.testStep(76) - "txt_newRollingDate" li elementin "class" attributesi "ant-picker ant-picker-range ant-picker-middle" mi adimi basariyla bitti
2021-08-23 14:20:18.689 [pool-2-thread-1] INFO  com.vrgsl.qa.testStepBefore(58) - "txt_newRollingDays" li elementin "class" attributesi "ant-input-number" mi adimi basladi
{"logLevel":"debug","message":"Executing '{} li elementin {} attributesi {} mi' using 'class com.virgosol.odeon.step.StepImpl.findElementWithTextAndCheckAttributeText"}
2021-08-23 14:20:18.691 [pool-2-thread-1] INFO  com.vrgsl.qa.beforeFindBy(103) - Finding Element  By.cssSelector: div[field='rollingDays-1'] > div > div > div > div> div
2021-08-23 14:20:18.713 [pool-2-thread-1] INFO  com.vrgsl.qa.afterFindBy(111) - Find Element Success ByName=By.cssSelector: div[field='rollingDays-1'] > div > div > div > div> div TagName=div
2021-08-23 14:20:18.718 [pool-2-thread-1] INFO  com.vrgsl.qa.beforeFindBy(103) - Finding Element  By.cssSelector: div[field='rollingDays-1'] > div > div > div > div> div
2021-08-23 14:20:18.733 [pool-2-thread-1] INFO  com.vrgsl.qa.afterFindBy(111) - Find Element Success ByName=By.cssSelector: div[field='rollingDays-1'] > div > div > div > div> div TagName=div
2021-08-23 14:20:18.745 [pool-2-thread-1] INFO  com.vrgsl.qa.testStep(76) - "txt_newRollingDays" li elementin "class" attributesi "ant-input-number" mi adimi basariyla bitti
2021-08-23 14:20:19.142 [pool-2-thread-1] INFO  com.vrgsl.qa.testStepBefore(58) - "txt_accommondationStartDate" li elemente tikla adimi basladi
{"logLevel":"debug","message":"Executing '{} li elemente tikla' using 'class com.virgosol.odeon.step.StepImpl.clickElement"}
2021-08-23 14:20:19.143 [pool-2-thread-1] INFO  com.vrgsl.qa.beforeFindBy(103) - Finding Element  By.id: accommodationStartDate-0
2021-08-23 14:20:19.163 [pool-2-thread-1] INFO  com.vrgsl.qa.afterFindBy(111) - Find Element Success ByName=By.id: accommodationStartDate-0 TagName=input
2021-08-23 14:20:19.173 [pool-2-thread-1] INFO  com.vrgsl.qa.beforeFindBy(103) - Finding Element  By.id: accommodationStartDate-0
2021-08-23 14:20:19.193 [pool-2-thread-1] INFO  com.vrgsl.qa.afterFindBy(111) - Find Element Success ByName=By.id: accommodationStartDate-0 TagName=input
2021-08-23 14:20:19.408 [pool-2-thread-1] INFO  com.vrgsl.qa.testStep(76) - "txt_accommondationStartDate" li elemente tikla adimi basariyla bitti
2021-08-23 14:20:19.896 [pool-2-thread-1] INFO  com.vrgsl.qa.testStepBefore(58) - "date_startDay" li elementlerin yanındaki "date_startDayDisableDay" elementlerinden "class" attributesi "ant-picker-cell-disabled" içermeyen ilk elemente tıkla adimi basladi
{"logLevel":"debug","message":"Executing '{} li elementlerin yanındaki {} elementlerinden {} attributesi {} içermeyen ilk elemente tıkla' using 'class com.virgosol.odeon.step.StepImpl.findElementWithTextsAndCheckAttrAndClickFirst"}
2021-08-23 14:20:19.897 [pool-2-thread-1] INFO  com.vrgsl.qa.beforeFindBy(103) - Finding Element  By.cssSelector: .ant-picker-panels > div:first-child .ant-picker-cell-in-view
2021-08-23 14:20:19.920 [pool-2-thread-1] INFO  com.vrgsl.qa.beforeFindBy(103) - Finding Element  By.cssSelector: .ant-picker-panels > div:first-child .ant-picker-cell-in-view
2021-08-23 14:20:19.937 [pool-2-thread-1] INFO  com.vrgsl.qa.beforeFindBy(103) - Finding Element  By.cssSelector: .ant-picker-cell-disabled
2021-08-23 14:20:19.954 [pool-2-thread-1] INFO  com.vrgsl.qa.beforeFindBy(103) - Finding Element  By.cssSelector: .ant-picker-cell-disabled
2021-08-23 14:20:20.259 [pool-2-thread-1] INFO  com.vrgsl.qa.testStep(76) - "date_startDay" li elementlerin yanındaki "date_startDayDisableDay" elementlerinden "class" attributesi "ant-picker-cell-disabled" içermeyen ilk elemente tıkla adimi basariyla bitti
2021-08-23 14:20:20.708 [pool-2-thread-1] INFO  com.vrgsl.qa.testStepBefore(58) - "date_endDay" li elementlerden "20" değerine eşit olana tıkla adimi basladi
{"logLevel":"debug","message":"Executing '{} li elementlerden {} değerine eşit olana tıkla' using 'class com.virgosol.odeon.step.StepImpl.findElementWithTextsAndClick"}
2021-08-23 14:20:20.710 [pool-2-thread-1] INFO  com.vrgsl.qa.beforeFindBy(103) - Finding Element  By.cssSelector: .ant-picker-panels > div:nth-child(2) .ant-picker-cell-in-view
2021-08-23 14:20:20.734 [pool-2-thread-1] INFO  com.vrgsl.qa.beforeFindBy(103) - Finding Element  By.cssSelector: .ant-picker-panels > div:nth-child(2) .ant-picker-cell-in-view
2021-08-23 14:20:21.383 [pool-2-thread-1] INFO  com.vrgsl.qa.testStep(76) - "date_endDay" li elementlerden "20" değerine eşit olana tıkla adimi basariyla bitti
2021-08-23 14:20:21.844 [pool-2-thread-1] INFO  com.vrgsl.qa.testStepBefore(58) - "btn_pageButtons" li elementlerden "Sign Out" değerine eşit olana tıkla adimi basladi
{"logLevel":"debug","message":"Executing '{} li elementlerden {} değerine eşit olana tıkla' using 'class com.virgosol.odeon.step.StepImpl.findElementWithTextsAndClick"}
2021-08-23 14:20:21.846 [pool-2-thread-1] INFO  com.vrgsl.qa.beforeFindBy(103) - Finding Element  By.cssSelector: .ant-btn,.ant-btn > span
2021-08-23 14:20:21.864 [pool-2-thread-1] INFO  com.vrgsl.qa.beforeFindBy(103) - Finding Element  By.cssSelector: .ant-btn,.ant-btn > span
2021-08-23 14:20:22.059 [pool-2-thread-1] INFO  com.vrgsl.qa.testStep(76) - "btn_pageButtons" li elementlerden "Sign Out" değerine eşit olana tıkla adimi basariyla bitti
2021-08-23 14:20:22.555 [pool-2-thread-1] INFO  com.vrgsl.qa.testStepBefore(58) - "modal_SignOutPopup" li element var mı? adimi basladi
{"logLevel":"debug","message":"Executing '{} li element var mı?' using 'class com.virgosol.odeon.step.StepImpl.checkElement"}
2021-08-23 14:20:22.557 [pool-2-thread-1] INFO  com.vrgsl.qa.beforeFindBy(103) - Finding Element  By.cssSelector: .ant-modal-confirm-body
2021-08-23 14:20:22.574 [pool-2-thread-1] INFO  com.vrgsl.qa.afterFindBy(111) - Find Element Success ByName=By.cssSelector: .ant-modal-confirm-body TagName=div
2021-08-23 14:20:22.580 [pool-2-thread-1] INFO  com.vrgsl.qa.testStep(76) - "modal_SignOutPopup" li element var mı? adimi basariyla bitti
2021-08-23 14:20:23.028 [pool-2-thread-1] INFO  com.vrgsl.qa.testStepBefore(58) - "btn_pageButtons" li elementlerden "OK" değerine eşit olan var mı? adimi basladi
{"logLevel":"debug","message":"Executing '{} li elementlerden {} değerine eşit olan var mı?' using 'class com.virgosol.odeon.step.StepImpl.findElementWithTextsAndCheckText"}
2021-08-23 14:20:23.030 [pool-2-thread-1] INFO  com.vrgsl.qa.beforeFindBy(103) - Finding Element  By.cssSelector: .ant-btn,.ant-btn > span
2021-08-23 14:20:23.050 [pool-2-thread-1] INFO  com.vrgsl.qa.beforeFindBy(103) - Finding Element  By.cssSelector: .ant-btn,.ant-btn > span
Element Text: 
Element Text: TR
Element Text: EN
Element Text: EN
Element Text: 
Element Text: 
Element Text: Sign Out
Element Text: AddNightlyGroup
Element Text: AddNightlyGroup
Element Text: Add a Date Group
Element Text: Add a Date Group
Element Text: 
Element Text: 
Element Text: Show
Element Text: Show
Element Text: 
Element Text: Show
Element Text: Show
Element Text: 
Element Text: Show
Element Text: Save
Element Text: Save
Element Text: Back
Element Text: Back
Element Text: Cancel
Element Text: Cancel
Element Text: OK
2021-08-23 14:20:27.097 [pool-2-thread-1] INFO  com.vrgsl.qa.testStep(76) - "btn_pageButtons" li elementlerden "OK" değerine eşit olan var mı? adimi basariyla bitti
2021-08-23 14:20:27.509 [pool-2-thread-1] INFO  com.vrgsl.qa.testStepBefore(58) - "btn_pageButtons" li elementlerden "Cancel" değerine eşit olan var mı? adimi basladi
{"logLevel":"debug","message":"Executing '{} li elementlerden {} değerine eşit olan var mı?' using 'class com.virgosol.odeon.step.StepImpl.findElementWithTextsAndCheckText"}
2021-08-23 14:20:27.513 [pool-2-thread-1] INFO  com.vrgsl.qa.beforeFindBy(103) - Finding Element  By.cssSelector: .ant-btn,.ant-btn > span
2021-08-23 14:20:27.528 [pool-2-thread-1] INFO  com.vrgsl.qa.beforeFindBy(103) - Finding Element  By.cssSelector: .ant-btn,.ant-btn > span
Element Text: 
Element Text: TR
Element Text: EN
Element Text: EN
Element Text: 
Element Text: 
Element Text: Sign Out
Element Text: AddNightlyGroup
Element Text: AddNightlyGroup
Element Text: Add a Date Group
Element Text: Add a Date Group
Element Text: 
Element Text: 
Element Text: Show
Element Text: Show
Element Text: 
Element Text: Show
Element Text: Show
Element Text: 
Element Text: Show
Element Text: Save
Element Text: Save
Element Text: Back
Element Text: Back
Element Text: Cancel
2021-08-23 14:20:31.094 [pool-2-thread-1] INFO  com.vrgsl.qa.testStep(76) - "btn_pageButtons" li elementlerden "Cancel" değerine eşit olan var mı? adimi basariyla bitti
2021-08-23 14:20:31.514 [pool-2-thread-1] INFO  com.vrgsl.qa.testStepBefore(58) - "btn_pageButtons" li elementlerden "OK" değerine eşit olana tıkla adimi basladi
{"logLevel":"debug","message":"Executing '{} li elementlerden {} değerine eşit olana tıkla' using 'class com.virgosol.odeon.step.StepImpl.findElementWithTextsAndClick"}
2021-08-23 14:20:31.516 [pool-2-thread-1] INFO  com.vrgsl.qa.beforeFindBy(103) - Finding Element  By.cssSelector: .ant-btn,.ant-btn > span
2021-08-23 14:20:31.531 [pool-2-thread-1] INFO  com.vrgsl.qa.beforeFindBy(103) - Finding Element  By.cssSelector: .ant-btn,.ant-btn > span
2021-08-23 14:20:32.303 [pool-2-thread-1] INFO  com.vrgsl.qa.testStep(76) - "btn_pageButtons" li elementlerden "OK" değerine eşit olana tıkla adimi basariyla bitti
2021-08-23 14:20:32.689 [pool-2-thread-1] INFO  com.vrgsl.qa.testStepBefore(58) - Sayfanın url i "http://192.168.186.88:81/markup/711/edit" mı? adimi basladi
{"logLevel":"debug","message":"Executing 'Sayfanın url i {} mı?' using 'class com.virgosol.odeon.step.StepImpl.checkUrl"}
2021-08-23 14:21:02.759 [pool-2-thread-1] INFO  com.vrgsl.qa.testStep(64) - Sayfanın url i "http://192.168.186.88:81/markup/711/edit" mı? adimi basarisiz olarak bitti
2021-08-23 14:21:02.761 [pool-2-thread-1] ERROR com.vrgsl.qa.testStep(65) - org.junit.Assert.fail(Assert.java:88)
org.junit.Assert.assertTrue(Assert.java:41)
com.virgosol.odeon.step.StepImpl.checkUrl(StepImpl.java:1539)
java.base/jdk.internal.reflect.NativeMethodAccessorImpl.invoke0(Native Method)
java.base/jdk.internal.reflect.NativeMethodAccessorImpl.invoke(NativeMethodAccessorImpl.java:62)
java.base/jdk.internal.reflect.DelegatingMethodAccessorImpl.invoke(DelegatingMethodAccessorImpl.java:43)
java.base/java.lang.reflect.Method.invoke(Method.java:566)
com.thoughtworks.gauge.execution.MethodExecutor.execute(MethodExecutor.java:28)
com.thoughtworks.gauge.execution.StepExecutionStage.executeStepMethod(StepExecutionStage.java:66)
com.thoughtworks.gauge.execution.StepExecutionStage.executeStep(StepExecutionStage.java:59)
com.thoughtworks.gauge.execution.StepExecutionStage.execute(StepExecutionStage.java:41)
com.thoughtworks.gauge.execution.AbstractExecutionStage.executeNext(AbstractExecutionStage.java:14)
com.thoughtworks.gauge.execution.HookExecutionStage.execute(HookExecutionStage.java:33)
com.thoughtworks.gauge.execution.ExecutionPipeline.start(ExecutionPipeline.java:19)
com.thoughtworks.gauge.processor.ExecuteStepProcessor.process(ExecuteStepProcessor.java:41)
com.thoughtworks.gauge.RunnerServiceHandler.lambda$executeStep$7(RunnerServiceHandler.java:166)
java.base/java.util.concurrent.ThreadPoolExecutor.runWorker(ThreadPoolExecutor.java:1128)
java.base/java.util.concurrent.ThreadPoolExecutor$Worker.run(ThreadPoolExecutor.java:628)
java.base/java.lang.Thread.run(Thread.java:834)

2021-08-23 14:21:03.502 [pool-2-thread-1] ERROR com.vrgsl.qa.afterScenario(49) - 
2021-08-23 14:21:03.988 [pool-2-thread-1] INFO  com.vrgsl.qa.saveReport(114) - Report create and save disabled configuration!
