{"logLevel":"debug","message":"multithreading is set to false"}
{"logLevel":"debug","message":"Using reflection to scan dependencies for gauge implementations..."}
WARNING: An illegal reflective access operation has occurred
WARNING: Illegal reflective access by org.codehaus.groovy.reflection.CachedClass (file:/Users/virgosol-furkan/.m2/repository/org/codehaus/groovy/groovy-all/2.4.13/groovy-all-2.4.13.jar) to method java.lang.Object.finalize()
WARNING: Please consider reporting this to the maintainers of org.codehaus.groovy.reflection.CachedClass
WARNING: Use --illegal-access=warn to enable warnings of further illegal reflective access operations
WARNING: All illegal access operations will be denied in a future release
19:47:51,070 |-INFO in ch.qos.logback.classic.LoggerContext[default] - Could NOT find resource [logback-test.xml]
19:47:51,071 |-INFO in ch.qos.logback.classic.LoggerContext[default] - Found resource [logback.groovy] at [file:/Users/virgosol-furkan/Documents/Virgosol%20Projects/Odeon/target/test-classes/logback.groovy]
19:47:51,072 |-WARN in ch.qos.logback.classic.LoggerContext[default] - Resource [logback.groovy] occurs multiple times on the classpath.
19:47:51,072 |-WARN in ch.qos.logback.classic.LoggerContext[default] - Resource [logback.groovy] occurs at [jar:file:/Users/virgosol-furkan/.m2/repository/com/vrgsl/qa/qa-common/1.0.0/qa-common-1.0.0.jar!/logback.groovy]
19:47:51,072 |-WARN in ch.qos.logback.classic.LoggerContext[default] - Resource [logback.groovy] occurs at [file:/Users/virgosol-furkan/Documents/Virgosol%20Projects/Odeon/target/test-classes/logback.groovy]
19:47:51,687 |-INFO in ch.qos.logback.classic.gaffer.ConfigurationDelegate@594dd977 - About to instantiate appender of type [ch.qos.logback.core.ConsoleAppender]
19:47:51,689 |-INFO in ch.qos.logback.classic.gaffer.ConfigurationDelegate@594dd977 - Naming appender as [STDOUT]
19:47:51,773 |-INFO in ch.qos.logback.classic.gaffer.ConfigurationDelegate@594dd977 - About to instantiate appender of type [ch.qos.logback.core.FileAppender]
19:47:51,774 |-INFO in ch.qos.logback.classic.gaffer.ConfigurationDelegate@594dd977 - Naming appender as [FILE]
19:47:51,776 |-INFO in ch.qos.logback.core.FileAppender[FILE] - File property is set to [target/slnarch.log]
19:47:51,778 |-INFO in ch.qos.logback.classic.gaffer.ConfigurationDelegate@594dd977 - Setting level of logger [com.virgosol.bilyonerMobileWeb] to DEBUG
19:47:51,781 |-INFO in ch.qos.logback.classic.gaffer.ConfigurationDelegate@594dd977 - Setting level of logger [org.reflections.Reflections] to OFF
19:47:51,782 |-INFO in ch.qos.logback.classic.gaffer.ConfigurationDelegate@594dd977 - Setting level of logger [ROOT] to INFO
19:47:51,784 |-INFO in ch.qos.logback.classic.gaffer.ConfigurationDelegate@594dd977 - Attaching appender named [STDOUT] to Logger[ROOT]
19:47:51,785 |-INFO in ch.qos.logback.classic.gaffer.ConfigurationDelegate@594dd977 - Attaching appender named [FILE] to Logger[ROOT]

{"logLevel":"debug","message":"gauge-java took 1551milliseconds to load and scan. This should be less than 'runner_connection_timeout' config value."}
{"logLevel":"debug","message":"run 'gauge config runner_connection_timeout' and verify that it is < 1551"}
{"logLevel":"debug","message":"starting gRPC server..."}
{"logLevel":"debug","message":"started gRPC server on port 55949"}
{"logLevel":"info","message":"Listening on port:55949"}
