{"logLevel":"debug","message":"multithreading is set to false"}
{"logLevel":"debug","message":"Using reflection to scan dependencies for gauge implementations..."}
WARNING: An illegal reflective access operation has occurred
WARNING: Illegal reflective access by org.codehaus.groovy.reflection.CachedClass (file:/Users/virgosol-furkan/.m2/repository/org/codehaus/groovy/groovy-all/2.4.13/groovy-all-2.4.13.jar) to method java.lang.Object.finalize()
WARNING: Please consider reporting this to the maintainers of org.codehaus.groovy.reflection.CachedClass
WARNING: Use --illegal-access=warn to enable warnings of further illegal reflective access operations
WARNING: All illegal access operations will be denied in a future release
20:03:00,432 |-INFO in ch.qos.logback.classic.LoggerContext[default] - Could NOT find resource [logback-test.xml]
20:03:00,432 |-INFO in ch.qos.logback.classic.LoggerContext[default] - Found resource [logback.groovy] at [file:/Users/virgosol-furkan/Documents/Virgosol%20Projects/Odeon/target/test-classes/logback.groovy]
20:03:00,433 |-WARN in ch.qos.logback.classic.LoggerContext[default] - Resource [logback.groovy] occurs multiple times on the classpath.
20:03:00,434 |-WARN in ch.qos.logback.classic.LoggerContext[default] - Resource [logback.groovy] occurs at [jar:file:/Users/virgosol-furkan/.m2/repository/com/vrgsl/qa/qa-common/1.0.0/qa-common-1.0.0.jar!/logback.groovy]
20:03:00,434 |-WARN in ch.qos.logback.classic.LoggerContext[default] - Resource [logback.groovy] occurs at [file:/Users/virgosol-furkan/Documents/Virgosol%20Projects/Odeon/target/test-classes/logback.groovy]
20:03:01,315 |-INFO in ch.qos.logback.classic.gaffer.ConfigurationDelegate@39713b66 - About to instantiate appender of type [ch.qos.logback.core.ConsoleAppender]
20:03:01,316 |-INFO in ch.qos.logback.classic.gaffer.ConfigurationDelegate@39713b66 - Naming appender as [STDOUT]
20:03:01,408 |-INFO in ch.qos.logback.classic.gaffer.ConfigurationDelegate@39713b66 - About to instantiate appender of type [ch.qos.logback.core.FileAppender]
20:03:01,408 |-INFO in ch.qos.logback.classic.gaffer.ConfigurationDelegate@39713b66 - Naming appender as [FILE]
20:03:01,410 |-INFO in ch.qos.logback.core.FileAppender[FILE] - File property is set to [target/slnarch.log]
20:03:01,413 |-INFO in ch.qos.logback.classic.gaffer.ConfigurationDelegate@39713b66 - Setting level of logger [com.virgosol.bilyonerMobileWeb] to DEBUG
20:03:01,416 |-INFO in ch.qos.logback.classic.gaffer.ConfigurationDelegate@39713b66 - Setting level of logger [org.reflections.Reflections] to OFF
20:03:01,418 |-INFO in ch.qos.logback.classic.gaffer.ConfigurationDelegate@39713b66 - Setting level of logger [ROOT] to INFO
20:03:01,419 |-INFO in ch.qos.logback.classic.gaffer.ConfigurationDelegate@39713b66 - Attaching appender named [STDOUT] to Logger[ROOT]
20:03:01,420 |-INFO in ch.qos.logback.classic.gaffer.ConfigurationDelegate@39713b66 - Attaching appender named [FILE] to Logger[ROOT]

{"logLevel":"debug","message":"gauge-java took 2055milliseconds to load and scan. This should be less than 'runner_connection_timeout' config value."}
{"logLevel":"debug","message":"run 'gauge config runner_connection_timeout' and verify that it is < 2055"}
{"logLevel":"debug","message":"starting gRPC server..."}
{"logLevel":"debug","message":"started gRPC server on port 59744"}
{"logLevel":"info","message":"Listening on port:59744"}
