Listening for transport dt_socket at address: 63542
{"logLevel":"debug","message":"multithreading is set to false"}
{"logLevel":"debug","message":"Using reflection to scan dependencies for gauge implementations..."}
WARNING: An illegal reflective access operation has occurred
WARNING: Illegal reflective access by org.codehaus.groovy.reflection.CachedClass (file:/Users/virgosol-furkan/.m2/repository/org/codehaus/groovy/groovy-all/2.4.13/groovy-all-2.4.13.jar) to method java.lang.Object.finalize()
WARNING: Please consider reporting this to the maintainers of org.codehaus.groovy.reflection.CachedClass
WARNING: Use --illegal-access=warn to enable warnings of further illegal reflective access operations
WARNING: All illegal access operations will be denied in a future release
10:13:57,678 |-INFO in ch.qos.logback.classic.LoggerContext[default] - Could NOT find resource [logback-test.xml]
10:13:57,679 |-INFO in ch.qos.logback.classic.LoggerContext[default] - Found resource [logback.groovy] at [file:/Users/virgosol-furkan/Documents/Virgosol%20Projects/Odeon/target/test-classes/logback.groovy]
10:13:57,679 |-WARN in ch.qos.logback.classic.LoggerContext[default] - Resource [logback.groovy] occurs multiple times on the classpath.
10:13:57,679 |-WARN in ch.qos.logback.classic.LoggerContext[default] - Resource [logback.groovy] occurs at [jar:file:/Users/virgosol-furkan/.m2/repository/com/vrgsl/qa/qa-common/1.0.0/qa-common-1.0.0.jar!/logback.groovy]
10:13:57,679 |-WARN in ch.qos.logback.classic.LoggerContext[default] - Resource [logback.groovy] occurs at [file:/Users/virgosol-furkan/Documents/Virgosol%20Projects/Odeon/target/test-classes/logback.groovy]
10:13:58,345 |-INFO in ch.qos.logback.classic.gaffer.ConfigurationDelegate@5213fe36 - About to instantiate appender of type [ch.qos.logback.core.ConsoleAppender]
10:13:58,347 |-INFO in ch.qos.logback.classic.gaffer.ConfigurationDelegate@5213fe36 - Naming appender as [STDOUT]
10:13:58,447 |-INFO in ch.qos.logback.classic.gaffer.ConfigurationDelegate@5213fe36 - About to instantiate appender of type [ch.qos.logback.core.FileAppender]
10:13:58,448 |-INFO in ch.qos.logback.classic.gaffer.ConfigurationDelegate@5213fe36 - Naming appender as [FILE]
10:13:58,450 |-INFO in ch.qos.logback.core.FileAppender[FILE] - File property is set to [target/slnarch.log]
10:13:58,453 |-INFO in ch.qos.logback.classic.gaffer.ConfigurationDelegate@5213fe36 - Setting level of logger [com.virgosol.bilyonerMobileWeb] to DEBUG
10:13:58,456 |-INFO in ch.qos.logback.classic.gaffer.ConfigurationDelegate@5213fe36 - Setting level of logger [org.reflections.Reflections] to OFF
10:13:58,457 |-INFO in ch.qos.logback.classic.gaffer.ConfigurationDelegate@5213fe36 - Setting level of logger [ROOT] to INFO
10:13:58,459 |-INFO in ch.qos.logback.classic.gaffer.ConfigurationDelegate@5213fe36 - Attaching appender named [STDOUT] to Logger[ROOT]
10:13:58,460 |-INFO in ch.qos.logback.classic.gaffer.ConfigurationDelegate@5213fe36 - Attaching appender named [FILE] to Logger[ROOT]

Listening for transport dt_socket at address: 63542
