{"logLevel":"debug","message":"multithreading is set to false"}
{"logLevel":"debug","message":"Using reflection to scan dependencies for gauge implementations..."}
11:44:47,254 |-INFO in ch.qos.logback.classic.LoggerContext[default] - Could NOT find resource [logback-test.xml]
11:44:47,256 |-INFO in ch.qos.logback.classic.LoggerContext[default] - Found resource [logback.groovy] at [file:/Users/dilekaysegun/Desktop/Odeon/target/test-classes/logback.groovy]
11:44:47,258 |-WARN in ch.qos.logback.classic.LoggerContext[default] - Resource [logback.groovy] occurs multiple times on the classpath.
11:44:47,258 |-WARN in ch.qos.logback.classic.LoggerContext[default] - Resource [logback.groovy] occurs at [jar:file:/Users/dilekaysegun/.m2/repository/com/vrgsl/qa/qa-common/1.0.0/qa-common-1.0.0.jar!/logback.groovy]
11:44:47,258 |-WARN in ch.qos.logback.classic.LoggerContext[default] - Resource [logback.groovy] occurs at [file:/Users/dilekaysegun/Desktop/Odeon/target/test-classes/logback.groovy]
11:44:53,363 |-INFO in ch.qos.logback.classic.gaffer.ConfigurationDelegate@47be5d69 - About to instantiate appender of type [ch.qos.logback.core.ConsoleAppender]
11:44:53,365 |-INFO in ch.qos.logback.classic.gaffer.ConfigurationDelegate@47be5d69 - Naming appender as [STDOUT]
11:44:53,584 |-INFO in ch.qos.logback.classic.gaffer.ConfigurationDelegate@47be5d69 - About to instantiate appender of type [ch.qos.logback.core.FileAppender]
11:44:53,584 |-INFO in ch.qos.logback.classic.gaffer.ConfigurationDelegate@47be5d69 - Naming appender as [FILE]
11:44:53,588 |-INFO in ch.qos.logback.core.FileAppender[FILE] - File property is set to [target/slnarch.log]
11:44:53,591 |-INFO in ch.qos.logback.classic.gaffer.ConfigurationDelegate@47be5d69 - Setting level of logger [com.virgosol.bilyonerMobileWeb] to DEBUG
11:44:53,596 |-INFO in ch.qos.logback.classic.gaffer.ConfigurationDelegate@47be5d69 - Setting level of logger [org.reflections.Reflections] to OFF
11:44:53,601 |-INFO in ch.qos.logback.classic.gaffer.ConfigurationDelegate@47be5d69 - Setting level of logger [ROOT] to INFO
11:44:53,603 |-INFO in ch.qos.logback.classic.gaffer.ConfigurationDelegate@47be5d69 - Attaching appender named [STDOUT] to Logger[ROOT]
11:44:53,605 |-INFO in ch.qos.logback.classic.gaffer.ConfigurationDelegate@47be5d69 - Attaching appender named [FILE] to Logger[ROOT]

{"logLevel":"debug","message":"gauge-java took 8210milliseconds to load and scan. This should be less than 'runner_connection_timeout' config value."}
{"logLevel":"debug","message":"run 'gauge config runner_connection_timeout' and verify that it is < 8210"}
{"logLevel":"debug","message":"starting gRPC server..."}
