{"logLevel":"debug","message":"multithreading is set to false"}
{"logLevel":"debug","message":"Using reflection to scan dependencies for gauge implementations..."}
18:28:07,697 |-INFO in ch.qos.logback.classic.LoggerContext[default] - Could NOT find resource [logback-test.xml]
18:28:07,701 |-INFO in ch.qos.logback.classic.LoggerContext[default] - Found resource [logback.groovy] at [file:/Users/dilekaysegun/Desktop/Odeon/target/test-classes/logback.groovy]
18:28:07,705 |-WARN in ch.qos.logback.classic.LoggerContext[default] - Resource [logback.groovy] occurs multiple times on the classpath.
18:28:07,705 |-WARN in ch.qos.logback.classic.LoggerContext[default] - Resource [logback.groovy] occurs at [jar:file:/Users/dilekaysegun/.m2/repository/com/vrgsl/qa/qa-common/1.0.0/qa-common-1.0.0.jar!/logback.groovy]
18:28:07,705 |-WARN in ch.qos.logback.classic.LoggerContext[default] - Resource [logback.groovy] occurs at [file:/Users/dilekaysegun/Desktop/Odeon/target/test-classes/logback.groovy]
18:28:13,888 |-INFO in ch.qos.logback.classic.gaffer.ConfigurationDelegate@47be5d69 - About to instantiate appender of type [ch.qos.logback.core.ConsoleAppender]
18:28:13,890 |-INFO in ch.qos.logback.classic.gaffer.ConfigurationDelegate@47be5d69 - Naming appender as [STDOUT]
18:28:14,073 |-INFO in ch.qos.logback.classic.gaffer.ConfigurationDelegate@47be5d69 - About to instantiate appender of type [ch.qos.logback.core.FileAppender]
18:28:14,075 |-INFO in ch.qos.logback.classic.gaffer.ConfigurationDelegate@47be5d69 - Naming appender as [FILE]
18:28:14,079 |-INFO in ch.qos.logback.core.FileAppender[FILE] - File property is set to [target/slnarch.log]
18:28:14,081 |-INFO in ch.qos.logback.classic.gaffer.ConfigurationDelegate@47be5d69 - Setting level of logger [com.virgosol.bilyonerMobileWeb] to DEBUG
18:28:14,087 |-INFO in ch.qos.logback.classic.gaffer.ConfigurationDelegate@47be5d69 - Setting level of logger [org.reflections.Reflections] to OFF
18:28:14,091 |-INFO in ch.qos.logback.classic.gaffer.ConfigurationDelegate@47be5d69 - Setting level of logger [ROOT] to INFO
18:28:14,093 |-INFO in ch.qos.logback.classic.gaffer.ConfigurationDelegate@47be5d69 - Attaching appender named [STDOUT] to Logger[ROOT]
18:28:14,095 |-INFO in ch.qos.logback.classic.gaffer.ConfigurationDelegate@47be5d69 - Attaching appender named [FILE] to Logger[ROOT]

{"logLevel":"debug","message":"gauge-java took 8178milliseconds to load and scan. This should be less than 'runner_connection_timeout' config value."}
{"logLevel":"debug","message":"run 'gauge config runner_connection_timeout' and verify that it is < 8178"}
{"logLevel":"debug","message":"starting gRPC server..."}
{"logLevel":"debug","message":"started gRPC server on port 53111"}
{"logLevel":"info","message":"Listening on port:53111"}
