{"logLevel":"debug","message":"multithreading is set to false"}
{"logLevel":"debug","message":"Using reflection to scan dependencies for gauge implementations..."}
18:30:36,833 |-INFO in ch.qos.logback.classic.LoggerContext[default] - Could NOT find resource [logback-test.xml]
18:30:36,837 |-INFO in ch.qos.logback.classic.LoggerContext[default] - Found resource [logback.groovy] at [file:/Users/dilekaysegun/Desktop/Odeon/target/test-classes/logback.groovy]
18:30:36,840 |-WARN in ch.qos.logback.classic.LoggerContext[default] - Resource [logback.groovy] occurs multiple times on the classpath.
18:30:36,840 |-WARN in ch.qos.logback.classic.LoggerContext[default] - Resource [logback.groovy] occurs at [jar:file:/Users/dilekaysegun/.m2/repository/com/vrgsl/qa/qa-common/1.0.0/qa-common-1.0.0.jar!/logback.groovy]
18:30:36,840 |-WARN in ch.qos.logback.classic.LoggerContext[default] - Resource [logback.groovy] occurs at [file:/Users/dilekaysegun/Desktop/Odeon/target/test-classes/logback.groovy]
18:30:43,015 |-INFO in ch.qos.logback.classic.gaffer.ConfigurationDelegate@64dce673 - About to instantiate appender of type [ch.qos.logback.core.ConsoleAppender]
18:30:43,017 |-INFO in ch.qos.logback.classic.gaffer.ConfigurationDelegate@64dce673 - Naming appender as [STDOUT]
18:30:43,202 |-INFO in ch.qos.logback.classic.gaffer.ConfigurationDelegate@64dce673 - About to instantiate appender of type [ch.qos.logback.core.FileAppender]
18:30:43,204 |-INFO in ch.qos.logback.classic.gaffer.ConfigurationDelegate@64dce673 - Naming appender as [FILE]
18:30:43,211 |-INFO in ch.qos.logback.core.FileAppender[FILE] - File property is set to [target/slnarch.log]
18:30:43,215 |-INFO in ch.qos.logback.classic.gaffer.ConfigurationDelegate@64dce673 - Setting level of logger [com.virgosol.bilyonerMobileWeb] to DEBUG
18:30:43,227 |-INFO in ch.qos.logback.classic.gaffer.ConfigurationDelegate@64dce673 - Setting level of logger [org.reflections.Reflections] to OFF
18:30:43,237 |-INFO in ch.qos.logback.classic.gaffer.ConfigurationDelegate@64dce673 - Setting level of logger [ROOT] to INFO
18:30:43,241 |-INFO in ch.qos.logback.classic.gaffer.ConfigurationDelegate@64dce673 - Attaching appender named [STDOUT] to Logger[ROOT]
18:30:43,245 |-INFO in ch.qos.logback.classic.gaffer.ConfigurationDelegate@64dce673 - Attaching appender named [FILE] to Logger[ROOT]

{"logLevel":"debug","message":"gauge-java took 8475milliseconds to load and scan. This should be less than 'runner_connection_timeout' config value."}
{"logLevel":"debug","message":"run 'gauge config runner_connection_timeout' and verify that it is < 8475"}
{"logLevel":"debug","message":"starting gRPC server..."}
