Listening for transport dt_socket at address: 61416
{"logLevel":"debug","message":"multithreading is set to false"}
{"logLevel":"debug","message":"Using reflection to scan dependencies for gauge implementations..."}
WARNING: An illegal reflective access operation has occurred
WARNING: Illegal reflective access by org.codehaus.groovy.reflection.CachedClass (file:/Users/virgosol-furkan/.m2/repository/org/codehaus/groovy/groovy-all/2.4.13/groovy-all-2.4.13.jar) to method java.lang.Object.finalize()
WARNING: Please consider reporting this to the maintainers of org.codehaus.groovy.reflection.CachedClass
WARNING: Use --illegal-access=warn to enable warnings of further illegal reflective access operations
WARNING: All illegal access operations will be denied in a future release
00:00:59,871 |-INFO in ch.qos.logback.classic.LoggerContext[default] - Could NOT find resource [logback-test.xml]
00:00:59,872 |-INFO in ch.qos.logback.classic.LoggerContext[default] - Found resource [logback.groovy] at [file:/Users/virgosol-furkan/Documents/Virgosol%20Projects/Odeon/target/test-classes/logback.groovy]
00:00:59,873 |-WARN in ch.qos.logback.classic.LoggerContext[default] - Resource [logback.groovy] occurs multiple times on the classpath.
00:00:59,873 |-WARN in ch.qos.logback.classic.LoggerContext[default] - Resource [logback.groovy] occurs at [jar:file:/Users/virgosol-furkan/.m2/repository/com/vrgsl/qa/qa-common/1.0.0/qa-common-1.0.0.jar!/logback.groovy]
00:00:59,873 |-WARN in ch.qos.logback.classic.LoggerContext[default] - Resource [logback.groovy] occurs at [file:/Users/virgosol-furkan/Documents/Virgosol%20Projects/Odeon/target/test-classes/logback.groovy]
00:01:00,987 |-INFO in ch.qos.logback.classic.gaffer.ConfigurationDelegate@45de054c - About to instantiate appender of type [ch.qos.logback.core.ConsoleAppender]
00:01:00,989 |-INFO in ch.qos.logback.classic.gaffer.ConfigurationDelegate@45de054c - Naming appender as [STDOUT]
00:01:01,110 |-INFO in ch.qos.logback.classic.gaffer.ConfigurationDelegate@45de054c - About to instantiate appender of type [ch.qos.logback.core.FileAppender]
00:01:01,111 |-INFO in ch.qos.logback.classic.gaffer.ConfigurationDelegate@45de054c - Naming appender as [FILE]
00:01:01,114 |-INFO in ch.qos.logback.core.FileAppender[FILE] - File property is set to [target/slnarch.log]
00:01:01,117 |-INFO in ch.qos.logback.classic.gaffer.ConfigurationDelegate@45de054c - Setting level of logger [com.virgosol.bilyonerMobileWeb] to DEBUG
00:01:01,121 |-INFO in ch.qos.logback.classic.gaffer.ConfigurationDelegate@45de054c - Setting level of logger [org.reflections.Reflections] to OFF
00:01:01,122 |-INFO in ch.qos.logback.classic.gaffer.ConfigurationDelegate@45de054c - Setting level of logger [ROOT] to INFO
00:01:01,124 |-INFO in ch.qos.logback.classic.gaffer.ConfigurationDelegate@45de054c - Attaching appender named [STDOUT] to Logger[ROOT]
00:01:01,125 |-INFO in ch.qos.logback.classic.gaffer.ConfigurationDelegate@45de054c - Attaching appender named [FILE] to Logger[ROOT]

{"logLevel":"debug","message":"gauge-java took 2432milliseconds to load and scan. This should be less than 'runner_connection_timeout' config value."}
{"logLevel":"debug","message":"run 'gauge config runner_connection_timeout' and verify that it is < 2432"}
{"logLevel":"debug","message":"starting gRPC server..."}
Listening for transport dt_socket at address: 61416
{"logLevel":"debug","message":"started gRPC server on port 61457"}
{"logLevel":"info","message":"Listening on port:61457"}
