{"logLevel":"debug","message":"multithreading is set to false"}
{"logLevel":"debug","message":"Using reflection to scan dependencies for gauge implementations..."}
WARNING: An illegal reflective access operation has occurred
WARNING: Illegal reflective access by org.codehaus.groovy.reflection.CachedClass (file:/Users/virgosol-furkan/.m2/repository/org/codehaus/groovy/groovy-all/2.4.13/groovy-all-2.4.13.jar) to method java.lang.Object.finalize()
WARNING: Please consider reporting this to the maintainers of org.codehaus.groovy.reflection.CachedClass
WARNING: Use --illegal-access=warn to enable warnings of further illegal reflective access operations
WARNING: All illegal access operations will be denied in a future release
16:27:24,647 |-INFO in ch.qos.logback.classic.LoggerContext[default] - Could NOT find resource [logback-test.xml]
16:27:24,648 |-INFO in ch.qos.logback.classic.LoggerContext[default] - Found resource [logback.groovy] at [file:/Users/virgosol-furkan/Documents/Virgosol%20Projects/Odeon/target/test-classes/logback.groovy]
16:27:24,649 |-WARN in ch.qos.logback.classic.LoggerContext[default] - Resource [logback.groovy] occurs multiple times on the classpath.
16:27:24,649 |-WARN in ch.qos.logback.classic.LoggerContext[default] - Resource [logback.groovy] occurs at [jar:file:/Users/virgosol-furkan/.m2/repository/com/vrgsl/qa/qa-common/1.0.0/qa-common-1.0.0.jar!/logback.groovy]
16:27:24,649 |-WARN in ch.qos.logback.classic.LoggerContext[default] - Resource [logback.groovy] occurs at [file:/Users/virgosol-furkan/Documents/Virgosol%20Projects/Odeon/target/test-classes/logback.groovy]
16:27:25,451 |-INFO in ch.qos.logback.classic.gaffer.ConfigurationDelegate@231845d1 - About to instantiate appender of type [ch.qos.logback.core.ConsoleAppender]
16:27:25,453 |-INFO in ch.qos.logback.classic.gaffer.ConfigurationDelegate@231845d1 - Naming appender as [STDOUT]
16:27:25,544 |-INFO in ch.qos.logback.classic.gaffer.ConfigurationDelegate@231845d1 - About to instantiate appender of type [ch.qos.logback.core.FileAppender]
16:27:25,545 |-INFO in ch.qos.logback.classic.gaffer.ConfigurationDelegate@231845d1 - Naming appender as [FILE]
16:27:25,547 |-INFO in ch.qos.logback.core.FileAppender[FILE] - File property is set to [target/slnarch.log]
16:27:25,549 |-INFO in ch.qos.logback.classic.gaffer.ConfigurationDelegate@231845d1 - Setting level of logger [com.virgosol.bilyonerMobileWeb] to DEBUG
16:27:25,552 |-INFO in ch.qos.logback.classic.gaffer.ConfigurationDelegate@231845d1 - Setting level of logger [org.reflections.Reflections] to OFF
16:27:25,553 |-INFO in ch.qos.logback.classic.gaffer.ConfigurationDelegate@231845d1 - Setting level of logger [ROOT] to INFO
16:27:25,555 |-INFO in ch.qos.logback.classic.gaffer.ConfigurationDelegate@231845d1 - Attaching appender named [STDOUT] to Logger[ROOT]
16:27:25,556 |-INFO in ch.qos.logback.classic.gaffer.ConfigurationDelegate@231845d1 - Attaching appender named [FILE] to Logger[ROOT]

{"logLevel":"debug","message":"gauge-java took 1836milliseconds to load and scan. This should be less than 'runner_connection_timeout' config value."}
{"logLevel":"debug","message":"run 'gauge config runner_connection_timeout' and verify that it is < 1836"}
{"logLevel":"debug","message":"starting gRPC server..."}
{"logLevel":"debug","message":"started gRPC server on port 63087"}
{"logLevel":"info","message":"Listening on port:63087"}
{"logLevel":"debug","message":"Scanning packages for steps"}
{"logLevel":"debug","message":"Comparing 'com.virgosol.odeon.step.StepImpl.checkNotExistElement' and 'com.virgosol.odeon.step.StepImpl.checkNotExistElement'"}
{"logLevel":"debug","message":"Found {} li element yok mu? in current project scope."}
{"logLevel":"debug","message":"Comparing 'com.virgosol.odeon.step.StepImpl.checkClickable' and 'com.virgosol.odeon.step.StepImpl.checkClickable'"}
{"logLevel":"debug","message":"Found {} li element tıklanabilir mi? in current project scope."}
{"logLevel":"debug","message":"Comparing 'com.virgosol.odeon.step.StepImpl.findElementsCheckTextsAndDeletedId' and 'com.virgosol.odeon.step.StepImpl.findElementsCheckTextsAndDeletedId'"}
{"logLevel":"debug","message":"Found {} li elementlerden id bilgisi silindi mi? in current project scope."}
{"logLevel":"debug","message":"Comparing 'com.virgosol.odeon.step.StepImpl.openWait' and 'com.virgosol.odeon.step.StepImpl.openWait'"}
{"logLevel":"debug","message":"Found Beklemeleri ac in current project scope."}
{"logLevel":"debug","message":"Comparing 'com.virgosol.odeon.step.StepImpl.goToUrl' and 'com.virgosol.odeon.step.StepImpl.goToUrl'"}
{"logLevel":"debug","message":"Found {} urle git in current project scope."}
{"logLevel":"debug","message":"Comparing 'com.virgosol.odeon.step.StepImpl.saveText' and 'com.virgosol.odeon.step.StepImpl.saveText'"}
{"logLevel":"debug","message":"Found {} li elementin textini {} olarak kaydet in current project scope."}
{"logLevel":"debug","message":"Comparing 'com.virgosol.odeon.step.StepImpl.hoverElementNextTo' and 'com.virgosol.odeon.step.StepImpl.hoverElementNextTo'"}
{"logLevel":"debug","message":"Found {} li elementin yanındaki {} elementinin üzerine gel in current project scope."}
{"logLevel":"debug","message":"Comparing 'com.virgosol.odeon.step.StepImpl.findElementsCheckTextsAndCheckElementNextTo' and 'com.virgosol.odeon.step.StepImpl.findElementsCheckTextsAndCheckElementNextTo'"}
{"logLevel":"debug","message":"Found {} li elementlerden texti olanın yanındaki {} elementi var mı? in current project scope."}
{"logLevel":"debug","message":"Comparing 'com.virgosol.odeon.step.StepImpl.findElementWithTextsAndClick' and 'com.virgosol.odeon.step.StepImpl.findElementWithTextsAndClick'"}
{"logLevel":"debug","message":"Found {} li elementlerden {} değerine eşit olana tıkla in current project scope."}
{"logLevel":"debug","message":"Comparing 'com.virgosol.odeon.step.StepImpl.findElementWithTextsAndCheckElementNextToNotExists' and 'com.virgosol.odeon.step.StepImpl.findElementWithTextsAndCheckElementNextToNotExists'"}
{"logLevel":"debug","message":"Found {} li elementlerden {} değerine eşit olanın yanındaki {} elementi yok mu? in current project scope."}
{"logLevel":"debug","message":"Comparing 'com.virgosol.odeon.step.StepImpl.deleteText2' and 'com.virgosol.odeon.step.StepImpl.deleteText2'"}
{"logLevel":"debug","message":"Found {} li elementi temizle in current project scope."}
{"logLevel":"debug","message":"Comparing 'com.virgosol.odeon.step.StepImpl.checkAttribute' and 'com.virgosol.odeon.step.StepImpl.checkAttribute'"}
{"logLevel":"debug","message":"Found {} li elementin {} attributesi var mı? in current project scope."}
{"logLevel":"debug","message":"Comparing 'com.virgosol.odeon.step.StepImpl.saveAttributeNextTo' and 'com.virgosol.odeon.step.StepImpl.saveAttributeNextTo'"}
{"logLevel":"debug","message":"Found {} li elementin yanındaki {} elementinin {} attributesini {} olarak kaydet in current project scope."}
{"logLevel":"debug","message":"Comparing 'com.virgosol.odeon.step.StepImpl.findElementWithTextsAndFindElementWithTextAndFindWithTextNextTo' and 'com.virgosol.odeon.step.StepImpl.findElementWithTextsAndFindElementWithTextAndFindWithTextNextTo'"}
{"logLevel":"debug","message":"Found {} li elementlerden {} değerine eşit olanın yanındaki {} li elementlerden {} değerine eşit olanın yanındaki {} elementinin texti {} mı? in current project scope."}
{"logLevel":"debug","message":"Comparing 'com.virgosol.odeon.step.StepImpl.waitInVisible' and 'com.virgosol.odeon.step.StepImpl.waitInVisible'"}
{"logLevel":"debug","message":"Found {} li elementi invisible olana kadar bekle in current project scope."}
{"logLevel":"debug","message":"Comparing 'com.virgosol.odeon.step.StepImpl.checkFilename' and 'com.virgosol.odeon.step.StepImpl.checkFilename'"}
{"logLevel":"debug","message":"Found Excel {} dosyasının doğru uzantıda olduğu kontrol edilir. in current project scope."}
{"logLevel":"debug","message":"Comparing 'com.virgosol.odeon.step.StepImpl.findElementWithTextsAndCheckClickable' and 'com.virgosol.odeon.step.StepImpl.findElementWithTextsAndCheckClickable'"}
{"logLevel":"debug","message":"Found {} li elementlerden {} değerine eşit olan tıklanabilir mi? in current project scope."}
{"logLevel":"debug","message":"Comparing 'com.virgosol.odeon.step.StepImpl.findElementWithTextsAndCheckAttributeNextTo' and 'com.virgosol.odeon.step.StepImpl.findElementWithTextsAndCheckAttributeNextTo'"}
{"logLevel":"debug","message":"Found {} li elementlerden {} değerine eşit olanın yanındaki {} elementinin {} attributesi var mı? in current project scope."}
{"logLevel":"debug","message":"Comparing 'com.virgosol.odeon.step.StepImpl.clickEnterWithElement' and 'com.virgosol.odeon.step.StepImpl.clickEnterWithElement'"}
{"logLevel":"debug","message":"Found {} Entere tıkla in current project scope."}
{"logLevel":"debug","message":"Comparing 'com.virgosol.odeon.step.StepImpl.findElementWithTextsAndFindElementSaveTextAndClickIndexNextTo' and 'com.virgosol.odeon.step.StepImpl.findElementWithTextsAndFindElementSaveTextAndClickIndexNextTo'"}
{"logLevel":"debug","message":"Found {} li elementlerden {} değerine eşit olanın yanındaki {} li elementler {} değerine eşit olanın yanındaki {} elementinin id bilgisini kaydet ve {} elementlerinden yanındaki {} elementin delete butonuna tıkla in current project scope."}
{"logLevel":"debug","message":"Comparing 'com.virgosol.odeon.step.StepImpl.dragAndDropColumn' and 'com.virgosol.odeon.step.StepImpl.dragAndDropColumn'"}
{"logLevel":"debug","message":"Found {} li elementi sürükle ve bırak in current project scope."}
{"logLevel":"debug","message":"Comparing 'com.virgosol.odeon.step.StepImpl.findElementPinWithTextsAndClick' and 'com.virgosol.odeon.step.StepImpl.findElementPinWithTextsAndClick'"}
{"logLevel":"debug","message":"Found {} li elementlerden {} pin değerine tıkla in current project scope."}
{"logLevel":"debug","message":"Comparing 'com.virgosol.odeon.step.StepImpl.findElementWithTextsAndClickAllignment' and 'com.virgosol.odeon.step.StepImpl.findElementWithTextsAndClickAllignment'"}
{"logLevel":"debug","message":"Found {} li elementlerden {} değerine eşit olan ile aynı sıralamada yanındaki {} elementine tıkla in current project scope."}
{"logLevel":"debug","message":"Comparing 'com.virgosol.odeon.step.StepImpl.checkTextsElement' and 'com.virgosol.odeon.step.StepImpl.checkTextsElement'"}
{"logLevel":"debug","message":"Found {} li elementlerin texti var mı? in current project scope."}
{"logLevel":"debug","message":"Comparing 'com.virgosol.odeon.step.StepImpl.sendKeyNextTo' and 'com.virgosol.odeon.step.StepImpl.sendKeyNextTo'"}
{"logLevel":"debug","message":"Found {} li elementin yanındaki {} elementine {} degerini yaz in current project scope."}
{"logLevel":"debug","message":"Comparing 'com.virgosol.odeon.step.StepImpl.findElementWithTextsAndSaveText' and 'com.virgosol.odeon.step.StepImpl.findElementWithTextsAndSaveText'"}
{"logLevel":"debug","message":"Found {} li elementlerden {} değerine eşit olanın textini {} olarak kaydet in current project scope."}
{"logLevel":"debug","message":"Comparing 'com.virgosol.odeon.step.StepImpl.findElementWithTextsAndSendKeyNextToEnter' and 'com.virgosol.odeon.step.StepImpl.findElementWithTextsAndSendKeyNextToEnter'"}
{"logLevel":"debug","message":"Found {} li elementlerden {} değerine eşit olanın yanındaki {} elementinde Entere Tikla in current project scope."}
{"logLevel":"debug","message":"Comparing 'com.virgosol.odeon.step.StepImpl.checkTextEquals' and 'com.virgosol.odeon.step.StepImpl.checkTextEquals'"}
{"logLevel":"debug","message":"Found {} li elementin texti {} mi? in current project scope."}
{"logLevel":"debug","message":"Comparing 'com.virgosol.odeon.step.StepImpl.clickElementNextTo' and 'com.virgosol.odeon.step.StepImpl.clickElementNextTo'"}
{"logLevel":"debug","message":"Found {} li elementin yanındaki {} elementine tikla in current project scope."}
{"logLevel":"debug","message":"Comparing 'com.virgosol.odeon.step.StepImpl.clickEnter' and 'com.virgosol.odeon.step.StepImpl.clickEnter'"}
{"logLevel":"debug","message":"Found Entere tıkla in current project scope."}
{"logLevel":"debug","message":"Comparing 'com.virgosol.odeon.step.StepImpl.checkElements' and 'com.virgosol.odeon.step.StepImpl.checkElements'"}
{"logLevel":"debug","message":"Found {} li elementler var mı? in current project scope."}
{"logLevel":"debug","message":"Comparing 'com.virgosol.odeon.step.StepImpl.findElementWithTextsAndCheckAttribute' and 'com.virgosol.odeon.step.StepImpl.findElementWithTextsAndCheckAttribute'"}
{"logLevel":"debug","message":"Found {} li elementlerden {} değerine eşit olanın {} attributesi var mı? in current project scope."}
{"logLevel":"debug","message":"Comparing 'com.virgosol.odeon.step.StepImpl.forwardPage' and 'com.virgosol.odeon.step.StepImpl.forwardPage'"}
{"logLevel":"debug","message":"Found Bulunduğun sayfada ileri git in current project scope."}
{"logLevel":"debug","message":"Comparing 'com.virgosol.odeon.step.StepImpl.backPage' and 'com.virgosol.odeon.step.StepImpl.backPage'"}
{"logLevel":"debug","message":"Found Bulunduğun sayfada geri git in current project scope."}
{"logLevel":"debug","message":"Comparing 'com.virgosol.odeon.step.StepImpl.findElementsCheckTextsAndCheckElementsTextNextTo' and 'com.virgosol.odeon.step.StepImpl.findElementsCheckTextsAndCheckElementsTextNextTo'"}
{"logLevel":"debug","message":"Found {} li elementlerden texti olanın yanındaki {} elementin texti var mı? in current project scope."}
{"logLevel":"debug","message":"Comparing 'com.virgosol.odeon.step.StepImpl.findElementWithTextsAndOrderAllignment' and 'com.virgosol.odeon.step.StepImpl.findElementWithTextsAndOrderAllignment'"}
{"logLevel":"debug","message":"Found {} li elementlerden {} değerine eşit olan ile aynı sıralamada altındaki {} verileri {} olarak sıralı mı in current project scope."}
{"logLevel":"debug","message":"Comparing 'com.virgosol.odeon.step.StepImpl.waitVisible' and 'com.virgosol.odeon.step.StepImpl.waitVisible'"}
{"logLevel":"debug","message":"Found {} li elementi görünür olana kadar bekle in current project scope."}
{"logLevel":"debug","message":"Comparing 'com.virgosol.odeon.step.StepImpl.waitMinutes' and 'com.virgosol.odeon.step.StepImpl.waitMinutes'"}
{"logLevel":"debug","message":"Found {} dakika bekle in current project scope."}
{"logLevel":"debug","message":"Comparing 'com.virgosol.odeon.step.StepImpl.refreshPage' and 'com.virgosol.odeon.step.StepImpl.refreshPage'"}
{"logLevel":"debug","message":"Found Bulunduğun sayfayı yenile in current project scope."}
{"logLevel":"debug","message":"Comparing 'com.virgosol.odeon.step.StepImpl.findElementWithTextsAndCheckElementNextTo' and 'com.virgosol.odeon.step.StepImpl.findElementWithTextsAndCheckElementNextTo'"}
{"logLevel":"debug","message":"Found {} li elementlerden {} değerine eşit olanın yanındaki {} element var mı? in current project scope."}
{"logLevel":"debug","message":"Comparing 'com.virgosol.odeon.step.StepImpl.findElementWithTextAndCheckAttributeContainsTextNextTo' and 'com.virgosol.odeon.step.StepImpl.findElementWithTextAndCheckAttributeContainsTextNextTo'"}
{"logLevel":"debug","message":"Found {} li elementlerden {} değerine eşit olan elementin {} attributesi {} içeriyor mu? in current project scope."}
{"logLevel":"debug","message":"Comparing 'com.virgosol.odeon.step.StepImpl.checkTextNextTo' and 'com.virgosol.odeon.step.StepImpl.checkTextNextTo'"}
{"logLevel":"debug","message":"Found {} li elementin yanındaki {} elementinin texti var mı? in current project scope."}
{"logLevel":"debug","message":"Comparing 'com.virgosol.odeon.step.StepImpl.checkTitle' and 'com.virgosol.odeon.step.StepImpl.checkTitle'"}
{"logLevel":"debug","message":"Found Sayfanın title ı {} mı? in current project scope."}
{"logLevel":"debug","message":"Comparing 'com.virgosol.odeon.step.StepImpl.findElementWithTextsAndSendKey' and 'com.virgosol.odeon.step.StepImpl.findElementWithTextsAndSendKey'"}
{"logLevel":"debug","message":"Found {} li elementlerden {} değerine eşit olana {} değerini yaz in current project scope."}
{"logLevel":"debug","message":"Comparing 'com.virgosol.odeon.step.StepImpl.deleteText' and 'com.virgosol.odeon.step.StepImpl.deleteText'"}
{"logLevel":"debug","message":"Found {} li elementin içindekileri sil in current project scope."}
{"logLevel":"debug","message":"Comparing 'com.virgosol.odeon.step.StepImpl.saveAttribute' and 'com.virgosol.odeon.step.StepImpl.saveAttribute'"}
{"logLevel":"debug","message":"Found {} li elementin {} attributesini {} olarak kaydet in current project scope."}
{"logLevel":"debug","message":"Comparing 'com.virgosol.odeon.step.StepImpl.findElementWithTextAndCheckAttributeText' and 'com.virgosol.odeon.step.StepImpl.findElementWithTextAndCheckAttributeText'"}
{"logLevel":"debug","message":"Found {} li elementin {} attributesi {} mi in current project scope."}
{"logLevel":"debug","message":"Comparing 'com.virgosol.odeon.step.StepImpl.findElementWithTextsAndSaveTextNextTo' and 'com.virgosol.odeon.step.StepImpl.findElementWithTextsAndSaveTextNextTo'"}
{"logLevel":"debug","message":"Found {} li elementlerden {} değerine eşit olanın yanındaki {} elementinin textini {} olarak kaydet in current project scope."}
{"logLevel":"debug","message":"Comparing 'com.virgosol.odeon.step.StepImpl.findElementWithTextsAndCheckAttributeTextNextTo' and 'com.virgosol.odeon.step.StepImpl.findElementWithTextsAndCheckAttributeTextNextTo'"}
{"logLevel":"debug","message":"Found {} li elementlerden {} değerine eşit olanın yanındaki {} elementinin {} attributesi {} içeriyor mu? in current project scope."}
{"logLevel":"debug","message":"Comparing 'com.virgosol.odeon.step.StepImpl.findElementWithTextsAndClickNextTo' and 'com.virgosol.odeon.step.StepImpl.findElementWithTextsAndClickNextTo'"}
{"logLevel":"debug","message":"Found {} li elementlerden {} değerine eşit olanın yanındaki {} elementine tıkla in current project scope."}
{"logLevel":"debug","message":"Comparing 'com.virgosol.odeon.step.StepImpl.checkTextNotExistsElements' and 'com.virgosol.odeon.step.StepImpl.checkTextNotExistsElements'"}
{"logLevel":"debug","message":"Found {} li elementlerden {} değerine eşit olan yok mu? in current project scope."}
{"logLevel":"debug","message":"Comparing 'com.virgosol.odeon.step.StepImpl.findElementsCheckTextsAndClickElementTextNextTo' and 'com.virgosol.odeon.step.StepImpl.findElementsCheckTextsAndClickElementTextNextTo'"}
{"logLevel":"debug","message":"Found {} li elementlerden yanındaki {} elementinin {} attributesi {} içerenin yanındaki {} elementine tıkla in current project scope."}
{"logLevel":"debug","message":"Comparing 'com.virgosol.odeon.step.StepImpl.findElementWithTextAndCheckAttributeTextNextTo' and 'com.virgosol.odeon.step.StepImpl.findElementWithTextAndCheckAttributeTextNextTo'"}
{"logLevel":"debug","message":"Found {} li elementlerden {} değerine eşit olan elementin {} attributesi {} mı? in current project scope."}
{"logLevel":"debug","message":"Comparing 'com.virgosol.odeon.step.StepImpl.waitSeconds' and 'com.virgosol.odeon.step.StepImpl.waitSeconds'"}
{"logLevel":"debug","message":"Found {} sn bekle in current project scope."}
{"logLevel":"debug","message":"Comparing 'com.virgosol.odeon.step.StepImpl.clickElement' and 'com.virgosol.odeon.step.StepImpl.clickElement'"}
{"logLevel":"debug","message":"Found Click element with key {} in current project scope."}
{"logLevel":"debug","message":"Comparing 'com.virgosol.odeon.step.StepImpl.clickElement' and 'com.virgosol.odeon.step.StepImpl.clickElement'"}
{"logLevel":"debug","message":"Found {} li elemente tikla in current project scope."}
{"logLevel":"debug","message":"Comparing 'com.virgosol.odeon.step.StepImpl.navigateWindow' and 'com.virgosol.odeon.step.StepImpl.navigateWindow'"}
{"logLevel":"debug","message":"Found Yeni açılan sayfaya geç in current project scope."}
{"logLevel":"debug","message":"Comparing 'com.virgosol.odeon.step.StepImpl.findElementWithTextsAndSetAttribute' and 'com.virgosol.odeon.step.StepImpl.findElementWithTextsAndSetAttribute'"}
{"logLevel":"debug","message":"Found {} li elementlerden {} değerine eşit olanın {} attributesini {} yap in current project scope."}
{"logLevel":"debug","message":"Comparing 'com.virgosol.odeon.step.StepImpl.sendKey' and 'com.virgosol.odeon.step.StepImpl.sendKey'"}
{"logLevel":"debug","message":"Found Send keys to element with key {} and text {} in current project scope."}
{"logLevel":"debug","message":"Comparing 'com.virgosol.odeon.step.StepImpl.sendKey' and 'com.virgosol.odeon.step.StepImpl.sendKey'"}
{"logLevel":"debug","message":"Found {} li elemente {} degerini yaz in current project scope."}
{"logLevel":"debug","message":"Comparing 'com.virgosol.odeon.step.StepImpl.hoverElement' and 'com.virgosol.odeon.step.StepImpl.hoverElement'"}
{"logLevel":"debug","message":"Found {} li elementin üzerine gel in current project scope."}
{"logLevel":"debug","message":"Comparing 'com.virgosol.odeon.step.StepImpl.framegir' and 'com.virgosol.odeon.step.StepImpl.framegir'"}
{"logLevel":"debug","message":"Found frame gir in current project scope."}
{"logLevel":"debug","message":"Comparing 'com.virgosol.odeon.step.StepImpl.findElementWithTextsAndClickWithTextNextTo' and 'com.virgosol.odeon.step.StepImpl.findElementWithTextsAndClickWithTextNextTo'"}
{"logLevel":"debug","message":"Found {} li elementlerden {} değerine eşit olanın yanındaki {} elementlerinden {} değerine eşit olana tıkla in current project scope."}
{"logLevel":"debug","message":"Comparing 'com.virgosol.odeon.step.StepImpl.closeWait' and 'com.virgosol.odeon.step.StepImpl.closeWait'"}
{"logLevel":"debug","message":"Found Beklemeleri kapat in current project scope."}
{"logLevel":"debug","message":"Comparing 'com.virgosol.odeon.step.StepImpl.findElementWithTextsAndClickNextToWithIndex' and 'com.virgosol.odeon.step.StepImpl.findElementWithTextsAndClickNextToWithIndex'"}
{"logLevel":"debug","message":"Found {} li elementlerden {} değerine eşit olanın yanındaki {} elementlerinden indexe göre tıkla in current project scope."}
{"logLevel":"debug","message":"Comparing 'com.virgosol.odeon.step.StepImpl.findElementWithTextsAndHover' and 'com.virgosol.odeon.step.StepImpl.findElementWithTextsAndHover'"}
{"logLevel":"debug","message":"Found {} li elementlerden {} değerine eşit olanın üzerine gel in current project scope."}
{"logLevel":"debug","message":"Comparing 'com.virgosol.odeon.step.StepImpl.findElementWithTextsAndHoverNextTo' and 'com.virgosol.odeon.step.StepImpl.findElementWithTextsAndHoverNextTo'"}
{"logLevel":"debug","message":"Found {} li elementlerden {} değerine eşit olanın yanındaki {} elementinin üzerine gel in current project scope."}
{"logLevel":"debug","message":"Comparing 'com.virgosol.odeon.step.StepImpl.findElementWithTextsAndFindElementWithTextAndSaveTextNextTo' and 'com.virgosol.odeon.step.StepImpl.findElementWithTextsAndFindElementWithTextAndSaveTextNextTo'"}
{"logLevel":"debug","message":"Found {} li elementlerden {} değerine eşit olanın yanındaki {} li elementlerden {} değerine eşit olanın yanındaki {} elementinin textini {} olarak kaydet in current project scope."}
{"logLevel":"debug","message":"Comparing 'com.virgosol.odeon.step.StepImpl.saveTextNextTo' and 'com.virgosol.odeon.step.StepImpl.saveTextNextTo'"}
{"logLevel":"debug","message":"Found {} li elementin yanındaki {} elementinin textini {} olarak kaydet in current project scope."}
{"logLevel":"debug","message":"Comparing 'com.virgosol.odeon.step.StepImpl.findElementWithTextsAndFindElementWithTextAndClickNextTo' and 'com.virgosol.odeon.step.StepImpl.findElementWithTextsAndFindElementWithTextAndClickNextTo'"}
{"logLevel":"debug","message":"Found {} li elementlerden {} değerine eşit olanın yanındaki {} li elementlerden {} değerine eşit olanın yanındaki {} elementine tıkla in current project scope."}
{"logLevel":"debug","message":"Comparing 'com.virgosol.odeon.step.StepImpl.findElementWithTextsAndSaveAttribute' and 'com.virgosol.odeon.step.StepImpl.findElementWithTextsAndSaveAttribute'"}
{"logLevel":"debug","message":"Found {} li elementlerden {} değerine eşit olanın {} attributesini {} olarak kaydet in current project scope."}
{"logLevel":"debug","message":"Comparing 'com.virgosol.odeon.step.StepImpl.setAttributeNextTo' and 'com.virgosol.odeon.step.StepImpl.setAttributeNextTo'"}
{"logLevel":"debug","message":"Found {} li elementin yanındaki {} elementinin {} attributesini {} yap in current project scope."}
{"logLevel":"debug","message":"Comparing 'com.virgosol.odeon.step.StepImpl.checkTextEqualsNextTo' and 'com.virgosol.odeon.step.StepImpl.checkTextEqualsNextTo'"}
{"logLevel":"debug","message":"Found {} li elementin yanındaki {} elementinin texti {} mi? in current project scope."}
{"logLevel":"debug","message":"Comparing 'com.virgosol.odeon.step.StepImpl.findElementWithTextsAndSendKeyNextTo' and 'com.virgosol.odeon.step.StepImpl.findElementWithTextsAndSendKeyNextTo'"}
{"logLevel":"debug","message":"Found {} li elementlerden {} değerine eşit olanın yanındaki {} elementine {} değerini yaz in current project scope."}
{"logLevel":"debug","message":"Comparing 'com.virgosol.odeon.step.StepImpl.checkText' and 'com.virgosol.odeon.step.StepImpl.checkText'"}
{"logLevel":"debug","message":"Found {} li elementin texti var mı? in current project scope."}
{"logLevel":"debug","message":"Comparing 'com.virgosol.odeon.step.StepImpl.checkElement' and 'com.virgosol.odeon.step.StepImpl.checkElement'"}
{"logLevel":"debug","message":"Found {} li element var mı? in current project scope."}
{"logLevel":"debug","message":"Comparing 'com.virgosol.odeon.step.StepImpl.closePage' and 'com.virgosol.odeon.step.StepImpl.closePage'"}
{"logLevel":"debug","message":"Found Bulunduğun sayfayı kapat in current project scope."}
{"logLevel":"debug","message":"Comparing 'com.virgosol.odeon.step.StepImpl.checkTextContains' and 'com.virgosol.odeon.step.StepImpl.checkTextContains'"}
{"logLevel":"debug","message":"Found {} li elementin texti {} içeriyor mu? in current project scope."}
{"logLevel":"debug","message":"Comparing 'com.virgosol.odeon.step.StepImpl.checkTextContainsNextTo' and 'com.virgosol.odeon.step.StepImpl.checkTextContainsNextTo'"}
{"logLevel":"debug","message":"Found {} li elementin yanındaki {} elementinin texti {} içeriyor mi? in current project scope."}
{"logLevel":"debug","message":"Comparing 'com.virgosol.odeon.step.StepImpl.waitElement' and 'com.virgosol.odeon.step.StepImpl.waitElement'"}
{"logLevel":"debug","message":"Found Wait {} element in current project scope."}
{"logLevel":"debug","message":"Comparing 'com.virgosol.odeon.step.StepImpl.waitElement' and 'com.virgosol.odeon.step.StepImpl.waitElement'"}
{"logLevel":"debug","message":"Found {} li elementi bekle in current project scope."}
{"logLevel":"debug","message":"Comparing 'com.virgosol.odeon.step.StepImpl.findElementWithTextsAndSendKeyAllignment' and 'com.virgosol.odeon.step.StepImpl.findElementWithTextsAndSendKeyAllignment'"}
{"logLevel":"debug","message":"Found {} li elementlerden {} değerine eşit olan ile aynı sıralamada yanındaki {} elementine {} değerini yaz in current project scope."}
{"logLevel":"debug","message":"Comparing 'com.virgosol.odeon.step.StepImpl.findElementWithTextsAndCheckAttrAndClickFirst' and 'com.virgosol.odeon.step.StepImpl.findElementWithTextsAndCheckAttrAndClickFirst'"}
{"logLevel":"debug","message":"Found {} li elementlerin yanındaki {} elementlerinden {} attributesi {} içermeyen ilk elemente tıkla in current project scope."}
{"logLevel":"debug","message":"Comparing 'com.virgosol.odeon.step.StepImpl.findElementWithTextsAndFindElementWithTextNextTo' and 'com.virgosol.odeon.step.StepImpl.findElementWithTextsAndFindElementWithTextNextTo'"}
{"logLevel":"debug","message":"Found {} li elementlerden {} değerine eşit olanın yanındaki {} li elementlerden {} değerine eşit olan var mı? in current project scope."}
{"logLevel":"debug","message":"Comparing 'com.virgosol.odeon.step.StepImpl.checkClickableNextTo' and 'com.virgosol.odeon.step.StepImpl.checkClickableNextTo'"}
{"logLevel":"debug","message":"Found {} li elementin yanındaki {} elementi tıklanabilir mi? in current project scope."}
{"logLevel":"debug","message":"Comparing 'com.virgosol.odeon.step.StepImpl.findElementWithTextsAndSelect' and 'com.virgosol.odeon.step.StepImpl.findElementWithTextsAndSelect'"}
{"logLevel":"debug","message":"Found {} li elementlerden {} değerine eşit olanı seç in current project scope."}
{"logLevel":"debug","message":"Comparing 'com.virgosol.odeon.step.StepImpl.findElementWithTextsAndSaveAttributeTextNextTo' and 'com.virgosol.odeon.step.StepImpl.findElementWithTextsAndSaveAttributeTextNextTo'"}
{"logLevel":"debug","message":"Found {} li elementlerden {} değerine eşit olanın yanındaki {} elementinin {} attributesini kaydet in current project scope."}
{"logLevel":"debug","message":"Comparing 'com.virgosol.odeon.step.StepImpl.findElementWithTextsAndSaveAttributeTextNextTo' and 'com.virgosol.odeon.step.StepImpl.findElementWithTextsAndSaveAttributeTextNextTo'"}
{"logLevel":"debug","message":"Found {} li elementlerden {} değerine eşit olanın yanındaki {} li elementlerin textindeki tarihler doğru aralıkta mı? in current project scope."}
{"logLevel":"debug","message":"Comparing 'com.virgosol.odeon.step.StepImpl.findElementWithTextAndCheckAttributeEqualsTextNextTo' and 'com.virgosol.odeon.step.StepImpl.findElementWithTextAndCheckAttributeEqualsTextNextTo'"}
{"logLevel":"debug","message":"Found {} li elementlerden {} değerine eşit olanın yanındaki {} elementinin {} attributesi {} mı? in current project scope."}
{"logLevel":"debug","message":"Comparing 'com.virgosol.odeon.step.StepImpl.checkElementNextTo' and 'com.virgosol.odeon.step.StepImpl.checkElementNextTo'"}
{"logLevel":"debug","message":"Found {} li elementin yanındaki {} element var mı? in current project scope."}
{"logLevel":"debug","message":"Comparing 'com.virgosol.odeon.step.StepImpl.checkFileNameAndAllData' and 'com.virgosol.odeon.step.StepImpl.checkFileNameAndAllData'"}
{"logLevel":"debug","message":"Found Excel {} dosyasının içerisinde Türkçe ve Özel karakterler kontrol edilir. in current project scope."}
{"logLevel":"debug","message":"Comparing 'com.virgosol.odeon.step.StepImpl.findElementWithTextsAndFindElementCheckWithTextNextTo' and 'com.virgosol.odeon.step.StepImpl.findElementWithTextsAndFindElementCheckWithTextNextTo'"}
{"logLevel":"debug","message":"Found {} li elementlerden {} değerine eşit olanın yanındaki {} li elementler {} değerine eşit mi? in current project scope."}
{"logLevel":"debug","message":"Comparing 'com.virgosol.odeon.step.StepImpl.checkAttributeNextTo' and 'com.virgosol.odeon.step.StepImpl.checkAttributeNextTo'"}
{"logLevel":"debug","message":"Found {} li elementin yanındaki {} elementinin {} attributesi var mı? in current project scope."}
{"logLevel":"debug","message":"Comparing 'com.virgosol.odeon.step.StepImpl.findElementWithTextsAndSetAttributeNextTo' and 'com.virgosol.odeon.step.StepImpl.findElementWithTextsAndSetAttributeNextTo'"}
{"logLevel":"debug","message":"Found {} li elementlerden {} değerine eşit olanın yanındaki {} elementinin {} attributesini {} yap in current project scope."}
{"logLevel":"debug","message":"Comparing 'com.virgosol.odeon.step.StepImpl.findElementWithTextsAndSelectNextTo' and 'com.virgosol.odeon.step.StepImpl.findElementWithTextsAndSelectNextTo'"}
{"logLevel":"debug","message":"Found {} li elementlerden {} değerine eşit olanın yanındaki {} elementini seç in current project scope."}
{"logLevel":"debug","message":"Comparing 'com.virgosol.odeon.step.StepImpl.navigateFrame' and 'com.virgosol.odeon.step.StepImpl.navigateFrame'"}
{"logLevel":"debug","message":"Found Frameden ana sayfaya geç in current project scope."}
{"logLevel":"debug","message":"Comparing 'com.virgosol.odeon.step.StepImpl.checkDataGridAndExcelColumn' and 'com.virgosol.odeon.step.StepImpl.checkDataGridAndExcelColumn'"}
{"logLevel":"debug","message":"Found Excel {} dosyasının uzantısı kontrol edilir ve içeriğinin datagrid yapısıyla aynı olduğu kontrol edilir. in current project scope."}
{"logLevel":"debug","message":"Comparing 'com.virgosol.odeon.step.StepImpl.navigateFrame' and 'com.virgosol.odeon.step.StepImpl.navigateFrame'"}
{"logLevel":"debug","message":"Found {} isimli frame e geç in current project scope."}
{"logLevel":"debug","message":"Comparing 'com.virgosol.odeon.step.StepImpl.findElementWithTextsAndCheckText' and 'com.virgosol.odeon.step.StepImpl.findElementWithTextsAndCheckText'"}
{"logLevel":"debug","message":"Found {} li elementlerden {} değerine eşit olan var mı? in current project scope."}
{"logLevel":"debug","message":"Comparing 'com.virgosol.odeon.step.StepImpl.findElementWithTextsAndCheckClickableNextTo' and 'com.virgosol.odeon.step.StepImpl.findElementWithTextsAndCheckClickableNextTo'"}
{"logLevel":"debug","message":"Found {} li elementlerden {} değerine eşit olan elementten önceki {} elementlerin tarihi {} attributesi {} içeriyor mu? in current project scope."}
{"logLevel":"debug","message":"Comparing 'com.virgosol.odeon.step.StepImpl.findElementWithTextsAndCheckClickableNextTo' and 'com.virgosol.odeon.step.StepImpl.findElementWithTextsAndCheckClickableNextTo'"}
{"logLevel":"debug","message":"Found {} li elementlerden {} değerine eşit olanın yanındaki {} elementi tıklanabilir mi? in current project scope."}
{"logLevel":"debug","message":"Comparing 'com.virgosol.odeon.step.StepImpl.setAttribute' and 'com.virgosol.odeon.step.StepImpl.setAttribute'"}
{"logLevel":"debug","message":"Found {} li elementin {} attributesini {} yap in current project scope."}
{"logLevel":"debug","message":"Comparing 'com.virgosol.odeon.step.StepImpl.findElementWithTextsAndSaveAttributeNextTo' and 'com.virgosol.odeon.step.StepImpl.findElementWithTextsAndSaveAttributeNextTo'"}
{"logLevel":"debug","message":"Found {} li elementlerden {} değerine eşit olanın yanındaki {} elementinin {} attributesini {} olarak kaydet in current project scope."}
{"logLevel":"debug","message":"Comparing 'com.virgosol.odeon.step.StepImpl.checkUrl' and 'com.virgosol.odeon.step.StepImpl.checkUrl'"}
{"logLevel":"debug","message":"Found Sayfanın url i {} mı? in current project scope."}
{"logLevel":"debug","message":"Scanning packages for hooks"}
{"logLevel":"debug","message":"Scanned steps (using static parsing + reflections): "}
{"logLevel":"debug","message":"\tExcel {} dosyasının doğru uzantıda olduğu kontrol edilir. : public void checkFilename(String excelFileName) throws IOException"}
{"logLevel":"debug","message":"\t{} li elementlerden {} değerine eşit olanın {} attributesini {} yap : public void findElementWithTextsAndSetAttribute(String key, String text, String attr, String text2)"}
{"logLevel":"debug","message":"\t{} li elementlerden {} değerine eşit olanın yanındaki {} elementi yok mu? : public void findElementWithTextsAndCheckElementNextToNotExists(String key, String text, String key2)"}
{"logLevel":"debug","message":"\tBeklemeleri ac : public void openWait()"}
{"logLevel":"debug","message":"\t{} li elementin textini {} olarak kaydet : public void saveText(String key, String key2)"}
{"logLevel":"debug","message":"\t{} li elementin {} attributesi {} mi : public void findElementWithTextAndCheckAttributeText(String key, String attr, String attrtext)"}
{"logLevel":"debug","message":"\t{} li elementin texti {} mi? : public void checkTextEquals(String key, String text)"}
{"logLevel":"debug","message":"\tSayfanın title ı {} mı? : public void checkTitle(String title)"}
{"logLevel":"debug","message":"\tBulunduğun sayfada ileri git : public void forwardPage()"}
{"logLevel":"debug","message":"\t{} li elementin yanındaki {} elementi tıklanabilir mi? : public void checkClickableNextTo(String key, String key2)"}
{"logLevel":"debug","message":"\t{} li element yok mu? : public void checkNotExistElement(String key)"}
{"logLevel":"debug","message":"\t{} li elementin yanındaki {} elementinin üzerine gel : public void hoverElementNextTo(String key, String key2)"}
{"logLevel":"debug","message":"\t{} li elementin üzerine gel : public void hoverElement(String key)"}
{"logLevel":"debug","message":"\t{} li elementlerden {} değerine eşit olanın yanındaki {} li elementler {} değerine eşit olanın yanındaki {} elementinin id bilgisini kaydet ve {} elementlerinden yanındaki {} elementin delete butonuna tıkla : public void findElementWithTextsAndFindElementSaveTextAndClickIndexNextTo(String key, String text, String key2, String text2, String key3, String key4, String key5)"}
{"logLevel":"debug","message":"\t{} li elementin {} attributesi var mı? : public void checkAttribute(String key, String attr)"}
{"logLevel":"debug","message":"\t{} urle git : public void goToUrl(String url)"}
{"logLevel":"debug","message":"\t{} dakika bekle : public void waitMinutes(String key) throws InterruptedException"}
{"logLevel":"debug","message":"\t{} li elementlerden {} değerine eşit olan ile aynı sıralamada yanındaki {} elementine tıkla : public void findElementWithTextsAndClickAllignment(String key, String text, String key2)"}
{"logLevel":"debug","message":"\tExcel {} dosyasının uzantısı kontrol edilir ve içeriğinin datagrid yapısıyla aynı olduğu kontrol edilir. : public void checkDataGridAndExcelColumn(String excelFileName) throws IOException"}
{"logLevel":"debug","message":"\t{} li elementlerin yanındaki {} elementlerinden {} attributesi {} içermeyen ilk elemente tıkla : public void findElementWithTextsAndCheckAttrAndClickFirst(String key, String key2, String attr, String attrtext)"}
{"logLevel":"debug","message":"\t{} li elementlerden {} değerine eşit olanın üzerine gel : public void findElementWithTextsAndHover(String key, String text)"}
{"logLevel":"debug","message":"\t{} li elementlerden {} değerine eşit olan elementin {} attributesi {} içeriyor mu? : public void findElementWithTextAndCheckAttributeContainsTextNextTo(String key, String text, String attr, String attrtext)"}
{"logLevel":"debug","message":"\t{} li elemente {} degerini yaz : public void sendKey(String key, String text)"}
{"logLevel":"debug","message":"\t{} li elementlerden {} değerine eşit olanın yanındaki {} elementini seç : public void findElementWithTextsAndSelectNextTo(String key, String text, String key2)"}
{"logLevel":"debug","message":"\t{} li elementin yanındaki {} elementinin texti {} içeriyor mi? : public void checkTextContainsNextTo(String key, String key2, String text)"}
{"logLevel":"debug","message":"\t{} li element var mı? : public void checkElement(String key)"}
{"logLevel":"debug","message":"\t{} li elementlerden {} değerine eşit olanın yanındaki {} elementinin {} attributesi var mı? : public void findElementWithTextsAndCheckAttributeNextTo(String key, String text, String key2, String attr)"}
{"logLevel":"debug","message":"\t{} li element tıklanabilir mi? : public void checkClickable(String key)"}
{"logLevel":"debug","message":"\tBulunduğun sayfada geri git : public void backPage()"}
{"logLevel":"debug","message":"\t{} li elementlerden yanındaki {} elementinin {} attributesi {} içerenin yanındaki {} elementine tıkla : public void findElementsCheckTextsAndClickElementTextNextTo(String key, String key2, String attr, String attrtext, String key3)"}
{"logLevel":"debug","message":"\t{} li elementlerden {} değerine eşit olanın yanındaki {} li elementlerden {} değerine eşit olanın yanındaki {} elementinin texti {} mı? : public void findElementWithTextsAndFindElementWithTextAndFindWithTextNextTo(String key, String text, String key2, String text2, String key3, String text3)"}
{"logLevel":"debug","message":"\t{} li elementlerden {} değerine eşit olanın yanındaki {} li elementler {} değerine eşit mi? : public void findElementWithTextsAndFindElementCheckWithTextNextTo(String key, String text, String key2, String text2)"}
{"logLevel":"debug","message":"\tExcel {} dosyasının içerisinde Türkçe ve Özel karakterler kontrol edilir. : public void checkFileNameAndAllData(String excelFileName) throws IOException, BiffException"}
{"logLevel":"debug","message":"\tBeklemeleri kapat : public void closeWait()"}
{"logLevel":"debug","message":"\t{} li elementlerden {} değerine eşit olanı seç : public void findElementWithTextsAndSelect(String key, String text)"}
{"logLevel":"debug","message":"\t{} li elementlerden {} değerine eşit olan elementten önceki {} elementlerin tarihi {} attributesi {} içeriyor mu? : public void findElementWithTextsAndCheckClickableNextTo(String key, String text, String key2, String attr, String attrtext)"}
{"logLevel":"debug","message":"\t{} li elementin yanındaki {} elementinin texti {} mi? : public void checkTextEqualsNextTo(String key, String key2, String text)"}
{"logLevel":"debug","message":"\t{} li elementlerden id bilgisi silindi mi? : public void findElementsCheckTextsAndDeletedId(String key)"}
{"logLevel":"debug","message":"\t{} li elementlerden {} değerine eşit olanın yanındaki {} elementinin {} attributesini kaydet : public void findElementWithTextsAndSaveAttributeTextNextTo(String key, String text, String key2, String attr)"}
{"logLevel":"debug","message":"\t{} li elementlerden {} değerine eşit olan ile aynı sıralamada altındaki {} verileri {} olarak sıralı mı : public void findElementWithTextsAndOrderAllignment(String key, String text, String key2, String text2)"}
{"logLevel":"debug","message":"\tClick element with key {} : public void clickElement(String key)"}
{"logLevel":"debug","message":"\t{} sn bekle : public void waitSeconds(String key) throws InterruptedException"}
{"logLevel":"debug","message":"\t{} li elementlerden {} değerine eşit olanın yanındaki {} elementlerinden {} değerine eşit olana tıkla : public void findElementWithTextsAndClickWithTextNextTo(String key, String text, String key2, String text2)"}
{"logLevel":"debug","message":"\t{} li elementlerden {} değerine eşit olanın yanındaki {} elementlerinden indexe göre tıkla : public void findElementWithTextsAndClickNextToWithIndex(String key, String text, String key2)"}
{"logLevel":"debug","message":"\t{} li elementlerden {} değerine eşit olanın yanındaki {} elementine {} değerini yaz : public void findElementWithTextsAndSendKeyNextTo(String key, String text, String key2, String text2)"}
{"logLevel":"debug","message":"\t{} li elementlerden {} değerine eşit olanın yanındaki {} elementinin {} attributesini {} olarak kaydet : public void findElementWithTextsAndSaveAttributeNextTo(String key, String text, String key2, String attr, String key3)"}
{"logLevel":"debug","message":"\t{} li elementlerden {} değerine eşit olanın yanındaki {} elementinin {} attributesini {} yap : public void findElementWithTextsAndSetAttributeNextTo(String key, String text, String key2, String attr, String text2)"}
{"logLevel":"debug","message":"\t{} li elementlerin texti var mı? : public void checkTextsElement(String key)"}
{"logLevel":"debug","message":"\tSayfanın url i {} mı? : public void checkUrl(String url)"}
{"logLevel":"debug","message":"\t{} li elementlerden {} pin değerine tıkla : public void findElementPinWithTextsAndClick(String key, String pin)"}
{"logLevel":"debug","message":"\tWait {} element : public void waitElement(String key)"}
{"logLevel":"debug","message":"\tBulunduğun sayfayı kapat : public void closePage()"}
{"logLevel":"debug","message":"\tEntere tıkla : public void clickEnter()"}
{"logLevel":"debug","message":"\t{} li elementlerden {} değerine eşit olanın yanındaki {} elementinde Entere Tikla : public void findElementWithTextsAndSendKeyNextToEnter(String key, String text, String key2)"}
{"logLevel":"debug","message":"\t{} li elementin {} attributesini {} olarak kaydet : public void saveAttribute(String key, String attr, String key2)"}
{"logLevel":"debug","message":"\t{} li elementlerden {} değerine eşit olan var mı? : public void findElementWithTextsAndCheckText(String key, String text)"}
{"logLevel":"debug","message":"\t{} li elementin yanındaki {} elementinin {} attributesi var mı? : public void checkAttributeNextTo(String key, String key2, String attr)"}
{"logLevel":"debug","message":"\t{} li elementi sürükle ve bırak : public void dragAndDropColumn(String key)"}
{"logLevel":"debug","message":"\t{} li elementlerden {} değerine eşit olan elementin {} attributesi {} mı? : public void findElementWithTextAndCheckAttributeTextNextTo(String key, String text, String attr, String attrtext)"}
{"logLevel":"debug","message":"\t{} li elementin yanındaki {} element var mı? : public void checkElementNextTo(String key, String key2)"}
{"logLevel":"debug","message":"\t{} li elementlerden {} değerine eşit olana tıkla : public void findElementWithTextsAndClick(String key, String text)"}
{"logLevel":"debug","message":"\t{} li elementlerden {} değerine eşit olan yok mu? : public void checkTextNotExistsElements(String key, String text)"}
{"logLevel":"debug","message":"\t{} li elementi invisible olana kadar bekle : public void waitInVisible(String key)"}
{"logLevel":"debug","message":"\t{} li elementlerden {} değerine eşit olanın yanındaki {} elementinin üzerine gel : public void findElementWithTextsAndHoverNextTo(String key, String text, String key2)"}
{"logLevel":"debug","message":"\t{} li elementlerden {} değerine eşit olanın yanındaki {} elementine tıkla : public void findElementWithTextsAndClickNextTo(String key, String text, String key2)"}
{"logLevel":"debug","message":"\t{} li elementlerden {} değerine eşit olan tıklanabilir mi? : public void findElementWithTextsAndCheckClickable(String key, String text)"}
{"logLevel":"debug","message":"\t{} li elemente tikla : public void clickElement(String key)"}
{"logLevel":"debug","message":"\t{} li elementlerden {} değerine eşit olanın textini {} olarak kaydet : public void findElementWithTextsAndSaveText(String key, String text, String key2)"}
{"logLevel":"debug","message":"\t{} li elementin {} attributesini {} yap : public void setAttribute(String key, String attr, String text)"}
{"logLevel":"debug","message":"\t{} Entere tıkla : public void clickEnterWithElement(String key)"}
{"logLevel":"debug","message":"\tYeni açılan sayfaya geç : public void navigateWindow()"}
{"logLevel":"debug","message":"\t{} li elementlerden {} değerine eşit olan ile aynı sıralamada yanındaki {} elementine {} değerini yaz : public void findElementWithTextsAndSendKeyAllignment(String key, String text, String key2, String text2)"}
{"logLevel":"debug","message":"\t{} li elementlerden {} değerine eşit olanın yanındaki {} li elementlerden {} değerine eşit olan var mı? : public void findElementWithTextsAndFindElementWithTextNextTo(String key, String text, String key2, String text2)"}
{"logLevel":"debug","message":"\t{} li elementi görünür olana kadar bekle : public void waitVisible(String key)"}
{"logLevel":"debug","message":"\t{} li elementlerden {} değerine eşit olanın {} attributesini {} olarak kaydet : public void findElementWithTextsAndSaveAttribute(String key, String text, String attr, String key2)"}
{"logLevel":"debug","message":"\t{} isimli frame e geç : public void navigateFrame(String frame)"}
{"logLevel":"debug","message":"\t{} li elementi bekle : public void waitElement(String key)"}
{"logLevel":"debug","message":"\tSend keys to element with key {} and text {} : public void sendKey(String key, String text)"}
{"logLevel":"debug","message":"\t{} li elementin yanındaki {} elementine tikla : public void clickElementNextTo(String key, String key2)"}
{"logLevel":"debug","message":"\t{} li elementin yanındaki {} elementinin texti var mı? : public void checkTextNextTo(String key, String key2)"}
{"logLevel":"debug","message":"\t{} li elementlerden {} değerine eşit olanın yanındaki {} elementi tıklanabilir mi? : public void findElementWithTextsAndCheckClickableNextTo(String key, String text, String key2)"}
{"logLevel":"debug","message":"\t{} li elementin yanındaki {} elementinin textini {} olarak kaydet : public void saveTextNextTo(String key, String key2, String key3)"}
{"logLevel":"debug","message":"\t{} li elementlerden texti olanın yanındaki {} elementi var mı? : public void findElementsCheckTextsAndCheckElementNextTo(String key, String key2)"}
{"logLevel":"debug","message":"\t{} li elementlerden {} değerine eşit olanın yanındaki {} li elementlerden {} değerine eşit olanın yanındaki {} elementine tıkla : public void findElementWithTextsAndFindElementWithTextAndClickNextTo(String key, String text, String key2, String text2, String key3)"}
{"logLevel":"debug","message":"\t{} li elementin yanındaki {} elementinin {} attributesini {} yap : public void setAttributeNextTo(String key, String key2, String attr, String text)"}
{"logLevel":"debug","message":"\t{} li elementlerden {} değerine eşit olanın yanındaki {} elementinin {} attributesi {} içeriyor mu? : public void findElementWithTextsAndCheckAttributeTextNextTo(String key, String text, String key2, String attr, String attrtext)"}
{"logLevel":"debug","message":"\t{} li elementlerden {} değerine eşit olanın yanındaki {} li elementlerden {} değerine eşit olanın yanındaki {} elementinin textini {} olarak kaydet : public void findElementWithTextsAndFindElementWithTextAndSaveTextNextTo(String key, String text, String key2, String text2, String key3, String text3)"}
{"logLevel":"debug","message":"\t{} li elementin içindekileri sil : public void deleteText(String key)"}
{"logLevel":"debug","message":"\t{} li elementlerden {} değerine eşit olanın yanındaki {} elementinin {} attributesi {} mı? : public void findElementWithTextAndCheckAttributeEqualsTextNextTo(String key, String text, String key2, String attr, String attrtext)"}
{"logLevel":"debug","message":"\t{} li elementlerden texti olanın yanındaki {} elementin texti var mı? : public void findElementsCheckTextsAndCheckElementsTextNextTo(String key, String key2)"}
{"logLevel":"debug","message":"\t{} li elementin texti {} içeriyor mu? : public void checkTextContains(String key, String text)"}
{"logLevel":"debug","message":"\tFrameden ana sayfaya geç : public void navigateFrame()"}
{"logLevel":"debug","message":"\t{} li elementler var mı? : public void checkElements(String key)"}
{"logLevel":"debug","message":"\t{} li elementlerden {} değerine eşit olanın yanındaki {} elementinin textini {} olarak kaydet : public void findElementWithTextsAndSaveTextNextTo(String key, String text, String key2, String key3)"}
{"logLevel":"debug","message":"\t{} li elementi temizle : public void deleteText2(String key)"}
{"logLevel":"debug","message":"\t{} li elementin texti var mı? : public void checkText(String key)"}
{"logLevel":"debug","message":"\t{} li elementin yanındaki {} elementinin {} attributesini {} olarak kaydet : public void saveAttributeNextTo(String key, String key2, String attr, String key3)"}
{"logLevel":"debug","message":"\t{} li elementlerden {} değerine eşit olanın yanındaki {} li elementlerin textindeki tarihler doğru aralıkta mı? : public void findElementWithTextsAndSaveAttributeTextNextTo(String key, String text, String key2) throws ParseException"}
{"logLevel":"debug","message":"\t{} li elementin yanındaki {} elementine {} degerini yaz : public void sendKeyNextTo(String key, String key2, String text)"}
{"logLevel":"debug","message":"\tBulunduğun sayfayı yenile : public void refreshPage()"}
{"logLevel":"debug","message":"\t{} li elementlerden {} değerine eşit olanın {} attributesi var mı? : public void findElementWithTextsAndCheckAttribute(String key, String text, String attr)"}
{"logLevel":"debug","message":"\tframe gir : public void framegir()"}
{"logLevel":"debug","message":"\t{} li elementlerden {} değerine eşit olanın yanındaki {} element var mı? : public void findElementWithTextsAndCheckElementNextTo(String key, String text, String key2)"}
{"logLevel":"debug","message":"\t{} li elementlerden {} değerine eşit olana {} değerini yaz : public void findElementWithTextsAndSendKey(String key, String text, String text2)"}
2021-08-25 16:27:32.995 [pool-2-thread-1] WARN  com.vrgsl.qa.setBaseUrl(41) - Env System Property Not Found Default Use Test Url
2021-08-25 16:27:33.003 [pool-2-thread-1] INFO  com.vrgsl.qa.<init>(42) - Report create and save disabled configuration!
Starting ChromeDriver 91.0.4472.101 (af52a90bf87030dd1523486a1cd3ae25c5d76c9b-refs/branch-heads/4472@{#1462}) on port 18576
Only local connections are allowed.
Please see https://chromedriver.chromium.org/security-considerations for suggestions on keeping ChromeDriver safe.
ChromeDriver was started successfully.
[1629898055.084][WARNING]: This version of ChromeDriver has not been tested with Chrome version 92.
Aug 25, 2021 4:27:35 PM org.openqa.selenium.remote.ProtocolHandshake createSession
INFO: Detected dialect: W3C
2021-08-25 16:27:35.328 [pool-2-thread-1] INFO  com.vrgsl.qa.initFeather(24) - Init Feather Injections
2021-08-25 16:27:35.361 [pool-2-thread-1] INFO  com.vrgsl.qa.logWaitSelected(195) - Wait Configuration
page load=true
ajax load=true
angular load=false
2021-08-25 16:27:35.363 [pool-2-thread-1] INFO  com.vrgsl.qa.inject(8) - Inject Starting...
2021-08-25 16:27:37.931 [pool-2-thread-1] INFO  com.vrgsl.qa.afterNavigateTo(66) - Navigate To Page Url=http://192.168.186.88:81/markup
Starting ChromeDriver 91.0.4472.101 (af52a90bf87030dd1523486a1cd3ae25c5d76c9b-refs/branch-heads/4472@{#1462}) on port 2503
Only local connections are allowed.
Please see https://chromedriver.chromium.org/security-considerations for suggestions on keeping ChromeDriver safe.
ChromeDriver was started successfully.
[1629898059.605][WARNING]: This version of ChromeDriver has not been tested with Chrome version 92.
Aug 25, 2021 4:27:39 PM org.openqa.selenium.remote.ProtocolHandshake createSession
INFO: Detected dialect: W3C
2021-08-25 16:27:39.658 [pool-2-thread-1] INFO  com.vrgsl.qa.initFeather(24) - Init Feather Injections
2021-08-25 16:27:39.685 [pool-2-thread-1] INFO  com.vrgsl.qa.logWaitSelected(195) - Wait Configuration
page load=true
ajax load=true
angular load=false
2021-08-25 16:27:40.914 [pool-2-thread-1] INFO  com.vrgsl.qa.inject(8) - Inject Starting...
2021-08-25 16:27:42.836 [pool-2-thread-1] INFO  com.vrgsl.qa.afterNavigateTo(66) - Navigate To Page Url=http://192.168.186.88:81/markup
2021-08-25 16:27:44.532 [pool-2-thread-1] INFO  com.vrgsl.qa.testStepBefore(58) - "http://192.168.186.88:81/reservationdetail" urle git adimi basladi
{"logLevel":"debug","message":"Executing '{} urle git' using 'class com.virgosol.odeon.step.StepImpl.goToUrl"}
2021-08-25 16:27:44.893 [pool-2-thread-1] INFO  com.vrgsl.qa.afterNavigateTo(66) - Navigate To Page Url=http://192.168.186.88:81/reservationdetail
2021-08-25 16:27:44.916 [pool-2-thread-1] INFO  com.vrgsl.qa.testStep(76) - "http://192.168.186.88:81/reservationdetail" urle git adimi basariyla bitti
2021-08-25 16:27:46.100 [pool-2-thread-1] INFO  com.vrgsl.qa.testStepBefore(58) - Sayfanın url i "http://192.168.186.88:81/reservationdetail" mı? adimi basladi
{"logLevel":"debug","message":"Executing 'Sayfanın url i {} mı?' using 'class com.virgosol.odeon.step.StepImpl.checkUrl"}
2021-08-25 16:27:46.114 [pool-2-thread-1] INFO  com.vrgsl.qa.testStep(76) - Sayfanın url i "http://192.168.186.88:81/reservationdetail" mı? adimi basariyla bitti
2021-08-25 16:27:46.582 [pool-2-thread-1] INFO  com.vrgsl.qa.testStepBefore(58) - "txt_loginHeader" li elementlerden "Username" değerine eşit olanın yanındaki "txtbx_loginInput" elementine "OdeonbedsAdmin" değerini yaz adimi basladi
{"logLevel":"debug","message":"Executing '{} li elementlerden {} değerine eşit olanın yanındaki {} elementine {} değerini yaz' using 'class com.virgosol.odeon.step.StepImpl.findElementWithTextsAndSendKeyNextTo"}
2021-08-25 16:27:46.620 [pool-2-thread-1] INFO  com.vrgsl.qa.beforeFindBy(103) - Finding Element  By.cssSelector: .ant-form-item-required
2021-08-25 16:27:46.648 [pool-2-thread-1] INFO  com.vrgsl.qa.beforeFindBy(103) - Finding Element  By.cssSelector: .ant-form-item-required
2021-08-25 16:27:46.684 [pool-2-thread-1] INFO  com.vrgsl.qa.beforeFindBy(103) - Finding Element  By.xpath: ../..//input[@class='ant-input']
2021-08-25 16:27:46.712 [pool-2-thread-1] INFO  com.vrgsl.qa.afterFindBy(111) - Find Element Success ByName=By.xpath: ../..//input[@class='ant-input'] TagName=label
2021-08-25 16:27:47.081 [pool-2-thread-1] INFO  com.vrgsl.qa.beforeChangeValueOf(135) - Set Value [Ljava.lang.CharSequence;@5a356291
2021-08-25 16:27:47.291 [pool-2-thread-1] INFO  com.vrgsl.qa.testStep(76) - "txt_loginHeader" li elementlerden "Username" değerine eşit olanın yanındaki "txtbx_loginInput" elementine "OdeonbedsAdmin" değerini yaz adimi basariyla bitti
2021-08-25 16:27:47.733 [pool-2-thread-1] INFO  com.vrgsl.qa.testStepBefore(58) - "txt_loginHeader" li elementlerden "Password" değerine eşit olanın yanındaki "txtbx_loginInput" elementine "De53Acy2.." değerini yaz adimi basladi
{"logLevel":"debug","message":"Executing '{} li elementlerden {} değerine eşit olanın yanındaki {} elementine {} değerini yaz' using 'class com.virgosol.odeon.step.StepImpl.findElementWithTextsAndSendKeyNextTo"}
2021-08-25 16:27:47.736 [pool-2-thread-1] INFO  com.vrgsl.qa.beforeFindBy(103) - Finding Element  By.cssSelector: .ant-form-item-required
2021-08-25 16:27:47.752 [pool-2-thread-1] INFO  com.vrgsl.qa.beforeFindBy(103) - Finding Element  By.cssSelector: .ant-form-item-required
2021-08-25 16:27:47.800 [pool-2-thread-1] INFO  com.vrgsl.qa.beforeFindBy(103) - Finding Element  By.xpath: ../..//input[@class='ant-input']
2021-08-25 16:27:47.822 [pool-2-thread-1] INFO  com.vrgsl.qa.afterFindBy(111) - Find Element Success ByName=By.xpath: ../..//input[@class='ant-input'] TagName=label
2021-08-25 16:27:48.197 [pool-2-thread-1] INFO  com.vrgsl.qa.beforeChangeValueOf(135) - Set Value [Ljava.lang.CharSequence;@336ba9ec
2021-08-25 16:27:48.304 [pool-2-thread-1] INFO  com.vrgsl.qa.testStep(76) - "txt_loginHeader" li elementlerden "Password" değerine eşit olanın yanındaki "txtbx_loginInput" elementine "De53Acy2.." değerini yaz adimi basariyla bitti
2021-08-25 16:27:48.723 [pool-2-thread-1] INFO  com.vrgsl.qa.testStepBefore(58) - "btn_pageButtons" li elementlerden "Submit" değerine eşit olana tıkla adimi basladi
{"logLevel":"debug","message":"Executing '{} li elementlerden {} değerine eşit olana tıkla' using 'class com.virgosol.odeon.step.StepImpl.findElementWithTextsAndClick"}
2021-08-25 16:27:48.725 [pool-2-thread-1] INFO  com.vrgsl.qa.beforeFindBy(103) - Finding Element  By.cssSelector: .ant-btn,.ant-btn > span
2021-08-25 16:27:48.742 [pool-2-thread-1] INFO  com.vrgsl.qa.beforeFindBy(103) - Finding Element  By.cssSelector: .ant-btn,.ant-btn > span
2021-08-25 16:27:49.069 [pool-2-thread-1] INFO  com.vrgsl.qa.testStep(76) - "btn_pageButtons" li elementlerden "Submit" değerine eşit olana tıkla adimi basariyla bitti
2021-08-25 16:27:49.734 [pool-2-thread-1] INFO  com.vrgsl.qa.testStepBefore(58) - "img_OdeonLogo" li element var mı? adimi basladi
{"logLevel":"debug","message":"Executing '{} li element var mı?' using 'class com.virgosol.odeon.step.StepImpl.checkElement"}
2021-08-25 16:27:49.736 [pool-2-thread-1] INFO  com.vrgsl.qa.beforeFindBy(103) - Finding Element  By.cssSelector: img[alt='OdeonBeds']
2021-08-25 16:27:50.063 [pool-2-thread-1] INFO  com.vrgsl.qa.afterFindBy(111) - Find Element Success ByName=By.cssSelector: img[alt='OdeonBeds'] TagName=img
2021-08-25 16:27:50.141 [pool-2-thread-1] INFO  com.vrgsl.qa.testStep(76) - "img_OdeonLogo" li element var mı? adimi basariyla bitti
2021-08-25 16:27:50.599 [pool-2-thread-1] INFO  com.vrgsl.qa.testStepBefore(58) - "txt_pageHeaderTexts" li elementlerden "Loss Type" değerine eşit olanın yanındaki "txtbx_pageHeaderInput" elementine tıkla adimi basladi
{"logLevel":"debug","message":"Executing '{} li elementlerden {} değerine eşit olanın yanındaki {} elementine tıkla' using 'class com.virgosol.odeon.step.StepImpl.findElementWithTextsAndClickNextTo"}
2021-08-25 16:27:50.601 [pool-2-thread-1] INFO  com.vrgsl.qa.beforeFindBy(103) - Finding Element  By.cssSelector: .ant-form-item-label > label
2021-08-25 16:27:50.621 [pool-2-thread-1] INFO  com.vrgsl.qa.beforeFindBy(103) - Finding Element  By.cssSelector: .ant-form-item-label > label
2021-08-25 16:27:51.102 [pool-2-thread-1] INFO  com.vrgsl.qa.beforeFindBy(103) - Finding Element  By.xpath: ../..//input[@class='ant-select-selection-search-input']
2021-08-25 16:27:51.159 [pool-2-thread-1] INFO  com.vrgsl.qa.afterFindBy(111) - Find Element Success ByName=By.xpath: ../..//input[@class='ant-select-selection-search-input'] TagName=label
2021-08-25 16:27:51.297 [pool-2-thread-1] INFO  com.vrgsl.qa.testStep(76) - "txt_pageHeaderTexts" li elementlerden "Loss Type" değerine eşit olanın yanındaki "txtbx_pageHeaderInput" elementine tıkla adimi basariyla bitti
2021-08-25 16:27:51.855 [pool-2-thread-1] INFO  com.vrgsl.qa.testStepBefore(58) - "1" sn bekle adimi basladi
{"logLevel":"debug","message":"Executing '{} sn bekle' using 'class com.virgosol.odeon.step.StepImpl.waitSeconds"}
2021-08-25 16:27:52.864 [pool-2-thread-1] INFO  com.vrgsl.qa.testStep(76) - "1" sn bekle adimi basariyla bitti
2021-08-25 16:27:53.313 [pool-2-thread-1] INFO  com.vrgsl.qa.testStepBefore(58) - "txt_pageHeaderTexts" li elementlerden "Loss Type" değerine eşit olanın yanındaki "txtbx_pageHeaderInput" elementine "Mismatch Loss" değerini yaz adimi basladi
{"logLevel":"debug","message":"Executing '{} li elementlerden {} değerine eşit olanın yanındaki {} elementine {} değerini yaz' using 'class com.virgosol.odeon.step.StepImpl.findElementWithTextsAndSendKeyNextTo"}
2021-08-25 16:27:53.315 [pool-2-thread-1] INFO  com.vrgsl.qa.beforeFindBy(103) - Finding Element  By.cssSelector: .ant-form-item-label > label
2021-08-25 16:27:53.331 [pool-2-thread-1] INFO  com.vrgsl.qa.beforeFindBy(103) - Finding Element  By.cssSelector: .ant-form-item-label > label
2021-08-25 16:27:53.642 [pool-2-thread-1] INFO  com.vrgsl.qa.beforeFindBy(103) - Finding Element  By.xpath: ../..//input[@class='ant-select-selection-search-input']
2021-08-25 16:27:53.677 [pool-2-thread-1] INFO  com.vrgsl.qa.afterFindBy(111) - Find Element Success ByName=By.xpath: ../..//input[@class='ant-select-selection-search-input'] TagName=label
2021-08-25 16:27:54.032 [pool-2-thread-1] INFO  com.vrgsl.qa.beforeChangeValueOf(135) - Set Value [Ljava.lang.CharSequence;@35821d59
2021-08-25 16:27:54.168 [pool-2-thread-1] INFO  com.vrgsl.qa.testStep(76) - "txt_pageHeaderTexts" li elementlerden "Loss Type" değerine eşit olanın yanındaki "txtbx_pageHeaderInput" elementine "Mismatch Loss" değerini yaz adimi basariyla bitti
2021-08-25 16:27:54.610 [pool-2-thread-1] INFO  com.vrgsl.qa.testStepBefore(58) - "txt_dropdownOptions" li elementlerden "Mismatch Loss" değerine eşit olana tıkla adimi basladi
{"logLevel":"debug","message":"Executing '{} li elementlerden {} değerine eşit olana tıkla' using 'class com.virgosol.odeon.step.StepImpl.findElementWithTextsAndClick"}
2021-08-25 16:27:54.613 [pool-2-thread-1] INFO  com.vrgsl.qa.beforeFindBy(103) - Finding Element  By.cssSelector: .ant-select-dropdown > div > div > div > a,.ant-select-item-option-content
2021-08-25 16:27:54.630 [pool-2-thread-1] INFO  com.vrgsl.qa.beforeFindBy(103) - Finding Element  By.cssSelector: .ant-select-dropdown > div > div > div > a,.ant-select-item-option-content
2021-08-25 16:27:55.126 [pool-2-thread-1] INFO  com.vrgsl.qa.testStep(76) - "txt_dropdownOptions" li elementlerden "Mismatch Loss" değerine eşit olana tıkla adimi basariyla bitti
2021-08-25 16:27:55.616 [pool-2-thread-1] INFO  com.vrgsl.qa.testStepBefore(58) - "txt_pageHeaderTexts" li elementlerden "Loss Type" değerine eşit olana tıkla adimi basladi
{"logLevel":"debug","message":"Executing '{} li elementlerden {} değerine eşit olana tıkla' using 'class com.virgosol.odeon.step.StepImpl.findElementWithTextsAndClick"}
2021-08-25 16:27:55.619 [pool-2-thread-1] INFO  com.vrgsl.qa.beforeFindBy(103) - Finding Element  By.cssSelector: .ant-form-item-label > label
2021-08-25 16:27:55.635 [pool-2-thread-1] INFO  com.vrgsl.qa.beforeFindBy(103) - Finding Element  By.cssSelector: .ant-form-item-label > label
2021-08-25 16:28:00.134 [pool-2-thread-1] INFO  com.vrgsl.qa.testStep(76) - "txt_pageHeaderTexts" li elementlerden "Loss Type" değerine eşit olana tıkla adimi basariyla bitti
2021-08-25 16:28:00.616 [pool-2-thread-1] INFO  com.vrgsl.qa.testStepBefore(58) - "txt_pageHeaderTexts" li elementlerden "Loss Type" değerine eşit olan var mı? adimi basladi
{"logLevel":"debug","message":"Executing '{} li elementlerden {} değerine eşit olan var mı?' using 'class com.virgosol.odeon.step.StepImpl.findElementWithTextsAndCheckText"}
2021-08-25 16:28:00.619 [pool-2-thread-1] INFO  com.vrgsl.qa.beforeFindBy(103) - Finding Element  By.cssSelector: .ant-form-item-label > label
2021-08-25 16:28:00.633 [pool-2-thread-1] INFO  com.vrgsl.qa.beforeFindBy(103) - Finding Element  By.cssSelector: .ant-form-item-label > label
2021-08-25 16:28:03.006 [pool-2-thread-1] INFO  com.vrgsl.qa.testStep(76) - "txt_pageHeaderTexts" li elementlerden "Loss Type" değerine eşit olan var mı? adimi basariyla bitti
2021-08-25 16:28:03.438 [pool-2-thread-1] INFO  com.vrgsl.qa.testStepBefore(58) - "txt_inputSelectOptions" li elementlerden "Mismatch Loss" değerine eşit olan var mı? adimi basladi
{"logLevel":"debug","message":"Executing '{} li elementlerden {} değerine eşit olan var mı?' using 'class com.virgosol.odeon.step.StepImpl.findElementWithTextsAndCheckText"}
2021-08-25 16:28:03.440 [pool-2-thread-1] INFO  com.vrgsl.qa.beforeFindBy(103) - Finding Element  By.cssSelector: .ant-select-selection-item-content
2021-08-25 16:28:03.462 [pool-2-thread-1] INFO  com.vrgsl.qa.beforeFindBy(103) - Finding Element  By.cssSelector: .ant-select-selection-item-content
2021-08-25 16:28:03.492 [pool-2-thread-1] INFO  com.vrgsl.qa.testStep(76) - "txt_inputSelectOptions" li elementlerden "Mismatch Loss" değerine eşit olan var mı? adimi basariyla bitti
2021-08-25 16:28:03.930 [pool-2-thread-1] INFO  com.vrgsl.qa.testStepBefore(58) - "btn_pageButtons" li elementlerden "Search" değerine eşit olana tıkla adimi basladi
{"logLevel":"debug","message":"Executing '{} li elementlerden {} değerine eşit olana tıkla' using 'class com.virgosol.odeon.step.StepImpl.findElementWithTextsAndClick"}
2021-08-25 16:28:03.932 [pool-2-thread-1] INFO  com.vrgsl.qa.beforeFindBy(103) - Finding Element  By.cssSelector: .ant-btn,.ant-btn > span
2021-08-25 16:28:03.954 [pool-2-thread-1] INFO  com.vrgsl.qa.beforeFindBy(103) - Finding Element  By.cssSelector: .ant-btn,.ant-btn > span
2021-08-25 16:28:06.568 [pool-2-thread-1] INFO  com.vrgsl.qa.testStep(76) - "btn_pageButtons" li elementlerden "Search" değerine eşit olana tıkla adimi basariyla bitti
2021-08-25 16:28:07.107 [pool-2-thread-1] INFO  com.vrgsl.qa.testStepBefore(58) - "icon_columnChooser" li element tıklanabilir mi? adimi basladi
{"logLevel":"debug","message":"Executing '{} li element tıklanabilir mi?' using 'class com.virgosol.odeon.step.StepImpl.checkClickable"}
2021-08-25 16:28:07.109 [pool-2-thread-1] INFO  com.vrgsl.qa.beforeFindBy(103) - Finding Element  By.cssSelector: .dx-icon-column-chooser
2021-08-25 16:28:07.132 [pool-2-thread-1] INFO  com.vrgsl.qa.afterFindBy(111) - Find Element Success ByName=By.cssSelector: .dx-icon-column-chooser TagName=i
2021-08-25 16:28:07.137 [pool-2-thread-1] INFO  com.vrgsl.qa.beforeFindBy(103) - Finding Element  By.cssSelector: .dx-icon-column-chooser
2021-08-25 16:28:07.156 [pool-2-thread-1] INFO  com.vrgsl.qa.afterFindBy(111) - Find Element Success ByName=By.cssSelector: .dx-icon-column-chooser TagName=i
2021-08-25 16:28:07.178 [pool-2-thread-1] INFO  com.vrgsl.qa.testStep(76) - "icon_columnChooser" li element tıklanabilir mi? adimi basariyla bitti
2021-08-25 16:28:07.646 [pool-2-thread-1] INFO  com.vrgsl.qa.testStepBefore(58) - "icon_columnChooser" li elemente tikla adimi basladi
{"logLevel":"debug","message":"Executing '{} li elemente tikla' using 'class com.virgosol.odeon.step.StepImpl.clickElement"}
2021-08-25 16:28:07.648 [pool-2-thread-1] INFO  com.vrgsl.qa.beforeFindBy(103) - Finding Element  By.cssSelector: .dx-icon-column-chooser
2021-08-25 16:28:07.662 [pool-2-thread-1] INFO  com.vrgsl.qa.afterFindBy(111) - Find Element Success ByName=By.cssSelector: .dx-icon-column-chooser TagName=i
2021-08-25 16:28:07.666 [pool-2-thread-1] INFO  com.vrgsl.qa.beforeFindBy(103) - Finding Element  By.cssSelector: .dx-icon-column-chooser
2021-08-25 16:28:07.682 [pool-2-thread-1] INFO  com.vrgsl.qa.afterFindBy(111) - Find Element Success ByName=By.cssSelector: .dx-icon-column-chooser TagName=i
2021-08-25 16:28:07.854 [pool-2-thread-1] INFO  com.vrgsl.qa.testStep(76) - "icon_columnChooser" li elemente tikla adimi basariyla bitti
2021-08-25 16:28:08.399 [pool-2-thread-1] INFO  com.vrgsl.qa.testStepBefore(58) - "content_columnChooserPopup" li element var mı? adimi basladi
{"logLevel":"debug","message":"Executing '{} li element var mı?' using 'class com.virgosol.odeon.step.StepImpl.checkElement"}
2021-08-25 16:28:08.401 [pool-2-thread-1] INFO  com.vrgsl.qa.beforeFindBy(103) - Finding Element  By.cssSelector: .dx-datagrid-column-chooser-plain
2021-08-25 16:28:08.421 [pool-2-thread-1] INFO  com.vrgsl.qa.afterFindBy(111) - Find Element Success ByName=By.cssSelector: .dx-datagrid-column-chooser-plain TagName=div
2021-08-25 16:28:08.434 [pool-2-thread-1] INFO  com.vrgsl.qa.testStep(76) - "content_columnChooserPopup" li element var mı? adimi basariyla bitti
2021-08-25 16:28:08.883 [pool-2-thread-1] INFO  com.vrgsl.qa.testStepBefore(58) - "txt_columnChooserCheckboxTexts" li elementlerden "Loss Type" değerine eşit olanın yanındaki "icon_columnChooserCheckboxByTexts" elementine tıkla adimi basladi
{"logLevel":"debug","message":"Executing '{} li elementlerden {} değerine eşit olanın yanındaki {} elementine tıkla' using 'class com.virgosol.odeon.step.StepImpl.findElementWithTextsAndClickNextTo"}
2021-08-25 16:28:08.885 [pool-2-thread-1] INFO  com.vrgsl.qa.beforeFindBy(103) - Finding Element  By.cssSelector: .dx-treeview-item-content > span
2021-08-25 16:28:08.903 [pool-2-thread-1] INFO  com.vrgsl.qa.beforeFindBy(103) - Finding Element  By.cssSelector: .dx-treeview-item-content > span
2021-08-25 16:28:09.661 [pool-2-thread-1] INFO  com.vrgsl.qa.beforeFindBy(103) - Finding Element  By.xpath: ../../..//span[@class='dx-checkbox-icon']
2021-08-25 16:28:09.682 [pool-2-thread-1] INFO  com.vrgsl.qa.afterFindBy(111) - Find Element Success ByName=By.xpath: ../../..//span[@class='dx-checkbox-icon'] TagName=span
2021-08-25 16:28:09.759 [pool-2-thread-1] INFO  com.vrgsl.qa.testStep(76) - "txt_columnChooserCheckboxTexts" li elementlerden "Loss Type" değerine eşit olanın yanındaki "icon_columnChooserCheckboxByTexts" elementine tıkla adimi basariyla bitti
2021-08-25 16:28:10.208 [pool-2-thread-1] INFO  com.vrgsl.qa.testStepBefore(58) - "icon_columnChooserPopupClose" li elemente tikla adimi basladi
{"logLevel":"debug","message":"Executing '{} li elemente tikla' using 'class com.virgosol.odeon.step.StepImpl.clickElement"}
2021-08-25 16:28:10.210 [pool-2-thread-1] INFO  com.vrgsl.qa.beforeFindBy(103) - Finding Element  By.cssSelector: .dx-icon-close
2021-08-25 16:28:10.229 [pool-2-thread-1] INFO  com.vrgsl.qa.afterFindBy(111) - Find Element Success ByName=By.cssSelector: .dx-icon-close TagName=i
2021-08-25 16:28:10.236 [pool-2-thread-1] INFO  com.vrgsl.qa.beforeFindBy(103) - Finding Element  By.cssSelector: .dx-icon-close
2021-08-25 16:28:10.252 [pool-2-thread-1] INFO  com.vrgsl.qa.afterFindBy(111) - Find Element Success ByName=By.cssSelector: .dx-icon-close TagName=i
2021-08-25 16:28:10.323 [pool-2-thread-1] INFO  com.vrgsl.qa.testStep(76) - "icon_columnChooserPopupClose" li elemente tikla adimi basariyla bitti
2021-08-25 16:28:10.799 [pool-2-thread-1] INFO  com.vrgsl.qa.testStepBefore(58) - "txt_tableRowNames" li elementi bekle adimi basladi
{"logLevel":"debug","message":"Executing '{} li elementi bekle' using 'class com.virgosol.odeon.step.StepImpl.waitElement"}
2021-08-25 16:28:10.801 [pool-2-thread-1] INFO  com.vrgsl.qa.beforeFindBy(103) - Finding Element  By.cssSelector: .dx-datagrid-action > div:nth-child(2),dx-command-edit
2021-08-25 16:28:10.820 [pool-2-thread-1] INFO  com.vrgsl.qa.afterFindBy(111) - Find Element Success ByName=By.cssSelector: .dx-datagrid-action > div:nth-child(2),dx-command-edit TagName=div
2021-08-25 16:28:10.827 [pool-2-thread-1] INFO  com.vrgsl.qa.testStep(76) - "txt_tableRowNames" li elementi bekle adimi basariyla bitti
2021-08-25 16:28:11.270 [pool-2-thread-1] INFO  com.vrgsl.qa.testStepBefore(58) - "txt_tableRowNames" li elementlerden "Loss Type" değerine eşit olan var mı? adimi basladi
{"logLevel":"debug","message":"Executing '{} li elementlerden {} değerine eşit olan var mı?' using 'class com.virgosol.odeon.step.StepImpl.findElementWithTextsAndCheckText"}
2021-08-25 16:28:11.272 [pool-2-thread-1] INFO  com.vrgsl.qa.beforeFindBy(103) - Finding Element  By.cssSelector: .dx-datagrid-action > div:nth-child(2),dx-command-edit
2021-08-25 16:28:11.293 [pool-2-thread-1] INFO  com.vrgsl.qa.beforeFindBy(103) - Finding Element  By.cssSelector: .dx-datagrid-action > div:nth-child(2),dx-command-edit
2021-08-25 16:28:12.560 [pool-2-thread-1] INFO  com.vrgsl.qa.testStep(76) - "txt_tableRowNames" li elementlerden "Loss Type" değerine eşit olan var mı? adimi basariyla bitti
2021-08-25 16:28:12.994 [pool-2-thread-1] INFO  com.vrgsl.qa.testStepBefore(58) - "txt_tableRowNames" li elementlerden "Loss Type" değerine eşit olanın yanındaki "txt_tableRowHeaderNameWithRows" li elementler "Mismatch Loss" değerine eşit mi? adimi basladi
{"logLevel":"debug","message":"Executing '{} li elementlerden {} değerine eşit olanın yanındaki {} li elementler {} değerine eşit mi?' using 'class com.virgosol.odeon.step.StepImpl.findElementWithTextsAndFindElementCheckWithTextNextTo"}
2021-08-25 16:28:12.996 [pool-2-thread-1] INFO  com.vrgsl.qa.beforeFindBy(103) - Finding Element  By.cssSelector: .dx-datagrid-action > div:nth-child(2),dx-command-edit
2021-08-25 16:28:13.015 [pool-2-thread-1] INFO  com.vrgsl.qa.beforeFindBy(103) - Finding Element  By.cssSelector: .dx-datagrid-action > div:nth-child(2),dx-command-edit
Reservation Number
Reservation Date
Check-in Date
Check-out Date
Hotel Name
Room Type
Room Description
Board Type
Guest Name
Guest Surname
Reservation Status
Loss Type
2021-08-25 16:28:15.634 [pool-2-thread-1] INFO  com.vrgsl.qa.beforeFindBy(103) - Finding Element  By.xpath: ../../../../../../..//tr[contains(@class,'dx-data-row')]/td[12]
2021-08-25 16:28:15.663 [pool-2-thread-1] INFO  com.vrgsl.qa.afterFindBy(111) - Find Element Success ByName=By.xpath: ../../../../../../..//tr[contains(@class,'dx-data-row')]/td[12] TagName=div
Mismatch Loss Size: 4
 Element Text: Mismatch Loss
 Element Text: Mismatch Loss
 Element Text: Mismatch Loss
 Element Text: Mismatch Loss
2021-08-25 16:28:16.643 [pool-2-thread-1] INFO  com.vrgsl.qa.testStep(76) - "txt_tableRowNames" li elementlerden "Loss Type" değerine eşit olanın yanındaki "txt_tableRowHeaderNameWithRows" li elementler "Mismatch Loss" değerine eşit mi? adimi basariyla bitti
2021-08-25 16:28:17.083 [pool-2-thread-1] INFO  com.vrgsl.qa.testStepBefore(58) - "btn_exportExcel" li elemente tikla adimi basladi
{"logLevel":"debug","message":"Executing '{} li elemente tikla' using 'class com.virgosol.odeon.step.StepImpl.clickElement"}
2021-08-25 16:28:17.085 [pool-2-thread-1] INFO  com.vrgsl.qa.beforeFindBy(103) - Finding Element  By.cssSelector: div[aria-label='export-excel-button']
2021-08-25 16:28:17.103 [pool-2-thread-1] INFO  com.vrgsl.qa.afterFindBy(111) - Find Element Success ByName=By.cssSelector: div[aria-label='export-excel-button'] TagName=div
2021-08-25 16:28:17.112 [pool-2-thread-1] INFO  com.vrgsl.qa.beforeFindBy(103) - Finding Element  By.cssSelector: div[aria-label='export-excel-button']
2021-08-25 16:28:17.127 [pool-2-thread-1] INFO  com.vrgsl.qa.afterFindBy(111) - Find Element Success ByName=By.cssSelector: div[aria-label='export-excel-button'] TagName=div
2021-08-25 16:28:17.204 [pool-2-thread-1] INFO  com.vrgsl.qa.testStep(76) - "btn_exportExcel" li elemente tikla adimi basariyla bitti
2021-08-25 16:28:17.724 [pool-2-thread-1] INFO  com.vrgsl.qa.testStepBefore(58) - Excel "reservation" dosyasının doğru uzantıda olduğu kontrol edilir. adimi basladi
{"logLevel":"debug","message":"Executing 'Excel {} dosyasının doğru uzantıda olduğu kontrol edilir.' using 'class com.virgosol.odeon.step.StepImpl.checkFilename"}
25.08.2021-16.28
reservation-25.08.2021-16.28.xlsx
Data from Excel is: Reservation Number
Silinecek Excel File: reservation-25.08.2021-16.28.xlsx
File reservation-25.08.2021-16.28.xlsx is deleted.
2021-08-25 16:28:18.181 [pool-2-thread-1] INFO  com.vrgsl.qa.testStep(76) - Excel "reservation" dosyasının doğru uzantıda olduğu kontrol edilir. adimi basariyla bitti
2021-08-25 16:28:18.625 [pool-2-thread-1] INFO  com.vrgsl.qa.testStepBefore(58) - "btn_exportExcel" li elemente tikla adimi basladi
{"logLevel":"debug","message":"Executing '{} li elemente tikla' using 'class com.virgosol.odeon.step.StepImpl.clickElement"}
2021-08-25 16:28:18.626 [pool-2-thread-1] INFO  com.vrgsl.qa.beforeFindBy(103) - Finding Element  By.cssSelector: div[aria-label='export-excel-button']
2021-08-25 16:28:18.649 [pool-2-thread-1] INFO  com.vrgsl.qa.afterFindBy(111) - Find Element Success ByName=By.cssSelector: div[aria-label='export-excel-button'] TagName=div
2021-08-25 16:28:18.656 [pool-2-thread-1] INFO  com.vrgsl.qa.beforeFindBy(103) - Finding Element  By.cssSelector: div[aria-label='export-excel-button']
2021-08-25 16:28:18.671 [pool-2-thread-1] INFO  com.vrgsl.qa.afterFindBy(111) - Find Element Success ByName=By.cssSelector: div[aria-label='export-excel-button'] TagName=div
2021-08-25 16:28:18.730 [pool-2-thread-1] INFO  com.vrgsl.qa.testStep(76) - "btn_exportExcel" li elemente tikla adimi basariyla bitti
2021-08-25 16:28:19.184 [pool-2-thread-1] INFO  com.vrgsl.qa.testStepBefore(58) - Excel "reservation" dosyasının içerisinde Türkçe ve Özel karakterler kontrol edilir. adimi basladi
{"logLevel":"debug","message":"Executing 'Excel {} dosyasının içerisinde Türkçe ve Özel karakterler kontrol edilir.' using 'class com.virgosol.odeon.step.StepImpl.checkFileNameAndAllData"}
25.08.2021-16.28
reservation-25.08.2021-16.28.xlsx
Data from Excel is: Reservation Number
2021-08-25 16:28:19.219 [pool-2-thread-1] INFO  com.vrgsl.qa.beforeFindBy(103) - Finding Element  By.cssSelector: .dx-datagrid-action > div:nth-child(2),dx-command-edit
2021-08-25 16:28:19.287 [pool-2-thread-1] INFO  com.vrgsl.qa.beforeFindBy(103) - Finding Element  By.cssSelector: .dx-datagrid-action > div:nth-child(2),dx-command-edit
2021-08-25 16:28:19.376 [pool-2-thread-1] INFO  com.vrgsl.qa.beforeFindBy(103) - Finding Element  By.xpath: ../../../../../../..//tr[contains(@class,'dx-data-row')]/td[1]
2021-08-25 16:28:19.460 [pool-2-thread-1] INFO  com.vrgsl.qa.afterFindBy(111) - Find Element Success ByName=By.xpath: ../../../../../../..//tr[contains(@class,'dx-data-row')]/td[1] TagName=div
Dizi İçeriği: Reservation Number
Dizi İçeriği: Reservation Date
Dizi İçeriği: Check-in Date
Dizi İçeriği: Check-out Date
Dizi İçeriği: Hotel Name
Dizi İçeriği: Room Type
Dizi İçeriği: Room Description
Dizi İçeriği: Board Type
Dizi İçeriği: Guest Name
Dizi İçeriği: Guest Surname
Dizi İçeriği: Reservation Status
Dizi İçeriği: Loss Type
Reservation Number
2021-08-25 16:28:22.097 [pool-2-thread-1] INFO  com.vrgsl.qa.beforeFindBy(103) - Finding Element  By.xpath: ../../../../../../..//tr[contains(@class,'dx-data-row')]/td[1]
2021-08-25 16:28:22.114 [pool-2-thread-1] INFO  com.vrgsl.qa.afterFindBy(111) - Find Element Success ByName=By.xpath: ../../../../../../..//tr[contains(@class,'dx-data-row')]/td[1] TagName=div
Reservation Date
2021-08-25 16:28:23.178 [pool-2-thread-1] INFO  com.vrgsl.qa.beforeFindBy(103) - Finding Element  By.xpath: ../../../../../../..//tr[contains(@class,'dx-data-row')]/td[2]
2021-08-25 16:28:23.198 [pool-2-thread-1] INFO  com.vrgsl.qa.afterFindBy(111) - Find Element Success ByName=By.xpath: ../../../../../../..//tr[contains(@class,'dx-data-row')]/td[2] TagName=div
Check-in Date
2021-08-25 16:28:24.121 [pool-2-thread-1] INFO  com.vrgsl.qa.beforeFindBy(103) - Finding Element  By.xpath: ../../../../../../..//tr[contains(@class,'dx-data-row')]/td[3]
2021-08-25 16:28:24.140 [pool-2-thread-1] INFO  com.vrgsl.qa.afterFindBy(111) - Find Element Success ByName=By.xpath: ../../../../../../..//tr[contains(@class,'dx-data-row')]/td[3] TagName=div
Check-out Date
2021-08-25 16:28:25.121 [pool-2-thread-1] INFO  com.vrgsl.qa.beforeFindBy(103) - Finding Element  By.xpath: ../../../../../../..//tr[contains(@class,'dx-data-row')]/td[4]
2021-08-25 16:28:25.142 [pool-2-thread-1] INFO  com.vrgsl.qa.afterFindBy(111) - Find Element Success ByName=By.xpath: ../../../../../../..//tr[contains(@class,'dx-data-row')]/td[4] TagName=div
Hotel Name
2021-08-25 16:28:26.205 [pool-2-thread-1] INFO  com.vrgsl.qa.beforeFindBy(103) - Finding Element  By.xpath: ../../../../../../..//tr[contains(@class,'dx-data-row')]/td[5]
2021-08-25 16:28:26.233 [pool-2-thread-1] INFO  com.vrgsl.qa.afterFindBy(111) - Find Element Success ByName=By.xpath: ../../../../../../..//tr[contains(@class,'dx-data-row')]/td[5] TagName=div
Room Type
2021-08-25 16:28:27.239 [pool-2-thread-1] INFO  com.vrgsl.qa.beforeFindBy(103) - Finding Element  By.xpath: ../../../../../../..//tr[contains(@class,'dx-data-row')]/td[6]
2021-08-25 16:28:27.265 [pool-2-thread-1] INFO  com.vrgsl.qa.afterFindBy(111) - Find Element Success ByName=By.xpath: ../../../../../../..//tr[contains(@class,'dx-data-row')]/td[6] TagName=div
Room Description
2021-08-25 16:28:28.183 [pool-2-thread-1] INFO  com.vrgsl.qa.beforeFindBy(103) - Finding Element  By.xpath: ../../../../../../..//tr[contains(@class,'dx-data-row')]/td[7]
2021-08-25 16:28:28.201 [pool-2-thread-1] INFO  com.vrgsl.qa.afterFindBy(111) - Find Element Success ByName=By.xpath: ../../../../../../..//tr[contains(@class,'dx-data-row')]/td[7] TagName=div
Board Type
2021-08-25 16:28:29.232 [pool-2-thread-1] INFO  com.vrgsl.qa.beforeFindBy(103) - Finding Element  By.xpath: ../../../../../../..//tr[contains(@class,'dx-data-row')]/td[8]
2021-08-25 16:28:29.258 [pool-2-thread-1] INFO  com.vrgsl.qa.afterFindBy(111) - Find Element Success ByName=By.xpath: ../../../../../../..//tr[contains(@class,'dx-data-row')]/td[8] TagName=div
Guest Name
2021-08-25 16:28:30.309 [pool-2-thread-1] INFO  com.vrgsl.qa.beforeFindBy(103) - Finding Element  By.xpath: ../../../../../../..//tr[contains(@class,'dx-data-row')]/td[9]
2021-08-25 16:28:30.330 [pool-2-thread-1] INFO  com.vrgsl.qa.afterFindBy(111) - Find Element Success ByName=By.xpath: ../../../../../../..//tr[contains(@class,'dx-data-row')]/td[9] TagName=div
Guest Surname
2021-08-25 16:28:31.331 [pool-2-thread-1] INFO  com.vrgsl.qa.beforeFindBy(103) - Finding Element  By.xpath: ../../../../../../..//tr[contains(@class,'dx-data-row')]/td[10]
2021-08-25 16:28:31.354 [pool-2-thread-1] INFO  com.vrgsl.qa.afterFindBy(111) - Find Element Success ByName=By.xpath: ../../../../../../..//tr[contains(@class,'dx-data-row')]/td[10] TagName=div
Reservation Status
2021-08-25 16:28:32.246 [pool-2-thread-1] INFO  com.vrgsl.qa.beforeFindBy(103) - Finding Element  By.xpath: ../../../../../../..//tr[contains(@class,'dx-data-row')]/td[11]
2021-08-25 16:28:32.264 [pool-2-thread-1] INFO  com.vrgsl.qa.afterFindBy(111) - Find Element Success ByName=By.xpath: ../../../../../../..//tr[contains(@class,'dx-data-row')]/td[11] TagName=div
Loss Type
2021-08-25 16:28:33.228 [pool-2-thread-1] INFO  com.vrgsl.qa.beforeFindBy(103) - Finding Element  By.xpath: ../../../../../../..//tr[contains(@class,'dx-data-row')]/td[12]
2021-08-25 16:28:33.253 [pool-2-thread-1] INFO  com.vrgsl.qa.afterFindBy(111) - Find Element Success ByName=By.xpath: ../../../../../../..//tr[contains(@class,'dx-data-row')]/td[12] TagName=div
Array List [0][0] :Reservation Number
Array List [0][1] :8DHX02HFQ
Array List [0][2] :DFFHAPESV
Array List [0][3] :EP15AQWS5
Array List [0][4] :NZXMIICWC
Array List [1][0] :Reservation Date
Array List [1][1] :16.07.2021 15:49:26
Array List [1][2] :01.07.2021 09:35:48
Array List [1][3] :30.06.2021 15:58:54
Array List [1][4] :21.04.2021 18:18:45
Array List [2][0] :Check-in Date
Array List [2][1] :07.09.2021
Array List [2][2] :17.12.2021
Array List [2][3] :17.12.2021
Array List [2][4] :01.05.2021
Array List [3][0] :Check-out Date
Array List [3][1] :08.09.2021
Array List [3][2] :19.12.2021
Array List [3][3] :19.12.2021
Array List [3][4] :02.05.2021
Array List [4][0] :Hotel Name
Array List [4][1] :Club Capa Hotel
Array List [4][2] :DoubleTree by Hilton Istanbul Topkapi
Array List [4][3] :DoubleTree by Hilton Istanbul Topkapi
Array List [4][4] :Euro Park Hotel
Array List [5][0] :Room Type
Array List [5][1] :95626
Array List [5][2] :TWN.ST
Array List [5][3] :DBL.ST
Array List [5][4] :DBL.ST
Array List [6][0] :Room Description
Array List [6][1] :POOLSIDE AND TERAS ROOM
Array List [6][2] :TWIN STANDARD
Array List [6][3] :DOUBLE STANDARD
Array List [6][4] :DOUBLE STANDARD
Array List [7][0] :Board Type
Array List [7][1] :Half Board
Array List [7][2] :ROOM ONLY
Array List [7][3] :ROOM ONLY
Array List [7][4] :BED AND BREAKFAST
Array List [8][0] :Guest Name
Array List [8][1] :dako, koda
Array List [8][2] :adnan, adnan
Array List [8][3] :adnan
Array List [8][4] :ozlem
Array List [9][0] :Guest Surname
Array List [9][1] :dako, koda
Array List [9][2] :adnan, ozer
Array List [9][3] :ozer
Array List [9][4] :topal
Array List [10][0] :Reservation Status
Array List [10][1] :Cancelled
Array List [10][2] :Cancellation Incomplete
Array List [10][3] :Cancellation Incomplete
Array List [10][4] :Cancellation Incomplete
Array List [11][0] :Loss Type
Array List [11][1] :Mismatch Loss
Array List [11][2] :Mismatch Loss
Array List [11][3] :Mismatch Loss
Array List [11][4] :Mismatch Loss
Silinecek Excel File: reservation-25.08.2021-16.28.xlsx
File reservation-25.08.2021-16.28.xlsx is deleted.
2021-08-25 16:28:34.086 [pool-2-thread-1] INFO  com.vrgsl.qa.testStep(76) - Excel "reservation" dosyasının içerisinde Türkçe ve Özel karakterler kontrol edilir. adimi basariyla bitti
2021-08-25 16:28:34.529 [pool-2-thread-1] INFO  com.vrgsl.qa.testStepBefore(58) - "btn_pageButtons" li elementlerden "Sign Out" değerine eşit olana tıkla adimi basladi
{"logLevel":"debug","message":"Executing '{} li elementlerden {} değerine eşit olana tıkla' using 'class com.virgosol.odeon.step.StepImpl.findElementWithTextsAndClick"}
2021-08-25 16:28:34.531 [pool-2-thread-1] INFO  com.vrgsl.qa.beforeFindBy(103) - Finding Element  By.cssSelector: .ant-btn,.ant-btn > span
2021-08-25 16:28:34.547 [pool-2-thread-1] INFO  com.vrgsl.qa.beforeFindBy(103) - Finding Element  By.cssSelector: .ant-btn,.ant-btn > span
2021-08-25 16:28:35.667 [pool-2-thread-1] INFO  com.vrgsl.qa.testStep(76) - "btn_pageButtons" li elementlerden "Sign Out" değerine eşit olana tıkla adimi basariyla bitti
2021-08-25 16:28:36.163 [pool-2-thread-1] INFO  com.vrgsl.qa.testStepBefore(58) - "modal_SignOutPopup" li element var mı? adimi basladi
{"logLevel":"debug","message":"Executing '{} li element var mı?' using 'class com.virgosol.odeon.step.StepImpl.checkElement"}
2021-08-25 16:28:36.165 [pool-2-thread-1] INFO  com.vrgsl.qa.beforeFindBy(103) - Finding Element  By.cssSelector: .ant-modal-confirm-body
2021-08-25 16:28:36.184 [pool-2-thread-1] INFO  com.vrgsl.qa.afterFindBy(111) - Find Element Success ByName=By.cssSelector: .ant-modal-confirm-body TagName=div
2021-08-25 16:28:36.190 [pool-2-thread-1] INFO  com.vrgsl.qa.testStep(76) - "modal_SignOutPopup" li element var mı? adimi basariyla bitti
2021-08-25 16:28:36.607 [pool-2-thread-1] INFO  com.vrgsl.qa.testStepBefore(58) - "btn_pageButtons" li elementlerden "OK" değerine eşit olan var mı? adimi basladi
{"logLevel":"debug","message":"Executing '{} li elementlerden {} değerine eşit olan var mı?' using 'class com.virgosol.odeon.step.StepImpl.findElementWithTextsAndCheckText"}
2021-08-25 16:28:36.609 [pool-2-thread-1] INFO  com.vrgsl.qa.beforeFindBy(103) - Finding Element  By.cssSelector: .ant-btn,.ant-btn > span
2021-08-25 16:28:36.622 [pool-2-thread-1] INFO  com.vrgsl.qa.beforeFindBy(103) - Finding Element  By.cssSelector: .ant-btn,.ant-btn > span
2021-08-25 16:28:38.058 [pool-2-thread-1] INFO  com.vrgsl.qa.testStep(76) - "btn_pageButtons" li elementlerden "OK" değerine eşit olan var mı? adimi basariyla bitti
2021-08-25 16:28:38.487 [pool-2-thread-1] INFO  com.vrgsl.qa.testStepBefore(58) - "btn_pageButtons" li elementlerden "Cancel" değerine eşit olan var mı? adimi basladi
{"logLevel":"debug","message":"Executing '{} li elementlerden {} değerine eşit olan var mı?' using 'class com.virgosol.odeon.step.StepImpl.findElementWithTextsAndCheckText"}
2021-08-25 16:28:38.488 [pool-2-thread-1] INFO  com.vrgsl.qa.beforeFindBy(103) - Finding Element  By.cssSelector: .ant-btn,.ant-btn > span
2021-08-25 16:28:38.501 [pool-2-thread-1] INFO  com.vrgsl.qa.beforeFindBy(103) - Finding Element  By.cssSelector: .ant-btn,.ant-btn > span
2021-08-25 16:28:39.753 [pool-2-thread-1] INFO  com.vrgsl.qa.testStep(76) - "btn_pageButtons" li elementlerden "Cancel" değerine eşit olan var mı? adimi basariyla bitti
2021-08-25 16:28:40.166 [pool-2-thread-1] INFO  com.vrgsl.qa.testStepBefore(58) - "btn_pageButtons" li elementlerden "OK" değerine eşit olana tıkla adimi basladi
{"logLevel":"debug","message":"Executing '{} li elementlerden {} değerine eşit olana tıkla' using 'class com.virgosol.odeon.step.StepImpl.findElementWithTextsAndClick"}
2021-08-25 16:28:40.168 [pool-2-thread-1] INFO  com.vrgsl.qa.beforeFindBy(103) - Finding Element  By.cssSelector: .ant-btn,.ant-btn > span
2021-08-25 16:28:40.183 [pool-2-thread-1] INFO  com.vrgsl.qa.beforeFindBy(103) - Finding Element  By.cssSelector: .ant-btn,.ant-btn > span
2021-08-25 16:28:46.832 [pool-2-thread-1] INFO  com.vrgsl.qa.testStep(76) - "btn_pageButtons" li elementlerden "OK" değerine eşit olana tıkla adimi basariyla bitti
2021-08-25 16:28:47.512 [pool-2-thread-1] INFO  com.vrgsl.qa.testStepBefore(58) - Sayfanın url i "http://192.168.186.88:81/reservationdetail" mı? adimi basladi
{"logLevel":"debug","message":"Executing 'Sayfanın url i {} mı?' using 'class com.virgosol.odeon.step.StepImpl.checkUrl"}
2021-08-25 16:28:47.519 [pool-2-thread-1] INFO  com.vrgsl.qa.testStep(76) - Sayfanın url i "http://192.168.186.88:81/reservationdetail" mı? adimi basariyla bitti
log4j:WARN No appenders could be found for logger (freemarker.cache).
log4j:WARN Please initialize the log4j system properly.
2021-08-25 16:28:48.963 [pool-2-thread-1] INFO  com.vrgsl.qa.saveReport(114) - Report create and save disabled configuration!
