{"logLevel":"debug","message":"multithreading is set to false"}
{"logLevel":"debug","message":"Using reflection to scan dependencies for gauge implementations..."}
15:36:26,622 |-INFO in ch.qos.logback.classic.LoggerContext[default] - Could NOT find resource [logback-test.xml]
15:36:26,627 |-INFO in ch.qos.logback.classic.LoggerContext[default] - Found resource [logback.groovy] at [file:/Users/dilekaysegun/Desktop/Odeon/target/test-classes/logback.groovy]
15:36:26,632 |-WARN in ch.qos.logback.classic.LoggerContext[default] - Resource [logback.groovy] occurs multiple times on the classpath.
15:36:26,632 |-WARN in ch.qos.logback.classic.LoggerContext[default] - Resource [logback.groovy] occurs at [jar:file:/Users/dilekaysegun/.m2/repository/com/vrgsl/qa/qa-common/2.0.14/qa-common-2.0.14.jar!/logback.groovy]
15:36:26,632 |-WARN in ch.qos.logback.classic.LoggerContext[default] - Resource [logback.groovy] occurs at [file:/Users/dilekaysegun/Desktop/Odeon/target/test-classes/logback.groovy]
15:36:32,843 |-INFO in ch.qos.logback.classic.gaffer.ConfigurationDelegate@6f0b5a67 - About to instantiate appender of type [ch.qos.logback.core.ConsoleAppender]
15:36:32,845 |-INFO in ch.qos.logback.classic.gaffer.ConfigurationDelegate@6f0b5a67 - Naming appender as [STDOUT]
15:36:33,024 |-INFO in ch.qos.logback.classic.gaffer.ConfigurationDelegate@6f0b5a67 - About to instantiate appender of type [ch.qos.logback.core.FileAppender]
15:36:33,025 |-INFO in ch.qos.logback.classic.gaffer.ConfigurationDelegate@6f0b5a67 - Naming appender as [FILE]
15:36:33,027 |-INFO in ch.qos.logback.core.FileAppender[FILE] - File property is set to [target/slnarch.log]
15:36:33,030 |-INFO in ch.qos.logback.classic.gaffer.ConfigurationDelegate@6f0b5a67 - Setting level of logger [com.virgosol.bilyonerMobileWeb] to DEBUG
15:36:33,036 |-INFO in ch.qos.logback.classic.gaffer.ConfigurationDelegate@6f0b5a67 - Setting level of logger [org.reflections.Reflections] to OFF
15:36:33,039 |-INFO in ch.qos.logback.classic.gaffer.ConfigurationDelegate@6f0b5a67 - Setting level of logger [ROOT] to INFO
15:36:33,040 |-INFO in ch.qos.logback.classic.gaffer.ConfigurationDelegate@6f0b5a67 - Attaching appender named [STDOUT] to Logger[ROOT]
15:36:33,043 |-INFO in ch.qos.logback.classic.gaffer.ConfigurationDelegate@6f0b5a67 - Attaching appender named [FILE] to Logger[ROOT]

{"logLevel":"debug","message":"gauge-java took 8329milliseconds to load and scan. This should be less than 'runner_connection_timeout' config value."}
{"logLevel":"debug","message":"run 'gauge config runner_connection_timeout' and verify that it is < 8329"}
{"logLevel":"debug","message":"starting gRPC server..."}
{"logLevel":"debug","message":"started gRPC server on port 57335"}
{"logLevel":"info","message":"Listening on port:57335"}
{"logLevel":"debug","message":"Scanning packages for steps"}
{"logLevel":"debug","message":"Comparing 'com.virgosol.odeon.step.StepImpl.checkNotExistElement' and 'com.virgosol.odeon.step.StepImpl.checkNotExistElement'"}
{"logLevel":"debug","message":"Found {} li element yok mu? in current project scope."}
{"logLevel":"debug","message":"Comparing 'com.virgosol.odeon.step.StepImpl.checkClickable' and 'com.virgosol.odeon.step.StepImpl.checkClickable'"}
{"logLevel":"debug","message":"Found {} li element tıklanabilir mi? in current project scope."}
{"logLevel":"debug","message":"Comparing 'com.virgosol.odeon.step.StepImpl.findElementsCheckTextsAndDeletedId' and 'com.virgosol.odeon.step.StepImpl.findElementsCheckTextsAndDeletedId'"}
{"logLevel":"debug","message":"Found {} li elementlerden id bilgisi silindi mi? in current project scope."}
{"logLevel":"debug","message":"Comparing 'com.virgosol.odeon.step.StepImpl.openWait' and 'com.virgosol.odeon.step.StepImpl.openWait'"}
{"logLevel":"debug","message":"Found Beklemeleri ac in current project scope."}
{"logLevel":"debug","message":"Comparing 'com.virgosol.odeon.step.StepImpl.goToUrl' and 'com.virgosol.odeon.step.StepImpl.goToUrl'"}
{"logLevel":"debug","message":"Found {} urle git in current project scope."}
{"logLevel":"debug","message":"Comparing 'com.virgosol.odeon.step.StepImpl.saveText' and 'com.virgosol.odeon.step.StepImpl.saveText'"}
{"logLevel":"debug","message":"Found {} li elementin textini {} olarak kaydet in current project scope."}
{"logLevel":"debug","message":"Comparing 'com.virgosol.odeon.step.StepImpl.dateControl' and 'com.virgosol.odeon.step.StepImpl.dateControl'"}
{"logLevel":"debug","message":"Found {} li elementin tarih bilgisi kontrol edilir. in current project scope."}
{"logLevel":"debug","message":"Comparing 'com.virgosol.odeon.step.StepImpl.hoverElementNextTo' and 'com.virgosol.odeon.step.StepImpl.hoverElementNextTo'"}
{"logLevel":"debug","message":"Found {} li elementin yanındaki {} elementinin üzerine gel in current project scope."}
{"logLevel":"debug","message":"Comparing 'com.virgosol.odeon.step.StepImpl.findElementsCheckTextsAndCheckElementNextTo' and 'com.virgosol.odeon.step.StepImpl.findElementsCheckTextsAndCheckElementNextTo'"}
{"logLevel":"debug","message":"Found {} li elementlerden texti olanın yanındaki {} elementi var mı? in current project scope."}
{"logLevel":"debug","message":"Comparing 'com.virgosol.odeon.step.StepImpl.findElementWithTextsAndClick' and 'com.virgosol.odeon.step.StepImpl.findElementWithTextsAndClick'"}
{"logLevel":"debug","message":"Found {} li elementlerden {} değerine eşit olana tıkla in current project scope."}
{"logLevel":"debug","message":"Comparing 'com.virgosol.odeon.step.StepImpl.findElementWithTextsAndCheckElementNextToNotExists' and 'com.virgosol.odeon.step.StepImpl.findElementWithTextsAndCheckElementNextToNotExists'"}
{"logLevel":"debug","message":"Found {} li elementlerden {} değerine eşit olanın yanındaki {} elementi yok mu? in current project scope."}
{"logLevel":"debug","message":"Comparing 'com.virgosol.odeon.step.StepImpl.deleteText2' and 'com.virgosol.odeon.step.StepImpl.deleteText2'"}
{"logLevel":"debug","message":"Found {} li elementi temizle in current project scope."}
{"logLevel":"debug","message":"Comparing 'com.virgosol.odeon.step.StepImpl.checkAttribute' and 'com.virgosol.odeon.step.StepImpl.checkAttribute'"}
{"logLevel":"debug","message":"Found {} li elementin {} attributesi var mı? in current project scope."}
{"logLevel":"debug","message":"Comparing 'com.virgosol.odeon.step.StepImpl.saveAttributeNextTo' and 'com.virgosol.odeon.step.StepImpl.saveAttributeNextTo'"}
{"logLevel":"debug","message":"Found {} li elementin yanındaki {} elementinin {} attributesini {} olarak kaydet in current project scope."}
{"logLevel":"debug","message":"Comparing 'com.virgosol.odeon.step.StepImpl.findElementWithTextsAndFindElementWithTextAndFindWithTextNextTo' and 'com.virgosol.odeon.step.StepImpl.findElementWithTextsAndFindElementWithTextAndFindWithTextNextTo'"}
{"logLevel":"debug","message":"Found {} li elementlerden {} değerine eşit olanın yanındaki {} li elementlerden {} değerine eşit olanın yanındaki {} elementinin texti {} mı? in current project scope."}
{"logLevel":"debug","message":"Comparing 'com.virgosol.odeon.step.StepImpl.waitInVisible' and 'com.virgosol.odeon.step.StepImpl.waitInVisible'"}
{"logLevel":"debug","message":"Found {} li elementi invisible olana kadar bekle in current project scope."}
{"logLevel":"debug","message":"Comparing 'com.virgosol.odeon.step.StepImpl.checkFilename' and 'com.virgosol.odeon.step.StepImpl.checkFilename'"}
{"logLevel":"debug","message":"Found Excel {} dosyasının doğru uzantıda olduğu kontrol edilir. in current project scope."}
{"logLevel":"debug","message":"Comparing 'com.virgosol.odeon.step.StepImpl.findElementWithTextsAndCheckClickable' and 'com.virgosol.odeon.step.StepImpl.findElementWithTextsAndCheckClickable'"}
{"logLevel":"debug","message":"Found {} li elementlerden {} değerine eşit olan tıklanabilir mi? in current project scope."}
{"logLevel":"debug","message":"Comparing 'com.virgosol.odeon.step.StepImpl.findElementWithTextsAndCheckAttributeNextTo' and 'com.virgosol.odeon.step.StepImpl.findElementWithTextsAndCheckAttributeNextTo'"}
{"logLevel":"debug","message":"Found {} li elementlerden {} değerine eşit olanın yanındaki {} elementinin {} attributesi var mı? in current project scope."}
{"logLevel":"debug","message":"Comparing 'com.virgosol.odeon.step.StepImpl.clickEnterWithElement' and 'com.virgosol.odeon.step.StepImpl.clickEnterWithElement'"}
{"logLevel":"debug","message":"Found {} Entere tıkla in current project scope."}
{"logLevel":"debug","message":"Comparing 'com.virgosol.odeon.step.StepImpl.popUpAccept' and 'com.virgosol.odeon.step.StepImpl.popUpAccept'"}
{"logLevel":"debug","message":"Found Mesajda tamam butonuna basılır. in current project scope."}
{"logLevel":"debug","message":"Comparing 'com.virgosol.odeon.step.StepImpl.findElementWithTextsAndFindElementSaveTextAndClickIndexNextTo' and 'com.virgosol.odeon.step.StepImpl.findElementWithTextsAndFindElementSaveTextAndClickIndexNextTo'"}
{"logLevel":"debug","message":"Found {} li elementlerden {} değerine eşit olanın yanındaki {} li elementler {} değerine eşit olanın yanındaki {} elementinin id bilgisini kaydet ve {} elementlerinden yanındaki {} elementin delete butonuna tıkla in current project scope."}
{"logLevel":"debug","message":"Comparing 'com.virgosol.odeon.step.StepImpl.dragAndDropColumn' and 'com.virgosol.odeon.step.StepImpl.dragAndDropColumn'"}
{"logLevel":"debug","message":"Found {} li elementi sürükle ve bırak in current project scope."}
{"logLevel":"debug","message":"Comparing 'com.virgosol.odeon.step.StepImpl.findElementPinWithTextsAndClick' and 'com.virgosol.odeon.step.StepImpl.findElementPinWithTextsAndClick'"}
{"logLevel":"debug","message":"Found {} li elementlerden {} pin değerine tıkla in current project scope."}
{"logLevel":"debug","message":"Comparing 'com.virgosol.odeon.step.StepImpl.findElementWithTextsAndClickAllignment' and 'com.virgosol.odeon.step.StepImpl.findElementWithTextsAndClickAllignment'"}
{"logLevel":"debug","message":"Found {} li elementlerden {} değerine eşit olan ile aynı sıralamada yanındaki {} elementine tıkla in current project scope."}
{"logLevel":"debug","message":"Comparing 'com.virgosol.odeon.step.StepImpl.checkTextsElement' and 'com.virgosol.odeon.step.StepImpl.checkTextsElement'"}
{"logLevel":"debug","message":"Found {} li elementlerin texti var mı? in current project scope."}
{"logLevel":"debug","message":"Comparing 'com.virgosol.odeon.step.StepImpl.sendKeyNextTo' and 'com.virgosol.odeon.step.StepImpl.sendKeyNextTo'"}
{"logLevel":"debug","message":"Found {} li elementin yanındaki {} elementine {} degerini yaz in current project scope."}
{"logLevel":"debug","message":"Comparing 'com.virgosol.odeon.step.StepImpl.findElementWithTextsAndSaveText' and 'com.virgosol.odeon.step.StepImpl.findElementWithTextsAndSaveText'"}
{"logLevel":"debug","message":"Found {} li elementlerden {} değerine eşit olanın textini {} olarak kaydet in current project scope."}
{"logLevel":"debug","message":"Comparing 'com.virgosol.odeon.step.StepImpl.findElementWithTextsAndSendKeyNextToEnter' and 'com.virgosol.odeon.step.StepImpl.findElementWithTextsAndSendKeyNextToEnter'"}
{"logLevel":"debug","message":"Found {} li elementlerden {} değerine eşit olanın yanındaki {} elementinde Entere Tikla in current project scope."}
{"logLevel":"debug","message":"Comparing 'com.virgosol.odeon.step.StepImpl.checkTextEquals' and 'com.virgosol.odeon.step.StepImpl.checkTextEquals'"}
{"logLevel":"debug","message":"Found {} li elementin texti {} mi? in current project scope."}
{"logLevel":"debug","message":"Comparing 'com.virgosol.odeon.step.StepImpl.clickElementNextTo' and 'com.virgosol.odeon.step.StepImpl.clickElementNextTo'"}
{"logLevel":"debug","message":"Found {} li elementin yanındaki {} elementine tikla in current project scope."}
{"logLevel":"debug","message":"Comparing 'com.virgosol.odeon.step.StepImpl.excelReadData' and 'com.virgosol.odeon.step.StepImpl.excelReadData'"}
{"logLevel":"debug","message":"Found Excel {} dosyasından veri okuma işlemi yapılır. in current project scope."}
{"logLevel":"debug","message":"Comparing 'com.virgosol.odeon.step.StepImpl.clickEnter' and 'com.virgosol.odeon.step.StepImpl.clickEnter'"}
{"logLevel":"debug","message":"Found Entere tıkla in current project scope."}
{"logLevel":"debug","message":"Comparing 'com.virgosol.odeon.step.StepImpl.checkElements' and 'com.virgosol.odeon.step.StepImpl.checkElements'"}
{"logLevel":"debug","message":"Found {} li elementler var mı? in current project scope."}
{"logLevel":"debug","message":"Comparing 'com.virgosol.odeon.step.StepImpl.findElementWithTextsAndCheckAttribute' and 'com.virgosol.odeon.step.StepImpl.findElementWithTextsAndCheckAttribute'"}
{"logLevel":"debug","message":"Found {} li elementlerden {} değerine eşit olanın {} attributesi var mı? in current project scope."}
{"logLevel":"debug","message":"Comparing 'com.virgosol.odeon.step.StepImpl.forwardPage' and 'com.virgosol.odeon.step.StepImpl.forwardPage'"}
{"logLevel":"debug","message":"Found Bulunduğun sayfada ileri git in current project scope."}
{"logLevel":"debug","message":"Comparing 'com.virgosol.odeon.step.StepImpl.backPage' and 'com.virgosol.odeon.step.StepImpl.backPage'"}
{"logLevel":"debug","message":"Found Bulunduğun sayfada geri git in current project scope."}
{"logLevel":"debug","message":"Comparing 'com.virgosol.odeon.step.StepImpl.findElementsCheckTextsAndCheckElementsTextNextTo' and 'com.virgosol.odeon.step.StepImpl.findElementsCheckTextsAndCheckElementsTextNextTo'"}
{"logLevel":"debug","message":"Found {} li elementlerden texti olanın yanındaki {} elementin texti var mı? in current project scope."}
{"logLevel":"debug","message":"Comparing 'com.virgosol.odeon.step.StepImpl.findElementWithTextsAndOrderAllignment' and 'com.virgosol.odeon.step.StepImpl.findElementWithTextsAndOrderAllignment'"}
{"logLevel":"debug","message":"Found {} li elementlerden {} değerine eşit olan ile aynı sıralamada altındaki {} verileri {} olarak sıralı mı in current project scope."}
{"logLevel":"debug","message":"Comparing 'com.virgosol.odeon.step.StepImpl.waitVisible' and 'com.virgosol.odeon.step.StepImpl.waitVisible'"}
{"logLevel":"debug","message":"Found {} li elementi görünür olana kadar bekle in current project scope."}
{"logLevel":"debug","message":"Comparing 'com.virgosol.odeon.step.StepImpl.waitMinutes' and 'com.virgosol.odeon.step.StepImpl.waitMinutes'"}
{"logLevel":"debug","message":"Found {} dakika bekle in current project scope."}
{"logLevel":"debug","message":"Comparing 'com.virgosol.odeon.step.StepImpl.refreshPage' and 'com.virgosol.odeon.step.StepImpl.refreshPage'"}
{"logLevel":"debug","message":"Found Bulunduğun sayfayı yenile in current project scope."}
{"logLevel":"debug","message":"Comparing 'com.virgosol.odeon.step.StepImpl.findElementWithTextsAndCheckElementNextTo' and 'com.virgosol.odeon.step.StepImpl.findElementWithTextsAndCheckElementNextTo'"}
{"logLevel":"debug","message":"Found {} li elementlerden {} değerine eşit olanın yanındaki {} element var mı? in current project scope."}
{"logLevel":"debug","message":"Comparing 'com.virgosol.odeon.step.StepImpl.findElementWithTextAndCheckAttributeContainsTextNextTo' and 'com.virgosol.odeon.step.StepImpl.findElementWithTextAndCheckAttributeContainsTextNextTo'"}
{"logLevel":"debug","message":"Found {} li elementlerden {} değerine eşit olan elementin {} attributesi {} içeriyor mu? in current project scope."}
{"logLevel":"debug","message":"Comparing 'com.virgosol.odeon.step.StepImpl.checkTextNextTo' and 'com.virgosol.odeon.step.StepImpl.checkTextNextTo'"}
{"logLevel":"debug","message":"Found {} li elementin yanındaki {} elementinin texti var mı? in current project scope."}
{"logLevel":"debug","message":"Comparing 'com.virgosol.odeon.step.StepImpl.checkTitle' and 'com.virgosol.odeon.step.StepImpl.checkTitle'"}
{"logLevel":"debug","message":"Found Sayfanın title ı {} mı? in current project scope."}
{"logLevel":"debug","message":"Comparing 'com.virgosol.odeon.step.StepImpl.findElementWithTextsAndSendKey' and 'com.virgosol.odeon.step.StepImpl.findElementWithTextsAndSendKey'"}
{"logLevel":"debug","message":"Found {} li elementlerden {} değerine eşit olana {} değerini yaz in current project scope."}
{"logLevel":"debug","message":"Comparing 'com.virgosol.odeon.step.StepImpl.deleteText' and 'com.virgosol.odeon.step.StepImpl.deleteText'"}
{"logLevel":"debug","message":"Found {} li elementin içindekileri sil in current project scope."}
{"logLevel":"debug","message":"Comparing 'com.virgosol.odeon.step.StepImpl.saveAttribute' and 'com.virgosol.odeon.step.StepImpl.saveAttribute'"}
{"logLevel":"debug","message":"Found {} li elementin {} attributesini {} olarak kaydet in current project scope."}
{"logLevel":"debug","message":"Comparing 'com.virgosol.odeon.step.StepImpl.findElementWithTextAndCheckAttributeText' and 'com.virgosol.odeon.step.StepImpl.findElementWithTextAndCheckAttributeText'"}
{"logLevel":"debug","message":"Found {} li elementin {} attributesi {} mi in current project scope."}
{"logLevel":"debug","message":"Comparing 'com.virgosol.odeon.step.StepImpl.findElementWithTextsAndSaveTextNextTo' and 'com.virgosol.odeon.step.StepImpl.findElementWithTextsAndSaveTextNextTo'"}
{"logLevel":"debug","message":"Found {} li elementlerden {} değerine eşit olanın yanındaki {} elementinin textini {} olarak kaydet in current project scope."}
{"logLevel":"debug","message":"Comparing 'com.virgosol.odeon.step.StepImpl.findElementWithTextsAndCheckAttributeTextNextTo' and 'com.virgosol.odeon.step.StepImpl.findElementWithTextsAndCheckAttributeTextNextTo'"}
{"logLevel":"debug","message":"Found {} li elementlerden {} değerine eşit olanın yanındaki {} elementinin {} attributesi {} içeriyor mu? in current project scope."}
{"logLevel":"debug","message":"Comparing 'com.virgosol.odeon.step.StepImpl.findElementWithTextsAndClickNextTo' and 'com.virgosol.odeon.step.StepImpl.findElementWithTextsAndClickNextTo'"}
{"logLevel":"debug","message":"Found {} li elementlerden {} değerine eşit olanın yanındaki {} elementine tıkla in current project scope."}
{"logLevel":"debug","message":"Comparing 'com.virgosol.odeon.step.StepImpl.checkTextNotExistsElements' and 'com.virgosol.odeon.step.StepImpl.checkTextNotExistsElements'"}
{"logLevel":"debug","message":"Found {} li elementlerden {} değerine eşit olan yok mu? in current project scope."}
{"logLevel":"debug","message":"Comparing 'com.virgosol.odeon.step.StepImpl.findElementsCheckTextsAndClickElementTextNextTo' and 'com.virgosol.odeon.step.StepImpl.findElementsCheckTextsAndClickElementTextNextTo'"}
{"logLevel":"debug","message":"Found {} li elementlerden yanındaki {} elementinin {} attributesi {} içerenin yanındaki {} elementine tıkla in current project scope."}
{"logLevel":"debug","message":"Comparing 'com.virgosol.odeon.step.StepImpl.findElementWithTextAndCheckAttributeTextNextTo' and 'com.virgosol.odeon.step.StepImpl.findElementWithTextAndCheckAttributeTextNextTo'"}
{"logLevel":"debug","message":"Found {} li elementlerden {} değerine eşit olan elementin {} attributesi {} mı? in current project scope."}
{"logLevel":"debug","message":"Comparing 'com.virgosol.odeon.step.StepImpl.waitSeconds' and 'com.virgosol.odeon.step.StepImpl.waitSeconds'"}
{"logLevel":"debug","message":"Found {} sn bekle in current project scope."}
{"logLevel":"debug","message":"Comparing 'com.virgosol.odeon.step.StepImpl.findFile' and 'com.virgosol.odeon.step.StepImpl.findFile'"}
{"logLevel":"debug","message":"Found {} li elemente tikla ve {} dosya secimini yap in current project scope."}
{"logLevel":"debug","message":"Comparing 'com.virgosol.odeon.step.StepImpl.clickElement' and 'com.virgosol.odeon.step.StepImpl.clickElement'"}
{"logLevel":"debug","message":"Found Click element with key {} in current project scope."}
{"logLevel":"debug","message":"Comparing 'com.virgosol.odeon.step.StepImpl.clickElement' and 'com.virgosol.odeon.step.StepImpl.clickElement'"}
{"logLevel":"debug","message":"Found {} li elemente tikla in current project scope."}
{"logLevel":"debug","message":"Comparing 'com.virgosol.odeon.step.StepImpl.navigateWindow' and 'com.virgosol.odeon.step.StepImpl.navigateWindow'"}
{"logLevel":"debug","message":"Found Yeni açılan sayfaya geç in current project scope."}
{"logLevel":"debug","message":"Comparing 'com.virgosol.odeon.step.StepImpl.findElementWithTextsAndSetAttribute' and 'com.virgosol.odeon.step.StepImpl.findElementWithTextsAndSetAttribute'"}
{"logLevel":"debug","message":"Found {} li elementlerden {} değerine eşit olanın {} attributesini {} yap in current project scope."}
{"logLevel":"debug","message":"Comparing 'com.virgosol.odeon.step.StepImpl.dateCompare' and 'com.virgosol.odeon.step.StepImpl.dateCompare'"}
{"logLevel":"debug","message":"Found {} tarihi ile {} tarihini karşılaştır. in current project scope."}
{"logLevel":"debug","message":"Comparing 'com.virgosol.odeon.step.StepImpl.sendKey' and 'com.virgosol.odeon.step.StepImpl.sendKey'"}
{"logLevel":"debug","message":"Found Send keys to element with key {} and text {} in current project scope."}
{"logLevel":"debug","message":"Comparing 'com.virgosol.odeon.step.StepImpl.sendKey' and 'com.virgosol.odeon.step.StepImpl.sendKey'"}
{"logLevel":"debug","message":"Found {} li elemente {} degerini yaz in current project scope."}
{"logLevel":"debug","message":"Comparing 'com.virgosol.odeon.step.StepImpl.hoverElement' and 'com.virgosol.odeon.step.StepImpl.hoverElement'"}
{"logLevel":"debug","message":"Found {} li elementin üzerine gel in current project scope."}
{"logLevel":"debug","message":"Comparing 'com.virgosol.odeon.step.StepImpl.framegir' and 'com.virgosol.odeon.step.StepImpl.framegir'"}
{"logLevel":"debug","message":"Found frame gir in current project scope."}
{"logLevel":"debug","message":"Comparing 'com.virgosol.odeon.step.StepImpl.findElementWithTextsAndClickWithTextNextTo' and 'com.virgosol.odeon.step.StepImpl.findElementWithTextsAndClickWithTextNextTo'"}
{"logLevel":"debug","message":"Found {} li elementlerden {} değerine eşit olanın yanındaki {} elementlerinden {} değerine eşit olana tıkla in current project scope."}
{"logLevel":"debug","message":"Comparing 'com.virgosol.odeon.step.StepImpl.closeWait' and 'com.virgosol.odeon.step.StepImpl.closeWait'"}
{"logLevel":"debug","message":"Found Beklemeleri kapat in current project scope."}
{"logLevel":"debug","message":"Comparing 'com.virgosol.odeon.step.StepImpl.findElementWithTextsAndClickNextToWithIndex' and 'com.virgosol.odeon.step.StepImpl.findElementWithTextsAndClickNextToWithIndex'"}
{"logLevel":"debug","message":"Found {} li elementlerden {} değerine eşit olanın yanındaki {} elementlerinden indexe göre tıkla in current project scope."}
{"logLevel":"debug","message":"Comparing 'com.virgosol.odeon.step.StepImpl.checkElementVisible' and 'com.virgosol.odeon.step.StepImpl.checkElementVisible'"}
{"logLevel":"debug","message":"Found {} li element görünür mü? in current project scope."}
{"logLevel":"debug","message":"Comparing 'com.virgosol.odeon.step.StepImpl.checkNotExistAttribute' and 'com.virgosol.odeon.step.StepImpl.checkNotExistAttribute'"}
{"logLevel":"debug","message":"Found {} li elementin {} attributesi yok mu in current project scope."}
{"logLevel":"debug","message":"Comparing 'com.virgosol.odeon.step.StepImpl.findElementWithTextsAndHover' and 'com.virgosol.odeon.step.StepImpl.findElementWithTextsAndHover'"}
{"logLevel":"debug","message":"Found {} li elementlerden {} değerine eşit olanın üzerine gel in current project scope."}
{"logLevel":"debug","message":"Comparing 'com.virgosol.odeon.step.StepImpl.findElementWithTextsAndHoverNextTo' and 'com.virgosol.odeon.step.StepImpl.findElementWithTextsAndHoverNextTo'"}
{"logLevel":"debug","message":"Found {} li elementlerden {} değerine eşit olanın yanındaki {} elementinin üzerine gel in current project scope."}
{"logLevel":"debug","message":"Comparing 'com.virgosol.odeon.step.StepImpl.findElementWithTextsAndFindElementWithTextAndSaveTextNextTo' and 'com.virgosol.odeon.step.StepImpl.findElementWithTextsAndFindElementWithTextAndSaveTextNextTo'"}
{"logLevel":"debug","message":"Found {} li elementlerden {} değerine eşit olanın yanındaki {} li elementlerden {} değerine eşit olanın yanındaki {} elementinin textini {} olarak kaydet in current project scope."}
{"logLevel":"debug","message":"Comparing 'com.virgosol.odeon.step.StepImpl.saveTextNextTo' and 'com.virgosol.odeon.step.StepImpl.saveTextNextTo'"}
{"logLevel":"debug","message":"Found {} li elementin yanındaki {} elementinin textini {} olarak kaydet in current project scope."}
{"logLevel":"debug","message":"Comparing 'com.virgosol.odeon.step.StepImpl.findElementWithTextsAndFindElementWithTextAndClickNextTo' and 'com.virgosol.odeon.step.StepImpl.findElementWithTextsAndFindElementWithTextAndClickNextTo'"}
{"logLevel":"debug","message":"Found {} li elementlerden {} değerine eşit olanın yanındaki {} li elementlerden {} değerine eşit olanın yanındaki {} elementine tıkla in current project scope."}
{"logLevel":"debug","message":"Comparing 'com.virgosol.odeon.step.StepImpl.findElementWithTextsAndSaveAttribute' and 'com.virgosol.odeon.step.StepImpl.findElementWithTextsAndSaveAttribute'"}
{"logLevel":"debug","message":"Found {} li elementlerden {} değerine eşit olanın {} attributesini {} olarak kaydet in current project scope."}
{"logLevel":"debug","message":"Comparing 'com.virgosol.odeon.step.StepImpl.setAttributeNextTo' and 'com.virgosol.odeon.step.StepImpl.setAttributeNextTo'"}
{"logLevel":"debug","message":"Found {} li elementin yanındaki {} elementinin {} attributesini {} yap in current project scope."}
{"logLevel":"debug","message":"Comparing 'com.virgosol.odeon.step.StepImpl.checkTextEqualsNextTo' and 'com.virgosol.odeon.step.StepImpl.checkTextEqualsNextTo'"}
{"logLevel":"debug","message":"Found {} li elementin yanındaki {} elementinin texti {} mi? in current project scope."}
{"logLevel":"debug","message":"Comparing 'com.virgosol.odeon.step.StepImpl.changeScreenResolution' and 'com.virgosol.odeon.step.StepImpl.changeScreenResolution'"}
{"logLevel":"debug","message":"Found Ekran çözünürlüğünü {} yap. in current project scope."}
{"logLevel":"debug","message":"Comparing 'com.virgosol.odeon.step.StepImpl.findElementWithTextsAndSendKeyNextTo' and 'com.virgosol.odeon.step.StepImpl.findElementWithTextsAndSendKeyNextTo'"}
{"logLevel":"debug","message":"Found {} li elementlerden {} değerine eşit olanın yanındaki {} elementine {} değerini yaz in current project scope."}
{"logLevel":"debug","message":"Comparing 'com.virgosol.odeon.step.StepImpl.checkText' and 'com.virgosol.odeon.step.StepImpl.checkText'"}
{"logLevel":"debug","message":"Found {} li elementin texti var mı? in current project scope."}
{"logLevel":"debug","message":"Comparing 'com.virgosol.odeon.step.StepImpl.checkElement' and 'com.virgosol.odeon.step.StepImpl.checkElement'"}
{"logLevel":"debug","message":"Found {} li element var mı? in current project scope."}
{"logLevel":"debug","message":"Comparing 'com.virgosol.odeon.step.StepImpl.closePage' and 'com.virgosol.odeon.step.StepImpl.closePage'"}
{"logLevel":"debug","message":"Found Bulunduğun sayfayı kapat in current project scope."}
{"logLevel":"debug","message":"Comparing 'com.virgosol.odeon.step.StepImpl.checkTextContains' and 'com.virgosol.odeon.step.StepImpl.checkTextContains'"}
{"logLevel":"debug","message":"Found {} li elementin texti {} içeriyor mu? in current project scope."}
{"logLevel":"debug","message":"Comparing 'com.virgosol.odeon.step.StepImpl.checkTextContainsNextTo' and 'com.virgosol.odeon.step.StepImpl.checkTextContainsNextTo'"}
{"logLevel":"debug","message":"Found {} li elementin yanındaki {} elementinin texti {} içeriyor mi? in current project scope."}
{"logLevel":"debug","message":"Comparing 'com.virgosol.odeon.step.StepImpl.waitElement' and 'com.virgosol.odeon.step.StepImpl.waitElement'"}
{"logLevel":"debug","message":"Found Wait {} element in current project scope."}
{"logLevel":"debug","message":"Comparing 'com.virgosol.odeon.step.StepImpl.waitElement' and 'com.virgosol.odeon.step.StepImpl.waitElement'"}
{"logLevel":"debug","message":"Found {} li elementi bekle in current project scope."}
{"logLevel":"debug","message":"Comparing 'com.virgosol.odeon.step.StepImpl.findElementWithTextsAndSendKeyAllignment' and 'com.virgosol.odeon.step.StepImpl.findElementWithTextsAndSendKeyAllignment'"}
{"logLevel":"debug","message":"Found {} li elementlerden {} değerine eşit olan ile aynı sıralamada yanındaki {} elementine {} değerini yaz in current project scope."}
{"logLevel":"debug","message":"Comparing 'com.virgosol.odeon.step.StepImpl.findElementWithTextsAndCheckAttrAndClickFirst' and 'com.virgosol.odeon.step.StepImpl.findElementWithTextsAndCheckAttrAndClickFirst'"}
{"logLevel":"debug","message":"Found {} li elementlerin yanındaki {} elementlerinden {} attributesi {} içermeyen ilk elemente tıkla in current project scope."}
{"logLevel":"debug","message":"Comparing 'com.virgosol.odeon.step.StepImpl.findElementWithCheckAttributeText' and 'com.virgosol.odeon.step.StepImpl.findElementWithCheckAttributeText'"}
{"logLevel":"debug","message":"Found {} li elementlerin {} attributesi {} mi in current project scope."}
{"logLevel":"debug","message":"Comparing 'com.virgosol.odeon.step.StepImpl.findElementWithTextsAndFindElementWithTextNextTo' and 'com.virgosol.odeon.step.StepImpl.findElementWithTextsAndFindElementWithTextNextTo'"}
{"logLevel":"debug","message":"Found {} li elementlerden {} değerine eşit olanın yanındaki {} li elementlerden {} değerine eşit olan var mı? in current project scope."}
{"logLevel":"debug","message":"Comparing 'com.virgosol.odeon.step.StepImpl.handlingCAPTCHA' and 'com.virgosol.odeon.step.StepImpl.handlingCAPTCHA'"}
{"logLevel":"debug","message":"Found {} textbox alanına captcha değeri yazılır. in current project scope."}
{"logLevel":"debug","message":"Comparing 'com.virgosol.odeon.step.StepImpl.checkClickableNextTo' and 'com.virgosol.odeon.step.StepImpl.checkClickableNextTo'"}
{"logLevel":"debug","message":"Found {} li elementin yanındaki {} elementi tıklanabilir mi? in current project scope."}
{"logLevel":"debug","message":"Comparing 'com.virgosol.odeon.step.StepImpl.findElementWithTextsAndSelect' and 'com.virgosol.odeon.step.StepImpl.findElementWithTextsAndSelect'"}
{"logLevel":"debug","message":"Found {} li elementlerden {} değerine eşit olanı seç in current project scope."}
{"logLevel":"debug","message":"Comparing 'com.virgosol.odeon.step.StepImpl.deneme' and 'com.virgosol.odeon.step.StepImpl.deneme'"}
{"logLevel":"debug","message":"Found {} li elementin uzunluğunun 10 olduğu doğrulanır. in current project scope."}
{"logLevel":"debug","message":"Comparing 'com.virgosol.odeon.step.StepImpl.findElementWithTextsAndSaveAttributeTextNextTo' and 'com.virgosol.odeon.step.StepImpl.findElementWithTextsAndSaveAttributeTextNextTo'"}
{"logLevel":"debug","message":"Found {} li elementlerden {} değerine eşit olanın yanındaki {} elementinin {} attributesini kaydet in current project scope."}
{"logLevel":"debug","message":"Comparing 'com.virgosol.odeon.step.StepImpl.findElementWithTextsAndSaveAttributeTextNextTo' and 'com.virgosol.odeon.step.StepImpl.findElementWithTextsAndSaveAttributeTextNextTo'"}
{"logLevel":"debug","message":"Found {} li elementlerden {} değerine eşit olanın yanındaki {} li elementlerin textindeki tarihler doğru aralıkta mı? in current project scope."}
{"logLevel":"debug","message":"Comparing 'com.virgosol.odeon.step.StepImpl.findElementWithTextAndCheckAttributeEqualsTextNextTo' and 'com.virgosol.odeon.step.StepImpl.findElementWithTextAndCheckAttributeEqualsTextNextTo'"}
{"logLevel":"debug","message":"Found {} li elementlerden {} değerine eşit olanın yanındaki {} elementinin {} attributesi {} mı? in current project scope."}
{"logLevel":"debug","message":"Comparing 'com.virgosol.odeon.step.StepImpl.checkElementNextTo' and 'com.virgosol.odeon.step.StepImpl.checkElementNextTo'"}
{"logLevel":"debug","message":"Found {} li elementin yanındaki {} element var mı? in current project scope."}
{"logLevel":"debug","message":"Comparing 'com.virgosol.odeon.step.StepImpl.secondCheckNotExistAttribute' and 'com.virgosol.odeon.step.StepImpl.secondCheckNotExistAttribute'"}
{"logLevel":"debug","message":"Found {} li elementlerin {} attributesi yok mu? in current project scope."}
{"logLevel":"debug","message":"Comparing 'com.virgosol.odeon.step.StepImpl.findElementWithTextsAndFindElementCheckWithTextNextTo' and 'com.virgosol.odeon.step.StepImpl.findElementWithTextsAndFindElementCheckWithTextNextTo'"}
{"logLevel":"debug","message":"Found {} li elementlerden {} değerine eşit olanın yanındaki {} li elementler {} değerine eşit mi? in current project scope."}
{"logLevel":"debug","message":"Comparing 'com.virgosol.odeon.step.StepImpl.findElementWithCheckAttribute' and 'com.virgosol.odeon.step.StepImpl.findElementWithCheckAttribute'"}
{"logLevel":"debug","message":"Found {} li elementlerin {} attributesi var mı? in current project scope."}
{"logLevel":"debug","message":"Comparing 'com.virgosol.odeon.step.StepImpl.checkAttributeNextTo' and 'com.virgosol.odeon.step.StepImpl.checkAttributeNextTo'"}
{"logLevel":"debug","message":"Found {} li elementin yanındaki {} elementinin {} attributesi var mı? in current project scope."}
{"logLevel":"debug","message":"Comparing 'com.virgosol.odeon.step.StepImpl.findElementWithTextsAndSetAttributeNextTo' and 'com.virgosol.odeon.step.StepImpl.findElementWithTextsAndSetAttributeNextTo'"}
{"logLevel":"debug","message":"Found {} li elementlerden {} değerine eşit olanın yanındaki {} elementinin {} attributesini {} yap in current project scope."}
{"logLevel":"debug","message":"Comparing 'com.virgosol.odeon.step.StepImpl.findElementWithTextsAndSelectNextTo' and 'com.virgosol.odeon.step.StepImpl.findElementWithTextsAndSelectNextTo'"}
{"logLevel":"debug","message":"Found {} li elementlerden {} değerine eşit olanın yanındaki {} elementini seç in current project scope."}
{"logLevel":"debug","message":"Comparing 'com.virgosol.odeon.step.StepImpl.navigateFrame' and 'com.virgosol.odeon.step.StepImpl.navigateFrame'"}
{"logLevel":"debug","message":"Found Frameden ana sayfaya geç in current project scope."}
{"logLevel":"debug","message":"Comparing 'com.virgosol.odeon.step.StepImpl.checkDataGridAndExcelColumn' and 'com.virgosol.odeon.step.StepImpl.checkDataGridAndExcelColumn'"}
{"logLevel":"debug","message":"Found Excel {} dosyasının uzantısı kontrol edilir ve içeriğinin datagrid yapısıyla aynı olduğu kontrol edilir. in current project scope."}
{"logLevel":"debug","message":"Comparing 'com.virgosol.odeon.step.StepImpl.navigateFrame' and 'com.virgosol.odeon.step.StepImpl.navigateFrame'"}
{"logLevel":"debug","message":"Found {} isimli frame e geç in current project scope."}
{"logLevel":"debug","message":"Comparing 'com.virgosol.odeon.step.StepImpl.findElementWithTextsAndCheckText' and 'com.virgosol.odeon.step.StepImpl.findElementWithTextsAndCheckText'"}
{"logLevel":"debug","message":"Found {} li elementlerden {} değerine eşit olan var mı? in current project scope."}
{"logLevel":"debug","message":"Comparing 'com.virgosol.odeon.step.StepImpl.openInBrowser' and 'com.virgosol.odeon.step.StepImpl.openInBrowser'"}
{"logLevel":"debug","message":"Found Url {} tarayıcıda açılır. in current project scope."}
{"logLevel":"debug","message":"Comparing 'com.virgosol.odeon.step.StepImpl.findElementWithTextsAndCheckClickableNextTo' and 'com.virgosol.odeon.step.StepImpl.findElementWithTextsAndCheckClickableNextTo'"}
{"logLevel":"debug","message":"Found {} li elementlerden {} değerine eşit olan elementten önceki {} elementlerin tarihi {} attributesi {} içeriyor mu? in current project scope."}
{"logLevel":"debug","message":"Comparing 'com.virgosol.odeon.step.StepImpl.findElementWithTextsAndCheckClickableNextTo' and 'com.virgosol.odeon.step.StepImpl.findElementWithTextsAndCheckClickableNextTo'"}
{"logLevel":"debug","message":"Found {} li elementlerden {} değerine eşit olanın yanındaki {} elementi tıklanabilir mi? in current project scope."}
{"logLevel":"debug","message":"Comparing 'com.virgosol.odeon.step.StepImpl.setAttribute' and 'com.virgosol.odeon.step.StepImpl.setAttribute'"}
{"logLevel":"debug","message":"Found {} li elementin {} attributesini {} yap in current project scope."}
{"logLevel":"debug","message":"Comparing 'com.virgosol.odeon.step.StepImpl.findElementWithTextsAndSaveAttributeNextTo' and 'com.virgosol.odeon.step.StepImpl.findElementWithTextsAndSaveAttributeNextTo'"}
{"logLevel":"debug","message":"Found {} li elementlerden {} değerine eşit olanın yanındaki {} elementinin {} attributesini {} olarak kaydet in current project scope."}
{"logLevel":"debug","message":"Comparing 'com.virgosol.odeon.step.StepImpl.checkUrl' and 'com.virgosol.odeon.step.StepImpl.checkUrl'"}
{"logLevel":"debug","message":"Found Sayfanın url i {} mı? in current project scope."}
{"logLevel":"debug","message":"Comparing 'com.virgosol.odeon.step.StepImpl.elementIsDisplayed' and 'com.virgosol.odeon.step.StepImpl.elementIsDisplayed'"}
{"logLevel":"debug","message":"Found {} li element gözüküyor mu? in current project scope."}
{"logLevel":"debug","message":"Scanning packages for hooks"}
{"logLevel":"debug","message":"Scanned steps (using static parsing + reflections): "}
{"logLevel":"debug","message":"\t{} li elementlerin {} attributesi {} mi : public void findElementWithCheckAttributeText(String key, String attr, String attrtext)"}
{"logLevel":"debug","message":"\tExcel {} dosyasının doğru uzantıda olduğu kontrol edilir. : public void checkFilename(String excelFileName) throws IOException"}
{"logLevel":"debug","message":"\t{} li elementlerden {} değerine eşit olanın {} attributesini {} yap : public void findElementWithTextsAndSetAttribute(String key, String text, String attr, String text2)"}
{"logLevel":"debug","message":"\t{} li elementin tarih bilgisi kontrol edilir. : public void dateControl(String key1)"}
{"logLevel":"debug","message":"\t{} li elementlerden {} değerine eşit olanın yanındaki {} elementi yok mu? : public void findElementWithTextsAndCheckElementNextToNotExists(String key, String text, String key2)"}
{"logLevel":"debug","message":"\tBeklemeleri ac : public void openWait()"}
{"logLevel":"debug","message":"\t{} li elementin textini {} olarak kaydet : public void saveText(String key, String key2)"}
{"logLevel":"debug","message":"\t{} li elementin {} attributesi {} mi : public void findElementWithTextAndCheckAttributeText(String key, String attr, String attrtext)"}
{"logLevel":"debug","message":"\t{} li elemente tikla ve {} dosya secimini yap : public void findFile(String key, String file)"}
{"logLevel":"debug","message":"\tMesajda tamam butonuna basılır. : public void popUpAccept() throws IOException"}
{"logLevel":"debug","message":"\t{} li elementin texti {} mi? : public void checkTextEquals(String key, String text)"}
{"logLevel":"debug","message":"\tSayfanın title ı {} mı? : public void checkTitle(String title)"}
{"logLevel":"debug","message":"\tBulunduğun sayfada ileri git : public void forwardPage()"}
{"logLevel":"debug","message":"\t{} li elementin {} attributesi yok mu : public void checkNotExistAttribute(String key, String attr) throws IOException"}
{"logLevel":"debug","message":"\t{} li elementin yanındaki {} elementi tıklanabilir mi? : public void checkClickableNextTo(String key, String key2)"}
{"logLevel":"debug","message":"\t{} li element yok mu? : public void checkNotExistElement(String key)"}
{"logLevel":"debug","message":"\t{} li elementin yanındaki {} elementinin üzerine gel : public void hoverElementNextTo(String key, String key2)"}
{"logLevel":"debug","message":"\t{} li elementin üzerine gel : public void hoverElement(String key)"}
{"logLevel":"debug","message":"\t{} li elementlerden {} değerine eşit olanın yanındaki {} li elementler {} değerine eşit olanın yanındaki {} elementinin id bilgisini kaydet ve {} elementlerinden yanındaki {} elementin delete butonuna tıkla : public void findElementWithTextsAndFindElementSaveTextAndClickIndexNextTo(String key, String text, String key2, String text2, String key3, String key4, String key5)"}
{"logLevel":"debug","message":"\t{} li elementin {} attributesi var mı? : public void checkAttribute(String key, String attr)"}
{"logLevel":"debug","message":"\t{} urle git : public void goToUrl(String url)"}
{"logLevel":"debug","message":"\t{} dakika bekle : public void waitMinutes(String key) throws InterruptedException"}
{"logLevel":"debug","message":"\t{} li elementlerden {} değerine eşit olan ile aynı sıralamada yanındaki {} elementine tıkla : public void findElementWithTextsAndClickAllignment(String key, String text, String key2)"}
{"logLevel":"debug","message":"\tExcel {} dosyasının uzantısı kontrol edilir ve içeriğinin datagrid yapısıyla aynı olduğu kontrol edilir. : public void checkDataGridAndExcelColumn(String excelFileName) throws IOException, BiffException"}
{"logLevel":"debug","message":"\t{} li elementlerin yanındaki {} elementlerinden {} attributesi {} içermeyen ilk elemente tıkla : public void findElementWithTextsAndCheckAttrAndClickFirst(String key, String key2, String attr, String attrtext)"}
{"logLevel":"debug","message":"\t{} tarihi ile {} tarihini karşılaştır. : public void dateCompare(String key1, String key2) throws IOException"}
{"logLevel":"debug","message":"\t{} li elementlerden {} değerine eşit olanın üzerine gel : public void findElementWithTextsAndHover(String key, String text)"}
{"logLevel":"debug","message":"\t{} li elementlerden {} değerine eşit olan elementin {} attributesi {} içeriyor mu? : public void findElementWithTextAndCheckAttributeContainsTextNextTo(String key, String text, String attr, String attrtext)"}
{"logLevel":"debug","message":"\t{} li elemente {} degerini yaz : public void sendKey(String key, String text)"}
{"logLevel":"debug","message":"\t{} li elementlerden {} değerine eşit olanın yanındaki {} elementini seç : public void findElementWithTextsAndSelectNextTo(String key, String text, String key2)"}
{"logLevel":"debug","message":"\t{} li elementin yanındaki {} elementinin texti {} içeriyor mi? : public void checkTextContainsNextTo(String key, String key2, String text)"}
{"logLevel":"debug","message":"\t{} li element var mı? : public void checkElement(String key)"}
{"logLevel":"debug","message":"\t{} li elementlerden {} değerine eşit olanın yanındaki {} elementinin {} attributesi var mı? : public void findElementWithTextsAndCheckAttributeNextTo(String key, String text, String key2, String attr)"}
{"logLevel":"debug","message":"\t{} li element tıklanabilir mi? : public void checkClickable(String key)"}
{"logLevel":"debug","message":"\tBulunduğun sayfada geri git : public void backPage()"}
{"logLevel":"debug","message":"\t{} li elementlerden yanındaki {} elementinin {} attributesi {} içerenin yanındaki {} elementine tıkla : public void findElementsCheckTextsAndClickElementTextNextTo(String key, String key2, String attr, String attrtext, String key3)"}
{"logLevel":"debug","message":"\t{} li elementlerden {} değerine eşit olanın yanındaki {} li elementlerden {} değerine eşit olanın yanındaki {} elementinin texti {} mı? : public void findElementWithTextsAndFindElementWithTextAndFindWithTextNextTo(String key, String text, String key2, String text2, String key3, String text3)"}
{"logLevel":"debug","message":"\t{} li elementlerden {} değerine eşit olanın yanındaki {} li elementler {} değerine eşit mi? : public void findElementWithTextsAndFindElementCheckWithTextNextTo(String key, String text, String key2, String text2)"}
{"logLevel":"debug","message":"\tBeklemeleri kapat : public void closeWait()"}
{"logLevel":"debug","message":"\t{} li elementlerden {} değerine eşit olanı seç : public void findElementWithTextsAndSelect(String key, String text)"}
{"logLevel":"debug","message":"\t{} li elementlerden {} değerine eşit olan elementten önceki {} elementlerin tarihi {} attributesi {} içeriyor mu? : public void findElementWithTextsAndCheckClickableNextTo(String key, String text, String key2, String attr, String attrtext)"}
{"logLevel":"debug","message":"\t{} li elementin yanındaki {} elementinin texti {} mi? : public void checkTextEqualsNextTo(String key, String key2, String text)"}
{"logLevel":"debug","message":"\t{} li elementlerden id bilgisi silindi mi? : public void findElementsCheckTextsAndDeletedId(String key)"}
{"logLevel":"debug","message":"\t{} li elementlerden {} değerine eşit olanın yanındaki {} elementinin {} attributesini kaydet : public void findElementWithTextsAndSaveAttributeTextNextTo(String key, String text, String key2, String attr)"}
{"logLevel":"debug","message":"\t{} li elementlerden {} değerine eşit olan ile aynı sıralamada altındaki {} verileri {} olarak sıralı mı : public void findElementWithTextsAndOrderAllignment(String key, String text, String key2, String text2)"}
{"logLevel":"debug","message":"\tClick element with key {} : public void clickElement(String key)"}
{"logLevel":"debug","message":"\t{} sn bekle : public void waitSeconds(String key) throws InterruptedException"}
{"logLevel":"debug","message":"\t{} li elementlerden {} değerine eşit olanın yanındaki {} elementlerinden {} değerine eşit olana tıkla : public void findElementWithTextsAndClickWithTextNextTo(String key, String text, String key2, String text2)"}
{"logLevel":"debug","message":"\tUrl {} tarayıcıda açılır. : public void openInBrowser(String browserName) throws IOException"}
{"logLevel":"debug","message":"\t{} li elementlerden {} değerine eşit olanın yanındaki {} elementlerinden indexe göre tıkla : public void findElementWithTextsAndClickNextToWithIndex(String key, String text, String key2)"}
{"logLevel":"debug","message":"\t{} li elementlerden {} değerine eşit olanın yanındaki {} elementine {} değerini yaz : public void findElementWithTextsAndSendKeyNextTo(String key, String text, String key2, String text2)"}
{"logLevel":"debug","message":"\tEkran çözünürlüğünü {} yap. : public void changeScreenResolution(String screenResolution) throws IOException"}
{"logLevel":"debug","message":"\t{} li elementlerden {} değerine eşit olanın yanındaki {} elementinin {} attributesini {} olarak kaydet : public void findElementWithTextsAndSaveAttributeNextTo(String key, String text, String key2, String attr, String key3)"}
{"logLevel":"debug","message":"\t{} li elementlerden {} değerine eşit olanın yanındaki {} elementinin {} attributesini {} yap : public void findElementWithTextsAndSetAttributeNextTo(String key, String text, String key2, String attr, String text2)"}
{"logLevel":"debug","message":"\t{} li elementlerin texti var mı? : public void checkTextsElement(String key)"}
{"logLevel":"debug","message":"\tSayfanın url i {} mı? : public void checkUrl(String url)"}
{"logLevel":"debug","message":"\t{} li elementlerden {} pin değerine tıkla : public void findElementPinWithTextsAndClick(String key, String pin)"}
{"logLevel":"debug","message":"\t{} li element gözüküyor mu? : public void elementIsDisplayed(String key)"}
{"logLevel":"debug","message":"\tWait {} element : public void waitElement(String key)"}
{"logLevel":"debug","message":"\tBulunduğun sayfayı kapat : public void closePage()"}
{"logLevel":"debug","message":"\tEntere tıkla : public void clickEnter()"}
{"logLevel":"debug","message":"\t{} li elementlerin {} attributesi var mı? : public void findElementWithCheckAttribute(String key, String attr)"}
{"logLevel":"debug","message":"\t{} li elementlerden {} değerine eşit olanın yanındaki {} elementinde Entere Tikla : public void findElementWithTextsAndSendKeyNextToEnter(String key, String text, String key2)"}
{"logLevel":"debug","message":"\t{} li elementin {} attributesini {} olarak kaydet : public void saveAttribute(String key, String attr, String key2)"}
{"logLevel":"debug","message":"\t{} li elementlerden {} değerine eşit olan var mı? : public void findElementWithTextsAndCheckText(String key, String text)"}
{"logLevel":"debug","message":"\t{} li elementin yanındaki {} elementinin {} attributesi var mı? : public void checkAttributeNextTo(String key, String key2, String attr)"}
{"logLevel":"debug","message":"\t{} li elementi sürükle ve bırak : public void dragAndDropColumn(String key)"}
{"logLevel":"debug","message":"\t{} li elementlerden {} değerine eşit olan elementin {} attributesi {} mı? : public void findElementWithTextAndCheckAttributeTextNextTo(String key, String text, String attr, String attrtext)"}
{"logLevel":"debug","message":"\t{} li elementin yanındaki {} element var mı? : public void checkElementNextTo(String key, String key2)"}
{"logLevel":"debug","message":"\t{} li elementlerden {} değerine eşit olana tıkla : public void findElementWithTextsAndClick(String key, String text)"}
{"logLevel":"debug","message":"\t{} li elementlerden {} değerine eşit olan yok mu? : public void checkTextNotExistsElements(String key, String text)"}
{"logLevel":"debug","message":"\t{} li elementi invisible olana kadar bekle : public void waitInVisible(String key)"}
{"logLevel":"debug","message":"\t{} li elementlerden {} değerine eşit olanın yanındaki {} elementinin üzerine gel : public void findElementWithTextsAndHoverNextTo(String key, String text, String key2)"}
{"logLevel":"debug","message":"\t{} li elementlerden {} değerine eşit olanın yanındaki {} elementine tıkla : public void findElementWithTextsAndClickNextTo(String key, String text, String key2)"}
{"logLevel":"debug","message":"\t{} li elementlerden {} değerine eşit olan tıklanabilir mi? : public void findElementWithTextsAndCheckClickable(String key, String text)"}
{"logLevel":"debug","message":"\t{} li elemente tikla : public void clickElement(String key)"}
{"logLevel":"debug","message":"\t{} li elementin uzunluğunun 10 olduğu doğrulanır. : public void deneme(String key) throws IOException"}
{"logLevel":"debug","message":"\t{} li elementlerden {} değerine eşit olanın textini {} olarak kaydet : public void findElementWithTextsAndSaveText(String key, String text, String key2)"}
{"logLevel":"debug","message":"\t{} li elementin {} attributesini {} yap : public void setAttribute(String key, String attr, String text)"}
{"logLevel":"debug","message":"\t{} Entere tıkla : public void clickEnterWithElement(String key)"}
{"logLevel":"debug","message":"\tYeni açılan sayfaya geç : public void navigateWindow()"}
{"logLevel":"debug","message":"\t{} li elementlerden {} değerine eşit olan ile aynı sıralamada yanındaki {} elementine {} değerini yaz : public void findElementWithTextsAndSendKeyAllignment(String key, String text, String key2, String text2)"}
{"logLevel":"debug","message":"\t{} li elementlerden {} değerine eşit olanın yanındaki {} li elementlerden {} değerine eşit olan var mı? : public void findElementWithTextsAndFindElementWithTextNextTo(String key, String text, String key2, String text2)"}
{"logLevel":"debug","message":"\t{} li elementi görünür olana kadar bekle : public void waitVisible(String key)"}
{"logLevel":"debug","message":"\t{} li elementlerden {} değerine eşit olanın {} attributesini {} olarak kaydet : public void findElementWithTextsAndSaveAttribute(String key, String text, String attr, String key2)"}
{"logLevel":"debug","message":"\t{} isimli frame e geç : public void navigateFrame(String frame)"}
{"logLevel":"debug","message":"\t{} li element görünür mü? : public void checkElementVisible(String key)"}
{"logLevel":"debug","message":"\t{} li elementi bekle : public void waitElement(String key)"}
{"logLevel":"debug","message":"\tSend keys to element with key {} and text {} : public void sendKey(String key, String text)"}
{"logLevel":"debug","message":"\t{} li elementlerin {} attributesi yok mu? : public void secondCheckNotExistAttribute(String key, String attr) throws IOException"}
{"logLevel":"debug","message":"\tExcel {} dosyasından veri okuma işlemi yapılır. : public void excelReadData(String excelFileName) throws IOException"}
{"logLevel":"debug","message":"\t{} li elementin yanındaki {} elementine tikla : public void clickElementNextTo(String key, String key2)"}
{"logLevel":"debug","message":"\t{} li elementin yanındaki {} elementinin texti var mı? : public void checkTextNextTo(String key, String key2)"}
{"logLevel":"debug","message":"\t{} textbox alanına captcha değeri yazılır. : public void handlingCAPTCHA(String key) throws IOException"}
{"logLevel":"debug","message":"\t{} li elementlerden {} değerine eşit olanın yanındaki {} elementi tıklanabilir mi? : public void findElementWithTextsAndCheckClickableNextTo(String key, String text, String key2)"}
{"logLevel":"debug","message":"\t{} li elementin yanındaki {} elementinin textini {} olarak kaydet : public void saveTextNextTo(String key, String key2, String key3)"}
{"logLevel":"debug","message":"\t{} li elementlerden texti olanın yanındaki {} elementi var mı? : public void findElementsCheckTextsAndCheckElementNextTo(String key, String key2)"}
{"logLevel":"debug","message":"\t{} li elementlerden {} değerine eşit olanın yanındaki {} li elementlerden {} değerine eşit olanın yanındaki {} elementine tıkla : public void findElementWithTextsAndFindElementWithTextAndClickNextTo(String key, String text, String key2, String text2, String key3)"}
{"logLevel":"debug","message":"\t{} li elementin yanındaki {} elementinin {} attributesini {} yap : public void setAttributeNextTo(String key, String key2, String attr, String text)"}
{"logLevel":"debug","message":"\t{} li elementlerden {} değerine eşit olanın yanındaki {} elementinin {} attributesi {} içeriyor mu? : public void findElementWithTextsAndCheckAttributeTextNextTo(String key, String text, String key2, String attr, String attrtext)"}
{"logLevel":"debug","message":"\t{} li elementlerden {} değerine eşit olanın yanındaki {} li elementlerden {} değerine eşit olanın yanındaki {} elementinin textini {} olarak kaydet : public void findElementWithTextsAndFindElementWithTextAndSaveTextNextTo(String key, String text, String key2, String text2, String key3, String text3)"}
{"logLevel":"debug","message":"\t{} li elementin içindekileri sil : public void deleteText(String key)"}
{"logLevel":"debug","message":"\t{} li elementlerden {} değerine eşit olanın yanındaki {} elementinin {} attributesi {} mı? : public void findElementWithTextAndCheckAttributeEqualsTextNextTo(String key, String text, String key2, String attr, String attrtext)"}
{"logLevel":"debug","message":"\t{} li elementlerden texti olanın yanındaki {} elementin texti var mı? : public void findElementsCheckTextsAndCheckElementsTextNextTo(String key, String key2)"}
{"logLevel":"debug","message":"\t{} li elementin texti {} içeriyor mu? : public void checkTextContains(String key, String text)"}
{"logLevel":"debug","message":"\tFrameden ana sayfaya geç : public void navigateFrame()"}
{"logLevel":"debug","message":"\t{} li elementler var mı? : public void checkElements(String key)"}
{"logLevel":"debug","message":"\t{} li elementlerden {} değerine eşit olanın yanındaki {} elementinin textini {} olarak kaydet : public void findElementWithTextsAndSaveTextNextTo(String key, String text, String key2, String key3)"}
{"logLevel":"debug","message":"\t{} li elementi temizle : public void deleteText2(String key)"}
{"logLevel":"debug","message":"\t{} li elementin texti var mı? : public void checkText(String key)"}
{"logLevel":"debug","message":"\t{} li elementin yanındaki {} elementinin {} attributesini {} olarak kaydet : public void saveAttributeNextTo(String key, String key2, String attr, String key3)"}
{"logLevel":"debug","message":"\t{} li elementlerden {} değerine eşit olanın yanındaki {} li elementlerin textindeki tarihler doğru aralıkta mı? : public void findElementWithTextsAndSaveAttributeTextNextTo(String key, String text, String key2) throws ParseException"}
{"logLevel":"debug","message":"\t{} li elementin yanındaki {} elementine {} degerini yaz : public void sendKeyNextTo(String key, String key2, String text)"}
{"logLevel":"debug","message":"\tBulunduğun sayfayı yenile : public void refreshPage()"}
{"logLevel":"debug","message":"\t{} li elementlerden {} değerine eşit olanın {} attributesi var mı? : public void findElementWithTextsAndCheckAttribute(String key, String text, String attr)"}
{"logLevel":"debug","message":"\tframe gir : public void framegir()"}
{"logLevel":"debug","message":"\t{} li elementlerden {} değerine eşit olanın yanındaki {} element var mı? : public void findElementWithTextsAndCheckElementNextTo(String key, String text, String key2)"}
{"logLevel":"debug","message":"\t{} li elementlerden {} değerine eşit olana {} değerini yaz : public void findElementWithTextsAndSendKey(String key, String text, String text2)"}
2021-11-01 15:36:43.718 [pool-2-thread-1] WARN  com.vrgsl.qa.setBaseUrl(41) - Env System Property Not Found Default Use Test Url
2021-11-01 15:36:43.728 [pool-2-thread-1] INFO  com.vrgsl.qa.<init>(48) - Report create and save disabled configuration!
Starting ChromeDriver 94.0.4606.41 (333e85df3c9b656b518b5f1add5ff246365b6c24-refs/branch-heads/4606@{#845}) on port 2092
Only local connections are allowed.
Please see https://chromedriver.chromium.org/security-considerations for suggestions on keeping ChromeDriver safe.
ChromeDriver was started successfully.
[1635770210.249][WARNING]: This version of ChromeDriver has not been tested with Chrome version 95.
Kas 01, 2021 3:36:50 PM org.openqa.selenium.remote.ProtocolHandshake createSession
INFO: Detected dialect: W3C
2021-11-01 15:36:50.733 [pool-2-thread-1] INFO  com.vrgsl.qa.initFeather(24) - Init Feather Injections
2021-11-01 15:36:50.810 [pool-2-thread-1] INFO  com.vrgsl.qa.logWaitSelected(196) - Wait Configuration
page load=true
ajax load=true
angular load=false
2021-11-01 15:36:50.811 [pool-2-thread-1] INFO  com.vrgsl.qa.inject(8) - Inject Starting...
2021-11-01 15:37:02.884 [pool-2-thread-1] INFO  com.vrgsl.qa.afterNavigateTo(67) - Navigate To Page Url=http://uatobbackoffice.odeontours.com
Starting ChromeDriver 94.0.4606.41 (333e85df3c9b656b518b5f1add5ff246365b6c24-refs/branch-heads/4606@{#845}) on port 24524
Only local connections are allowed.
Please see https://chromedriver.chromium.org/security-considerations for suggestions on keeping ChromeDriver safe.
ChromeDriver was started successfully.
[1635770225.115][WARNING]: This version of ChromeDriver has not been tested with Chrome version 95.
Kas 01, 2021 3:37:05 PM org.openqa.selenium.remote.ProtocolHandshake createSession
INFO: Detected dialect: W3C
2021-11-01 15:37:05.345 [pool-2-thread-1] INFO  com.vrgsl.qa.initFeather(24) - Init Feather Injections
2021-11-01 15:37:05.357 [pool-2-thread-1] INFO  com.vrgsl.qa.logWaitSelected(196) - Wait Configuration
page load=true
ajax load=true
angular load=false
2021-11-01 15:37:05.358 [pool-2-thread-1] INFO  com.vrgsl.qa.inject(8) - Inject Starting...
2021-11-01 15:37:17.255 [pool-2-thread-1] INFO  com.vrgsl.qa.afterNavigateTo(67) - Navigate To Page Url=http://uatobbackoffice.odeontours.com
2021-11-01 15:37:19.174 [pool-2-thread-1] INFO  com.vrgsl.qa.testStepBefore(59) - "http://uatb2b.odeontours.com/" urle git adimi basladi
{"logLevel":"debug","message":"Executing '{} urle git' using 'class com.virgosol.odeon.step.StepImpl.goToUrl"}
2021-11-01 15:37:22.957 [pool-2-thread-1] INFO  com.vrgsl.qa.afterNavigateTo(67) - Navigate To Page Url=http://uatb2b.odeontours.com/
2021-11-01 15:37:22.996 [pool-2-thread-1] INFO  com.vrgsl.qa.testStep(77) - "http://uatb2b.odeontours.com/" urle git adimi basariyla bitti
2021-11-01 15:37:25.430 [pool-2-thread-1] INFO  com.vrgsl.qa.testStepBefore(59) - Sayfanın url i "https://uatb2b.odeontours.com/HomeV2/Login?ReturnUrl=%2F" mı? adimi basladi
{"logLevel":"debug","message":"Executing 'Sayfanın url i {} mı?' using 'class com.virgosol.odeon.step.StepImpl.checkUrl"}
2021-11-01 15:37:25.460 [pool-2-thread-1] INFO  com.vrgsl.qa.testStep(77) - Sayfanın url i "https://uatb2b.odeontours.com/HomeV2/Login?ReturnUrl=%2F" mı? adimi basariyla bitti
2021-11-01 15:37:27.181 [pool-2-thread-1] INFO  com.vrgsl.qa.testStepBefore(59) - "txt_loginTitle" li elementlerden "Username" değerine eşit olanın yanındaki "txtbx_loginInputArea" elementine "halil.arasan@odeontechnology.com" değerini yaz adimi basladi
{"logLevel":"debug","message":"Executing '{} li elementlerden {} değerine eşit olanın yanındaki {} elementine {} değerini yaz' using 'class com.virgosol.odeon.step.StepImpl.findElementWithTextsAndSendKeyNextTo"}
2021-11-01 15:37:27.239 [pool-2-thread-1] INFO  com.vrgsl.qa.beforeFindBy(104) - Finding Element  By.cssSelector: .form-item>label
2021-11-01 15:37:27.316 [pool-2-thread-1] INFO  com.vrgsl.qa.beforeFindBy(104) - Finding Element  By.cssSelector: .form-item>label
2021-11-01 15:37:27.374 [pool-2-thread-1] INFO  com.vrgsl.qa.beforeFindBy(104) - Finding Element  By.xpath: ../div/input
2021-11-01 15:37:27.415 [pool-2-thread-1] INFO  com.vrgsl.qa.afterFindBy(112) - Find Element Success ByName=By.xpath: ../div/input TagName=label
2021-11-01 15:37:27.811 [pool-2-thread-1] INFO  com.vrgsl.qa.beforeChangeValueOf(136) - Set Value [Ljava.lang.CharSequence;@21668f34
2021-11-01 15:37:28.142 [pool-2-thread-1] INFO  com.vrgsl.qa.testStep(77) - "txt_loginTitle" li elementlerden "Username" değerine eşit olanın yanındaki "txtbx_loginInputArea" elementine "halil.arasan@odeontechnology.com" değerini yaz adimi basariyla bitti
2021-11-01 15:37:29.752 [pool-2-thread-1] INFO  com.vrgsl.qa.testStepBefore(59) - "txt_loginTitle" li elementlerden "Password" değerine eşit olanın yanındaki "txtbx_loginInputArea" elementine "?5Q7fw+B" değerini yaz adimi basladi
{"logLevel":"debug","message":"Executing '{} li elementlerden {} değerine eşit olanın yanındaki {} elementine {} değerini yaz' using 'class com.virgosol.odeon.step.StepImpl.findElementWithTextsAndSendKeyNextTo"}
2021-11-01 15:37:29.758 [pool-2-thread-1] INFO  com.vrgsl.qa.beforeFindBy(104) - Finding Element  By.cssSelector: .form-item>label
2021-11-01 15:37:29.805 [pool-2-thread-1] INFO  com.vrgsl.qa.beforeFindBy(104) - Finding Element  By.cssSelector: .form-item>label
2021-11-01 15:37:29.892 [pool-2-thread-1] INFO  com.vrgsl.qa.beforeFindBy(104) - Finding Element  By.xpath: ../div/input
2021-11-01 15:37:29.923 [pool-2-thread-1] INFO  com.vrgsl.qa.afterFindBy(112) - Find Element Success ByName=By.xpath: ../div/input TagName=label
2021-11-01 15:37:30.323 [pool-2-thread-1] INFO  com.vrgsl.qa.beforeChangeValueOf(136) - Set Value [Ljava.lang.CharSequence;@54940518
2021-11-01 15:37:30.443 [pool-2-thread-1] INFO  com.vrgsl.qa.testStep(77) - "txt_loginTitle" li elementlerden "Password" değerine eşit olanın yanındaki "txtbx_loginInputArea" elementine "?5Q7fw+B" değerini yaz adimi basariyla bitti
2021-11-01 15:37:32.040 [pool-2-thread-1] INFO  com.vrgsl.qa.testStepBefore(59) - "txtbx_loginCaptchaInputText" textbox alanına captcha değeri yazılır. adimi basladi
{"logLevel":"debug","message":"Executing '{} textbox alanına captcha değeri yazılır.' using 'class com.virgosol.odeon.step.StepImpl.handlingCAPTCHA"}
2021-11-01 15:37:32.051 [pool-2-thread-1] INFO  com.vrgsl.qa.beforeFindBy(104) - Finding Element  By.cssSelector: .form-control
2021-11-01 15:37:32.101 [pool-2-thread-1] INFO  com.vrgsl.qa.afterFindBy(112) - Find Element Success ByName=By.cssSelector: .form-control TagName=input
2021-11-01 15:37:32.107 [pool-2-thread-1] INFO  com.vrgsl.qa.beforeFindBy(104) - Finding Element  By.cssSelector: .form-control
2021-11-01 15:37:32.133 [pool-2-thread-1] INFO  com.vrgsl.qa.afterFindBy(112) - Find Element Success ByName=By.cssSelector: .form-control TagName=input
2021-11-01 15:37:40.794 [pool-2-thread-1] INFO  com.vrgsl.qa.beforeChangeValueOf(136) - Set Value [Ljava.lang.CharSequence;@55d78470
2021-11-01 15:37:40.986 [pool-2-thread-1] INFO  com.vrgsl.qa.testStep(77) - "txtbx_loginCaptchaInputText" textbox alanına captcha değeri yazılır. adimi basariyla bitti
2021-11-01 15:37:42.373 [pool-2-thread-1] INFO  com.vrgsl.qa.testStepBefore(59) - "btn_allButton" li elementlerden "Sign In" değerine eşit olan var mı? adimi basladi
{"logLevel":"debug","message":"Executing '{} li elementlerden {} değerine eşit olan var mı?' using 'class com.virgosol.odeon.step.StepImpl.findElementWithTextsAndCheckText"}
2021-11-01 15:37:42.381 [pool-2-thread-1] INFO  com.vrgsl.qa.beforeFindBy(104) - Finding Element  By.cssSelector: .btn
2021-11-01 15:37:42.417 [pool-2-thread-1] INFO  com.vrgsl.qa.beforeFindBy(104) - Finding Element  By.cssSelector: .btn
2021-11-01 15:37:42.789 [pool-2-thread-1] INFO  com.vrgsl.qa.testStep(77) - "btn_allButton" li elementlerden "Sign In" değerine eşit olan var mı? adimi basariyla bitti
2021-11-01 15:37:44.191 [pool-2-thread-1] INFO  com.vrgsl.qa.testStepBefore(59) - "btn_allButton" li elementlerden "Sign In" değerine eşit olana tıkla adimi basladi
{"logLevel":"debug","message":"Executing '{} li elementlerden {} değerine eşit olana tıkla' using 'class com.virgosol.odeon.step.StepImpl.findElementWithTextsAndClick"}
2021-11-01 15:37:44.199 [pool-2-thread-1] INFO  com.vrgsl.qa.beforeFindBy(104) - Finding Element  By.cssSelector: .btn
2021-11-01 15:37:44.223 [pool-2-thread-1] INFO  com.vrgsl.qa.afterFindBy(112) - Find Element Success ByName=By.cssSelector: .btn TagName=a
2021-11-01 15:37:44.228 [pool-2-thread-1] INFO  com.vrgsl.qa.beforeFindBy(104) - Finding Element  By.cssSelector: .btn
2021-11-01 15:37:48.163 [pool-2-thread-1] INFO  com.vrgsl.qa.testStep(77) - "btn_allButton" li elementlerden "Sign In" değerine eşit olana tıkla adimi basariyla bitti
2021-11-01 15:37:49.099 [pool-2-thread-1] INFO  com.vrgsl.qa.testStepBefore(59) - "btn_pageMenuTitle" li elementlerden "Logout" değerine eşit olan var mı? adimi basladi
{"logLevel":"debug","message":"Executing '{} li elementlerden {} değerine eşit olan var mı?' using 'class com.virgosol.odeon.step.StepImpl.findElementWithTextsAndCheckText"}
2021-11-01 15:37:49.102 [pool-2-thread-1] INFO  com.vrgsl.qa.beforeFindBy(104) - Finding Element  By.cssSelector: [id=HeaderNav] >ul>li>a
2021-11-01 15:37:49.130 [pool-2-thread-1] INFO  com.vrgsl.qa.beforeFindBy(104) - Finding Element  By.cssSelector: [id=HeaderNav] >ul>li>a
2021-11-01 15:37:49.406 [pool-2-thread-1] INFO  com.vrgsl.qa.testStep(77) - "btn_pageMenuTitle" li elementlerden "Logout" değerine eşit olan var mı? adimi basariyla bitti
2021-11-01 15:37:50.289 [pool-2-thread-1] INFO  com.vrgsl.qa.testStepBefore(59) - "btn_pageMenuTitle" li elementlerden "Company Profile" değerine eşit olana tıkla adimi basladi
{"logLevel":"debug","message":"Executing '{} li elementlerden {} değerine eşit olana tıkla' using 'class com.virgosol.odeon.step.StepImpl.findElementWithTextsAndClick"}
2021-11-01 15:37:50.293 [pool-2-thread-1] INFO  com.vrgsl.qa.beforeFindBy(104) - Finding Element  By.cssSelector: [id=HeaderNav] >ul>li>a
2021-11-01 15:37:50.363 [pool-2-thread-1] INFO  com.vrgsl.qa.afterFindBy(112) - Find Element Success ByName=By.cssSelector: [id=HeaderNav] >ul>li>a TagName=a
2021-11-01 15:37:50.378 [pool-2-thread-1] INFO  com.vrgsl.qa.beforeFindBy(104) - Finding Element  By.cssSelector: [id=HeaderNav] >ul>li>a
2021-11-01 15:37:51.974 [pool-2-thread-1] INFO  com.vrgsl.qa.testStep(77) - "btn_pageMenuTitle" li elementlerden "Company Profile" değerine eşit olana tıkla adimi basariyla bitti
2021-11-01 15:37:52.418 [pool-2-thread-1] INFO  com.vrgsl.qa.testStepBefore(59) - Sayfanın url i "https://uatb2b.odeontours.com/HomeV2/CompanyProfile" mı? adimi basladi
{"logLevel":"debug","message":"Executing 'Sayfanın url i {} mı?' using 'class com.virgosol.odeon.step.StepImpl.checkUrl"}
2021-11-01 15:37:52.432 [pool-2-thread-1] INFO  com.vrgsl.qa.testStep(77) - Sayfanın url i "https://uatb2b.odeontours.com/HomeV2/CompanyProfile" mı? adimi basariyla bitti
2021-11-01 15:37:52.942 [pool-2-thread-1] INFO  com.vrgsl.qa.testStepBefore(59) - "txt_companyProfileMenuText" li elementlerden "My Inbox" değerine eşit olana tıkla adimi basladi
{"logLevel":"debug","message":"Executing '{} li elementlerden {} değerine eşit olana tıkla' using 'class com.virgosol.odeon.step.StepImpl.findElementWithTextsAndClick"}
2021-11-01 15:37:52.948 [pool-2-thread-1] INFO  com.vrgsl.qa.beforeFindBy(104) - Finding Element  By.cssSelector: .navbar-nav>li> a
2021-11-01 15:37:52.992 [pool-2-thread-1] INFO  com.vrgsl.qa.afterFindBy(112) - Find Element Success ByName=By.cssSelector: .navbar-nav>li> a TagName=a
2021-11-01 15:37:52.999 [pool-2-thread-1] INFO  com.vrgsl.qa.beforeFindBy(104) - Finding Element  By.cssSelector: .navbar-nav>li> a
2021-11-01 15:37:58.034 [pool-2-thread-1] INFO  com.vrgsl.qa.testStep(77) - "txt_companyProfileMenuText" li elementlerden "My Inbox" değerine eşit olana tıkla adimi basariyla bitti
2021-11-01 15:37:58.715 [pool-2-thread-1] INFO  com.vrgsl.qa.testStepBefore(59) - Sayfanın url i "https://uatb2b.odeontours.com/HomeV2/MyInbox" mı? adimi basladi
{"logLevel":"debug","message":"Executing 'Sayfanın url i {} mı?' using 'class com.virgosol.odeon.step.StepImpl.checkUrl"}
2021-11-01 15:37:58.732 [pool-2-thread-1] INFO  com.vrgsl.qa.testStep(77) - Sayfanın url i "https://uatb2b.odeontours.com/HomeV2/MyInbox" mı? adimi basariyla bitti
2021-11-01 15:37:59.413 [pool-2-thread-1] INFO  com.vrgsl.qa.testStepBefore(59) - "txt_companyProfilePanelTitle" li elementlerden "My Inbox" değerine eşit olan var mı? adimi basladi
{"logLevel":"debug","message":"Executing '{} li elementlerden {} değerine eşit olan var mı?' using 'class com.virgosol.odeon.step.StepImpl.findElementWithTextsAndCheckText"}
2021-11-01 15:37:59.415 [pool-2-thread-1] INFO  com.vrgsl.qa.beforeFindBy(104) - Finding Element  By.cssSelector: .col-md-12>fieldset>legend
2021-11-01 15:37:59.437 [pool-2-thread-1] INFO  com.vrgsl.qa.beforeFindBy(104) - Finding Element  By.cssSelector: .col-md-12>fieldset>legend
2021-11-01 15:37:59.481 [pool-2-thread-1] INFO  com.vrgsl.qa.testStep(77) - "txt_companyProfilePanelTitle" li elementlerden "My Inbox" değerine eşit olan var mı? adimi basariyla bitti
2021-11-01 15:38:00.166 [pool-2-thread-1] INFO  com.vrgsl.qa.testStepBefore(59) - "txt_reservationNumberInput" li elemente tikla adimi basladi
{"logLevel":"debug","message":"Executing '{} li elemente tikla' using 'class com.virgosol.odeon.step.StepImpl.clickElement"}
2021-11-01 15:38:00.171 [pool-2-thread-1] INFO  com.vrgsl.qa.beforeFindBy(104) - Finding Element  By.cssSelector: #divSearchReservastionNumberArea input[placeholder="Reservation Number"]
2021-11-01 15:38:00.208 [pool-2-thread-1] INFO  com.vrgsl.qa.afterFindBy(112) - Find Element Success ByName=By.cssSelector: #divSearchReservastionNumberArea input[placeholder="Reservation Number"] TagName=input
2021-11-01 15:38:00.212 [pool-2-thread-1] INFO  com.vrgsl.qa.beforeFindBy(104) - Finding Element  By.cssSelector: #divSearchReservastionNumberArea input[placeholder="Reservation Number"]
2021-11-01 15:38:00.229 [pool-2-thread-1] INFO  com.vrgsl.qa.afterFindBy(112) - Find Element Success ByName=By.cssSelector: #divSearchReservastionNumberArea input[placeholder="Reservation Number"] TagName=input
2021-11-01 15:38:00.351 [pool-2-thread-1] INFO  com.vrgsl.qa.testStep(77) - "txt_reservationNumberInput" li elemente tikla adimi basariyla bitti
2021-11-01 15:38:01.065 [pool-2-thread-1] INFO  com.vrgsl.qa.testStepBefore(59) - "txt_reservationNumberInput" li elemente "02775L8SO" degerini yaz adimi basladi
{"logLevel":"debug","message":"Executing '{} li elemente {} degerini yaz' using 'class com.virgosol.odeon.step.StepImpl.sendKey"}
2021-11-01 15:38:01.073 [pool-2-thread-1] INFO  com.vrgsl.qa.beforeFindBy(104) - Finding Element  By.cssSelector: #divSearchReservastionNumberArea input[placeholder="Reservation Number"]
2021-11-01 15:38:01.108 [pool-2-thread-1] INFO  com.vrgsl.qa.afterFindBy(112) - Find Element Success ByName=By.cssSelector: #divSearchReservastionNumberArea input[placeholder="Reservation Number"] TagName=input
2021-11-01 15:38:01.120 [pool-2-thread-1] INFO  com.vrgsl.qa.beforeFindBy(104) - Finding Element  By.cssSelector: #divSearchReservastionNumberArea input[placeholder="Reservation Number"]
2021-11-01 15:38:01.149 [pool-2-thread-1] INFO  com.vrgsl.qa.afterFindBy(112) - Find Element Success ByName=By.cssSelector: #divSearchReservastionNumberArea input[placeholder="Reservation Number"] TagName=input
2021-11-01 15:38:01.509 [pool-2-thread-1] INFO  com.vrgsl.qa.beforeChangeValueOf(136) - Set Value [Ljava.lang.CharSequence;@2adaf263
2021-11-01 15:38:01.614 [pool-2-thread-1] INFO  com.vrgsl.qa.testStep(77) - "txt_reservationNumberInput" li elemente "02775L8SO" degerini yaz adimi basariyla bitti
2021-11-01 15:38:02.311 [pool-2-thread-1] INFO  com.vrgsl.qa.testStepBefore(59) - "btn_reservationNumberSearchButton" li elemente tikla adimi basladi
{"logLevel":"debug","message":"Executing '{} li elemente tikla' using 'class com.virgosol.odeon.step.StepImpl.clickElement"}
2021-11-01 15:38:02.318 [pool-2-thread-1] INFO  com.vrgsl.qa.beforeFindBy(104) - Finding Element  By.cssSelector: #divSearchReservastionNumberArea .btn .fa.fa-search
2021-11-01 15:38:02.363 [pool-2-thread-1] INFO  com.vrgsl.qa.afterFindBy(112) - Find Element Success ByName=By.cssSelector: #divSearchReservastionNumberArea .btn .fa.fa-search TagName=span
2021-11-01 15:38:02.369 [pool-2-thread-1] INFO  com.vrgsl.qa.beforeFindBy(104) - Finding Element  By.cssSelector: #divSearchReservastionNumberArea .btn .fa.fa-search
2021-11-01 15:38:02.390 [pool-2-thread-1] INFO  com.vrgsl.qa.afterFindBy(112) - Find Element Success ByName=By.cssSelector: #divSearchReservastionNumberArea .btn .fa.fa-search TagName=span
2021-11-01 15:38:02.735 [pool-2-thread-1] INFO  com.vrgsl.qa.testStep(77) - "btn_reservationNumberSearchButton" li elemente tikla adimi basariyla bitti
2021-11-01 15:38:03.338 [pool-2-thread-1] INFO  com.vrgsl.qa.testStepBefore(59) - "txt_ticketType" li elemente tikla adimi basladi
{"logLevel":"debug","message":"Executing '{} li elemente tikla' using 'class com.virgosol.odeon.step.StepImpl.clickElement"}
2021-11-01 15:38:03.343 [pool-2-thread-1] INFO  com.vrgsl.qa.beforeFindBy(104) - Finding Element  By.cssSelector: #divCrateArea >div:nth-child(2)>select
2021-11-01 15:38:03.367 [pool-2-thread-1] INFO  com.vrgsl.qa.afterFindBy(112) - Find Element Success ByName=By.cssSelector: #divCrateArea >div:nth-child(2)>select TagName=select
2021-11-01 15:38:03.371 [pool-2-thread-1] INFO  com.vrgsl.qa.beforeFindBy(104) - Finding Element  By.cssSelector: #divCrateArea >div:nth-child(2)>select
2021-11-01 15:38:03.389 [pool-2-thread-1] INFO  com.vrgsl.qa.afterFindBy(112) - Find Element Success ByName=By.cssSelector: #divCrateArea >div:nth-child(2)>select TagName=select
2021-11-01 15:38:03.536 [pool-2-thread-1] INFO  com.vrgsl.qa.testStep(77) - "txt_ticketType" li elemente tikla adimi basariyla bitti
2021-11-01 15:38:04.181 [pool-2-thread-1] INFO  com.vrgsl.qa.testStepBefore(59) - "txt_allOptionsTicketArea" li elementlerden "Booking Confirmation" değerine eşit olana tıkla adimi basladi
{"logLevel":"debug","message":"Executing '{} li elementlerden {} değerine eşit olana tıkla' using 'class com.virgosol.odeon.step.StepImpl.findElementWithTextsAndClick"}
2021-11-01 15:38:04.186 [pool-2-thread-1] INFO  com.vrgsl.qa.beforeFindBy(104) - Finding Element  By.cssSelector: #divCrateArea .form-control.input-sm>option
2021-11-01 15:38:04.223 [pool-2-thread-1] INFO  com.vrgsl.qa.afterFindBy(112) - Find Element Success ByName=By.cssSelector: #divCrateArea .form-control.input-sm>option TagName=option
2021-11-01 15:38:04.229 [pool-2-thread-1] INFO  com.vrgsl.qa.beforeFindBy(104) - Finding Element  By.cssSelector: #divCrateArea .form-control.input-sm>option
2021-11-01 15:38:04.992 [pool-2-thread-1] INFO  com.vrgsl.qa.testStep(77) - "txt_allOptionsTicketArea" li elementlerden "Booking Confirmation" değerine eşit olana tıkla adimi basariyla bitti
2021-11-01 15:38:05.601 [pool-2-thread-1] INFO  com.vrgsl.qa.testStepBefore(59) - "txt_ticketPriority" li elemente tikla adimi basladi
{"logLevel":"debug","message":"Executing '{} li elemente tikla' using 'class com.virgosol.odeon.step.StepImpl.clickElement"}
2021-11-01 15:38:05.606 [pool-2-thread-1] INFO  com.vrgsl.qa.beforeFindBy(104) - Finding Element  By.cssSelector: #divCrateArea >div:nth-child(3)>select
2021-11-01 15:38:05.630 [pool-2-thread-1] INFO  com.vrgsl.qa.afterFindBy(112) - Find Element Success ByName=By.cssSelector: #divCrateArea >div:nth-child(3)>select TagName=select
2021-11-01 15:38:05.636 [pool-2-thread-1] INFO  com.vrgsl.qa.beforeFindBy(104) - Finding Element  By.cssSelector: #divCrateArea >div:nth-child(3)>select
2021-11-01 15:38:05.653 [pool-2-thread-1] INFO  com.vrgsl.qa.afterFindBy(112) - Find Element Success ByName=By.cssSelector: #divCrateArea >div:nth-child(3)>select TagName=select
2021-11-01 15:38:05.968 [pool-2-thread-1] INFO  com.vrgsl.qa.testStep(77) - "txt_ticketPriority" li elemente tikla adimi basariyla bitti
2021-11-01 15:38:06.564 [pool-2-thread-1] INFO  com.vrgsl.qa.testStepBefore(59) - "txt_allOptionsTicketArea" li elementlerden "Low" değerine eşit olana tıkla adimi basladi
{"logLevel":"debug","message":"Executing '{} li elementlerden {} değerine eşit olana tıkla' using 'class com.virgosol.odeon.step.StepImpl.findElementWithTextsAndClick"}
2021-11-01 15:38:06.568 [pool-2-thread-1] INFO  com.vrgsl.qa.beforeFindBy(104) - Finding Element  By.cssSelector: #divCrateArea .form-control.input-sm>option
2021-11-01 15:38:06.586 [pool-2-thread-1] INFO  com.vrgsl.qa.afterFindBy(112) - Find Element Success ByName=By.cssSelector: #divCrateArea .form-control.input-sm>option TagName=option
2021-11-01 15:38:06.590 [pool-2-thread-1] INFO  com.vrgsl.qa.beforeFindBy(104) - Finding Element  By.cssSelector: #divCrateArea .form-control.input-sm>option
2021-11-01 15:38:08.377 [pool-2-thread-1] INFO  com.vrgsl.qa.testStep(77) - "txt_allOptionsTicketArea" li elementlerden "Low" değerine eşit olana tıkla adimi basariyla bitti
2021-11-01 15:38:08.985 [pool-2-thread-1] INFO  com.vrgsl.qa.testStepBefore(59) - "txt_allOptionsTicketArea" li elementlerden "The price in the search is incorrectly displayed" değerine eşit olana tıkla adimi basladi
{"logLevel":"debug","message":"Executing '{} li elementlerden {} değerine eşit olana tıkla' using 'class com.virgosol.odeon.step.StepImpl.findElementWithTextsAndClick"}
2021-11-01 15:38:08.995 [pool-2-thread-1] INFO  com.vrgsl.qa.beforeFindBy(104) - Finding Element  By.cssSelector: #divCrateArea .form-control.input-sm>option
2021-11-01 15:38:09.056 [pool-2-thread-1] INFO  com.vrgsl.qa.afterFindBy(112) - Find Element Success ByName=By.cssSelector: #divCrateArea .form-control.input-sm>option TagName=option
2021-11-01 15:38:09.061 [pool-2-thread-1] INFO  com.vrgsl.qa.beforeFindBy(104) - Finding Element  By.cssSelector: #divCrateArea .form-control.input-sm>option
2021-11-01 15:38:14.014 [pool-2-thread-1] INFO  com.vrgsl.qa.testStep(77) - "txt_allOptionsTicketArea" li elementlerden "The price in the search is incorrectly displayed" değerine eşit olana tıkla adimi basariyla bitti
2021-11-01 15:38:14.620 [pool-2-thread-1] INFO  com.vrgsl.qa.testStepBefore(59) - "txt_companyProfilePopupText" li elementlerden "Description" değerine eşit olanın yanındaki "txt_descriptioneTextArea" elementine tıkla adimi basladi
{"logLevel":"debug","message":"Executing '{} li elementlerden {} değerine eşit olanın yanındaki {} elementine tıkla' using 'class com.virgosol.odeon.step.StepImpl.findElementWithTextsAndClickNextTo"}
2021-11-01 15:38:14.623 [pool-2-thread-1] INFO  com.vrgsl.qa.beforeFindBy(104) - Finding Element  By.cssSelector: div>label
2021-11-01 15:38:14.649 [pool-2-thread-1] INFO  com.vrgsl.qa.beforeFindBy(104) - Finding Element  By.cssSelector: div>label
2021-11-01 15:38:14.805 [pool-2-thread-1] INFO  com.vrgsl.qa.beforeFindBy(104) - Finding Element  By.xpath: ../textarea
2021-11-01 15:38:14.828 [pool-2-thread-1] INFO  com.vrgsl.qa.afterFindBy(112) - Find Element Success ByName=By.xpath: ../textarea TagName=label
2021-11-01 15:38:15.151 [pool-2-thread-1] INFO  com.vrgsl.qa.testStep(77) - "txt_companyProfilePopupText" li elementlerden "Description" değerine eşit olanın yanındaki "txt_descriptioneTextArea" elementine tıkla adimi basariyla bitti
2021-11-01 15:38:15.761 [pool-2-thread-1] INFO  com.vrgsl.qa.testStepBefore(59) - "txt_companyProfilePopupText" li elementlerden "Description" değerine eşit olanın yanındaki "txt_descriptioneTextArea" elementine "test" değerini yaz adimi basladi
{"logLevel":"debug","message":"Executing '{} li elementlerden {} değerine eşit olanın yanındaki {} elementine {} değerini yaz' using 'class com.virgosol.odeon.step.StepImpl.findElementWithTextsAndSendKeyNextTo"}
2021-11-01 15:38:15.763 [pool-2-thread-1] INFO  com.vrgsl.qa.beforeFindBy(104) - Finding Element  By.cssSelector: div>label
2021-11-01 15:38:15.780 [pool-2-thread-1] INFO  com.vrgsl.qa.beforeFindBy(104) - Finding Element  By.cssSelector: div>label
2021-11-01 15:38:15.904 [pool-2-thread-1] INFO  com.vrgsl.qa.beforeFindBy(104) - Finding Element  By.xpath: ../textarea
2021-11-01 15:38:15.931 [pool-2-thread-1] INFO  com.vrgsl.qa.afterFindBy(112) - Find Element Success ByName=By.xpath: ../textarea TagName=label
2021-11-01 15:38:16.294 [pool-2-thread-1] INFO  com.vrgsl.qa.beforeChangeValueOf(136) - Set Value [Ljava.lang.CharSequence;@673dca79
2021-11-01 15:38:16.394 [pool-2-thread-1] INFO  com.vrgsl.qa.testStep(77) - "txt_companyProfilePopupText" li elementlerden "Description" değerine eşit olanın yanındaki "txt_descriptioneTextArea" elementine "test" değerini yaz adimi basariyla bitti
2021-11-01 15:38:17.105 [pool-2-thread-1] INFO  com.vrgsl.qa.testStepBefore(59) - "btn_browseButton" li elemente tikla ve "img" dosya secimini yap adimi basladi
{"logLevel":"debug","message":"Executing '{} li elemente tikla ve {} dosya secimini yap' using 'class com.virgosol.odeon.step.StepImpl.findFile"}
2021-11-01 15:38:17.111 [pool-2-thread-1] INFO  com.vrgsl.qa.beforeFindBy(104) - Finding Element  By.cssSelector: #myOcpDropedFiles .btn.btn-link
2021-11-01 15:38:17.133 [pool-2-thread-1] INFO  com.vrgsl.qa.afterFindBy(112) - Find Element Success ByName=By.cssSelector: #myOcpDropedFiles .btn.btn-link TagName=span
2021-11-01 15:38:17.141 [pool-2-thread-1] INFO  com.vrgsl.qa.beforeFindBy(104) - Finding Element  By.cssSelector: #myOcpDropedFiles .btn.btn-link
2021-11-01 15:38:17.158 [pool-2-thread-1] INFO  com.vrgsl.qa.afterFindBy(112) - Find Element Success ByName=By.cssSelector: #myOcpDropedFiles .btn.btn-link TagName=span
2021-11-01 15:38:17.324 [pool-2-thread-1] INFO  com.vrgsl.qa.beforeChangeValueOf(136) - Set Value [Ljava.lang.CharSequence;@3f9b7d75
2021-11-01 15:38:17.421 [pool-2-thread-1] INFO  com.vrgsl.qa.testStep(65) - "btn_browseButton" li elemente tikla ve "img" dosya secimini yap adimi basarisiz olarak bitti
2021-11-01 15:38:17.422 [pool-2-thread-1] ERROR com.vrgsl.qa.testStep(66) - sun.reflect.NativeConstructorAccessorImpl.newInstance0(Native Method)
sun.reflect.NativeConstructorAccessorImpl.newInstance(NativeConstructorAccessorImpl.java:62)
sun.reflect.DelegatingConstructorAccessorImpl.newInstance(DelegatingConstructorAccessorImpl.java:45)
java.lang.reflect.Constructor.newInstance(Constructor.java:423)
org.openqa.selenium.remote.http.W3CHttpResponseCodec.createException(W3CHttpResponseCodec.java:187)
org.openqa.selenium.remote.http.W3CHttpResponseCodec.decode(W3CHttpResponseCodec.java:122)
org.openqa.selenium.remote.http.W3CHttpResponseCodec.decode(W3CHttpResponseCodec.java:49)
org.openqa.selenium.remote.HttpCommandExecutor.execute(HttpCommandExecutor.java:158)
org.openqa.selenium.remote.service.DriverCommandExecutor.execute(DriverCommandExecutor.java:83)
org.openqa.selenium.remote.RemoteWebDriver.execute(RemoteWebDriver.java:552)
org.openqa.selenium.remote.RemoteWebElement.execute(RemoteWebElement.java:285)
org.openqa.selenium.remote.RemoteWebElement.sendKeys(RemoteWebElement.java:106)

2021-11-01 15:38:18.247 [pool-2-thread-1] ERROR com.vrgsl.qa.afterScenario(50) - 
log4j:WARN No appenders could be found for logger (freemarker.cache).
log4j:WARN Please initialize the log4j system properly.
Kas 01, 2021 3:38:18 PM com.aventstack.extentreports.reporter.ExtentSparkReporter flush
SEVERE: An exception occurred
FreeMarker template error:
Template inclusion failed (for parameter value "partials/exceptıon.ftl"):
Template not found for name "spark/partials/exceptıon.ftl".
The name was interpreted by this TemplateLoader: ClassTemplateLoader(resourceLoaderClass=com.aventstack.extentreports.ExtentReports, basePackagePath="templates/" /* relatively to resourceLoaderClass pkg */).

----
FTL stack trace ("~" means nesting-related):
	- Failed at: #include "partials/${view.toString()}...  [in template "spark/spark.spa.ftl" at line 27, column 36]
----

Java stack trace (for programmers):
----
freemarker.core._MiscTemplateException: [... Exception message was already printed; see it above ...]
	at freemarker.core.Include.accept(Include.java:164)
	at freemarker.core.Environment.visit(Environment.java:370)
	at freemarker.core.IteratorBlock$IterationContext.executedNestedContentForCollOrSeqListing(IteratorBlock.java:321)
	at freemarker.core.IteratorBlock$IterationContext.executeNestedContent(IteratorBlock.java:271)
	at freemarker.core.IteratorBlock$IterationContext.accept(IteratorBlock.java:244)
	at freemarker.core.Environment.visitIteratorBlock(Environment.java:644)
	at freemarker.core.IteratorBlock.acceptWithResult(IteratorBlock.java:108)
	at freemarker.core.IteratorBlock.accept(IteratorBlock.java:94)
	at freemarker.core.Environment.visit(Environment.java:334)
	at freemarker.core.Environment.visit(Environment.java:340)
	at freemarker.core.Environment.process(Environment.java:313)
	at freemarker.template.Template.process(Template.java:383)
	at com.aventstack.extentreports.templating.FreemarkerTemplate.processTemplate(FreemarkerTemplate.java:52)
	at com.aventstack.extentreports.templating.FreemarkerTemplate.getSource(FreemarkerTemplate.java:39)
	at com.aventstack.extentreports.templating.FreemarkerTemplate.writeTemplate(FreemarkerTemplate.java:45)
	at com.aventstack.extentreports.reporter.AbstractFileReporter.processTemplate(AbstractFileReporter.java:74)
	at com.aventstack.extentreports.reporter.ExtentSparkReporter.flush(ExtentSparkReporter.java:149)
	at com.aventstack.extentreports.reporter.ExtentSparkReporter.access$100(ExtentSparkReporter.java:27)
	at com.aventstack.extentreports.reporter.ExtentSparkReporter$1.onNext(ExtentSparkReporter.java:121)
	at com.aventstack.extentreports.reporter.ExtentSparkReporter$1.onNext(ExtentSparkReporter.java:113)
	at io.reactivex.rxjava3.subjects.PublishSubject$PublishDisposable.onNext(PublishSubject.java:310)
	at io.reactivex.rxjava3.subjects.PublishSubject.onNext(PublishSubject.java:226)
	at com.aventstack.extentreports.ReactiveSubject.onFlush(ReactiveSubject.java:83)
	at com.aventstack.extentreports.AbstractProcessor.onFlush(AbstractProcessor.java:85)
	at com.aventstack.extentreports.ExtentReports.flush(ExtentReports.java:279)
	at com.virgosol.qa.report.ReportManager.saveReport(ReportManager.java:126)
	at com.virgosol.odeon.hook.HookSpec.afterSpec(HookSpec.java:60)
	at sun.reflect.NativeMethodAccessorImpl.invoke0(Native Method)
	at sun.reflect.NativeMethodAccessorImpl.invoke(NativeMethodAccessorImpl.java:62)
	at sun.reflect.DelegatingMethodAccessorImpl.invoke(DelegatingMethodAccessorImpl.java:43)
	at java.lang.reflect.Method.invoke(Method.java:498)
	at com.thoughtworks.gauge.execution.MethodExecutor.execute(MethodExecutor.java:28)
	at com.thoughtworks.gauge.execution.HooksExecutor$TaggedHookExecutor.executeHook(HooksExecutor.java:92)
	at com.thoughtworks.gauge.execution.HooksExecutor$TaggedHookExecutor.execute(HooksExecutor.java:78)
	at com.thoughtworks.gauge.execution.HooksExecutor.execute(HooksExecutor.java:35)
	at com.thoughtworks.gauge.processor.MethodExecutionMessageProcessor.executeHooks(MethodExecutionMessageProcessor.java:55)
	at com.thoughtworks.gauge.processor.SuiteExecutionEndingProcessor.process(SuiteExecutionEndingProcessor.java:25)
	at com.thoughtworks.gauge.RunnerServiceHandler.lambda$finishExecution$11(RunnerServiceHandler.java:234)
	at java.util.concurrent.ThreadPoolExecutor.runWorker(ThreadPoolExecutor.java:1149)
	at java.util.concurrent.ThreadPoolExecutor$Worker.run(ThreadPoolExecutor.java:624)
	at java.lang.Thread.run(Thread.java:748)
Caused by: freemarker.template.TemplateNotFoundException: Template not found for name "spark/partials/exceptıon.ftl".
The name was interpreted by this TemplateLoader: ClassTemplateLoader(resourceLoaderClass=com.aventstack.extentreports.ExtentReports, basePackagePath="templates/" /* relatively to resourceLoaderClass pkg */).
	at freemarker.template.Configuration.getTemplate(Configuration.java:2869)
	at freemarker.core.Environment.getTemplateForInclusion(Environment.java:2883)
	at freemarker.core.Include.accept(Include.java:162)
	... 40 more

2021-11-01 15:38:18.967 [pool-2-thread-1] INFO  com.vrgsl.qa.saveReport(128) - Report create and save disabled configuration!
