{"logLevel":"debug","message":"multithreading is set to false"}
{"logLevel":"debug","message":"Using reflection to scan dependencies for gauge implementations..."}
10:36:19,715 |-INFO in ch.qos.logback.classic.LoggerContext[default] - Could NOT find resource [logback-test.xml]
10:36:19,715 |-INFO in ch.qos.logback.classic.LoggerContext[default] - Found resource [logback.groovy] at [file:/Users/virgosol-furkan/Documents/Virgosol%20Projects/HepsiJetPOC/target/test-classes/logback.groovy]
10:36:19,716 |-WARN in ch.qos.logback.classic.LoggerContext[default] - Resource [logback.groovy] occurs multiple times on the classpath.
10:36:19,716 |-WARN in ch.qos.logback.classic.LoggerContext[default] - Resource [logback.groovy] occurs at [jar:file:/Users/virgosol-furkan/.m2/repository/com/vrgsl/qa/qa-common/2.0.14/qa-common-2.0.14.jar!/logback.groovy]
10:36:19,716 |-WARN in ch.qos.logback.classic.LoggerContext[default] - Resource [logback.groovy] occurs at [file:/Users/virgosol-furkan/Documents/Virgosol%20Projects/HepsiJetPOC/target/test-classes/logback.groovy]
10:36:20,157 |-INFO in ch.qos.logback.classic.gaffer.ConfigurationDelegate@f3b711ac - About to instantiate appender of type [ch.qos.logback.core.ConsoleAppender]
10:36:20,158 |-INFO in ch.qos.logback.classic.gaffer.ConfigurationDelegate@f3b711ac - Naming appender as [STDOUT]
10:36:20,233 |-INFO in ch.qos.logback.classic.gaffer.ConfigurationDelegate@f3b711ac - About to instantiate appender of type [ch.qos.logback.core.FileAppender]
10:36:20,234 |-INFO in ch.qos.logback.classic.gaffer.ConfigurationDelegate@f3b711ac - Naming appender as [FILE]
10:36:20,235 |-INFO in ch.qos.logback.core.FileAppender[FILE] - File property is set to [target/slnarch.log]
10:36:20,237 |-INFO in ch.qos.logback.classic.gaffer.ConfigurationDelegate@f3b711ac - Setting level of logger [com.virgosol.hepsijet] to DEBUG
10:36:20,240 |-INFO in ch.qos.logback.classic.gaffer.ConfigurationDelegate@f3b711ac - Setting level of logger [org.reflections.Reflections] to OFF
10:36:20,241 |-INFO in ch.qos.logback.classic.gaffer.ConfigurationDelegate@f3b711ac - Setting level of logger [ROOT] to INFO
10:36:20,242 |-INFO in ch.qos.logback.classic.gaffer.ConfigurationDelegate@f3b711ac - Attaching appender named [STDOUT] to Logger[ROOT]
10:36:20,243 |-INFO in ch.qos.logback.classic.gaffer.ConfigurationDelegate@f3b711ac - Attaching appender named [FILE] to Logger[ROOT]

{"logLevel":"debug","message":"gauge-java took 1352milliseconds to load and scan. This should be less than 'runner_connection_timeout' config value."}
{"logLevel":"debug","message":"run 'gauge config runner_connection_timeout' and verify that it is < 1352"}
{"logLevel":"debug","message":"starting gRPC server..."}
{"logLevel":"debug","message":"started gRPC server on port 65148"}
{"logLevel":"info","message":"Listening on port:65148"}
