{"logLevel":"debug","message":"multithreading is set to false"}
{"logLevel":"debug","message":"Using reflection to scan dependencies for gauge implementations..."}
17:15:03,683 |-INFO in ch.qos.logback.classic.LoggerContext[default] - Could NOT find resource [logback-test.xml]
17:15:03,688 |-INFO in ch.qos.logback.classic.LoggerContext[default] - Found resource [logback.groovy] at [file:/Users/dilekaysegun/Desktop/Odeon/target/test-classes/logback.groovy]
17:15:03,691 |-WARN in ch.qos.logback.classic.LoggerContext[default] - Resource [logback.groovy] occurs multiple times on the classpath.
17:15:03,691 |-WARN in ch.qos.logback.classic.LoggerContext[default] - Resource [logback.groovy] occurs at [jar:file:/Users/dilekaysegun/.m2/repository/com/vrgsl/qa/qa-common/1.0.0/qa-common-1.0.0.jar!/logback.groovy]
17:15:03,691 |-WARN in ch.qos.logback.classic.LoggerContext[default] - Resource [logback.groovy] occurs at [file:/Users/dilekaysegun/Desktop/Odeon/target/test-classes/logback.groovy]
17:15:09,841 |-INFO in ch.qos.logback.classic.gaffer.ConfigurationDelegate@70b629f3 - About to instantiate appender of type [ch.qos.logback.core.ConsoleAppender]
17:15:09,842 |-INFO in ch.qos.logback.classic.gaffer.ConfigurationDelegate@70b629f3 - Naming appender as [STDOUT]
17:15:10,006 |-INFO in ch.qos.logback.classic.gaffer.ConfigurationDelegate@70b629f3 - About to instantiate appender of type [ch.qos.logback.core.FileAppender]
17:15:10,007 |-INFO in ch.qos.logback.classic.gaffer.ConfigurationDelegate@70b629f3 - Naming appender as [FILE]
17:15:10,010 |-INFO in ch.qos.logback.core.FileAppender[FILE] - File property is set to [target/slnarch.log]
17:15:10,012 |-INFO in ch.qos.logback.classic.gaffer.ConfigurationDelegate@70b629f3 - Setting level of logger [com.virgosol.bilyonerMobileWeb] to DEBUG
17:15:10,019 |-INFO in ch.qos.logback.classic.gaffer.ConfigurationDelegate@70b629f3 - Setting level of logger [org.reflections.Reflections] to OFF
17:15:10,021 |-INFO in ch.qos.logback.classic.gaffer.ConfigurationDelegate@70b629f3 - Setting level of logger [ROOT] to INFO
17:15:10,023 |-INFO in ch.qos.logback.classic.gaffer.ConfigurationDelegate@70b629f3 - Attaching appender named [STDOUT] to Logger[ROOT]
17:15:10,025 |-INFO in ch.qos.logback.classic.gaffer.ConfigurationDelegate@70b629f3 - Attaching appender named [FILE] to Logger[ROOT]

{"logLevel":"debug","message":"gauge-java took 8125milliseconds to load and scan. This should be less than 'runner_connection_timeout' config value."}
{"logLevel":"debug","message":"run 'gauge config runner_connection_timeout' and verify that it is < 8125"}
{"logLevel":"debug","message":"starting gRPC server..."}
