{"logLevel":"debug","message":"multithreading is set to true"}
{"logLevel":"debug","message":"multithreading enabled, number of threads=8"}
{"logLevel":"debug","message":"Using reflection to scan dependencies for gauge implementations..."}
WARNING: An illegal reflective access operation has occurred
WARNING: Illegal reflective access by org.codehaus.groovy.reflection.CachedClass (file:/Users/virgosol-furkan/.m2/repository/org/codehaus/groovy/groovy-all/2.4.13/groovy-all-2.4.13.jar) to method java.lang.Object.finalize()
WARNING: Please consider reporting this to the maintainers of org.codehaus.groovy.reflection.CachedClass
WARNING: Use --illegal-access=warn to enable warnings of further illegal reflective access operations
WARNING: All illegal access operations will be denied in a future release
20:55:20,042 |-INFO in ch.qos.logback.classic.LoggerContext[default] - Could NOT find resource [logback-test.xml]
20:55:20,043 |-INFO in ch.qos.logback.classic.LoggerContext[default] - Found resource [logback.groovy] at [file:/Users/virgosol-furkan/Documents/Virgosol%20Projects/HepsiJetPOC/target/test-classes/logback.groovy]
20:55:20,044 |-WARN in ch.qos.logback.classic.LoggerContext[default] - Resource [logback.groovy] occurs multiple times on the classpath.
20:55:20,044 |-WARN in ch.qos.logback.classic.LoggerContext[default] - Resource [logback.groovy] occurs at [file:/Users/virgosol-furkan/Documents/Virgosol%20Projects/HepsiJetPOC/target/test-classes/logback.groovy]
20:55:20,044 |-WARN in ch.qos.logback.classic.LoggerContext[default] - Resource [logback.groovy] occurs at [jar:file:/Users/virgosol-furkan/.m2/repository/com/vrgsl/qa/qa-common/2.0.17/qa-common-2.0.17.jar!/logback.groovy]
20:55:21,069 |-INFO in ch.qos.logback.classic.gaffer.ConfigurationDelegate@6a6a984d - About to instantiate appender of type [ch.qos.logback.core.ConsoleAppender]
20:55:21,071 |-INFO in ch.qos.logback.classic.gaffer.ConfigurationDelegate@6a6a984d - Naming appender as [STDOUT]
20:55:21,168 |-INFO in ch.qos.logback.classic.gaffer.ConfigurationDelegate@6a6a984d - About to instantiate appender of type [ch.qos.logback.core.FileAppender]
20:55:21,169 |-INFO in ch.qos.logback.classic.gaffer.ConfigurationDelegate@6a6a984d - Naming appender as [FILE]
20:55:21,171 |-INFO in ch.qos.logback.core.FileAppender[FILE] - File property is set to [target/slnarch.log]
20:55:21,174 |-INFO in ch.qos.logback.classic.gaffer.ConfigurationDelegate@6a6a984d - Setting level of logger [com.virgosol.hepsijet] to DEBUG
20:55:21,178 |-INFO in ch.qos.logback.classic.gaffer.ConfigurationDelegate@6a6a984d - Setting level of logger [org.reflections.Reflections] to OFF
20:55:21,179 |-INFO in ch.qos.logback.classic.gaffer.ConfigurationDelegate@6a6a984d - Setting level of logger [ROOT] to INFO
20:55:21,181 |-INFO in ch.qos.logback.classic.gaffer.ConfigurationDelegate@6a6a984d - Attaching appender named [STDOUT] to Logger[ROOT]
20:55:21,182 |-INFO in ch.qos.logback.classic.gaffer.ConfigurationDelegate@6a6a984d - Attaching appender named [FILE] to Logger[ROOT]

{"logLevel":"debug","message":"gauge-java took 2104milliseconds to load and scan. This should be less than 'runner_connection_timeout' config value."}
{"logLevel":"debug","message":"run 'gauge config runner_connection_timeout' and verify that it is < 2104"}
{"logLevel":"debug","message":"starting gRPC server..."}
{"logLevel":"debug","message":"started gRPC server on port 54062"}
{"logLevel":"info","message":"Listening on port:54062"}
