{"logLevel":"debug","message":"multithreading is set to false"}
{"logLevel":"debug","message":"Using reflection to scan dependencies for gauge implementations..."}
WARNING: An illegal reflective access operation has occurred
WARNING: Illegal reflective access by org.codehaus.groovy.reflection.CachedClass (file:/Users/virgosol-furkan/.m2/repository/org/codehaus/groovy/groovy-all/2.4.13/groovy-all-2.4.13.jar) to method java.lang.Object.finalize()
WARNING: Please consider reporting this to the maintainers of org.codehaus.groovy.reflection.CachedClass
WARNING: Use --illegal-access=warn to enable warnings of further illegal reflective access operations
WARNING: All illegal access operations will be denied in a future release
16:45:16,892 |-INFO in ch.qos.logback.classic.LoggerContext[default] - Could NOT find resource [logback-test.xml]
16:45:16,893 |-INFO in ch.qos.logback.classic.LoggerContext[default] - Found resource [logback.groovy] at [file:/Users/virgosol-furkan/Documents/Virgosol%20Projects/Odeon/target/test-classes/logback.groovy]
16:45:16,893 |-WARN in ch.qos.logback.classic.LoggerContext[default] - Resource [logback.groovy] occurs multiple times on the classpath.
16:45:16,893 |-WARN in ch.qos.logback.classic.LoggerContext[default] - Resource [logback.groovy] occurs at [jar:file:/Users/virgosol-furkan/.m2/repository/com/vrgsl/qa/qa-common/1.0.0/qa-common-1.0.0.jar!/logback.groovy]
16:45:16,893 |-WARN in ch.qos.logback.classic.LoggerContext[default] - Resource [logback.groovy] occurs at [file:/Users/virgosol-furkan/Documents/Virgosol%20Projects/Odeon/target/test-classes/logback.groovy]
16:45:17,762 |-INFO in ch.qos.logback.classic.gaffer.ConfigurationDelegate@39713b66 - About to instantiate appender of type [ch.qos.logback.core.ConsoleAppender]
16:45:17,764 |-INFO in ch.qos.logback.classic.gaffer.ConfigurationDelegate@39713b66 - Naming appender as [STDOUT]
16:45:17,889 |-INFO in ch.qos.logback.classic.gaffer.ConfigurationDelegate@39713b66 - About to instantiate appender of type [ch.qos.logback.core.FileAppender]
16:45:17,890 |-INFO in ch.qos.logback.classic.gaffer.ConfigurationDelegate@39713b66 - Naming appender as [FILE]
16:45:17,895 |-INFO in ch.qos.logback.core.FileAppender[FILE] - File property is set to [target/slnarch.log]
16:45:17,899 |-INFO in ch.qos.logback.classic.gaffer.ConfigurationDelegate@39713b66 - Setting level of logger [com.virgosol.bilyonerMobileWeb] to DEBUG
16:45:17,904 |-INFO in ch.qos.logback.classic.gaffer.ConfigurationDelegate@39713b66 - Setting level of logger [org.reflections.Reflections] to OFF
16:45:17,907 |-INFO in ch.qos.logback.classic.gaffer.ConfigurationDelegate@39713b66 - Setting level of logger [ROOT] to INFO
16:45:17,910 |-INFO in ch.qos.logback.classic.gaffer.ConfigurationDelegate@39713b66 - Attaching appender named [STDOUT] to Logger[ROOT]
16:45:17,912 |-INFO in ch.qos.logback.classic.gaffer.ConfigurationDelegate@39713b66 - Attaching appender named [FILE] to Logger[ROOT]

{"logLevel":"debug","message":"gauge-java took 2134milliseconds to load and scan. This should be less than 'runner_connection_timeout' config value."}
{"logLevel":"debug","message":"run 'gauge config runner_connection_timeout' and verify that it is < 2134"}
{"logLevel":"debug","message":"starting gRPC server..."}
{"logLevel":"debug","message":"started gRPC server on port 58991"}
{"logLevel":"info","message":"Listening on port:58991"}
