{"logLevel":"debug","message":"multithreading is set to false"}
{"logLevel":"debug","message":"Using reflection to scan dependencies for gauge implementations..."}
10:08:43,919 |-INFO in ch.qos.logback.classic.LoggerContext[default] - Could NOT find resource [logback-test.xml]
10:08:43,927 |-INFO in ch.qos.logback.classic.LoggerContext[default] - Found resource [logback.groovy] at [file:/Users/dilekaysegun/Desktop/Odeon/target/test-classes/logback.groovy]
10:08:43,933 |-WARN in ch.qos.logback.classic.LoggerContext[default] - Resource [logback.groovy] occurs multiple times on the classpath.
10:08:43,933 |-WARN in ch.qos.logback.classic.LoggerContext[default] - Resource [logback.groovy] occurs at [jar:file:/Users/dilekaysegun/.m2/repository/com/vrgsl/qa/qa-common/1.0.0/qa-common-1.0.0.jar!/logback.groovy]
10:08:43,933 |-WARN in ch.qos.logback.classic.LoggerContext[default] - Resource [logback.groovy] occurs at [file:/Users/dilekaysegun/Desktop/Odeon/target/test-classes/logback.groovy]
10:08:51,776 |-INFO in ch.qos.logback.classic.gaffer.ConfigurationDelegate@7da3e558 - About to instantiate appender of type [ch.qos.logback.core.ConsoleAppender]
10:08:51,781 |-INFO in ch.qos.logback.classic.gaffer.ConfigurationDelegate@7da3e558 - Naming appender as [STDOUT]
10:08:52,021 |-INFO in ch.qos.logback.classic.gaffer.ConfigurationDelegate@7da3e558 - About to instantiate appender of type [ch.qos.logback.core.FileAppender]
10:08:52,022 |-INFO in ch.qos.logback.classic.gaffer.ConfigurationDelegate@7da3e558 - Naming appender as [FILE]
10:08:52,028 |-INFO in ch.qos.logback.core.FileAppender[FILE] - File property is set to [target/slnarch.log]
10:08:52,036 |-INFO in ch.qos.logback.classic.gaffer.ConfigurationDelegate@7da3e558 - Setting level of logger [com.virgosol.bilyonerMobileWeb] to DEBUG
10:08:52,056 |-INFO in ch.qos.logback.classic.gaffer.ConfigurationDelegate@7da3e558 - Setting level of logger [org.reflections.Reflections] to OFF
10:08:52,062 |-INFO in ch.qos.logback.classic.gaffer.ConfigurationDelegate@7da3e558 - Setting level of logger [ROOT] to INFO
10:08:52,069 |-INFO in ch.qos.logback.classic.gaffer.ConfigurationDelegate@7da3e558 - Attaching appender named [STDOUT] to Logger[ROOT]
10:08:52,072 |-INFO in ch.qos.logback.classic.gaffer.ConfigurationDelegate@7da3e558 - Attaching appender named [FILE] to Logger[ROOT]

{"logLevel":"debug","message":"gauge-java took 11143milliseconds to load and scan. This should be less than 'runner_connection_timeout' config value."}
{"logLevel":"debug","message":"run 'gauge config runner_connection_timeout' and verify that it is < 11143"}
{"logLevel":"debug","message":"starting gRPC server..."}
