{"logLevel":"debug","message":"multithreading is set to false"}
{"logLevel":"debug","message":"Using reflection to scan dependencies for gauge implementations..."}
14:48:45,582 |-INFO in ch.qos.logback.classic.LoggerContext[default] - Could NOT find resource [logback-test.xml]
14:48:45,583 |-INFO in ch.qos.logback.classic.LoggerContext[default] - Found resource [logback.groovy] at [file:/Users/dilekaysegun/Desktop/Odeon/target/test-classes/logback.groovy]
14:48:45,590 |-WARN in ch.qos.logback.classic.LoggerContext[default] - Resource [logback.groovy] occurs multiple times on the classpath.
14:48:45,590 |-WARN in ch.qos.logback.classic.LoggerContext[default] - Resource [logback.groovy] occurs at [jar:file:/Users/dilekaysegun/.m2/repository/com/vrgsl/qa/qa-common/1.0.0/qa-common-1.0.0.jar!/logback.groovy]
14:48:45,590 |-WARN in ch.qos.logback.classic.LoggerContext[default] - Resource [logback.groovy] occurs at [file:/Users/dilekaysegun/Desktop/Odeon/target/test-classes/logback.groovy]
14:48:52,924 |-INFO in ch.qos.logback.classic.gaffer.ConfigurationDelegate@340e0d60 - About to instantiate appender of type [ch.qos.logback.core.ConsoleAppender]
14:48:52,928 |-INFO in ch.qos.logback.classic.gaffer.ConfigurationDelegate@340e0d60 - Naming appender as [STDOUT]
14:48:53,182 |-INFO in ch.qos.logback.classic.gaffer.ConfigurationDelegate@340e0d60 - About to instantiate appender of type [ch.qos.logback.core.FileAppender]
14:48:53,184 |-INFO in ch.qos.logback.classic.gaffer.ConfigurationDelegate@340e0d60 - Naming appender as [FILE]
14:48:53,187 |-INFO in ch.qos.logback.core.FileAppender[FILE] - File property is set to [target/slnarch.log]
14:48:53,192 |-INFO in ch.qos.logback.classic.gaffer.ConfigurationDelegate@340e0d60 - Setting level of logger [com.virgosol.bilyonerMobileWeb] to DEBUG
14:48:53,206 |-INFO in ch.qos.logback.classic.gaffer.ConfigurationDelegate@340e0d60 - Setting level of logger [org.reflections.Reflections] to OFF
14:48:53,210 |-INFO in ch.qos.logback.classic.gaffer.ConfigurationDelegate@340e0d60 - Setting level of logger [ROOT] to INFO
14:48:53,212 |-INFO in ch.qos.logback.classic.gaffer.ConfigurationDelegate@340e0d60 - Attaching appender named [STDOUT] to Logger[ROOT]
14:48:53,214 |-INFO in ch.qos.logback.classic.gaffer.ConfigurationDelegate@340e0d60 - Attaching appender named [FILE] to Logger[ROOT]

{"logLevel":"debug","message":"gauge-java took 11250milliseconds to load and scan. This should be less than 'runner_connection_timeout' config value."}
{"logLevel":"debug","message":"run 'gauge config runner_connection_timeout' and verify that it is < 11250"}
{"logLevel":"debug","message":"starting gRPC server..."}
