{"logLevel":"debug","message":"multithreading is set to true"}
{"logLevel":"debug","message":"multithreading enabled, number of threads=8"}
{"logLevel":"debug","message":"Using reflection to scan dependencies for gauge implementations..."}
WARNING: An illegal reflective access operation has occurred
WARNING: Illegal reflective access by org.codehaus.groovy.reflection.CachedClass (file:/Users/virgosol-furkan/.m2/repository/org/codehaus/groovy/groovy-all/2.4.13/groovy-all-2.4.13.jar) to method java.lang.Object.finalize()
WARNING: Please consider reporting this to the maintainers of org.codehaus.groovy.reflection.CachedClass
WARNING: Use --illegal-access=warn to enable warnings of further illegal reflective access operations
WARNING: All illegal access operations will be denied in a future release
10:21:17,109 |-INFO in ch.qos.logback.classic.LoggerContext[default] - Could NOT find resource [logback-test.xml]
10:21:17,110 |-INFO in ch.qos.logback.classic.LoggerContext[default] - Found resource [logback.groovy] at [file:/Users/virgosol-furkan/Documents/Virgosol%20Projects/HepsiJetPOC/target/test-classes/logback.groovy]
10:21:17,111 |-WARN in ch.qos.logback.classic.LoggerContext[default] - Resource [logback.groovy] occurs multiple times on the classpath.
10:21:17,111 |-WARN in ch.qos.logback.classic.LoggerContext[default] - Resource [logback.groovy] occurs at [jar:file:/Users/virgosol-furkan/.m2/repository/com/vrgsl/qa/qa-common/2.0.14/qa-common-2.0.14.jar!/logback.groovy]
10:21:17,111 |-WARN in ch.qos.logback.classic.LoggerContext[default] - Resource [logback.groovy] occurs at [file:/Users/virgosol-furkan/Documents/Virgosol%20Projects/HepsiJetPOC/target/test-classes/logback.groovy]
10:21:17,772 |-INFO in ch.qos.logback.classic.gaffer.ConfigurationDelegate@5a2f0d9d - About to instantiate appender of type [ch.qos.logback.core.ConsoleAppender]
10:21:17,774 |-INFO in ch.qos.logback.classic.gaffer.ConfigurationDelegate@5a2f0d9d - Naming appender as [STDOUT]
10:21:17,868 |-INFO in ch.qos.logback.classic.gaffer.ConfigurationDelegate@5a2f0d9d - About to instantiate appender of type [ch.qos.logback.core.FileAppender]
10:21:17,869 |-INFO in ch.qos.logback.classic.gaffer.ConfigurationDelegate@5a2f0d9d - Naming appender as [FILE]
10:21:17,872 |-INFO in ch.qos.logback.core.FileAppender[FILE] - File property is set to [target/slnarch.log]
10:21:17,874 |-INFO in ch.qos.logback.classic.gaffer.ConfigurationDelegate@5a2f0d9d - Setting level of logger [com.virgosol.hepsijet] to DEBUG
10:21:17,878 |-INFO in ch.qos.logback.classic.gaffer.ConfigurationDelegate@5a2f0d9d - Setting level of logger [org.reflections.Reflections] to OFF
10:21:17,879 |-INFO in ch.qos.logback.classic.gaffer.ConfigurationDelegate@5a2f0d9d - Setting level of logger [ROOT] to INFO
10:21:17,881 |-INFO in ch.qos.logback.classic.gaffer.ConfigurationDelegate@5a2f0d9d - Attaching appender named [STDOUT] to Logger[ROOT]
10:21:17,882 |-INFO in ch.qos.logback.classic.gaffer.ConfigurationDelegate@5a2f0d9d - Attaching appender named [FILE] to Logger[ROOT]

{"logLevel":"debug","message":"gauge-java took 1687milliseconds to load and scan. This should be less than 'runner_connection_timeout' config value."}
{"logLevel":"debug","message":"run 'gauge config runner_connection_timeout' and verify that it is < 1687"}
{"logLevel":"debug","message":"starting gRPC server..."}
{"logLevel":"debug","message":"started gRPC server on port 57435"}
{"logLevel":"info","message":"Listening on port:57435"}
